1, -0.271783322096, -0.271783322096, 0.0, 0, 1, 0
2, -0.361649990082, 0.0, 0.156599029899, 1, 4, 0
3, -0.622833311558, -0.450749993324, 0.0740580633283, 0, 9, 0
4, -0.69903331995, -0.290216684341, 0.100081346929, 0, 16, 0
5, -0.790750026703, -0.264100015163, 0.116150811315, 0, 25, 0
6, -0.692933320999, 0.0, 0.183418735862, 4, 36, 0
7, -0.761816680431, 0.0, 0.152904704213, 1, 49, 0
8, -0.578466653824, -1.66694317159e-05, 0.123145245016, 0, 64, 0
9, -0.680000007153, -0.130899980664, 0.105930536985, 0, 81, 0
10, -0.769100010395, -0.0242833290249, 0.176780924201, 0, 100, 0
11, -0.584766685963, -1.66594982147e-05, 0.146399408579, 0, 121, 0
12, -0.628733336926, 0.0, 0.143244579434, 1, 144, 0
13, -0.713566660881, -5.00082969666e-05, 0.142142295837, 0, 169, 0
14, -0.543666660786, -0.00821665953845, 0.130636110902, 0, 196, 0
15, -0.591849982738, 0.0, 0.138994708657, 9, 225, 0
16, -0.549883365631, 0.0, 0.107525587082, 4, 256, 0
17, -0.550083339214, 0.0, 0.118492484093, 1, 289, 0
18, -0.592083334923, 0.0, 0.146640881896, 4, 324, 0
19, -0.586266696453, 0.0, 0.132861301303, 6, 361, 0
22, -0.488633334637, 0.0, 0.0924575477839, 9, 484, 0
23, -0.358616679907, 1.66694317159e-05, 0.0735700502992, 4, 524, 5
24, -0.349250018597, 0.0, 0.0562824234366, 1, 576, 0
25, -0.429933339357, 5.00082969666e-05, 0.0836161002517, 1, 622, 3
26, -0.310733348131, 0.0, 0.0470674820244, 1, 676, 0
27, -0.359183311462, 0.0, 0.0680661648512, 4, 729, 0
28, -0.335533350706, 1.66495647136e-05, 0.0578946657479, 4, 779, 5
29, -0.359816670418, 6.66677951813e-05, 0.0676568523049, 9, 834, 7
32, -0.29661667347, 0.0, 0.0676495656371, 9, 1024, 0
41, -0.212000012398, 3.33189964294e-05, 0.0359349548817, 3, 1671, 10
42, -0.280083328485, 0.0, 0.0501840561628, 36, 1764, 0
43, -0.213566675782, 0.0, 0.0319624729455, 9, 1849, 0
50, -0.15395000577, 0.000249981880188, 0.0219084769487, 25, 2464, 36
60, -0.10814999789, 3.33388634317e-05, 0.0136941419914, 16, 3567, 33
70, -0.093033336103, 0.0, 0.00953248608857, 49, 4900, 0
80, -0.0676666498184, 8.33372250781e-05, 0.00650196475908, 22, 6379, 21
90, -0.0914833024144, 6.66876658215e-05, 0.00712910713628, 190, 8036, 64
100, -0.0559833236039, 0.000266671180725, 0.00434728618711, 223, 9885, 115
110, -0.0476000122726, 3.33189964294e-05, 0.00402192724869, 175, 12044, 56
120, -0.0244333446026, 0.000233332320931, 0.00281927408651, 477, 13931, 469
130, -0.0293999910355, 0.000250001758104, 0.00270118727349, 248, 16542, 358
140, -0.0311666727066, 0.000383337348467, 0.00243306532502, 444, 18823, 777
150, -0.0219166576862, 0.000366677850252, 0.00226117460988, 292, 21415, 1085
160, -0.0212666597217, 0.000366677850252, 0.00191736989655, 675, 24700, 900
170, -0.0180166661739, 0.000266671180725, 0.00165080709849, 462, 28307, 593
180, -0.013483335264, 0.000216672822717, 0.00136102770921, 969, 30394, 2006
190, -0.0141333239153, 0.000366667896742, 0.00124693149701, 602, 34682, 1418
200, -0.0130166811869, 0.00016666452575, 0.00107974139974, 1033, 39163, 837
210, -0.0143166584894, 0.000500003516208, 0.00104158907197, 753, 39946, 4154
220, -0.0105833308771, 0.000233342245338, 0.00088712136494, 966, 47030, 1370
230, -0.0129499929026, 0.000366657972336, 0.00104347837623, 1894, 46404, 6496
240, -0.00710000609979, 0.000399996846681, 0.000708218023647, 1348, 52689, 4911
250, -0.0148166818544, 0.000216662883759, 0.00096207857132, 1542, 58469, 4031
260, -0.00873333215714, 0.000199993446586, 0.000570230768062, 1754, 64602, 2998
270, -0.00523332739249, 0.000200013324502, 0.000558139116038, 2427, 68346, 4554
280, -0.0083666741848, 0.000283340603346, 0.000612807169091, 2518, 73727, 4673
290, -0.00576665019616, 0.000266681105131, 0.000517169595696, 2841, 78157, 5943
300, -0.00601666187868, 0.000350008398527, 0.000483160663862, 3086, 83871, 6129
310, -0.00866666436195, 0.000199993446586, 0.000521543843206, 3992, 90578, 5522
320, -0.00401666760445, 0.000283340603346, 0.000352058181306, 3583, 93060, 9340
330, -0.00523333763704, 0.000233342245338, 0.000381480669603, 3257, 103032, 5868
340, -0.00356666254811, 0.000183333948371, 0.000305706984363, 4839, 111150, 4450
350, -0.00493334745988, 0.000233332320931, 0.000432053784607, 2753, 117041, 5459
360, -0.00436664605513, 0.000366687774658, 0.000369666668121, 6664, 102898, 26702
370, -0.00325000286102, 0.000250001758104, 0.000326331733959, 3987, 128436, 8464
380, -0.00473334407434, 0.000266671180725, 0.000373503775336, 8700, 124822, 19578
390, -0.00533333420753, 0.0003333290515, 0.000336155208061, 6716, 130729, 21371
400, -0.00463332748041, 0.000350008398527, 0.000286874361336, 13243, 104176, 55824
410, -0.00363334012218, 0.000266671180725, 0.000289888615953, 6956, 153210, 14890
420, -0.00535000348464, 0.0002166529448, 0.000307077541947, 8234, 161079, 15321
430, -0.00248332810588, 0.000350018352037, 0.00024855369702, 9129, 163305, 21595
440, -0.00258333492093, 0.000216662883759, 0.000193902014871, 10135, 177544, 16056
450, -0.00208334135823, 0.000383327394957, 0.000218209082959, 12100, 147839, 54661
460, -0.00426667928696, 0.000333338975906, 0.000253431528108, 15683, 184449, 27151
470, -0.00321668386459, 0.000316659599775, 0.000231730620726, 12767, 185238, 35662
480, -0.00269999098964, 0.00025001168251, 0.000212152299355, 13313, 206167, 24233
490, -0.00295000267215, 0.000316659599775, 0.000208428202313, 20206, 163326, 76774
500, -0.00320000457577, 0.000183333948371, 0.000259367749095, 10580, 236340, 13660
510, -0.00416667247191, 0.000316669553285, 0.000224742660066, 18476, 212242, 47858
520, -0.00236666202545, 0.000316679477692, 0.00020663284522, 16756, 187384, 83016
530, -0.00161668658257, 0.000300000101561, 0.000147919723531, 21071, 214953, 65947
540, -0.00304999947548, 0.000266661256319, 0.000199897622224, 13775, 268367, 23233
550, -0.0022499859333, 0.00025001168251, 0.000161928634043, 27000, 249491, 53009
560, -0.00201667356305, 0.000249991804594, 0.000155823567184, 21039, 275150, 38450
570, -0.00180001056287, 0.000150005027535, 0.000158068418386, 18368, 300958, 23942
580, -0.00243332982063, 0.000316679477692, 0.000159168979735, 25255, 282933, 53467
590, -0.00220002722926, 0.000349988549715, 0.000173891414306, 28405, 185840, 162260
600, -0.00241668033414, 0.000383307546144, 0.000171507213963, 24827, 247317, 112683
610, -0.00280001759529, 0.00028333067894, 0.00014796940377, 25767, 332167, 39933
620, -0.00226667523384, 0.000183343887329, 0.000140937510878, 38040, 322699, 61701
630, -0.00175000226591, 0.000433325767517, 0.000154961613589, 27471, 279848, 117052
640, -0.00135000550654, 0.000283320754534, 0.000122601690236, 28438, 330290, 79310
650, -0.00118334090803, 0.000449985265732, 0.000115556875244, 41302, 241192, 181308
660, -0.00176666176412, 0.00033331909799, 0.000142716031405, 45543, 307976, 127624
670, -0.00131665670779, 0.000200003385544, 0.000118718875456, 44047, 343580, 105320
680, -0.00128331780434, 0.000416676193709, 0.000142630175105, 35529, 263165, 199235
690, -0.00180001056287, 0.000316659599775, 0.00010177740478, 56421, 337619, 138481
700, -0.00108334422112, 0.000349998474121, 0.000117586008855, 42923, 270460, 219540
710, -0.0019166568527, 0.000333338975906, 0.000169142571394, 34643, 399820, 104280
720, -0.00123333930969, 0.000249991804594, 0.000106827188574, 45891, 463545, 54855
730, -0.000883330882061, 0.000300010055071, 0.000118140997074, 41471, 443801, 89099
1000, -0.000800003588665, 0.000200003385544, 6.50392757962e-05, 161154, 660913, 339087
