1, 0.0, 0.0, 0.0, 1, 1, 0
2, -0.39984998107, -0.21234998107, 0.0812163725495, 0, 4, 0
3, -0.536800026894, -0.22935000062, 0.110996931791, 0, 9, 0
4, -0.458566665649, 0.0, 0.130141869187, 1, 16, 0
5, -0.413416653872, -0.00656665349379, 0.0957674980164, 0, 25, 0
6, -0.289166659117, -0.00594999408349, 0.0787193477154, 0, 36, 0
7, -0.201400011778, -0.00253332662396, 0.0518959201872, 0, 49, 0
8, -0.332716673613, 0.0, 0.0958211869001, 4, 64, 0
9, -0.118566691875, -0.00168334448244, 0.026396561414, 0, 81, 0
10, -0.15788333118, -0.00208332133479, 0.0276687629521, 0, 100, 0
11, -0.168383359909, 0.000616659701336, 0.0334584414959, 0, 120, 1
12, -0.0532666556537, -0.000833322585095, 0.00806875433773, 0, 144, 0
13, -0.0321499891579, -0.000599980354309, 0.00511611253023, 0, 169, 0
14, -0.058333337307, -0.000850001990329, 0.00611500488594, 0, 196, 0
15, -0.0354166515172, 0.0, 0.00548416515812, 1, 225, 0
16, -0.0351999886334, 0.0, 0.00562823517248, 4, 256, 0
17, -0.0097833275795, -1.6679367036e-05, 0.00173492950853, 0, 289, 0
18, -0.0382000096142, 8.33471640362e-05, 0.00368677987717, 1, 321, 3
19, -0.0372833199799, 0.0, 0.00379119627178, 9, 361, 0
20, -0.0122500164434, 0.000283320754534, 0.00194091617595, 1, 395, 5
21, -0.00721668219194, -0.000100006662251, 0.00134003418498, 0, 441, 0
22, -0.00536665320396, 0.0, 0.000925679400098, 1, 484, 0
23, -0.00638334965333, -1.6679367036e-05, 0.000871819735039, 0, 529, 0
24, -0.00533334398642, 0.0, 0.000908008019906, 1, 576, 0
25, -0.00416666269302, 0.000299990177155, 0.000820291810669, 2, 611, 14
26, -0.00468333577737, 0.000499983609188, 0.000883951492142, 0, 662, 14
27, -0.00526665663347, 0.0, 0.000771180784795, 9, 729, 0
28, -0.00376666593365, 0.0, 0.000656183750834, 4, 784, 0
29, -0.00271667051129, 0.0, 0.000465114542749, 1, 841, 0
30, -0.00336666894145, 1.66594982147e-05, 0.000540697539691, 0, 898, 2
31, -0.00366665911861, 0.000216672822717, 0.000621590937953, 8, 910, 51
32, -0.00325000286102, 0.000116666160466, 0.000544901471585, 0, 1020, 4
33, -0.00251666712575, 0.000416686147219, 0.000549325777683, 7, 1024, 65
34, -0.00273333978839, 0.0003333290515, 0.000487484736368, 3, 1113, 43
35, -0.00326667237096, 0.000249981880188, 0.000534345686901, 16, 1202, 23
36, -0.00240000081249, 0.000383337348467, 0.000457055430161, 7, 1202, 94
37, -0.00251664710231, 0.000316669553285, 0.00048781154328, 8, 1276, 93
38, -0.00219998764805, 0.000316689402098, 0.000361053971574, 3, 1403, 41
39, -0.00274999928661, 8.33471640362e-05, 0.000424076395575, 3, 1507, 14
40, -0.00258332490921, 0.00028333067894, 0.00042447965825, 12, 1544, 56
41, -0.00216666865163, 0.000116666160466, 0.000362288497854, 11, 1653, 28
42, -0.00246667861938, 0.00033331909799, 0.00041724453331, 3, 1723, 41
43, -0.0015666683903, 0.000399996846681, 0.000317226891639, 22, 1654, 195
44, -0.0018333295593, 0.000450015068054, 0.000312481133733, 19, 1817, 119
45, -0.00161665678024, 0.000383327394957, 0.000318586855428, 3, 1946, 79
46, -0.00219998764805, 0.000350008398527, 0.000406047474826, 32, 1929, 187
47, -0.00210001063533, 6.6647924541e-05, 0.000302527274471, 16, 2189, 20
48, -0.00164997577667, 0.000233352184296, 0.000302025844576, 5, 2255, 49
49, -0.00214996933937, 0.000466684490675, 0.000360486359568, 15, 2123, 278
50, -0.00201666355133, 0.000516682863235, 0.000347051623976, 40, 1998, 502
51, -0.00154999888036, 0.000250001758104, 0.000265048351139, 6, 2550, 51
52, -0.00121665990446, 0.000233352184296, 0.000227893862757, 50, 2470, 234
53, -0.00179998076055, 0.000516692816745, 0.000293546094326, 13, 2619, 190
54, -0.00175000226591, 0.000366667896742, 0.000246568553848, 37, 2641, 275
55, -0.00129998719785, 0.000400016695494, 0.000295793433907, 38, 2725, 300
56, -0.00166666507721, 0.000200003385544, 0.000290857075015, 28, 2986, 150
57, -0.00174999237061, 0.000666658103, 0.000317406695103, 32, 2886, 363
58, -0.00136667490005, 0.000316659599775, 0.000229695564485, 45, 3128, 236
59, -0.00164999568369, 0.000449995190138, 0.000313180935336, 85, 2962, 519
60, -0.00126666820142, 0.000333338975906, 0.000250307435635, 62, 3223, 377
61, -0.00096668797778, 0.000366657972336, 0.000190615071915, 82, 3202, 519
62, -0.00108333432581, 0.000550011813175, 0.000242459820583, 67, 3288, 556
63, -0.00158333778381, 0.000433335691923, 0.00026676201378, 72, 3134, 835
64, -0.000866661488544, 0.000499993562698, 0.000212563536479, 88, 3456, 640
65, -0.00110000371933, 0.0003333290515, 0.000219073102926, 53, 3832, 393
66, -0.00118335091975, 0.000233322381973, 0.000215175212361, 58, 4049, 307
67, -0.000999997020699, 0.0003333290515, 0.000206389959203, 127, 3924, 565
68, -0.000900000333786, 0.000433335691923, 0.000197419372853, 132, 3725, 899
69, -0.00113332271576, 0.000283340603346, 0.00019839424931, 118, 4508, 253
70, -0.00101667642593, 0.0003333290515, 0.000208330777241, 126, 4364, 536
71, -0.00130000710487, 0.000300000101561, 0.000247286458034, 74, 4632, 409
72, -0.00128331780434, 0.000316669553285, 0.000217490844079, 137, 4358, 826
73, -0.00105001532938, 0.000433335691923, 0.000205783901038, 106, 4599, 730
74, -0.00128331780434, 0.000383337348467, 0.000220882153371, 144, 4779, 697
75, -0.00101666653063, 0.000383337348467, 0.000195921849809, 182, 4627, 998
76, -0.00116667151451, 0.000450005143648, 0.000209392295801, 187, 4766, 1010
77, -0.00136666500475, 0.000183333948371, 0.000231786019867, 94, 5783, 146
78, -0.00109999382403, 0.000366677850252, 0.000223778741201, 132, 5420, 664
79, -0.00116666161921, 0.000266681105131, 0.000195019529201, 109, 5861, 380
80, -0.00103334581945, 0.000249991804594, 0.000157985035912, 99, 5961, 439
81, -0.00110001361463, 0.000399996846681, 0.000200967217097, 256, 5020, 1541
82, -0.000783334195148, 0.000316659599775, 0.00015840776905, 204, 5448, 1276
83, -0.00126666820142, 0.000233332320931, 0.000232469988987, 148, 6535, 354
84, -0.00111666321754, 0.000116676092148, 0.000193800180568, 74, 6966, 90
85, -0.000800003588665, 0.000266671180725, 0.000139759635204, 255, 5885, 1340
86, -0.000866671383847, 0.000316679477692, 0.000194670006749, 195, 6330, 1066
87, -0.00130000710487, 0.000266651302809, 0.000219390756683, 91, 7090, 479
88, -0.00113333261106, 0.000383327394957, 0.000204423486139, 189, 6469, 1275
89, -0.000916679680813, 0.000283340603346, 0.000161921372637, 266, 6714, 1207
90, -0.000833332538605, 0.000500003516208, 0.000198689929675, 321, 5353, 2747
91, -0.000783334195148, 0.000416666269302, 0.000161848365678, 163, 7673, 608
92, -0.00120001041796, 0.00028333067894, 0.00020619854331, 166, 7883, 581
93, -0.000883320986759, 0.000250001758104, 0.000165287667187, 179, 7853, 796
94, -0.000699996948242, 0.000366667896742, 0.000142636738019, 333, 6860, 1976
95, -0.000883340835571, 0.000300000101561, 0.000146012316691, 302, 7808, 1217
96, -0.000616669654846, 0.000499983609188, 0.000134751186124, 486, 5394, 3822
97, -0.000799973786343, 0.000333348900313, 0.000159937961143, 373, 7520, 1889
98, -0.000783354043961, 0.000433335691923, 0.000165982972248, 349, 7314, 2290
99, -0.000783324241638, 0.000316679477692, 0.00014695758, 511, 8054, 1747
100, -0.000883360684384, 0.000449985265732, 0.000175000357558, 335, 7966, 2034
101, -0.000733335793484, 0.000499993562698, 0.00015902875748, 503, 6445, 3756
102, -0.000900020182598, 0.00028333067894, 0.000142243792652, 345, 8887, 1517
103, -0.00113334262278, 0.000316669553285, 0.000193785483134, 300, 9226, 1383
104, -0.000883340835571, 0.000316649675369, 0.000167247722857, 198, 9860, 956
105, -0.000849992036819, 0.000333338975906, 0.000168307262356, 456, 8600, 2425
106, -0.000800003588665, 0.000233342245338, 0.000149439089, 377, 10561, 675
107, -0.00101667642593, 0.000433335691923, 0.000199813512154, 326, 9582, 1867
108, -0.000966668128967, 0.000416676193709, 0.000142730001244, 541, 8601, 3063
109, -0.000750005245209, 0.000333338975906, 0.000135044931085, 582, 8906, 2975
110, -0.000866661488544, 0.000449985265732, 0.000149297178723, 566, 8692, 3408
111, -0.000883340835571, 0.000466654688353, 0.000151484826347, 647, 6899, 5422
112, -0.000900020182598, 0.00033331909799, 0.000166792262462, 249, 11639, 905
113, -0.000783344090451, 0.00045002499246, 0.000156199996127, 626, 6678, 6091
114, -0.0010833243141, 0.000433325767517, 0.000174151762621, 453, 11502, 1494
115, -0.000966658175457, 0.00028333067894, 0.000156636044267, 243, 12346, 879
116, -0.000750005245209, 0.000216672822717, 0.000130555752548, 501, 11822, 1634
117, -0.000933329283725, 0.000383347272873, 0.000156192458235, 532, 11539, 2150
118, -0.000850001990329, 0.000266671180725, 0.000162549069501, 373, 11932, 1992
119, -0.00081666308688, 0.000316659599775, 0.000169005943462, 591, 11111, 3050
120, -0.00081666308688, 0.000383337348467, 0.000152584107127, 716, 8853, 5547
121, -0.000833322585095, 0.000366677850252, 0.000152721069753, 539, 12264, 2377
122, -0.000800013542175, 0.000300010055071, 0.000139839045005, 612, 12413, 2471
123, -0.000649998604786, 0.000266671180725, 0.00012120763131, 600, 12780, 2349
124, -0.000600000203121, 0.000366667896742, 0.000134459682158, 771, 9338, 6038
125, -0.000766664743423, 0.000283340603346, 0.000130407875986, 656, 12606, 3019
126, -0.000799993693363, 0.000199993446586, 0.000122800061945, 429, 14933, 943
127, -0.000916669785511, 0.000416666269302, 0.000182520700037, 486, 12960, 3169
128, -0.000666667998303, 0.00025001168251, 0.000120671647892, 769, 14108, 2276
129, -0.000799993693363, 0.000399996846681, 0.000146299164044, 805, 10868, 5773
130, -0.000716656446457, 0.000466684490675, 0.000140929725603, 891, 10778, 6122
131, -0.000833342492115, 0.000449975341326, 0.000181561466889, 612, 12994, 4167
132, -0.000749975442886, 0.000366677850252, 0.000141686439747, 756, 13766, 3658
133, -0.000716686248779, 0.00033331909799, 0.000142653560033, 828, 13651, 4038
134, -0.000600000203121, 0.000283350556856, 0.00012163323845, 841, 15053, 2903
135, -0.000799983739853, 0.000300010055071, 0.000148153078044, 816, 14004, 4221
136, -0.000649998604786, 0.000383337348467, 0.000131398395752, 1059, 11248, 7248
137, -0.000783334195148, 0.000300000101561, 0.000130030413857, 848, 15495, 3274
138, -0.000816653191578, 0.000333348900313, 0.000142985358252, 682, 15316, 3728
139, -0.00053333240794, 0.000383317470551, 0.000114961279905, 1140, 10951, 8370
140, -0.000950008630753, 0.000433335691923, 0.000151438260218, 662, 17118, 2482
141, -0.000716666399967, 0.000266671180725, 0.000123056728626, 891, 17334, 2547
142, -0.000466654688353, 0.000316669553285, 9.26094944589e-05, 1394, 15165, 4999
143, -0.000600000203121, 0.0003333290515, 0.000127298597363, 958, 17263, 3186
144, -0.000799993693363, 0.000349998474121, 0.000144297649967, 1025, 13889, 6847
145, -0.000716666399967, 0.0003333290515, 0.000128620231408, 993, 16798, 4227
146, -0.000516672909725, 0.000416666269302, 0.000113060887088, 1380, 13744, 7572
147, -0.00081667304039, 0.0003333290515, 0.000120820004668, 1552, 12779, 8830
148, -0.00056667131139, 0.000383327394957, 0.000127434643218, 1249, 13606, 8298
149, -0.000916669785511, 0.000449985265732, 0.000150800668052, 1176, 12648, 9553
150, -0.000683337450027, 0.000316669553285, 0.000116969153169, 1200, 17423, 5077
151, -0.000533322512638, 0.000333348900313, 0.000114529721031, 1346, 14095, 8706
152, -0.000583330809604, 0.000383337348467, 0.000129452222609, 1301, 13059, 10045
153, -0.000433325767517, 0.000366657972336, 9.51535112108e-05, 1799, 16219, 7190
154, -0.000500003516208, 0.000383327394957, 0.000116380659165, 1434, 13191, 10525
155, -0.000766654789913, 0.000316679477692, 0.000131866851007, 1305, 19114, 4911
156, -0.000716676295269, 0.000266661256319, 0.000123941077618, 1057, 20125, 4211
157, -0.000583340704907, 0.00028333067894, 0.000122577577713, 1135, 19986, 4663
158, -0.000650018453598, 0.00019998352218, 0.000117735355161, 1230, 21654, 3310
159, -0.000466664641863, 0.000300000101561, 0.000101499732409, 1750, 18408, 6873
160, -0.000633329153061, 0.000283340603346, 0.000122592740809, 855, 22947, 2653
161, -0.000766664743423, 0.000299990177155, 0.000126984828967, 1371, 21849, 4072
162, -0.000549982010853, 0.000316679477692, 0.000107517909782, 1527, 19783, 6461
163, -0.000583340704907, 0.00056666135788, 0.000162005366292, 1104, 14438, 12131
164, -0.000600010156631, 0.000266681105131, 0.000121506483993, 1350, 23078, 3818
165, -0.000650008500088, 0.000283340603346, 0.000121905162814, 1164, 22153, 5072
166, -0.000616659701336, 0.000266671180725, 0.000118516531074, 928, 25352, 2204
167, -0.000466664641863, 0.000250001758104, 9.4815644843e-05, 1753, 20878, 7011
168, -0.000850001990329, 0.00033331909799, 0.000121996621601, 1351, 22765, 5459
169, -0.000516663014423, 0.000366657972336, 0.000119310745504, 1669, 18187, 10374
170, -0.000500003516208, 0.000349988549715, 0.000103020407551, 1523, 22542, 6358
171, -0.000500003516208, 0.000349998474121, 0.000114955328172, 1718, 20421, 8820
172, -0.000533322512638, 0.000333338975906, 0.00010932317673, 1948, 21410, 8174
173, -0.000500023365021, 0.0003333290515, 0.000107699554064, 1784, 21581, 8348
174, -0.000683337450027, 0.0003333290515, 0.00012015041284, 1638, 23481, 6795
175, -0.000516643107403, 0.000250021606917, 9.89088002825e-05, 1476, 26503, 4122
176, -0.00081667304039, 0.000316659599775, 0.000132760396809, 1882, 24326, 6650
177, -0.000433345645433, 0.000366657972336, 0.000105817940494, 2303, 19581, 11748
178, -0.000649998604786, 0.000233342245338, 0.000119318166981, 1230, 28915, 2769
179, -0.00056666135788, 0.000450005143648, 0.000120222910482, 1536, 22652, 9389
180, -0.000750025094021, 0.000233322381973, 0.000108829903184, 1015, 30046, 2354
181, -0.000683327496517, 0.000366677850252, 0.000129964144435, 2048, 22826, 9935
182, -0.000633339106571, 0.000233332320931, 9.83084901236e-05, 1268, 31047, 2077
183, -0.000399986893171, 0.000349978596205, 9.69087777776e-05, 2287, 13369, 20120
184, -0.000466674566269, 0.000266671180725, 9.00890663615e-05, 2496, 26318, 7538
185, -0.000416666269302, 0.000433315843111, 0.000104023623862, 2407, 16680, 17545
186, -0.000500003516208, 0.000266661256319, 9.55305222305e-05, 2472, 24701, 9895
187, -0.000616659701336, 0.000216672822717, 0.000103014208435, 928, 33421, 1548
188, -0.000733325898182, 0.000316659599775, 0.000125772625324, 1946, 27823, 7521
189, -0.000616659701336, 0.000316679477692, 0.000120817960124, 1857, 26125, 9596
190, -0.000450015068054, 0.000349988549715, 0.000112329405965, 2180, 23971, 12129
191, -0.000499973713886, 0.000433345645433, 0.00011316180462, 2448, 18260, 18221
192, -0.000649998604786, 0.000399996846681, 0.000129052859847, 2226, 22506, 14358
193, -0.000716666399967, 0.00028333067894, 0.000111877627205, 1922, 29003, 8246
194, -0.000400016695494, 0.000249991804594, 8.48068884807e-05, 2841, 26581, 11055
195, -0.000483334064484, 0.000333338975906, 0.000108302629087, 2490, 23185, 14840
196, -0.000383337348467, 0.000433325767517, 0.000101184567029, 2554, 26063, 12353
197, -0.000416666269302, 0.00028333067894, 9.44440616877e-05, 2321, 31376, 7433
198, -0.000783334195148, 0.000266671180725, 0.000138581293868, 1700, 32445, 6759
199, -0.000416646391386, 0.00025001168251, 8.70446820045e-05, 3082, 26229, 13372
200, -0.000583330809604, 0.000300000101561, 9.44954372244e-05, 3140, 22519, 17481
201, -0.00056666135788, 0.000266671180725, 0.00010293629748, 1894, 34535, 5866
202, -0.000550001859665, 0.0003333290515, 0.000116259179777, 2474, 28286, 12518
203, -0.000433335691923, 0.000316669553285, 9.57198790275e-05, 2875, 29304, 11905
204, -0.000450005143648, 0.000249981880188, 9.54175047809e-05, 2189, 34012, 7604
205, -0.000733345746994, 0.000383327394957, 0.000142998906085, 2302, 27135, 14890
206, -0.000399996846681, 0.00028333067894, 9.28283188841e-05, 3139, 29613, 12823
207, -0.00053334236145, 0.000349988549715, 0.000119211435958, 2367, 29097, 13752
208, -0.000600000203121, 0.00025001168251, 0.000106048071757, 2471, 32707, 10557
209, -0.000666658103, 0.00028333067894, 0.00011488221935, 1916, 37064, 6617
210, -0.000516663014423, 0.000283340603346, 0.000101193130831, 2614, 33308, 10792
211, -0.000316659599775, 0.000266671180725, 7.77210007072e-05, 3826, 22386, 22135
212, -0.000483334064484, 0.000366657972336, 0.000107801381091, 2629, 33194, 11750
213, -0.000550011813175, 0.000299990177155, 0.000100212389953, 2911, 35051, 10318
214, -0.000550001859665, 0.000300000101561, 0.000104986866063, 2956, 34344, 11452
215, -0.000600010156631, 0.000450005143648, 0.00011175632244, 3168, 23000, 23225
216, -0.000649988651276, 0.000399986893171, 0.000120387150673, 2870, 31090, 15566
217, -0.000533322512638, 0.000283340603346, 9.88822357613e-05, 2884, 37692, 9397
218, -0.000616649806034, 0.000250021606917, 0.000109468215669, 2551, 38505, 9019
219, -0.000499993562698, 0.000183343887329, 8.55413818499e-05, 2501, 42296, 5665
220, -0.000583330809604, 0.000300010055071, 0.000103603277239, 3892, 29416, 18984
221, -0.000449985265732, 0.000233352184296, 8.91511299415e-05, 3527, 37058, 11783
222, -0.000650008500088, 0.00028333067894, 0.000113778667583, 3198, 34242, 15042
223, -0.00053334236145, 0.000300000101561, 9.64886203292e-05, 3110, 37070, 12659
224, -0.000666667998303, 0.000250001758104, 0.000104393380752, 3023, 40539, 9637
225, -0.000550001859665, 0.000349998474121, 0.000107765619759, 2889, 38288, 12337
226, -0.000516672909725, 0.000299990177155, 0.000100493489299, 3067, 38394, 12682
227, -0.00053334236145, 0.000283340603346, 9.70114779193e-05, 3765, 35579, 15950
228, -0.000316659599775, 0.000333338975906, 8.73949829838e-05, 4303, 27184, 24800
229, -0.000383317470551, 0.000350018352037, 9.11334936973e-05, 3922, 35020, 17421
230, -0.000500013411511, 0.000283320754534, 9.07164212549e-05, 4586, 34510, 18390
231, -0.00056667131139, 0.000250001758104, 9.8362659628e-05, 3548, 39260, 14101
232, -0.000416656344896, 0.00033331909799, 0.000101247140265, 4042, 33317, 20507
233, -0.000450005143648, 0.00028333067894, 8.80236693774e-05, 4814, 32860, 21429
234, -0.000500003516208, 0.000266671180725, 8.82964741322e-05, 4415, 35357, 19399
235, -0.000416676193709, 0.000216672822717, 7.94321822468e-05, 3288, 48724, 6501
236, -0.000550011813175, 0.000250001758104, 0.000102346864878, 3445, 45522, 10174
237, -0.000483324140077, 0.000350018352037, 0.000105001301563, 3883, 38088, 18081
238, -0.00048334398889, 0.000266661256319, 9.13410985959e-05, 3719, 43787, 12857
239, -0.000433335691923, 0.000233332320931, 8.36455074023e-05, 3747, 48973, 8148
240, -0.000499983609188, 0.000433355569839, 0.000110885572212, 3993, 35286, 22314
241, -0.000433345645433, 0.000266671180725, 9.02807223611e-05, 4035, 43358, 14723
242, -0.000633349001873, 0.000316659599775, 9.57959127845e-05, 4110, 45679, 12885
243, -0.000450015068054, 0.000449975341326, 0.000107907238998, 4150, 37125, 21924
244, -0.00056667131139, 0.000266661256319, 9.76323062787e-05, 3571, 47854, 11682
245, -0.000450005143648, 0.000266681105131, 9.37368313316e-05, 3584, 49241, 10784
246, -0.000400016695494, 0.000433315843111, 0.000103226557258, 4176, 29745, 30771
247, -0.000449995190138, 0.000316669553285, 8.93437463674e-05, 4966, 43504, 17505
248, -0.000466654688353, 0.000416666269302, 0.000103668266092, 4781, 36582, 24922
249, -0.000516672909725, 0.000366667896742, 9.76656374405e-05, 4426, 37623, 24378
250, -0.000499983609188, 0.000266671180725, 9.16570643312e-05, 5095, 45273, 17227
251, -0.000550001859665, 0.000266671180725, 0.000102328966022, 4026, 48640, 14361
252, -0.000583350658417, 0.000316659599775, 9.72755078692e-05, 5168, 39318, 24186
253, -0.000383317470551, 0.000450015068054, 9.7931631899e-05, 5103, 32241, 31768
254, -0.000450005143648, 0.000266661256319, 9.71499539446e-05, 4438, 46062, 18454
255, -0.000383337348467, 0.00028333067894, 8.1583573774e-05, 5668, 42307, 22718
256, -0.000466674566269, 0.000383317470551, 9.51490947045e-05, 5482, 38099, 27437
257, -0.000600010156631, 0.0003333290515, 0.000110094289994, 4525, 43858, 22191
258, -0.000516663014423, 0.000349998474121, 0.000109901797259, 4546, 45831, 20733
259, -0.000483324140077, 0.000266671180725, 9.52826521825e-05, 4115, 52144, 14937
260, -0.000416676193709, 0.000216672822717, 8.19706328912e-05, 4500, 53987, 13613
261, -0.000583330809604, 0.000316679477692, 0.000100281584309, 4838, 52196, 15925
262, -0.000433345645433, 0.00033331909799, 8.61062217155e-05, 5224, 49447, 19197
263, -0.000416646391386, 0.000316679477692, 9.19704689295e-05, 5070, 44348, 24821
264, -0.000466674566269, 0.000299990177155, 8.70510630193e-05, 4410, 56352, 13344
265, -0.000500003516208, 0.000266661256319, 8.36836843519e-05, 6038, 47088, 23137
266, -0.000316659599775, 0.000316689402098, 7.81892449595e-05, 5433, 27936, 42820
267, -0.00048334398889, 0.000316659599775, 9.99867988867e-05, 6016, 41561, 29728
268, -0.000499993562698, 0.000183353826287, 8.89253133209e-05, 4459, 62029, 9795
269, -0.000583330809604, 0.000200003385544, 8.60651925905e-05, 2388, 68686, 3675
270, -0.000466664641863, 0.000316659599775, 8.8491869974e-05, 6477, 41060, 31840
271, -0.00048334398889, 0.000216682747123, 7.76004453655e-05, 3628, 67731, 5710
272, -0.000416676193709, 0.000316659599775, 8.86671841727e-05, 5444, 49566, 24418
273, -0.000416666269302, 0.000316679477692, 8.25815877761e-05, 6583, 49579, 24950
274, -0.000383327394957, 0.000316679477692, 8.40667926241e-05, 7235, 39825, 35251
275, -0.000400006771088, 0.000400006771088, 8.2303675299e-05, 6436, 30538, 45087
276, -0.000383327394957, 0.000316689402098, 8.24280577945e-05, 6165, 50181, 25995
277, -0.000433335691923, 0.00028333067894, 8.45105241751e-05, 6766, 46697, 30032
278, -0.000483334064484, 0.000266661256319, 8.29403361422e-05, 6730, 56793, 20491
279, -0.000499993562698, 0.000233322381973, 8.59236752149e-05, 5511, 61372, 16469
280, -0.000583320856094, 0.000433335691923, 0.000110766472062, 5457, 50904, 27496
281, -0.000383317470551, 0.000350008398527, 8.85866320459e-05, 7483, 44549, 34412
282, -0.000483334064484, 0.000316669553285, 9.4614973932e-05, 5338, 59440, 20084
283, -0.000600000203121, 0.000266661256319, 0.000103549435153, 5312, 61308, 18781
284, -0.000399996846681, 0.000300010055071, 7.87162207416e-05, 7471, 47391, 33265
285, -0.000416666269302, 0.000316669553285, 8.38270934764e-05, 7494, 49345, 31880
286, -0.000516672909725, 0.00025001168251, 8.90569426701e-05, 5599, 65722, 16074
287, -0.000433325767517, 0.000216672822717, 8.21475478006e-05, 6651, 62964, 19405
288, -0.000349998474121, 0.000200003385544, 7.3212722782e-05, 4791, 72577, 10367
289, -0.00056666135788, 0.000300019979477, 0.000105159371742, 5783, 55499, 28022
290, -0.000433335691923, 0.000216672822717, 7.94634979684e-05, 5697, 70063, 14037
291, -0.000399996846681, 0.000266661256319, 8.03419825388e-05, 6736, 65970, 18711
292, -0.000449995190138, 0.00028333067894, 7.65209333622e-05, 7930, 54754, 30510
293, -0.000466654688353, 0.000300010055071, 7.97868779046e-05, 9463, 50084, 35765
294, -0.000449995190138, 0.000283340603346, 8.55130056152e-05, 6211, 61487, 24949
300, -0.000349998474121, 0.00028333067894, 8.01565765869e-05, 7341, 57284, 32716
400, -0.000400006771088, 0.00025001168251, 7.47232552385e-05, 13291, 125494, 34506
500, -0.000316669553285, 0.00028333067894, 5.99497288931e-05, 32238, 126606, 123394
600, -0.000333348900313, 0.000233342245338, 6.48545610602e-05, 39876, 260130, 99870
700, -0.00028333067894, 0.000266671180725, 5.10340105393e-05, 72703, 239129, 250871
800, -0.000333358853823, 0.000250001758104, 5.08121265739e-05, 91473, 419057, 220943
900, -0.00025001168251, 0.000183343887329, 4.64613367512e-05, 111272, 634866, 175134
