1, 2.67893457413, 2.67893457413, 0.0, 0, 0, 1
2, 0.0, 3.50763344765, 1.5188498497, 1, 1, 3
3, 5.70973348618, 12.2746496201, 2.07211446762, 0, 0, 9
4, 1.8395049572, 11.9658021927, 2.54031300545, 0, 0, 16
5, 2.64087843895, 11.0613451004, 2.12484908104, 0, 0, 25
6, 8.35458467918e-06, 7.16544485092, 1.81646847725, 0, 0, 36
7, -2.40405393015e-06, 10.7923688889, 2.48949408531, 0, 1, 48
8, 1.44839286804e-05, 4.0547375679, 0.993448078632, 0, 0, 64
9, 0.715026140213, 6.76042032242, 1.2999509573, 0, 0, 81
10, 0.0712167918682, 8.19922161102, 1.65622615814, 0, 0, 100
11, 4.22944640377e-06, 3.92185139656, 0.950310826302, 0, 0, 121
12, 0.0, 5.46801805496, 1.30538368225, 1, 1, 143
13, 0.000224756702664, 6.28307199478, 1.17120885849, 0, 0, 169
14, 0.0236177202314, 4.3100566864, 0.957828342915, 0, 0, 196
15, -3.35648655891e-06, 4.74402093887, 0.981625199318, 4, 9, 216
16, -4.18474292019e-06, 3.44870591164, 0.650411427021, 1, 4, 252
17, 7.07805156708e-07, 3.56178021431, 0.951921403408, 0, 0, 289
18, 3.46451997757e-07, 5.15582609177, 1.14024889469, 0, 0, 324
19, 0.0, 3.57818078995, 0.740627229214, 1, 1, 360
22, -3.84946652332e-08, 3.01090741158, 0.587237298489, 9, 9, 475
23, -2.36183404922e-06, 1.88887667656, 0.389802604914, 1, 4, 525
24, 1.15483999252e-07, 1.76666939259, 0.259738177061, 1, 1, 575
25, -2.23517417908e-08, 1.99082672596, 0.379869133234, 1, 1, 624
26, 1.17346644402e-06, 1.26682674885, 0.172549515963, 0, 0, 676
27, -2.98892450701e-06, 1.4658690691, 0.256198972464, 0, 4, 725
28, 0.0, 2.27063918114, 0.263508737087, 4, 4, 780
29, -1.03643787952e-05, 1.59480500221, 0.251508653164, 0, 3, 838
32, 6.85453414917e-07, 1.67130577564, 0.260576695204, 0, 0, 1024
41, 8.60542058945e-07, 0.993045568466, 0.13941450417, 0, 0, 1681
42, -6.5813459571e-08, 1.39914679527, 0.186705201864, 9, 9, 1755
43, 2.04890966415e-08, 0.927569210529, 0.115838810802, 4, 4, 1845
50, -2.78775883089e-06, 0.511333465576, 0.0666564851999, 4, 18, 2482
60, -6.61741942167e-05, 0.330410122871, 0.0404245294631, 3, 28, 3572
70, -1.9408762455e-06, 0.256451278925, 0.0265325438231, 15, 38, 4862
80, -1.55965483373e-06, 0.19069892168, 0.0174659918994, 1, 6, 6394
90, -3.50549817085e-06, 0.257210940123, 0.0185150001198, 6, 33, 8067
100, -4.08540159924e-07, 0.167840734124, 0.0121980467811, 77, 100, 9900
110, -1.13404041713e-06, 0.126326352358, 0.00977015122771, 32, 83, 12017
120, -2.1316422135e-05, 0.0713786259294, 0.0069223344326, 35, 253, 14147
130, -8.25276001706e-05, 0.0734034776688, 0.00622167997062, 6, 155, 16745
140, -0.000107511565147, 0.0773049592972, 0.00557597819716, 89, 319, 19281
150, -0.000141317330417, 0.0534199737012, 0.00525896018371, 29, 128, 22372
160, -0.000474459171528, 0.055741764605, 0.00438680592924, 83, 939, 24661
170, -2.51457095146e-06, 0.0458244904876, 0.0037313925568, 93, 292, 28608
180, -2.20009442273e-05, 0.03069915995, 0.00310075376183, 103, 369, 32031
190, -0.000213989056647, 0.034147746861, 0.00275988434441, 137, 1126, 34974
200, -8.19253443751e-07, 0.0299424622208, 0.00233328621835, 95, 141, 39860
210, -0.00049796019448, 0.0356087945402, 0.00229119858705, 53, 1771, 42329
220, -0.00011870637536, 0.0230110883713, 0.00185454473831, 40, 533, 47867
230, -3.09857241518e-05, 0.0300421006978, 0.0023520339746, 75, 306, 52594
240, -0.000346224143868, 0.0151846939698, 0.00152654747944, 115, 2065, 55535
250, -0.000274705089396, 0.0339902639389, 0.00204792665318, 236, 2419, 60081
260, -4.89152334922e-05, 0.0203512776643, 0.00130201422144, 184, 940, 66660
270, -6.03118278377e-05, 0.0119895907119, 0.00118489726447, 266, 866, 72034
280, -8.96084457054e-05, 0.0178355593234, 0.00127697072458, 233, 1013, 77387
290, -0.000183725729585, 0.0125013981014, 0.00109414511826, 296, 1617, 82485
300, -8.70438889251e-05, 0.0136929042637, 0.00105842377525, 115, 902, 89098
310, -7.32894986868e-05, 0.0243070460856, 0.00121312995907, 124, 769, 95331
320, -1.39434514494e-05, 0.00890512578189, 0.000769061152823, 271, 621, 101779
330, -4.66052442789e-05, 0.0115820504725, 0.00084046239499, 159, 345, 108555
340, -6.50795773254e-05, 0.00756931677461, 0.000728057581, 466, 1564, 114036
350, -0.000303004868329, 0.0111545920372, 0.000930621405132, 199, 5864, 116636
360, -0.000317601807183, 0.0103964749724, 0.000853656209074, 570, 8710, 120890
370, -1.44985197039e-05, 0.00713711930439, 0.000615883560386, 202, 381, 136519
380, -2.64613572654e-05, 0.0109399938956, 0.000772270956077, 682, 1971, 142429
390, -0.000188134305063, 0.0112828742713, 0.000721316726413, 558, 5664, 146436
400, -6.98886215105e-05, 0.00919553264976, 0.000665317755193, 667, 3545, 156457
410, -0.000251362420386, 0.00837423373014, 0.000640782935079, 354, 7182, 160918
420, -1.59734245244e-05, 0.0110665755346, 0.000597252568696, 658, 1253, 175147
430, -3.06603797071e-05, 0.00584167614579, 0.000521140522324, 268, 1394, 183506
440, -1.93491578102e-05, 0.00614844309166, 0.000460747192847, 596, 1244, 192356
450, -5.77392056584e-05, 0.0050181648694, 0.00043906836072, 409, 3957, 198545
460, -0.000124367259559, 0.00944362767041, 0.000582749256864, 1205, 8455, 203147
470, -4.77132089145e-05, 0.00750258984044, 0.000472968065878, 958, 2030, 218870
480, -0.000229151919484, 0.00570730818436, 0.000506056123413, 779, 18166, 212234
490, -3.88436019421e-05, 0.0062935105525, 0.000464329583338, 1171, 3267, 236833
500, -0.000117863215564, 0.00546628190205, 0.000436088623246, 697, 7426, 242576
510, -0.000146380931255, 0.00897653307766, 0.000497422064655, 1160, 14890, 245210
520, -0.000132181681693, 0.00590959331021, 0.000408567721024, 1059, 12307, 258095
530, -1.2529392734e-05, 0.00407159747556, 0.00033392914338, 427, 1194, 279708
540, -9.83091667877e-05, 0.0068155345507, 0.000426213053288, 1037, 6671, 284929
550, -9.14077609195e-05, 0.00477016717196, 0.00039086927427, 1046, 12725, 289777
560, -5.38773201697e-05, 0.00429421337321, 0.000312044110615, 1099, 5167, 308439
570, -2.6540210456e-05, 0.00430521182716, 0.000327628280502, 1222, 3209, 321693
580, -0.000136808186653, 0.00537201296538, 0.000346505315974, 1251, 18443, 317957
590, -7.17611983418e-05, 0.00531143276021, 0.000378119206289, 1264, 9841, 338261
600, -7.02120960341e-05, 0.005055133719, 0.000321112602251, 1047, 10232, 349772
610, -0.000107795312942, 0.00543963303789, 0.000352935225237, 1837, 11104, 360998
620, -3.0695769965e-05, 0.00453960476443, 0.000277202459984, 1023, 3463, 380939
630, -2.98110153381e-05, 0.00408970564604, 0.000279957050225, 1344, 5945, 390957
640, -8.53765159263e-05, 0.00268661906011, 0.000245191971771, 1307, 4443, 405159
650, -9.47123990045e-05, 0.00307440361939, 0.000262166402536, 1776, 17309, 405191
660, -9.03457403183e-05, 0.0038587350864, 0.000275056518149, 1463, 15063, 420539
670, -5.90054951317e-05, 0.00311352009885, 0.000247432297328, 1893, 12326, 436578
680, -0.000121228396893, 0.00329368445091, 0.000268678966677, 1202, 29678, 432722
690, -1.87995228771e-05, 0.00380816939287, 0.000232990263612, 2263, 4051, 472049
700, -8.07565302239e-05, 0.00311478762887, 0.000239424509346, 1084, 11428, 478572
710, -0.000281493645161, 0.00388748012483, 0.000281831686152, 1539, 68029, 436071
720, -0.000169972889125, 0.00319595751353, 0.000239299537498, 2450, 31584, 486816
730, -9.19559970498e-05, 0.0025657673832, 0.000219316367293, 1289, 24028, 508872
1000, -4.8733472795e-05, 0.00152972294018, 0.000123185949633, 4461, 28014, 971986
