[
    {
        "polynomialshift/lr": 0.09983319421247959, 
        "main/loss": 3.290097236633301, 
        "validation/main/loss": 3.0713722705841064, 
        "iteration": 1, 
        "elapsed_time": 0.9497499465942383, 
        "epoch": 1, 
        "main/accuracy": 0.0, 
        "validation/main/accuracy": 0.032738097012043
    }, 
    {
        "polynomialshift/lr": 0.09966610925150703, 
        "main/loss": 2.9382927417755127, 
        "validation/main/loss": 2.483748197555542, 
        "iteration": 2, 
        "elapsed_time": 1.1775479316711426, 
        "epoch": 2, 
        "main/accuracy": 0.0, 
        "validation/main/accuracy": 0.4295634925365448
    }, 
    {
        "polynomialshift/lr": 0.099498743710662, 
        "main/loss": 2.3113908767700195, 
        "validation/main/loss": 2.494445562362671, 
        "iteration": 3, 
        "elapsed_time": 1.4043328762054443, 
        "epoch": 3, 
        "main/accuracy": 0.3333333432674408, 
        "validation/main/accuracy": 0.4166666567325592
    }, 
    {
        "polynomialshift/lr": 0.09933109617167561, 
        "main/loss": 2.246882677078247, 
        "validation/main/loss": 2.516336679458618, 
        "iteration": 4, 
        "elapsed_time": 1.6308598518371582, 
        "epoch": 4, 
        "main/accuracy": 0.3333333432674408, 
        "validation/main/accuracy": 0.3998015820980072
    }, 
    {
        "polynomialshift/lr": 0.09916316520429011, 
        "main/loss": 2.206641435623169, 
        "validation/main/loss": 2.5331335067749023, 
        "iteration": 5, 
        "elapsed_time": 1.9004709720611572, 
        "epoch": 5, 
        "main/accuracy": 0.3333333432674408, 
        "validation/main/accuracy": 0.380952388048172
    }, 
    {
        "polynomialshift/lr": 0.09899494936611666, 
        "main/loss": 2.1792900562286377, 
        "validation/main/loss": 2.5449395179748535, 
        "iteration": 6, 
        "elapsed_time": 2.1346659660339355, 
        "epoch": 6, 
        "main/accuracy": 0.3333333432674408, 
        "validation/main/accuracy": 0.3730158805847168
    }, 
    {
        "polynomialshift/lr": 0.09882644720249062, 
        "main/loss": 2.1591272354125977, 
        "validation/main/loss": 2.559156656265259, 
        "iteration": 7, 
        "elapsed_time": 2.4163877964019775, 
        "epoch": 7, 
        "main/accuracy": 0.3333333432674408, 
        "validation/main/accuracy": 0.3650793731212616
    }, 
    {
        "polynomialshift/lr": 0.09865765724632496, 
        "main/loss": 2.142070770263672, 
        "validation/main/loss": 2.5726325511932373, 
        "iteration": 8, 
        "elapsed_time": 2.643397808074951, 
        "epoch": 8, 
        "main/accuracy": 0.3333333432674408, 
        "validation/main/accuracy": 0.352182537317276
    }, 
    {
        "polynomialshift/lr": 0.09848857801796106, 
        "main/loss": 2.1283419132232666, 
        "validation/main/loss": 2.579806327819824, 
        "iteration": 9, 
        "elapsed_time": 2.8715507984161377, 
        "epoch": 9, 
        "main/accuracy": 0.3333333432674408, 
        "validation/main/accuracy": 0.3452380895614624
    }, 
    {
        "polynomialshift/lr": 0.09831920802501751, 
        "main/loss": 2.1169285774230957, 
        "validation/main/loss": 2.5891520977020264, 
        "iteration": 10, 
        "elapsed_time": 3.101191997528076, 
        "epoch": 10, 
        "main/accuracy": 0.3333333432674408, 
        "validation/main/accuracy": 0.335317462682724
    }, 
    {
        "polynomialshift/lr": 0.09814954576223639, 
        "main/loss": 2.106868028640747, 
        "validation/main/loss": 2.5981740951538086, 
        "iteration": 11, 
        "elapsed_time": 3.3300747871398926, 
        "epoch": 11, 
        "main/accuracy": 0.3333333432674408, 
        "validation/main/accuracy": 0.324404776096344
    }, 
    {
        "polynomialshift/lr": 0.09797958971132713, 
        "main/loss": 2.0978922843933105, 
        "validation/main/loss": 2.6067490577697754, 
        "iteration": 12, 
        "elapsed_time": 3.6389458179473877, 
        "epoch": 12, 
        "main/accuracy": 0.3333333432674408, 
        "validation/main/accuracy": 0.3194444477558136
    }, 
    {
        "polynomialshift/lr": 0.09780933834080807, 
        "main/loss": 2.0898945331573486, 
        "validation/main/loss": 2.6149442195892334, 
        "iteration": 13, 
        "elapsed_time": 3.9018988609313965, 
        "epoch": 13, 
        "main/accuracy": 0.3333333432674408, 
        "validation/main/accuracy": 0.3144841194152832
    }, 
    {
        "polynomialshift/lr": 0.0976387901058454, 
        "main/loss": 2.0828628540039062, 
        "validation/main/loss": 2.6226062774658203, 
        "iteration": 14, 
        "elapsed_time": 4.131108999252319, 
        "epoch": 14, 
        "main/accuracy": 0.3333333432674408, 
        "validation/main/accuracy": 0.3085317313671112
    }, 
    {
        "polynomialshift/lr": 0.09746794344808964, 
        "main/loss": 2.0771446228027344, 
        "validation/main/loss": 2.626328706741333, 
        "iteration": 15, 
        "elapsed_time": 4.359947919845581, 
        "epoch": 15, 
        "main/accuracy": 0.3333333432674408, 
        "validation/main/accuracy": 0.3035714328289032
    }, 
    {
        "polynomialshift/lr": 0.09729679679550951, 
        "main/loss": 2.072342872619629, 
        "validation/main/loss": 2.631523609161377, 
        "iteration": 16, 
        "elapsed_time": 4.596961975097656, 
        "epoch": 16, 
        "main/accuracy": 0.3333333432674408, 
        "validation/main/accuracy": 0.300595223903656
    }, 
    {
        "polynomialshift/lr": 0.0971253485622231, 
        "main/loss": 2.0679357051849365, 
        "validation/main/loss": 2.6367807388305664, 
        "iteration": 17, 
        "elapsed_time": 4.824373006820679, 
        "epoch": 17, 
        "main/accuracy": 0.3333333432674408, 
        "validation/main/accuracy": 0.2986111044883728
    }, 
    {
        "polynomialshift/lr": 0.09695359714832658, 
        "main/loss": 2.0638701915740967, 
        "validation/main/loss": 2.641974925994873, 
        "iteration": 18, 
        "elapsed_time": 5.061440944671631, 
        "epoch": 18, 
        "main/accuracy": 0.3333333432674408, 
        "validation/main/accuracy": 0.2926587164402008
    }, 
    {
        "polynomialshift/lr": 0.09678154093971984, 
        "main/loss": 2.0601062774658203, 
        "validation/main/loss": 2.646728992462158, 
        "iteration": 19, 
        "elapsed_time": 5.28941798210144, 
        "epoch": 19, 
        "main/accuracy": 0.3333333432674408, 
        "validation/main/accuracy": 0.2916666567325592
    }, 
    {
        "polynomialshift/lr": 0.09660917830792959, 
        "main/loss": 2.0566577911376953, 
        "validation/main/loss": 2.6506946086883545, 
        "iteration": 20, 
        "elapsed_time": 5.517750978469849, 
        "epoch": 20, 
        "main/accuracy": 0.3333333432674408, 
        "validation/main/accuracy": 0.2886904776096344
    }, 
    {
        "polynomialshift/lr": 0.09643650760992956, 
        "main/loss": 2.053412675857544, 
        "validation/main/loss": 2.655172109603882, 
        "iteration": 21, 
        "elapsed_time": 5.740242958068848, 
        "epoch": 21, 
        "main/accuracy": 0.3333333432674408, 
        "validation/main/accuracy": 0.2867063581943512
    }, 
    {
        "polynomialshift/lr": 0.09626352718795768, 
        "main/loss": 2.0503861904144287, 
        "validation/main/loss": 2.659485340118408, 
        "iteration": 22, 
        "elapsed_time": 5.981543779373169, 
        "epoch": 22, 
        "main/accuracy": 0.3333333432674408, 
        "validation/main/accuracy": 0.283730149269104
    }, 
    {
        "polynomialshift/lr": 0.0960902353693305, 
        "main/loss": 2.047565221786499, 
        "validation/main/loss": 2.663661241531372, 
        "iteration": 23, 
        "elapsed_time": 6.209851980209351, 
        "epoch": 23, 
        "main/accuracy": 0.3333333432674408, 
        "validation/main/accuracy": 0.2767857015132904
    }, 
    {
        "polynomialshift/lr": 0.0959166304662544, 
        "main/loss": 2.044931650161743, 
        "validation/main/loss": 2.667849540710449, 
        "iteration": 24, 
        "elapsed_time": 6.4372169971466064, 
        "epoch": 24, 
        "main/accuracy": 0.3333333432674408, 
        "validation/main/accuracy": 0.2748015820980072
    }, 
    {
        "polynomialshift/lr": 0.09574271077563382, 
        "main/loss": 2.042468309402466, 
        "validation/main/loss": 2.6718571186065674, 
        "iteration": 25, 
        "elapsed_time": 6.663289785385132, 
        "epoch": 25, 
        "main/accuracy": 0.3333333432674408, 
        "validation/main/accuracy": 0.2688491940498352
    }, 
    {
        "polynomialshift/lr": 0.09556847457887635, 
        "main/loss": 2.0401620864868164, 
        "validation/main/loss": 2.675673246383667, 
        "iteration": 26, 
        "elapsed_time": 6.888927936553955, 
        "epoch": 26, 
        "main/accuracy": 0.3333333432674408, 
        "validation/main/accuracy": 0.2648809552192688
    }, 
    {
        "polynomialshift/lr": 0.09539392014169457, 
        "main/loss": 2.0379974842071533, 
        "validation/main/loss": 2.6792359352111816, 
        "iteration": 27, 
        "elapsed_time": 7.119133949279785, 
        "epoch": 27, 
        "main/accuracy": 0.3333333432674408, 
        "validation/main/accuracy": 0.26091268658638
    }, 
    {
        "polynomialshift/lr": 0.09521904571390466, 
        "main/loss": 2.035982370376587, 
        "validation/main/loss": 2.6830615997314453, 
        "iteration": 28, 
        "elapsed_time": 7.401573896408081, 
        "epoch": 28, 
        "main/accuracy": 0.3333333432674408, 
        "validation/main/accuracy": 0.261904776096344
    }, 
    {
        "polynomialshift/lr": 0.09504384952922168, 
        "main/loss": 2.0340819358825684, 
        "validation/main/loss": 2.686225175857544, 
        "iteration": 29, 
        "elapsed_time": 7.633771896362305, 
        "epoch": 29, 
        "main/accuracy": 0.3333333432674408, 
        "validation/main/accuracy": 0.2599206268787384
    }, 
    {
        "polynomialshift/lr": 0.09486832980505139, 
        "main/loss": 2.032284736633301, 
        "validation/main/loss": 2.6889288425445557, 
        "iteration": 30, 
        "elapsed_time": 7.8619608879089355, 
        "epoch": 30, 
        "main/accuracy": 0.3333333432674408, 
        "validation/main/accuracy": 0.2579365074634552
    }, 
    {
        "polynomialshift/lr": 0.09469248474227861, 
        "main/loss": 2.0306124687194824, 
        "validation/main/loss": 2.6911985874176025, 
        "iteration": 31, 
        "elapsed_time": 8.107231855392456, 
        "epoch": 31, 
        "main/accuracy": 0.3333333432674408, 
        "validation/main/accuracy": 0.2549603283405304
    }, 
    {
        "polynomialshift/lr": 0.09451631252505217, 
        "main/loss": 2.029019594192505, 
        "validation/main/loss": 2.6939799785614014, 
        "iteration": 32, 
        "elapsed_time": 8.335697889328003, 
        "epoch": 32, 
        "main/accuracy": 0.3333333432674408, 
        "validation/main/accuracy": 0.2539682686328888
    }, 
    {
        "polynomialshift/lr": 0.09433981132056604, 
        "main/loss": 2.02750825881958, 
        "validation/main/loss": 2.6965792179107666, 
        "iteration": 33, 
        "elapsed_time": 8.562671899795532, 
        "epoch": 33, 
        "main/accuracy": 0.3333333432674408, 
        "validation/main/accuracy": 0.2529761791229248
    }, 
    {
        "polynomialshift/lr": 0.0941629792788369, 
        "main/loss": 2.0260796546936035, 
        "validation/main/loss": 2.6991443634033203, 
        "iteration": 34, 
        "elapsed_time": 8.792634963989258, 
        "epoch": 34, 
        "main/accuracy": 0.3333333432674408, 
        "validation/main/accuracy": 0.2539682686328888
    }, 
    {
        "polynomialshift/lr": 0.0939858145324779, 
        "main/loss": 2.024731159210205, 
        "validation/main/loss": 2.7009055614471436, 
        "iteration": 35, 
        "elapsed_time": 9.019442796707153, 
        "epoch": 35, 
        "main/accuracy": 0.3333333432674408, 
        "validation/main/accuracy": 0.2529761791229248
    }, 
    {
        "polynomialshift/lr": 0.0938083151964686, 
        "main/loss": 2.0234761238098145, 
        "validation/main/loss": 2.7032487392425537, 
        "iteration": 36, 
        "elapsed_time": 9.245388984680176, 
        "epoch": 36, 
        "main/accuracy": 0.3333333432674408, 
        "validation/main/accuracy": 0.2490079402923584
    }, 
    {
        "polynomialshift/lr": 0.09363047936792093, 
        "main/loss": 2.022268533706665, 
        "validation/main/loss": 2.7053921222686768, 
        "iteration": 37, 
        "elapsed_time": 9.47066879272461, 
        "epoch": 37, 
        "main/accuracy": 0.3333333432674408, 
        "validation/main/accuracy": 0.2460317462682724
    }, 
    {
        "polynomialshift/lr": 0.09345230512584124, 
        "main/loss": 2.021113872528076, 
        "validation/main/loss": 2.707502841949463, 
        "iteration": 38, 
        "elapsed_time": 9.709813833236694, 
        "epoch": 38, 
        "main/accuracy": 0.3333333432674408, 
        "validation/main/accuracy": 0.2450396865606308
    }, 
    {
        "polynomialshift/lr": 0.09327379053088815, 
        "main/loss": 2.0200250148773193, 
        "validation/main/loss": 2.7095441818237305, 
        "iteration": 39, 
        "elapsed_time": 9.946492910385132, 
        "epoch": 39, 
        "main/accuracy": 0.3333333432674408, 
        "validation/main/accuracy": 0.2420634925365448
    }, 
    {
        "polynomialshift/lr": 0.09309493362512627, 
        "main/loss": 2.018996238708496, 
        "validation/main/loss": 2.7115068435668945, 
        "iteration": 40, 
        "elapsed_time": 10.187134981155396, 
        "epoch": 40, 
        "main/accuracy": 0.3333333432674408, 
        "validation/main/accuracy": 0.2400793582201004
    }, 
    {
        "polynomialshift/lr": 0.0929157324317757, 
        "main/loss": 2.0180163383483887, 
        "validation/main/loss": 2.7135274410247803, 
        "iteration": 41, 
        "elapsed_time": 10.434595823287964, 
        "epoch": 41, 
        "main/accuracy": 0.3333333432674408, 
        "validation/main/accuracy": 0.2400793582201004
    }, 
    {
        "polynomialshift/lr": 0.09273618495495704, 
        "main/loss": 2.017080545425415, 
        "validation/main/loss": 2.7154502868652344, 
        "iteration": 42, 
        "elapsed_time": 10.66989278793335, 
        "epoch": 42, 
        "main/accuracy": 0.3333333432674408, 
        "validation/main/accuracy": 0.2380952388048172
    }, 
    {
        "polynomialshift/lr": 0.09255628917943215, 
        "main/loss": 2.0161890983581543, 
        "validation/main/loss": 2.717331647872925, 
        "iteration": 43, 
        "elapsed_time": 10.898032903671265, 
        "epoch": 43, 
        "main/accuracy": 0.3333333432674408, 
        "validation/main/accuracy": 0.2371031790971756
    }, 
    {
        "polynomialshift/lr": 0.09237604307034013, 
        "main/loss": 2.0153424739837646, 
        "validation/main/loss": 2.7191898822784424, 
        "iteration": 44, 
        "elapsed_time": 11.146283864974976, 
        "epoch": 44, 
        "main/accuracy": 0.3333333432674408, 
        "validation/main/accuracy": 0.2371031790971756
    }, 
    {
        "polynomialshift/lr": 0.09219544457292889, 
        "main/loss": 2.0145301818847656, 
        "validation/main/loss": 2.720984697341919, 
        "iteration": 45, 
        "elapsed_time": 11.380375862121582, 
        "epoch": 45, 
        "main/accuracy": 0.3333333432674408, 
        "validation/main/accuracy": 0.2351190447807312
    }, 
    {
        "polynomialshift/lr": 0.09201449161228176, 
        "main/loss": 2.0137627124786377, 
        "validation/main/loss": 2.722801685333252, 
        "iteration": 46, 
        "elapsed_time": 11.60375690460205, 
        "epoch": 46, 
        "main/accuracy": 0.3333333432674408, 
        "validation/main/accuracy": 0.2341269850730896
    }, 
    {
        "polynomialshift/lr": 0.09183318209303941, 
        "main/loss": 2.0130414962768555, 
        "validation/main/loss": 2.7245142459869385, 
        "iteration": 47, 
        "elapsed_time": 11.829115867614746, 
        "epoch": 47, 
        "main/accuracy": 0.3333333432674408, 
        "validation/main/accuracy": 0.2321428507566452
    }, 
    {
        "polynomialshift/lr": 0.0916515138991168, 
        "main/loss": 2.0123283863067627, 
        "validation/main/loss": 2.726233720779419, 
        "iteration": 48, 
        "elapsed_time": 12.06438398361206, 
        "epoch": 48, 
        "main/accuracy": 0.3333333432674408, 
        "validation/main/accuracy": 0.2311507910490036
    }, 
    {
        "polynomialshift/lr": 0.09146948489341496, 
        "main/loss": 2.0116496086120605, 
        "validation/main/loss": 2.7278659343719482, 
        "iteration": 49, 
        "elapsed_time": 12.367803812026978, 
        "epoch": 49, 
        "main/accuracy": 0.3333333432674408, 
        "validation/main/accuracy": 0.230158731341362
    }, 
    {
        "polynomialshift/lr": 0.09128709291752769, 
        "main/loss": 2.011000394821167, 
        "validation/main/loss": 2.729503870010376, 
        "iteration": 50, 
        "elapsed_time": 12.600603818893433, 
        "epoch": 50, 
        "main/accuracy": 0.3333333432674408, 
        "validation/main/accuracy": 0.2291666716337204
    }, 
    {
        "polynomialshift/lr": 0.091104335791443, 
        "main/loss": 2.0103750228881836, 
        "validation/main/loss": 2.731100559234619, 
        "iteration": 51, 
        "elapsed_time": 12.832234859466553, 
        "epoch": 51, 
        "main/accuracy": 0.3333333432674408, 
        "validation/main/accuracy": 0.2281745970249176
    }, 
    {
        "polynomialshift/lr": 0.09092121131323905, 
        "main/loss": 2.009856700897217, 
        "validation/main/loss": 2.731022357940674, 
        "iteration": 52, 
        "elapsed_time": 13.06473183631897, 
        "epoch": 52, 
        "main/accuracy": 0.3333333432674408, 
        "validation/main/accuracy": 0.2281745970249176
    }, 
    {
        "polynomialshift/lr": 0.09073771725877466, 
        "main/loss": 2.0093398094177246, 
        "validation/main/loss": 2.732795000076294, 
        "iteration": 53, 
        "elapsed_time": 13.294314861297607, 
        "epoch": 53, 
        "main/accuracy": 0.3333333432674408, 
        "validation/main/accuracy": 0.2281745970249176
    }, 
    {
        "polynomialshift/lr": 0.09055385138137417, 
        "main/loss": 2.008840560913086, 
        "validation/main/loss": 2.7329366207122803, 
        "iteration": 54, 
        "elapsed_time": 13.523804903030396, 
        "epoch": 54, 
        "main/accuracy": 0.3333333432674408, 
        "validation/main/accuracy": 0.2281745970249176
    }, 
    {
        "polynomialshift/lr": 0.0903696114115064, 
        "main/loss": 2.0083930492401123, 
        "validation/main/loss": 2.7347218990325928, 
        "iteration": 55, 
        "elapsed_time": 13.76407790184021, 
        "epoch": 55, 
        "main/accuracy": 0.3333333432674408, 
        "validation/main/accuracy": 0.2261904776096344
    }, 
    {
        "polynomialshift/lr": 0.09018499505645788, 
        "main/loss": 2.00793719291687, 
        "validation/main/loss": 2.734951972961426, 
        "iteration": 56, 
        "elapsed_time": 13.997453927993774, 
        "epoch": 56, 
        "main/accuracy": 0.3333333432674408, 
        "validation/main/accuracy": 0.2261904776096344
    }, 
    {
        "polynomialshift/lr": 0.09000000000000001, 
        "main/loss": 2.0075204372406006, 
        "validation/main/loss": 2.736705780029297, 
        "iteration": 57, 
        "elapsed_time": 14.251101970672607, 
        "epoch": 57, 
        "main/accuracy": 0.3333333432674408, 
        "validation/main/accuracy": 0.2251984179019928
    }, 
    {
        "polynomialshift/lr": 0.08981462390204986, 
        "main/loss": 2.0071218013763428, 
        "validation/main/loss": 2.7369096279144287, 
        "iteration": 58, 
        "elapsed_time": 14.544665813446045, 
        "epoch": 58, 
        "main/accuracy": 0.3333333432674408, 
        "validation/main/accuracy": 0.2261904776096344
    }, 
    {
        "polynomialshift/lr": 0.08962886439832501, 
        "main/loss": 2.0067138671875, 
        "validation/main/loss": 2.7386295795440674, 
        "iteration": 59, 
        "elapsed_time": 14.774884939193726, 
        "epoch": 59, 
        "main/accuracy": 0.3333333432674408, 
        "validation/main/accuracy": 0.2232142835855484
    }, 
    {
        "polynomialshift/lr": 0.08944271909999159, 
        "main/loss": 2.006380319595337, 
        "validation/main/loss": 2.738719940185547, 
        "iteration": 60, 
        "elapsed_time": 15.00470781326294, 
        "epoch": 60, 
        "main/accuracy": 0.3333333432674408, 
        "validation/main/accuracy": 0.2232142835855484
    }, 
    {
        "polynomialshift/lr": 0.08925618559330589, 
        "main/loss": 2.0059802532196045, 
        "validation/main/loss": 2.7390570640563965, 
        "iteration": 61, 
        "elapsed_time": 15.248070001602173, 
        "epoch": 61, 
        "main/accuracy": 0.3333333432674408, 
        "validation/main/accuracy": 0.2232142835855484
    }, 
    {
        "polynomialshift/lr": 0.08906926143924926, 
        "main/loss": 2.00570011138916, 
        "validation/main/loss": 2.7407782077789307, 
        "iteration": 62, 
        "elapsed_time": 15.483136892318726, 
        "epoch": 62, 
        "main/accuracy": 0.3333333432674408, 
        "validation/main/accuracy": 0.2222222238779068
    }, 
    {
        "polynomialshift/lr": 0.0888819441731559, 
        "main/loss": 2.0053508281707764, 
        "validation/main/loss": 2.740684747695923, 
        "iteration": 63, 
        "elapsed_time": 15.713536977767944, 
        "epoch": 63, 
        "main/accuracy": 0.3333333432674408, 
        "validation/main/accuracy": 0.2212301641702652
    }, 
    {
        "polynomialshift/lr": 0.0886942313043338, 
        "main/loss": 2.005028247833252, 
        "validation/main/loss": 2.7423653602600098, 
        "iteration": 64, 
        "elapsed_time": 15.944978952407837, 
        "epoch": 64, 
        "main/accuracy": 0.3333333432674408, 
        "validation/main/accuracy": 0.2202380895614624
    }, 
    {
        "polynomialshift/lr": 0.08850612031567837, 
        "main/loss": 2.0047543048858643, 
        "validation/main/loss": 2.7426304817199707, 
        "iteration": 65, 
        "elapsed_time": 16.172616004943848, 
        "epoch": 65, 
        "main/accuracy": 0.3333333432674408, 
        "validation/main/accuracy": 0.2202380895614624
    }, 
    {
        "polynomialshift/lr": 0.08831760866327848, 
        "main/loss": 2.004423141479492, 
        "validation/main/loss": 2.7429776191711426, 
        "iteration": 66, 
        "elapsed_time": 16.432427883148193, 
        "epoch": 66, 
        "main/accuracy": 0.3333333432674408, 
        "validation/main/accuracy": 0.2202380895614624
    }, 
    {
        "polynomialshift/lr": 0.08812869377601523, 
        "main/loss": 2.00419020652771, 
        "validation/main/loss": 2.742372751235962, 
        "iteration": 67, 
        "elapsed_time": 16.66177988052368, 
        "epoch": 67, 
        "main/accuracy": 0.3333333432674408, 
        "validation/main/accuracy": 0.2202380895614624
    }, 
    {
        "polynomialshift/lr": 0.0879393730551528, 
        "main/loss": 2.0040183067321777, 
        "validation/main/loss": 2.743048667907715, 
        "iteration": 68, 
        "elapsed_time": 16.889221906661987, 
        "epoch": 68, 
        "main/accuracy": 0.3333333432674408, 
        "validation/main/accuracy": 0.2202380895614624
    }, 
    {
        "polynomialshift/lr": 0.08774964387392123, 
        "main/loss": 2.003782272338867, 
        "validation/main/loss": 2.744943857192993, 
        "iteration": 69, 
        "elapsed_time": 17.122151851654053, 
        "epoch": 69, 
        "main/accuracy": 0.3333333432674408, 
        "validation/main/accuracy": 0.2192460298538208
    }, 
    {
        "polynomialshift/lr": 0.08755950357709132, 
        "main/loss": 2.003600597381592, 
        "validation/main/loss": 2.742719888687134, 
        "iteration": 70, 
        "elapsed_time": 17.403520822525024, 
        "epoch": 70, 
        "main/accuracy": 0.3333333432674408, 
        "validation/main/accuracy": 0.2212301641702652
    }, 
    {
        "polynomialshift/lr": 0.08736894948054105, 
        "main/loss": 2.003443479537964, 
        "validation/main/loss": 2.7447662353515625, 
        "iteration": 71, 
        "elapsed_time": 17.63319683074951, 
        "epoch": 71, 
        "main/accuracy": 0.3333333432674408, 
        "validation/main/accuracy": 0.2192460298538208
    }, 
    {
        "polynomialshift/lr": 0.08717797887081347, 
        "main/loss": 2.0032119750976562, 
        "validation/main/loss": 2.745462656021118, 
        "iteration": 72, 
        "elapsed_time": 17.861618995666504, 
        "epoch": 72, 
        "main/accuracy": 0.3333333432674408, 
        "validation/main/accuracy": 0.2192460298538208
    }, 
    {
        "polynomialshift/lr": 0.08698658900466592, 
        "main/loss": 2.003058671951294, 
        "validation/main/loss": 2.7441046237945557, 
        "iteration": 73, 
        "elapsed_time": 18.094359874725342, 
        "epoch": 73, 
        "main/accuracy": 0.3333333432674408, 
        "validation/main/accuracy": 0.2202380895614624
    }, 
    {
        "polynomialshift/lr": 0.08679477710861025, 
        "main/loss": 2.002910614013672, 
        "validation/main/loss": 2.746182680130005, 
        "iteration": 74, 
        "elapsed_time": 18.324859857559204, 
        "epoch": 74, 
        "main/accuracy": 0.3333333432674408, 
        "validation/main/accuracy": 0.2192460298538208
    }, 
    {
        "polynomialshift/lr": 0.08660254037844387, 
        "main/loss": 2.00272274017334, 
        "validation/main/loss": 2.744994878768921, 
        "iteration": 75, 
        "elapsed_time": 18.553685903549194, 
        "epoch": 75, 
        "main/accuracy": 0.3333333432674408, 
        "validation/main/accuracy": 0.2202380895614624
    }, 
    {
        "polynomialshift/lr": 0.08640987597877148, 
        "main/loss": 2.002624750137329, 
        "validation/main/loss": 2.745999813079834, 
        "iteration": 76, 
        "elapsed_time": 18.781118869781494, 
        "epoch": 76, 
        "main/accuracy": 0.3333333432674408, 
        "validation/main/accuracy": 0.2192460298538208
    }, 
    {
        "polynomialshift/lr": 0.0862167810425171, 
        "main/loss": 2.002368927001953, 
        "validation/main/loss": 2.7467377185821533, 
        "iteration": 77, 
        "elapsed_time": 19.008538007736206, 
        "epoch": 77, 
        "main/accuracy": 0.3333333432674408, 
        "validation/main/accuracy": 0.2192460298538208
    }, 
    {
        "polynomialshift/lr": 0.08602325267042626, 
        "main/loss": 2.0023128986358643, 
        "validation/main/loss": 2.7467994689941406, 
        "iteration": 78, 
        "elapsed_time": 19.23717188835144, 
        "epoch": 78, 
        "main/accuracy": 0.3333333432674408, 
        "validation/main/accuracy": 0.2192460298538208
    }, 
    {
        "polynomialshift/lr": 0.08582928793055822, 
        "main/loss": 2.002142906188965, 
        "validation/main/loss": 2.7477707862854004, 
        "iteration": 79, 
        "elapsed_time": 19.47040581703186, 
        "epoch": 79, 
        "main/accuracy": 0.3333333432674408, 
        "validation/main/accuracy": 0.2192460298538208
    }, 
    {
        "polynomialshift/lr": 0.08563488385776753, 
        "main/loss": 2.0020551681518555, 
        "validation/main/loss": 2.7468883991241455, 
        "iteration": 80, 
        "elapsed_time": 19.70120096206665, 
        "epoch": 80, 
        "main/accuracy": 0.3333333432674408, 
        "validation/main/accuracy": 0.2202380895614624
    }, 
    {
        "polynomialshift/lr": 0.08544003745317531, 
        "main/loss": 2.0019636154174805, 
        "validation/main/loss": 2.7489404678344727, 
        "iteration": 81, 
        "elapsed_time": 19.931185007095337, 
        "epoch": 81, 
        "main/accuracy": 0.3333333432674408, 
        "validation/main/accuracy": 0.2192460298538208
    }, 
    {
        "polynomialshift/lr": 0.08524474568362948, 
        "main/loss": 2.0018856525421143, 
        "validation/main/loss": 2.7481141090393066, 
        "iteration": 82, 
        "elapsed_time": 20.168356895446777, 
        "epoch": 82, 
        "main/accuracy": 0.3333333432674408, 
        "validation/main/accuracy": 0.2192460298538208
    }, 
    {
        "polynomialshift/lr": 0.08504900548115384, 
        "main/loss": 2.0016801357269287, 
        "validation/main/loss": 2.7491397857666016, 
        "iteration": 83, 
        "elapsed_time": 20.42047095298767, 
        "epoch": 83, 
        "main/accuracy": 0.3333333432674408, 
        "validation/main/accuracy": 0.2192460298538208
    }, 
    {
        "polynomialshift/lr": 0.08485281374238571, 
        "main/loss": 2.0016071796417236, 
        "validation/main/loss": 2.748405933380127, 
        "iteration": 84, 
        "elapsed_time": 20.651277780532837, 
        "epoch": 84, 
        "main/accuracy": 0.3333333432674408, 
        "validation/main/accuracy": 0.2202380895614624
    }, 
    {
        "polynomialshift/lr": 0.08465616732800196, 
        "main/loss": 2.0015506744384766, 
        "validation/main/loss": 2.750358819961548, 
        "iteration": 85, 
        "elapsed_time": 20.888067960739136, 
        "epoch": 85, 
        "main/accuracy": 0.3333333432674408, 
        "validation/main/accuracy": 0.2192460298538208
    }, 
    {
        "polynomialshift/lr": 0.08445906306213286, 
        "main/loss": 2.0015010833740234, 
        "validation/main/loss": 2.7496774196624756, 
        "iteration": 86, 
        "elapsed_time": 21.12124991416931, 
        "epoch": 86, 
        "main/accuracy": 0.3333333432674408, 
        "validation/main/accuracy": 0.2192460298538208
    }, 
    {
        "polynomialshift/lr": 0.08426149773176358, 
        "main/loss": 2.001256227493286, 
        "validation/main/loss": 2.7506909370422363, 
        "iteration": 87, 
        "elapsed_time": 21.348092794418335, 
        "epoch": 87, 
        "main/accuracy": 0.3333333432674408, 
        "validation/main/accuracy": 0.2192460298538208
    }, 
    {
        "polynomialshift/lr": 0.08406346808612328, 
        "main/loss": 2.001286745071411, 
        "validation/main/loss": 2.7496912479400635, 
        "iteration": 88, 
        "elapsed_time": 21.580711841583252, 
        "epoch": 88, 
        "main/accuracy": 0.3333333432674408, 
        "validation/main/accuracy": 0.2192460298538208
    }, 
    {
        "polynomialshift/lr": 0.08386497083606083, 
        "main/loss": 2.0011355876922607, 
        "validation/main/loss": 2.7500252723693848, 
        "iteration": 89, 
        "elapsed_time": 21.88205885887146, 
        "epoch": 89, 
        "main/accuracy": 0.3333333432674408, 
        "validation/main/accuracy": 0.2202380895614624
    }, 
    {
        "polynomialshift/lr": 0.08366600265340757, 
        "main/loss": 2.0011119842529297, 
        "validation/main/loss": 2.7510876655578613, 
        "iteration": 90, 
        "elapsed_time": 22.134286880493164, 
        "epoch": 90, 
        "main/accuracy": 0.3333333432674408, 
        "validation/main/accuracy": 0.2192460298538208
    }, 
    {
        "polynomialshift/lr": 0.08346656017032611, 
        "main/loss": 2.0010147094726562, 
        "validation/main/loss": 2.7505931854248047, 
        "iteration": 91, 
        "elapsed_time": 22.415114879608154, 
        "epoch": 91, 
        "main/accuracy": 0.3333333432674408, 
        "validation/main/accuracy": 0.2202380895614624
    }, 
    {
        "polynomialshift/lr": 0.08326663997864531, 
        "main/loss": 2.000910520553589, 
        "validation/main/loss": 2.7524611949920654, 
        "iteration": 92, 
        "elapsed_time": 22.641941785812378, 
        "epoch": 92, 
        "main/accuracy": 0.3333333432674408, 
        "validation/main/accuracy": 0.2202380895614624
    }, 
    {
        "polynomialshift/lr": 0.08306623862918075, 
        "main/loss": 2.0009765625, 
        "validation/main/loss": 2.75197172164917, 
        "iteration": 93, 
        "elapsed_time": 22.86680293083191, 
        "epoch": 93, 
        "main/accuracy": 0.3333333432674408, 
        "validation/main/accuracy": 0.2202380895614624
    }, 
    {
        "polynomialshift/lr": 0.08286535263104036, 
        "main/loss": 2.0007829666137695, 
        "validation/main/loss": 2.7515621185302734, 
        "iteration": 94, 
        "elapsed_time": 23.092567920684814, 
        "epoch": 94, 
        "main/accuracy": 0.3333333432674408, 
        "validation/main/accuracy": 0.2222222238779068
    }, 
    {
        "polynomialshift/lr": 0.08266397845091497, 
        "main/loss": 2.000753879547119, 
        "validation/main/loss": 2.7518937587738037, 
        "iteration": 95, 
        "elapsed_time": 23.32052183151245, 
        "epoch": 95, 
        "main/accuracy": 0.3333333432674408, 
        "validation/main/accuracy": 0.2212301641702652
    }, 
    {
        "polynomialshift/lr": 0.0824621125123532, 
        "main/loss": 2.000671148300171, 
        "validation/main/loss": 2.7515413761138916, 
        "iteration": 96, 
        "elapsed_time": 23.556219816207886, 
        "epoch": 96, 
        "main/accuracy": 0.3333333432674408, 
        "validation/main/accuracy": 0.2222222238779068
    }, 
    {
        "polynomialshift/lr": 0.08225975119502045, 
        "main/loss": 2.0005874633789062, 
        "validation/main/loss": 2.7533390522003174, 
        "iteration": 97, 
        "elapsed_time": 23.78332281112671, 
        "epoch": 97, 
        "main/accuracy": 0.3333333432674408, 
        "validation/main/accuracy": 0.2192460298538208
    }, 
    {
        "polynomialshift/lr": 0.08205689083394115, 
        "main/loss": 2.0006656646728516, 
        "validation/main/loss": 2.7529799938201904, 
        "iteration": 98, 
        "elapsed_time": 24.011600971221924, 
        "epoch": 98, 
        "main/accuracy": 0.3333333432674408, 
        "validation/main/accuracy": 0.2212301641702652
    }, 
    {
        "polynomialshift/lr": 0.0818535277187245, 
        "main/loss": 2.000502347946167, 
        "validation/main/loss": 2.7526791095733643, 
        "iteration": 99, 
        "elapsed_time": 24.235651969909668, 
        "epoch": 99, 
        "main/accuracy": 0.3333333432674408, 
        "validation/main/accuracy": 0.2222222238779068
    }, 
    {
        "polynomialshift/lr": 0.08164965809277261, 
        "main/loss": 2.0004076957702637, 
        "validation/main/loss": 2.7542483806610107, 
        "iteration": 100, 
        "elapsed_time": 24.460060834884644, 
        "epoch": 100, 
        "main/accuracy": 0.3333333432674408, 
        "validation/main/accuracy": 0.2212301641702652
    }, 
    {
        "polynomialshift/lr": 0.08144527815247078, 
        "main/loss": 2.0004289150238037, 
        "validation/main/loss": 2.7539734840393066, 
        "iteration": 101, 
        "elapsed_time": 24.687283992767334, 
        "epoch": 101, 
        "main/accuracy": 0.3333333432674408, 
        "validation/main/accuracy": 0.2212301641702652
    }, 
    {
        "polynomialshift/lr": 0.08124038404635961, 
        "main/loss": 2.0003085136413574, 
        "validation/main/loss": 2.754424810409546, 
        "iteration": 102, 
        "elapsed_time": 24.913249015808105, 
        "epoch": 102, 
        "main/accuracy": 0.3333333432674408, 
        "validation/main/accuracy": 0.2212301641702652
    }, 
    {
        "polynomialshift/lr": 0.08103497187428813, 
        "main/loss": 2.0002458095550537, 
        "validation/main/loss": 2.7554094791412354, 
        "iteration": 103, 
        "elapsed_time": 25.141182899475098, 
        "epoch": 103, 
        "main/accuracy": 0.3333333432674408, 
        "validation/main/accuracy": 0.2212301641702652
    }, 
    {
        "polynomialshift/lr": 0.08082903768654762, 
        "main/loss": 2.000307083129883, 
        "validation/main/loss": 2.7551703453063965, 
        "iteration": 104, 
        "elapsed_time": 25.367149829864502, 
        "epoch": 104, 
        "main/accuracy": 0.3333333432674408, 
        "validation/main/accuracy": 0.2212301641702652
    }, 
    {
        "polynomialshift/lr": 0.08062257748298551, 
        "main/loss": 2.000176429748535, 
        "validation/main/loss": 2.7548305988311768, 
        "iteration": 105, 
        "elapsed_time": 25.599617958068848, 
        "epoch": 105, 
        "main/accuracy": 0.3333333432674408, 
        "validation/main/accuracy": 0.2222222238779068
    }, 
    {
        "polynomialshift/lr": 0.0804155872120988, 
        "main/loss": 2.0001089572906494, 
        "validation/main/loss": 2.755620241165161, 
        "iteration": 106, 
        "elapsed_time": 25.832587957382202, 
        "epoch": 106, 
        "main/accuracy": 0.3333333432674408, 
        "validation/main/accuracy": 0.2212301641702652
    }, 
    {
        "polynomialshift/lr": 0.08020806277010643, 
        "main/loss": 2.000142812728882, 
        "validation/main/loss": 2.7554383277893066, 
        "iteration": 107, 
        "elapsed_time": 26.089595794677734, 
        "epoch": 107, 
        "main/accuracy": 0.3333333432674408, 
        "validation/main/accuracy": 0.2222222238779068
    }, 
    {
        "polynomialshift/lr": 0.08000000000000002, 
        "main/loss": 2.0000758171081543, 
        "validation/main/loss": 2.7559192180633545, 
        "iteration": 108, 
        "elapsed_time": 26.318468809127808, 
        "epoch": 108, 
        "main/accuracy": 0.3333333432674408, 
        "validation/main/accuracy": 0.2222222238779068
    }, 
    {
        "polynomialshift/lr": 0.07979139469057217, 
        "main/loss": 1.9999947547912598, 
        "validation/main/loss": 2.75578236579895, 
        "iteration": 109, 
        "elapsed_time": 26.55006980895996, 
        "epoch": 109, 
        "main/accuracy": 0.3333333432674408, 
        "validation/main/accuracy": 0.22420634329319
    }, 
    {
        "polynomialshift/lr": 0.07958224257542215, 
        "main/loss": 2.0000109672546387, 
        "validation/main/loss": 2.7567219734191895, 
        "iteration": 110, 
        "elapsed_time": 26.784584999084473, 
        "epoch": 110, 
        "main/accuracy": 0.3333333432674408, 
        "validation/main/accuracy": 0.2232142835855484
    }, 
    {
        "polynomialshift/lr": 0.07937253933193772, 
        "main/loss": 1.999961256980896, 
        "validation/main/loss": 2.756593704223633, 
        "iteration": 111, 
        "elapsed_time": 27.01413583755493, 
        "epoch": 111, 
        "main/accuracy": 0.3333333432674408, 
        "validation/main/accuracy": 0.2232142835855484
    }, 
    {
        "polynomialshift/lr": 0.07916228058025279, 
        "main/loss": 1.9998574256896973, 
        "validation/main/loss": 2.7564949989318848, 
        "iteration": 112, 
        "elapsed_time": 27.315818786621094, 
        "epoch": 112, 
        "main/accuracy": 0.3333333432674408, 
        "validation/main/accuracy": 0.2251984179019928
    }, 
    {
        "polynomialshift/lr": 0.07895146188218008, 
        "main/loss": 1.99990713596344, 
        "validation/main/loss": 2.758021354675293, 
        "iteration": 113, 
        "elapsed_time": 27.58767795562744, 
        "epoch": 113, 
        "main/accuracy": 0.3333333432674408, 
        "validation/main/accuracy": 0.2232142835855484
    }, 
    {
        "polynomialshift/lr": 0.07874007874011812, 
        "main/loss": 1.9999109506607056, 
        "validation/main/loss": 2.7578930854797363, 
        "iteration": 114, 
        "elapsed_time": 27.813730001449585, 
        "epoch": 114, 
        "main/accuracy": 0.3333333432674408, 
        "validation/main/accuracy": 0.2232142835855484
    }, 
    {
        "polynomialshift/lr": 0.07852812659593165, 
        "main/loss": 1.9998109340667725, 
        "validation/main/loss": 2.7577977180480957, 
        "iteration": 115, 
        "elapsed_time": 28.043612003326416, 
        "epoch": 115, 
        "main/accuracy": 0.3333333432674408, 
        "validation/main/accuracy": 0.2232142835855484
    }, 
    {
        "polynomialshift/lr": 0.07831560082980488, 
        "main/loss": 1.999718189239502, 
        "validation/main/loss": 2.7577223777770996, 
        "iteration": 116, 
        "elapsed_time": 28.27260184288025, 
        "epoch": 116, 
        "main/accuracy": 0.3333333432674408, 
        "validation/main/accuracy": 0.2251984179019928
    }, 
    {
        "polynomialshift/lr": 0.07810249675906655, 
        "main/loss": 1.9997490644454956, 
        "validation/main/loss": 2.758603096008301, 
        "iteration": 117, 
        "elapsed_time": 28.49947500228882, 
        "epoch": 117, 
        "main/accuracy": 0.3333333432674408, 
        "validation/main/accuracy": 0.2232142835855484
    }, 
    {
        "polynomialshift/lr": 0.07788880963698616, 
        "main/loss": 1.9997062683105469, 
        "validation/main/loss": 2.758544683456421, 
        "iteration": 118, 
        "elapsed_time": 28.72651982307434, 
        "epoch": 118, 
        "main/accuracy": 0.3333333432674408, 
        "validation/main/accuracy": 0.2232142835855484
    }, 
    {
        "polynomialshift/lr": 0.07767453465154028, 
        "main/loss": 1.9996304512023926, 
        "validation/main/loss": 2.7590293884277344, 
        "iteration": 119, 
        "elapsed_time": 28.970250844955444, 
        "epoch": 119, 
        "main/accuracy": 0.3333333432674408, 
        "validation/main/accuracy": 0.2232142835855484
    }, 
    {
        "polynomialshift/lr": 0.07745966692414835, 
        "main/loss": 1.9996079206466675, 
        "validation/main/loss": 2.7589759826660156, 
        "iteration": 120, 
        "elapsed_time": 29.221054792404175, 
        "epoch": 120, 
        "main/accuracy": 0.3333333432674408, 
        "validation/main/accuracy": 0.2251984179019928
    }, 
    {
        "polynomialshift/lr": 0.07724420150837646, 
        "main/loss": 1.9996310472488403, 
        "validation/main/loss": 2.7598438262939453, 
        "iteration": 121, 
        "elapsed_time": 29.46822690963745, 
        "epoch": 121, 
        "main/accuracy": 0.3333333432674408, 
        "validation/main/accuracy": 0.2232142835855484
    }, 
    {
        "polynomialshift/lr": 0.07702813338860895, 
        "main/loss": 1.999603271484375, 
        "validation/main/loss": 2.7597949504852295, 
        "iteration": 122, 
        "elapsed_time": 29.729327917099, 
        "epoch": 122, 
        "main/accuracy": 0.3333333432674408, 
        "validation/main/accuracy": 0.2232142835855484
    }, 
    {
        "polynomialshift/lr": 0.07681145747868609, 
        "main/loss": 1.9995248317718506, 
        "validation/main/loss": 2.7597551345825195, 
        "iteration": 123, 
        "elapsed_time": 29.964329957962036, 
        "epoch": 123, 
        "main/accuracy": 0.3333333432674408, 
        "validation/main/accuracy": 0.2261904776096344
    }, 
    {
        "polynomialshift/lr": 0.07659416862050705, 
        "main/loss": 1.9994596242904663, 
        "validation/main/loss": 2.7605602741241455, 
        "iteration": 124, 
        "elapsed_time": 30.193490982055664, 
        "epoch": 124, 
        "main/accuracy": 0.3333333432674408, 
        "validation/main/accuracy": 0.22420634329319
    }, 
    {
        "polynomialshift/lr": 0.07637626158259733, 
        "main/loss": 1.9995229244232178, 
        "validation/main/loss": 2.7605247497558594, 
        "iteration": 125, 
        "elapsed_time": 30.421544790267944, 
        "epoch": 125, 
        "main/accuracy": 0.3333333432674408, 
        "validation/main/accuracy": 0.22420634329319
    }, 
    {
        "polynomialshift/lr": 0.0761577310586391, 
        "main/loss": 1.9994503259658813, 
        "validation/main/loss": 2.760998487472534, 
        "iteration": 126, 
        "elapsed_time": 30.65152382850647, 
        "epoch": 126, 
        "main/accuracy": 0.3333333432674408, 
        "validation/main/accuracy": 0.22420634329319
    }, 
    {
        "polynomialshift/lr": 0.07593857166596346, 
        "main/loss": 1.9994428157806396, 
        "validation/main/loss": 2.760983467102051, 
        "iteration": 127, 
        "elapsed_time": 30.881258010864258, 
        "epoch": 127, 
        "main/accuracy": 0.3333333432674408, 
        "validation/main/accuracy": 0.2261904776096344
    }, 
    {
        "polynomialshift/lr": 0.07571877794400365, 
        "main/loss": 1.9993752241134644, 
        "validation/main/loss": 2.7609822750091553, 
        "iteration": 128, 
        "elapsed_time": 31.108361959457397, 
        "epoch": 128, 
        "main/accuracy": 0.3333333432674408, 
        "validation/main/accuracy": 0.2261904776096344
    }, 
    {
        "polynomialshift/lr": 0.07549834435270751, 
        "main/loss": 1.9994062185287476, 
        "validation/main/loss": 2.761780261993408, 
        "iteration": 129, 
        "elapsed_time": 31.33335781097412, 
        "epoch": 129, 
        "main/accuracy": 0.3333333432674408, 
        "validation/main/accuracy": 0.22420634329319
    }, 
    {
        "polynomialshift/lr": 0.07527726527090811, 
        "main/loss": 1.999383568763733, 
        "validation/main/loss": 2.7617666721343994, 
        "iteration": 130, 
        "elapsed_time": 31.56244683265686, 
        "epoch": 130, 
        "main/accuracy": 0.3333333432674408, 
        "validation/main/accuracy": 0.2251984179019928
    }, 
    {
        "polynomialshift/lr": 0.07505553499465135, 
        "main/loss": 1.9993196725845337, 
        "validation/main/loss": 2.7617790699005127, 
        "iteration": 131, 
        "elapsed_time": 31.789620876312256, 
        "epoch": 131, 
        "main/accuracy": 0.3333333432674408, 
        "validation/main/accuracy": 0.2261904776096344
    }, 
    {
        "polynomialshift/lr": 0.07483314773547883, 
        "main/loss": 1.9992595911026, 
        "validation/main/loss": 2.7618119716644287, 
        "iteration": 132, 
        "elapsed_time": 32.017618894577026, 
        "epoch": 132, 
        "main/accuracy": 0.3333333432674408, 
        "validation/main/accuracy": 0.2261904776096344
    }, 
    {
        "polynomialshift/lr": 0.07461009761866465, 
        "main/loss": 1.9993354082107544, 
        "validation/main/loss": 2.7630279064178467, 
        "iteration": 133, 
        "elapsed_time": 32.30147886276245, 
        "epoch": 133, 
        "main/accuracy": 0.3333333432674408, 
        "validation/main/accuracy": 0.22420634329319
    }, 
    {
        "polynomialshift/lr": 0.07438637868140467, 
        "main/loss": 1.999330759048462, 
        "validation/main/loss": 2.7630202770233154, 
        "iteration": 134, 
        "elapsed_time": 32.537869930267334, 
        "epoch": 134, 
        "main/accuracy": 0.3333333432674408, 
        "validation/main/accuracy": 0.22420634329319
    }, 
    {
        "polynomialshift/lr": 0.07416198487095664, 
        "main/loss": 1.9992703199386597, 
        "validation/main/loss": 2.763030767440796, 
        "iteration": 135, 
        "elapsed_time": 32.76854085922241, 
        "epoch": 135, 
        "main/accuracy": 0.3333333432674408, 
        "validation/main/accuracy": 0.2261904776096344
    }, 
    {
        "polynomialshift/lr": 0.07393691004272944, 
        "main/loss": 1.9992133378982544, 
        "validation/main/loss": 2.7630555629730225, 
        "iteration": 136, 
        "elapsed_time": 33.11762285232544, 
        "epoch": 136, 
        "main/accuracy": 0.3333333432674408, 
        "validation/main/accuracy": 0.2261904776096344
    }, 
    {
        "polynomialshift/lr": 0.07371114795831994, 
        "main/loss": 1.999159336090088, 
        "validation/main/loss": 2.7631046772003174, 
        "iteration": 137, 
        "elapsed_time": 33.34304690361023, 
        "epoch": 137, 
        "main/accuracy": 0.3333333432674408, 
        "validation/main/accuracy": 0.2261904776096344
    }, 
    {
        "polynomialshift/lr": 0.07348469228349534, 
        "main/loss": 1.9992082118988037, 
        "validation/main/loss": 2.7638044357299805, 
        "iteration": 138, 
        "elapsed_time": 33.57100200653076, 
        "epoch": 138, 
        "main/accuracy": 0.3333333432674408, 
        "validation/main/accuracy": 0.2251984179019928
    }, 
    {
        "polynomialshift/lr": 0.0732575365861197, 
        "main/loss": 1.9991776943206787, 
        "validation/main/loss": 2.7633023262023926, 
        "iteration": 139, 
        "elapsed_time": 33.79368281364441, 
        "epoch": 139, 
        "main/accuracy": 0.3333333432674408, 
        "validation/main/accuracy": 0.2261904776096344
    }, 
    {
        "polynomialshift/lr": 0.07302967433402215, 
        "main/loss": 1.99912691116333, 
        "validation/main/loss": 2.763356924057007, 
        "iteration": 140, 
        "elapsed_time": 34.01942992210388, 
        "epoch": 140, 
        "main/accuracy": 0.3333333432674408, 
        "validation/main/accuracy": 0.2281745970249176
    }, 
    {
        "polynomialshift/lr": 0.07280109889280519, 
        "main/loss": 1.9990994930267334, 
        "validation/main/loss": 2.763803720474243, 
        "iteration": 141, 
        "elapsed_time": 34.25304388999939, 
        "epoch": 141, 
        "main/accuracy": 0.3333333432674408, 
        "validation/main/accuracy": 0.227182537317276
    }, 
    {
        "polynomialshift/lr": 0.07257180352359081, 
        "main/loss": 1.9990806579589844, 
        "validation/main/loss": 2.763864517211914, 
        "iteration": 142, 
        "elapsed_time": 34.48755478858948, 
        "epoch": 142, 
        "main/accuracy": 0.3333333432674408, 
        "validation/main/accuracy": 0.2291666716337204
    }, 
    {
        "polynomialshift/lr": 0.07234178138070235, 
        "main/loss": 1.999115228652954, 
        "validation/main/loss": 2.7645490169525146, 
        "iteration": 143, 
        "elapsed_time": 34.71511197090149, 
        "epoch": 143, 
        "main/accuracy": 0.3333333432674408, 
        "validation/main/accuracy": 0.2251984179019928
    }, 
    {
        "polynomialshift/lr": 0.0721110255092798, 
        "main/loss": 1.9991014003753662, 
        "validation/main/loss": 2.7645890712738037, 
        "iteration": 144, 
        "elapsed_time": 34.94244980812073, 
        "epoch": 144, 
        "main/accuracy": 0.3333333432674408, 
        "validation/main/accuracy": 0.2261904776096344
    }, 
    {
        "polynomialshift/lr": 0.07187952884282608, 
        "main/loss": 1.999053955078125, 
        "validation/main/loss": 2.7646396160125732, 
        "iteration": 145, 
        "elapsed_time": 35.17087197303772, 
        "epoch": 145, 
        "main/accuracy": 0.3333333432674408, 
        "validation/main/accuracy": 0.227182537317276
    }, 
    {
        "polynomialshift/lr": 0.07164728420068227, 
        "main/loss": 1.9990086555480957, 
        "validation/main/loss": 2.764709949493408, 
        "iteration": 146, 
        "elapsed_time": 35.400083780288696, 
        "epoch": 146, 
        "main/accuracy": 0.3333333432674408, 
        "validation/main/accuracy": 0.2291666716337204
    }, 
    {
        "polynomialshift/lr": 0.0714142842854285, 
        "main/loss": 1.9989782571792603, 
        "validation/main/loss": 2.765357255935669, 
        "iteration": 147, 
        "elapsed_time": 35.62895584106445, 
        "epoch": 147, 
        "main/accuracy": 0.3333333432674408, 
        "validation/main/accuracy": 0.2261904776096344
    }, 
    {
        "polynomialshift/lr": 0.07118052168020875, 
        "main/loss": 1.9990307092666626, 
        "validation/main/loss": 2.765406847000122, 
        "iteration": 148, 
        "elapsed_time": 35.864163875579834, 
        "epoch": 148, 
        "main/accuracy": 0.3333333432674408, 
        "validation/main/accuracy": 0.227182537317276
    }, 
    {
        "polynomialshift/lr": 0.07094598884597589, 
        "main/loss": 1.9989869594573975, 
        "validation/main/loss": 2.7654683589935303, 
        "iteration": 149, 
        "elapsed_time": 36.13801193237305, 
        "epoch": 149, 
        "main/accuracy": 0.3333333432674408, 
        "validation/main/accuracy": 0.2281745970249176
    }, 
    {
        "polynomialshift/lr": 0.07071067811865477, 
        "main/loss": 1.998961329460144, 
        "validation/main/loss": 2.7658936977386475, 
        "iteration": 150, 
        "elapsed_time": 36.36751079559326, 
        "epoch": 150, 
        "main/accuracy": 0.3333333432674408, 
        "validation/main/accuracy": 0.227182537317276
    }, 
    {
        "polynomialshift/lr": 0.07047458170621992, 
        "main/loss": 1.9989509582519531, 
        "validation/main/loss": 2.765963554382324, 
        "iteration": 151, 
        "elapsed_time": 36.59156084060669, 
        "epoch": 151, 
        "main/accuracy": 0.3333333432674408, 
        "validation/main/accuracy": 0.2281745970249176
    }, 
    {
        "polynomialshift/lr": 0.07023769168568493, 
        "main/loss": 1.9989111423492432, 
        "validation/main/loss": 2.766047716140747, 
        "iteration": 152, 
        "elapsed_time": 36.81984496116638, 
        "epoch": 152, 
        "main/accuracy": 0.3333333432674408, 
        "validation/main/accuracy": 0.2291666716337204
    }, 
    {
        "polynomialshift/lr": 0.06999999999999999, 
        "main/loss": 1.9989293813705444, 
        "validation/main/loss": 2.766637086868286, 
        "iteration": 153, 
        "elapsed_time": 37.04995584487915, 
        "epoch": 153, 
        "main/accuracy": 0.3333333432674408, 
        "validation/main/accuracy": 0.2261904776096344
    }, 
    {
        "polynomialshift/lr": 0.0697614984548545, 
        "main/loss": 1.9989356994628906, 
        "validation/main/loss": 2.766704559326172, 
        "iteration": 154, 
        "elapsed_time": 37.36284780502319, 
        "epoch": 154, 
        "main/accuracy": 0.3333333432674408, 
        "validation/main/accuracy": 0.2281745970249176
    }, 
    {
        "polynomialshift/lr": 0.0695221787153807, 
        "main/loss": 1.9988969564437866, 
        "validation/main/loss": 2.766777992248535, 
        "iteration": 155, 
        "elapsed_time": 37.61502480506897, 
        "epoch": 155, 
        "main/accuracy": 0.3333333432674408, 
        "validation/main/accuracy": 0.2281745970249176
    }, 
    {
        "polynomialshift/lr": 0.06928203230275509, 
        "main/loss": 1.9988600015640259, 
        "validation/main/loss": 2.7668678760528564, 
        "iteration": 156, 
        "elapsed_time": 37.84047198295593, 
        "epoch": 156, 
        "main/accuracy": 0.3333333432674408, 
        "validation/main/accuracy": 0.2291666716337204
    }, 
    {
        "polynomialshift/lr": 0.06904105059069326, 
        "main/loss": 1.9988247156143188, 
        "validation/main/loss": 2.7669677734375, 
        "iteration": 157, 
        "elapsed_time": 38.06465983390808, 
        "epoch": 157, 
        "main/accuracy": 0.3333333432674408, 
        "validation/main/accuracy": 0.2291666716337204
    }, 
    {
        "polynomialshift/lr": 0.06879922480183431, 
        "main/loss": 1.998858094215393, 
        "validation/main/loss": 2.7678592205047607, 
        "iteration": 158, 
        "elapsed_time": 38.291642904281616, 
        "epoch": 158, 
        "main/accuracy": 0.3333333432674408, 
        "validation/main/accuracy": 0.2251984179019928
    }, 
    {
        "polynomialshift/lr": 0.06855654600401044, 
        "main/loss": 1.9988943338394165, 
        "validation/main/loss": 2.767918348312378, 
        "iteration": 159, 
        "elapsed_time": 38.52596592903137, 
        "epoch": 159, 
        "main/accuracy": 0.3333333432674408, 
        "validation/main/accuracy": 0.227182537317276
    }, 
    {
        "polynomialshift/lr": 0.06831300510639732, 
        "main/loss": 1.9988577365875244, 
        "validation/main/loss": 2.7679858207702637, 
        "iteration": 160, 
        "elapsed_time": 38.76738786697388, 
        "epoch": 160, 
        "main/accuracy": 0.3333333432674408, 
        "validation/main/accuracy": 0.2281745970249176
    }, 
    {
        "polynomialshift/lr": 0.06806859285554046, 
        "main/loss": 1.998822569847107, 
        "validation/main/loss": 2.7680647373199463, 
        "iteration": 161, 
        "elapsed_time": 38.99058389663696, 
        "epoch": 161, 
        "main/accuracy": 0.3333333432674408, 
        "validation/main/accuracy": 0.2281745970249176
    }, 
    {
        "polynomialshift/lr": 0.06782329983125268, 
        "main/loss": 1.9987893104553223, 
        "validation/main/loss": 2.768158197402954, 
        "iteration": 162, 
        "elapsed_time": 39.211910009384155, 
        "epoch": 162, 
        "main/accuracy": 0.3333333432674408, 
        "validation/main/accuracy": 0.2291666716337204
    }, 
    {
        "polynomialshift/lr": 0.06757711644237764, 
        "main/loss": 1.998757243156433, 
        "validation/main/loss": 2.768258810043335, 
        "iteration": 163, 
        "elapsed_time": 39.43834400177002, 
        "epoch": 163, 
        "main/accuracy": 0.3333333432674408, 
        "validation/main/accuracy": 0.230158731341362
    }, 
    {
        "polynomialshift/lr": 0.06733003292241385, 
        "main/loss": 1.9987632036209106, 
        "validation/main/loss": 2.768763303756714, 
        "iteration": 164, 
        "elapsed_time": 39.66729378700256, 
        "epoch": 164, 
        "main/accuracy": 0.3333333432674408, 
        "validation/main/accuracy": 0.2281745970249176
    }, 
    {
        "polynomialshift/lr": 0.0670820393249937, 
        "main/loss": 1.9987847805023193, 
        "validation/main/loss": 2.7688486576080322, 
        "iteration": 165, 
        "elapsed_time": 39.896185874938965, 
        "epoch": 165, 
        "main/accuracy": 0.3333333432674408, 
        "validation/main/accuracy": 0.2281745970249176
    }, 
    {
        "polynomialshift/lr": 0.0668331255192114, 
        "main/loss": 1.9987530708312988, 
        "validation/main/loss": 2.7689385414123535, 
        "iteration": 166, 
        "elapsed_time": 40.12510299682617, 
        "epoch": 166, 
        "main/accuracy": 0.3333333432674408, 
        "validation/main/accuracy": 0.2291666716337204
    }, 
    {
        "polynomialshift/lr": 0.06658328118479394, 
        "main/loss": 1.9987229108810425, 
        "validation/main/loss": 2.769040822982788, 
        "iteration": 167, 
        "elapsed_time": 40.357499837875366, 
        "epoch": 167, 
        "main/accuracy": 0.3333333432674408, 
        "validation/main/accuracy": 0.230158731341362
    }, 
    {
        "polynomialshift/lr": 0.066332495807108, 
        "main/loss": 1.9986940622329712, 
        "validation/main/loss": 2.7691502571105957, 
        "iteration": 168, 
        "elapsed_time": 40.58791399002075, 
        "epoch": 168, 
        "main/accuracy": 0.3333333432674408, 
        "validation/main/accuracy": 0.230158731341362
    }, 
    {
        "polynomialshift/lr": 0.0660807586719967, 
        "main/loss": 1.9987013339996338, 
        "validation/main/loss": 2.769503116607666, 
        "iteration": 169, 
        "elapsed_time": 40.818593978881836, 
        "epoch": 169, 
        "main/accuracy": 0.3333333432674408, 
        "validation/main/accuracy": 0.2291666716337204
    }
]