[
    {
        "polynomialshift/lr": 0.09983319421247959, 
        "main/loss": 2.8467040061950684, 
        "validation/main/loss": 2.522702217102051, 
        "iteration": 1, 
        "elapsed_time": 1.1177959442138672, 
        "epoch": 1, 
        "main/accuracy": 0.3333333432674408, 
        "validation/main/accuracy": 0.4295634925365448
    }, 
    {
        "polynomialshift/lr": 0.09966610925150703, 
        "main/loss": 1.2855579853057861, 
        "validation/main/loss": 2.496987819671631, 
        "iteration": 2, 
        "elapsed_time": 1.3256211280822754, 
        "epoch": 2, 
        "main/accuracy": 0.6666666865348816, 
        "validation/main/accuracy": 0.4523809552192688
    }, 
    {
        "polynomialshift/lr": 0.099498743710662, 
        "main/loss": 1.0925654172897339, 
        "validation/main/loss": 2.5174195766448975, 
        "iteration": 3, 
        "elapsed_time": 1.5456340312957764, 
        "epoch": 3, 
        "main/accuracy": 0.6666666865348816, 
        "validation/main/accuracy": 0.4523809552192688
    }, 
    {
        "polynomialshift/lr": 0.09933109617167561, 
        "main/loss": 1.059362530708313, 
        "validation/main/loss": 2.5446951389312744, 
        "iteration": 4, 
        "elapsed_time": 1.7522170543670654, 
        "epoch": 4, 
        "main/accuracy": 0.6666666865348816, 
        "validation/main/accuracy": 0.4533730149269104
    }, 
    {
        "polynomialshift/lr": 0.09916316520429011, 
        "main/loss": 1.042465090751648, 
        "validation/main/loss": 2.5677132606506348, 
        "iteration": 5, 
        "elapsed_time": 1.9432199001312256, 
        "epoch": 5, 
        "main/accuracy": 0.6666666865348816, 
        "validation/main/accuracy": 0.4523809552192688
    }, 
    {
        "polynomialshift/lr": 0.09899494936611666, 
        "main/loss": 1.0336318016052246, 
        "validation/main/loss": 2.589860677719116, 
        "iteration": 6, 
        "elapsed_time": 2.1317200660705566, 
        "epoch": 6, 
        "main/accuracy": 0.6666666865348816, 
        "validation/main/accuracy": 0.4523809552192688
    }, 
    {
        "polynomialshift/lr": 0.09882644720249062, 
        "main/loss": 1.0276758670806885, 
        "validation/main/loss": 2.6103668212890625, 
        "iteration": 7, 
        "elapsed_time": 2.327547073364258, 
        "epoch": 7, 
        "main/accuracy": 0.6666666865348816, 
        "validation/main/accuracy": 0.4523809552192688
    }, 
    {
        "polynomialshift/lr": 0.09865765724632496, 
        "main/loss": 1.0234664678573608, 
        "validation/main/loss": 2.6293880939483643, 
        "iteration": 8, 
        "elapsed_time": 2.5197389125823975, 
        "epoch": 8, 
        "main/accuracy": 0.6666666865348816, 
        "validation/main/accuracy": 0.4523809552192688
    }, 
    {
        "polynomialshift/lr": 0.09848857801796106, 
        "main/loss": 1.0203354358673096, 
        "validation/main/loss": 2.6471307277679443, 
        "iteration": 9, 
        "elapsed_time": 2.7554409503936768, 
        "epoch": 9, 
        "main/accuracy": 0.6666666865348816, 
        "validation/main/accuracy": 0.4523809552192688
    }, 
    {
        "polynomialshift/lr": 0.09831920802501751, 
        "main/loss": 1.0179117918014526, 
        "validation/main/loss": 2.6637184619903564, 
        "iteration": 10, 
        "elapsed_time": 3.0581490993499756, 
        "epoch": 10, 
        "main/accuracy": 0.6666666865348816, 
        "validation/main/accuracy": 0.454365074634552
    }, 
    {
        "polynomialshift/lr": 0.09814954576223639, 
        "main/loss": 1.0159772634506226, 
        "validation/main/loss": 2.6792891025543213, 
        "iteration": 11, 
        "elapsed_time": 3.322253942489624, 
        "epoch": 11, 
        "main/accuracy": 0.6666666865348816, 
        "validation/main/accuracy": 0.454365074634552
    }, 
    {
        "polynomialshift/lr": 0.09797958971132713, 
        "main/loss": 1.0143978595733643, 
        "validation/main/loss": 2.693929433822632, 
        "iteration": 12, 
        "elapsed_time": 3.523693084716797, 
        "epoch": 12, 
        "main/accuracy": 0.6666666865348816, 
        "validation/main/accuracy": 0.4553571343421936
    }, 
    {
        "polynomialshift/lr": 0.09780933834080807, 
        "main/loss": 1.0130836963653564, 
        "validation/main/loss": 2.707782506942749, 
        "iteration": 13, 
        "elapsed_time": 3.7753899097442627, 
        "epoch": 13, 
        "main/accuracy": 0.6666666865348816, 
        "validation/main/accuracy": 0.4553571343421936
    }, 
    {
        "polynomialshift/lr": 0.0976387901058454, 
        "main/loss": 1.0119727849960327, 
        "validation/main/loss": 2.7209177017211914, 
        "iteration": 14, 
        "elapsed_time": 4.015059947967529, 
        "epoch": 14, 
        "main/accuracy": 0.6666666865348816, 
        "validation/main/accuracy": 0.4553571343421936
    }, 
    {
        "polynomialshift/lr": 0.09746794344808964, 
        "main/loss": 1.0110206604003906, 
        "validation/main/loss": 2.7334067821502686, 
        "iteration": 15, 
        "elapsed_time": 4.255048990249634, 
        "epoch": 15, 
        "main/accuracy": 0.6666666865348816, 
        "validation/main/accuracy": 0.4553571343421936
    }, 
    {
        "polynomialshift/lr": 0.09729679679550951, 
        "main/loss": 1.0101960897445679, 
        "validation/main/loss": 2.7453114986419678, 
        "iteration": 16, 
        "elapsed_time": 4.445894002914429, 
        "epoch": 16, 
        "main/accuracy": 0.6666666865348816, 
        "validation/main/accuracy": 0.4563491940498352
    }, 
    {
        "polynomialshift/lr": 0.0971253485622231, 
        "main/loss": 1.0094746351242065, 
        "validation/main/loss": 2.756685972213745, 
        "iteration": 17, 
        "elapsed_time": 4.635545969009399, 
        "epoch": 17, 
        "main/accuracy": 0.6666666865348816, 
        "validation/main/accuracy": 0.4563491940498352
    }, 
    {
        "polynomialshift/lr": 0.09695359714832658, 
        "main/loss": 1.008838415145874, 
        "validation/main/loss": 2.767573833465576, 
        "iteration": 18, 
        "elapsed_time": 4.878967046737671, 
        "epoch": 18, 
        "main/accuracy": 0.6666666865348816, 
        "validation/main/accuracy": 0.4563491940498352
    }, 
    {
        "polynomialshift/lr": 0.09678154093971984, 
        "main/loss": 1.0082728862762451, 
        "validation/main/loss": 2.778017997741699, 
        "iteration": 19, 
        "elapsed_time": 5.05851411819458, 
        "epoch": 19, 
        "main/accuracy": 0.6666666865348816, 
        "validation/main/accuracy": 0.4563491940498352
    }, 
    {
        "polynomialshift/lr": 0.09660917830792959, 
        "main/loss": 1.007767915725708, 
        "validation/main/loss": 2.7872533798217773, 
        "iteration": 20, 
        "elapsed_time": 5.234898090362549, 
        "epoch": 20, 
        "main/accuracy": 0.6666666865348816, 
        "validation/main/accuracy": 0.4563491940498352
    }, 
    {
        "polynomialshift/lr": 0.09643650760992956, 
        "main/loss": 1.0073537826538086, 
        "validation/main/loss": 2.7969555854797363, 
        "iteration": 21, 
        "elapsed_time": 5.4265899658203125, 
        "epoch": 21, 
        "main/accuracy": 0.6666666865348816, 
        "validation/main/accuracy": 0.4563491940498352
    }, 
    {
        "polynomialshift/lr": 0.09626352718795768, 
        "main/loss": 1.0069383382797241, 
        "validation/main/loss": 2.806302785873413, 
        "iteration": 22, 
        "elapsed_time": 5.6114959716796875, 
        "epoch": 22, 
        "main/accuracy": 0.6666666865348816, 
        "validation/main/accuracy": 0.4563491940498352
    }, 
    {
        "polynomialshift/lr": 0.0960902353693305, 
        "main/loss": 1.0065608024597168, 
        "validation/main/loss": 2.8153223991394043, 
        "iteration": 23, 
        "elapsed_time": 5.832253932952881, 
        "epoch": 23, 
        "main/accuracy": 0.6666666865348816, 
        "validation/main/accuracy": 0.4563491940498352
    }, 
    {
        "polynomialshift/lr": 0.0959166304662544, 
        "main/loss": 1.0062164068222046, 
        "validation/main/loss": 2.824035882949829, 
        "iteration": 24, 
        "elapsed_time": 6.035197019577026, 
        "epoch": 24, 
        "main/accuracy": 0.6666666865348816, 
        "validation/main/accuracy": 0.4563491940498352
    }, 
    {
        "polynomialshift/lr": 0.09574271077563382, 
        "main/loss": 1.0059006214141846, 
        "validation/main/loss": 2.8324642181396484, 
        "iteration": 25, 
        "elapsed_time": 6.337656021118164, 
        "epoch": 25, 
        "main/accuracy": 0.6666666865348816, 
        "validation/main/accuracy": 0.4563491940498352
    }, 
    {
        "polynomialshift/lr": 0.09556847457887635, 
        "main/loss": 1.0056103467941284, 
        "validation/main/loss": 2.8406243324279785, 
        "iteration": 26, 
        "elapsed_time": 6.55614709854126, 
        "epoch": 26, 
        "main/accuracy": 0.6666666865348816, 
        "validation/main/accuracy": 0.4563491940498352
    }, 
    {
        "polynomialshift/lr": 0.09539392014169457, 
        "main/loss": 1.0053424835205078, 
        "validation/main/loss": 2.8485350608825684, 
        "iteration": 27, 
        "elapsed_time": 6.779551982879639, 
        "epoch": 27, 
        "main/accuracy": 0.6666666865348816, 
        "validation/main/accuracy": 0.4563491940498352
    }, 
    {
        "polynomialshift/lr": 0.09521904571390466, 
        "main/loss": 1.0050945281982422, 
        "validation/main/loss": 2.856210231781006, 
        "iteration": 28, 
        "elapsed_time": 7.142216920852661, 
        "epoch": 28, 
        "main/accuracy": 0.6666666865348816, 
        "validation/main/accuracy": 0.4563491940498352
    }, 
    {
        "polynomialshift/lr": 0.09504384952922168, 
        "main/loss": 1.0048645734786987, 
        "validation/main/loss": 2.863662004470825, 
        "iteration": 29, 
        "elapsed_time": 7.374265909194946, 
        "epoch": 29, 
        "main/accuracy": 0.6666666865348816, 
        "validation/main/accuracy": 0.4563491940498352
    }, 
    {
        "polynomialshift/lr": 0.09486832980505139, 
        "main/loss": 1.0046508312225342, 
        "validation/main/loss": 2.8709075450897217, 
        "iteration": 30, 
        "elapsed_time": 7.591304063796997, 
        "epoch": 30, 
        "main/accuracy": 0.6666666865348816, 
        "validation/main/accuracy": 0.4563491940498352
    }, 
    {
        "polynomialshift/lr": 0.09469248474227861, 
        "main/loss": 1.0044512748718262, 
        "validation/main/loss": 2.877955198287964, 
        "iteration": 31, 
        "elapsed_time": 7.840356111526489, 
        "epoch": 31, 
        "main/accuracy": 0.6666666865348816, 
        "validation/main/accuracy": 0.4563491940498352
    }, 
    {
        "polynomialshift/lr": 0.09451631252505217, 
        "main/loss": 1.0042647123336792, 
        "validation/main/loss": 2.8848156929016113, 
        "iteration": 32, 
        "elapsed_time": 8.108423948287964, 
        "epoch": 32, 
        "main/accuracy": 0.6666666865348816, 
        "validation/main/accuracy": 0.4563491940498352
    }, 
    {
        "polynomialshift/lr": 0.09433981132056604, 
        "main/loss": 1.0040898323059082, 
        "validation/main/loss": 2.8914988040924072, 
        "iteration": 33, 
        "elapsed_time": 8.33375597000122, 
        "epoch": 33, 
        "main/accuracy": 0.6666666865348816, 
        "validation/main/accuracy": 0.4563491940498352
    }, 
    {
        "polynomialshift/lr": 0.0941629792788369, 
        "main/loss": 1.0039258003234863, 
        "validation/main/loss": 2.89801287651062, 
        "iteration": 34, 
        "elapsed_time": 8.5399010181427, 
        "epoch": 34, 
        "main/accuracy": 0.6666666865348816, 
        "validation/main/accuracy": 0.4563491940498352
    }, 
    {
        "polynomialshift/lr": 0.0939858145324779, 
        "main/loss": 1.003774642944336, 
        "validation/main/loss": 2.9032788276672363, 
        "iteration": 35, 
        "elapsed_time": 8.743741035461426, 
        "epoch": 35, 
        "main/accuracy": 0.6666666865348816, 
        "validation/main/accuracy": 0.4563491940498352
    }, 
    {
        "polynomialshift/lr": 0.0938083151964686, 
        "main/loss": 1.003656268119812, 
        "validation/main/loss": 2.9095263481140137, 
        "iteration": 36, 
        "elapsed_time": 8.935822010040283, 
        "epoch": 36, 
        "main/accuracy": 0.6666666865348816, 
        "validation/main/accuracy": 0.4563491940498352
    }, 
    {
        "polynomialshift/lr": 0.09363047936792093, 
        "main/loss": 1.0035173892974854, 
        "validation/main/loss": 2.9156248569488525, 
        "iteration": 37, 
        "elapsed_time": 9.128289937973022, 
        "epoch": 37, 
        "main/accuracy": 0.6666666865348816, 
        "validation/main/accuracy": 0.4563491940498352
    }, 
    {
        "polynomialshift/lr": 0.09345230512584124, 
        "main/loss": 1.0033859014511108, 
        "validation/main/loss": 2.921583652496338, 
        "iteration": 38, 
        "elapsed_time": 9.32079792022705, 
        "epoch": 38, 
        "main/accuracy": 0.6666666865348816, 
        "validation/main/accuracy": 0.4563491940498352
    }, 
    {
        "polynomialshift/lr": 0.09327379053088815, 
        "main/loss": 1.0032618045806885, 
        "validation/main/loss": 2.927401304244995, 
        "iteration": 39, 
        "elapsed_time": 9.518465042114258, 
        "epoch": 39, 
        "main/accuracy": 0.6666666865348816, 
        "validation/main/accuracy": 0.4563491940498352
    }, 
    {
        "polynomialshift/lr": 0.09309493362512627, 
        "main/loss": 1.0031440258026123, 
        "validation/main/loss": 2.933090925216675, 
        "iteration": 40, 
        "elapsed_time": 9.707901000976562, 
        "epoch": 40, 
        "main/accuracy": 0.6666666865348816, 
        "validation/main/accuracy": 0.4563491940498352
    }, 
    {
        "polynomialshift/lr": 0.0929157324317757, 
        "main/loss": 1.0030320882797241, 
        "validation/main/loss": 2.93865704536438, 
        "iteration": 41, 
        "elapsed_time": 9.933872938156128, 
        "epoch": 41, 
        "main/accuracy": 0.6666666865348816, 
        "validation/main/accuracy": 0.4563491940498352
    }, 
    {
        "polynomialshift/lr": 0.09273618495495704, 
        "main/loss": 1.0029258728027344, 
        "validation/main/loss": 2.944105863571167, 
        "iteration": 42, 
        "elapsed_time": 10.13918399810791, 
        "epoch": 42, 
        "main/accuracy": 0.6666666865348816, 
        "validation/main/accuracy": 0.4563491940498352
    }, 
    {
        "polynomialshift/lr": 0.09255628917943215, 
        "main/loss": 1.0028246641159058, 
        "validation/main/loss": 2.9494426250457764, 
        "iteration": 43, 
        "elapsed_time": 10.379031896591187, 
        "epoch": 43, 
        "main/accuracy": 0.6666666865348816, 
        "validation/main/accuracy": 0.4563491940498352
    }, 
    {
        "polynomialshift/lr": 0.09237604307034013, 
        "main/loss": 1.0027282238006592, 
        "validation/main/loss": 2.9546704292297363, 
        "iteration": 44, 
        "elapsed_time": 10.577167987823486, 
        "epoch": 44, 
        "main/accuracy": 0.6666666865348816, 
        "validation/main/accuracy": 0.4563491940498352
    }, 
    {
        "polynomialshift/lr": 0.09219544457292889, 
        "main/loss": 1.002636194229126, 
        "validation/main/loss": 2.95979380607605, 
        "iteration": 45, 
        "elapsed_time": 10.764624118804932, 
        "epoch": 45, 
        "main/accuracy": 0.6666666865348816, 
        "validation/main/accuracy": 0.4563491940498352
    }, 
    {
        "polynomialshift/lr": 0.09201449161228176, 
        "main/loss": 1.0025482177734375, 
        "validation/main/loss": 2.9648172855377197, 
        "iteration": 46, 
        "elapsed_time": 10.968384027481079, 
        "epoch": 46, 
        "main/accuracy": 0.6666666865348816, 
        "validation/main/accuracy": 0.4563491940498352
    }, 
    {
        "polynomialshift/lr": 0.09183318209303941, 
        "main/loss": 1.0024640560150146, 
        "validation/main/loss": 2.9697444438934326, 
        "iteration": 47, 
        "elapsed_time": 11.15516710281372, 
        "epoch": 47, 
        "main/accuracy": 0.6666666865348816, 
        "validation/main/accuracy": 0.4563491940498352
    }, 
    {
        "polynomialshift/lr": 0.0916515138991168, 
        "main/loss": 1.0023832321166992, 
        "validation/main/loss": 2.974576711654663, 
        "iteration": 48, 
        "elapsed_time": 11.356559038162231, 
        "epoch": 48, 
        "main/accuracy": 0.6666666865348816, 
        "validation/main/accuracy": 0.4563491940498352
    }, 
    {
        "polynomialshift/lr": 0.09146948489341496, 
        "main/loss": 1.0023066997528076, 
        "validation/main/loss": 2.979321002960205, 
        "iteration": 49, 
        "elapsed_time": 11.552819013595581, 
        "epoch": 49, 
        "main/accuracy": 0.6666666865348816, 
        "validation/main/accuracy": 0.4563491940498352
    }, 
    {
        "polynomialshift/lr": 0.09128709291752769, 
        "main/loss": 1.002232551574707, 
        "validation/main/loss": 2.983977794647217, 
        "iteration": 50, 
        "elapsed_time": 11.751423120498657, 
        "epoch": 50, 
        "main/accuracy": 0.6666666865348816, 
        "validation/main/accuracy": 0.4563491940498352
    }, 
    {
        "polynomialshift/lr": 0.091104335791443, 
        "main/loss": 1.0021617412567139, 
        "validation/main/loss": 2.9885497093200684, 
        "iteration": 51, 
        "elapsed_time": 11.940333127975464, 
        "epoch": 51, 
        "main/accuracy": 0.6666666865348816, 
        "validation/main/accuracy": 0.4563491940498352
    }, 
    {
        "polynomialshift/lr": 0.09092121131323905, 
        "main/loss": 1.0020936727523804, 
        "validation/main/loss": 2.993042469024658, 
        "iteration": 52, 
        "elapsed_time": 12.138333082199097, 
        "epoch": 52, 
        "main/accuracy": 0.6666666865348816, 
        "validation/main/accuracy": 0.4563491940498352
    }, 
    {
        "polynomialshift/lr": 0.09073771725877466, 
        "main/loss": 1.002028226852417, 
        "validation/main/loss": 2.9974567890167236, 
        "iteration": 53, 
        "elapsed_time": 12.333170890808105, 
        "epoch": 53, 
        "main/accuracy": 0.6666666865348816, 
        "validation/main/accuracy": 0.4563491940498352
    }, 
    {
        "polynomialshift/lr": 0.09055385138137417, 
        "main/loss": 1.0019652843475342, 
        "validation/main/loss": 3.001795530319214, 
        "iteration": 54, 
        "elapsed_time": 12.546513080596924, 
        "epoch": 54, 
        "main/accuracy": 0.6666666865348816, 
        "validation/main/accuracy": 0.4563491940498352
    }, 
    {
        "polynomialshift/lr": 0.0903696114115064, 
        "main/loss": 1.0019044876098633, 
        "validation/main/loss": 3.006061315536499, 
        "iteration": 55, 
        "elapsed_time": 12.745177030563354, 
        "epoch": 55, 
        "main/accuracy": 0.6666666865348816, 
        "validation/main/accuracy": 0.4563491940498352
    }, 
    {
        "polynomialshift/lr": 0.09018499505645788, 
        "main/loss": 1.0018460750579834, 
        "validation/main/loss": 3.010256767272949, 
        "iteration": 56, 
        "elapsed_time": 12.996419906616211, 
        "epoch": 56, 
        "main/accuracy": 0.6666666865348816, 
        "validation/main/accuracy": 0.4563491940498352
    }, 
    {
        "polynomialshift/lr": 0.09000000000000001, 
        "main/loss": 1.0017898082733154, 
        "validation/main/loss": 3.014382839202881, 
        "iteration": 57, 
        "elapsed_time": 13.205564975738525, 
        "epoch": 57, 
        "main/accuracy": 0.6666666865348816, 
        "validation/main/accuracy": 0.4563491940498352
    }
]