[
    {
        "polynomialshift/lr": 0.09983319421247959, 
        "main/loss": 2.925182342529297, 
        "validation/main/loss": 2.7101857662200928, 
        "iteration": 1, 
        "elapsed_time": 0.9151978492736816, 
        "epoch": 1, 
        "main/accuracy": 0.4000000059604645, 
        "validation/main/accuracy": 0.2589285671710968
    }, 
    {
        "polynomialshift/lr": 0.09966610925150703, 
        "main/loss": 1.7662079334259033, 
        "validation/main/loss": 2.578019380569458, 
        "iteration": 2, 
        "elapsed_time": 1.1140029430389404, 
        "epoch": 2, 
        "main/accuracy": 0.6000000238418579, 
        "validation/main/accuracy": 0.3174603283405304
    }, 
    {
        "polynomialshift/lr": 0.099498743710662, 
        "main/loss": 1.3955631256103516, 
        "validation/main/loss": 2.4466052055358887, 
        "iteration": 3, 
        "elapsed_time": 1.310492992401123, 
        "epoch": 3, 
        "main/accuracy": 0.6000000238418579, 
        "validation/main/accuracy": 0.3849206268787384
    }, 
    {
        "polynomialshift/lr": 0.09933109617167561, 
        "main/loss": 0.951805591583252, 
        "validation/main/loss": 2.4385313987731934, 
        "iteration": 4, 
        "elapsed_time": 1.4902088642120361, 
        "epoch": 4, 
        "main/accuracy": 0.800000011920929, 
        "validation/main/accuracy": 0.408730149269104
    }, 
    {
        "polynomialshift/lr": 0.09916316520429011, 
        "main/loss": 0.7695775032043457, 
        "validation/main/loss": 2.4586007595062256, 
        "iteration": 5, 
        "elapsed_time": 1.710054874420166, 
        "epoch": 5, 
        "main/accuracy": 0.800000011920929, 
        "validation/main/accuracy": 0.4136904776096344
    }, 
    {
        "polynomialshift/lr": 0.09899494936611666, 
        "main/loss": 0.7077464461326599, 
        "validation/main/loss": 2.4801247119903564, 
        "iteration": 6, 
        "elapsed_time": 1.9085190296173096, 
        "epoch": 6, 
        "main/accuracy": 0.800000011920929, 
        "validation/main/accuracy": 0.4136904776096344
    }, 
    {
        "polynomialshift/lr": 0.09882644720249062, 
        "main/loss": 0.6769932508468628, 
        "validation/main/loss": 2.500162363052368, 
        "iteration": 7, 
        "elapsed_time": 2.1081478595733643, 
        "epoch": 7, 
        "main/accuracy": 0.800000011920929, 
        "validation/main/accuracy": 0.4136904776096344
    }, 
    {
        "polynomialshift/lr": 0.09865765724632496, 
        "main/loss": 0.6592206358909607, 
        "validation/main/loss": 2.5178825855255127, 
        "iteration": 8, 
        "elapsed_time": 2.29886794090271, 
        "epoch": 8, 
        "main/accuracy": 0.800000011920929, 
        "validation/main/accuracy": 0.4136904776096344
    }, 
    {
        "polynomialshift/lr": 0.09848857801796106, 
        "main/loss": 0.6472011208534241, 
        "validation/main/loss": 2.5330400466918945, 
        "iteration": 9, 
        "elapsed_time": 2.5009119510650635, 
        "epoch": 9, 
        "main/accuracy": 0.800000011920929, 
        "validation/main/accuracy": 0.4136904776096344
    }, 
    {
        "polynomialshift/lr": 0.09831920802501751, 
        "main/loss": 0.6385529637336731, 
        "validation/main/loss": 2.5475425720214844, 
        "iteration": 10, 
        "elapsed_time": 2.6992759704589844, 
        "epoch": 10, 
        "main/accuracy": 0.800000011920929, 
        "validation/main/accuracy": 0.4136904776096344
    }, 
    {
        "polynomialshift/lr": 0.09814954576223639, 
        "main/loss": 0.6336848735809326, 
        "validation/main/loss": 2.559213161468506, 
        "iteration": 11, 
        "elapsed_time": 2.8983209133148193, 
        "epoch": 11, 
        "main/accuracy": 0.800000011920929, 
        "validation/main/accuracy": 0.4156745970249176
    }, 
    {
        "polynomialshift/lr": 0.09797958971132713, 
        "main/loss": 0.6296762824058533, 
        "validation/main/loss": 2.5708956718444824, 
        "iteration": 12, 
        "elapsed_time": 3.086287021636963, 
        "epoch": 12, 
        "main/accuracy": 0.800000011920929, 
        "validation/main/accuracy": 0.4166666567325592
    }, 
    {
        "polynomialshift/lr": 0.09780933834080807, 
        "main/loss": 0.6264745593070984, 
        "validation/main/loss": 2.5820188522338867, 
        "iteration": 13, 
        "elapsed_time": 3.2745258808135986, 
        "epoch": 13, 
        "main/accuracy": 0.800000011920929, 
        "validation/main/accuracy": 0.4166666567325592
    }, 
    {
        "polynomialshift/lr": 0.0976387901058454, 
        "main/loss": 0.6240009069442749, 
        "validation/main/loss": 2.593674898147583, 
        "iteration": 14, 
        "elapsed_time": 3.4904730319976807, 
        "epoch": 14, 
        "main/accuracy": 0.800000011920929, 
        "validation/main/accuracy": 0.4166666567325592
    }, 
    {
        "polynomialshift/lr": 0.09746794344808964, 
        "main/loss": 0.6221655011177063, 
        "validation/main/loss": 2.602006196975708, 
        "iteration": 15, 
        "elapsed_time": 3.74862003326416, 
        "epoch": 15, 
        "main/accuracy": 0.800000011920929, 
        "validation/main/accuracy": 0.4166666567325592
    }, 
    {
        "polynomialshift/lr": 0.09729679679550951, 
        "main/loss": 0.6204267740249634, 
        "validation/main/loss": 2.6115143299102783, 
        "iteration": 16, 
        "elapsed_time": 3.974414825439453, 
        "epoch": 16, 
        "main/accuracy": 0.800000011920929, 
        "validation/main/accuracy": 0.4166666567325592
    }, 
    {
        "polynomialshift/lr": 0.0971253485622231, 
        "main/loss": 0.6188470125198364, 
        "validation/main/loss": 2.620612621307373, 
        "iteration": 17, 
        "elapsed_time": 4.163648843765259, 
        "epoch": 17, 
        "main/accuracy": 0.800000011920929, 
        "validation/main/accuracy": 0.4156745970249176
    }, 
    {
        "polynomialshift/lr": 0.09695359714832658, 
        "main/loss": 0.6174904704093933, 
        "validation/main/loss": 2.629349708557129, 
        "iteration": 18, 
        "elapsed_time": 4.376565933227539, 
        "epoch": 18, 
        "main/accuracy": 0.800000011920929, 
        "validation/main/accuracy": 0.4156745970249176
    }, 
    {
        "polynomialshift/lr": 0.09678154093971984, 
        "main/loss": 0.6163128018379211, 
        "validation/main/loss": 2.6377553939819336, 
        "iteration": 19, 
        "elapsed_time": 4.565706968307495, 
        "epoch": 19, 
        "main/accuracy": 0.800000011920929, 
        "validation/main/accuracy": 0.414682537317276
    }, 
    {
        "polynomialshift/lr": 0.09660917830792959, 
        "main/loss": 0.6154354214668274, 
        "validation/main/loss": 2.6466221809387207, 
        "iteration": 20, 
        "elapsed_time": 4.773813009262085, 
        "epoch": 20, 
        "main/accuracy": 0.800000011920929, 
        "validation/main/accuracy": 0.4186508059501648
    }, 
    {
        "polynomialshift/lr": 0.09643650760992956, 
        "main/loss": 0.6145572662353516, 
        "validation/main/loss": 2.654412031173706, 
        "iteration": 21, 
        "elapsed_time": 4.983933925628662, 
        "epoch": 21, 
        "main/accuracy": 0.800000011920929, 
        "validation/main/accuracy": 0.4186508059501648
    }, 
    {
        "polynomialshift/lr": 0.09626352718795768, 
        "main/loss": 0.613723874092102, 
        "validation/main/loss": 2.661918878555298, 
        "iteration": 22, 
        "elapsed_time": 5.220705986022949, 
        "epoch": 22, 
        "main/accuracy": 0.800000011920929, 
        "validation/main/accuracy": 0.4186508059501648
    }, 
    {
        "polynomialshift/lr": 0.0960902353693305, 
        "main/loss": 0.6129814386367798, 
        "validation/main/loss": 2.6688473224639893, 
        "iteration": 23, 
        "elapsed_time": 5.407634019851685, 
        "epoch": 23, 
        "main/accuracy": 0.800000011920929, 
        "validation/main/accuracy": 0.4176587164402008
    }, 
    {
        "polynomialshift/lr": 0.0959166304662544, 
        "main/loss": 0.6123160719871521, 
        "validation/main/loss": 2.6758737564086914, 
        "iteration": 24, 
        "elapsed_time": 5.598475933074951, 
        "epoch": 24, 
        "main/accuracy": 0.800000011920929, 
        "validation/main/accuracy": 0.4176587164402008
    }, 
    {
        "polynomialshift/lr": 0.09574271077563382, 
        "main/loss": 0.6117067337036133, 
        "validation/main/loss": 2.68267822265625, 
        "iteration": 25, 
        "elapsed_time": 5.870264053344727, 
        "epoch": 25, 
        "main/accuracy": 0.800000011920929, 
        "validation/main/accuracy": 0.4166666567325592
    }, 
    {
        "polynomialshift/lr": 0.09556847457887635, 
        "main/loss": 0.611153244972229, 
        "validation/main/loss": 2.6892809867858887, 
        "iteration": 26, 
        "elapsed_time": 6.098224878311157, 
        "epoch": 26, 
        "main/accuracy": 0.800000011920929, 
        "validation/main/accuracy": 0.4166666567325592
    }, 
    {
        "polynomialshift/lr": 0.09539392014169457, 
        "main/loss": 0.6106474995613098, 
        "validation/main/loss": 2.6956818103790283, 
        "iteration": 27, 
        "elapsed_time": 6.307124853134155, 
        "epoch": 27, 
        "main/accuracy": 0.800000011920929, 
        "validation/main/accuracy": 0.4166666567325592
    }, 
    {
        "polynomialshift/lr": 0.09521904571390466, 
        "main/loss": 0.6101833581924438, 
        "validation/main/loss": 2.701897621154785, 
        "iteration": 28, 
        "elapsed_time": 6.502877950668335, 
        "epoch": 28, 
        "main/accuracy": 0.800000011920929, 
        "validation/main/accuracy": 0.4166666567325592
    }, 
    {
        "polynomialshift/lr": 0.09504384952922168, 
        "main/loss": 0.6097561120986938, 
        "validation/main/loss": 2.7079389095306396, 
        "iteration": 29, 
        "elapsed_time": 6.7105560302734375, 
        "epoch": 29, 
        "main/accuracy": 0.800000011920929, 
        "validation/main/accuracy": 0.4166666567325592
    }, 
    {
        "polynomialshift/lr": 0.09486832980505139, 
        "main/loss": 0.6093613505363464, 
        "validation/main/loss": 2.7138254642486572, 
        "iteration": 30, 
        "elapsed_time": 6.9071879386901855, 
        "epoch": 30, 
        "main/accuracy": 0.800000011920929, 
        "validation/main/accuracy": 0.4166666567325592
    }, 
    {
        "polynomialshift/lr": 0.09469248474227861, 
        "main/loss": 0.6090930104255676, 
        "validation/main/loss": 2.72003436088562, 
        "iteration": 31, 
        "elapsed_time": 7.113594055175781, 
        "epoch": 31, 
        "main/accuracy": 0.800000011920929, 
        "validation/main/accuracy": 0.4186508059501648
    }, 
    {
        "polynomialshift/lr": 0.09451631252505217, 
        "main/loss": 0.6087711453437805, 
        "validation/main/loss": 2.7256019115448, 
        "iteration": 32, 
        "elapsed_time": 7.322579860687256, 
        "epoch": 32, 
        "main/accuracy": 0.800000011920929, 
        "validation/main/accuracy": 0.4176587164402008
    }, 
    {
        "polynomialshift/lr": 0.09433981132056604, 
        "main/loss": 0.6084616184234619, 
        "validation/main/loss": 2.727611541748047, 
        "iteration": 33, 
        "elapsed_time": 7.522449016571045, 
        "epoch": 33, 
        "main/accuracy": 0.800000011920929, 
        "validation/main/accuracy": 0.4166666567325592
    }, 
    {
        "polynomialshift/lr": 0.0941629792788369, 
        "main/loss": 0.6081844568252563, 
        "validation/main/loss": 2.7328643798828125, 
        "iteration": 34, 
        "elapsed_time": 7.7106850147247314, 
        "epoch": 34, 
        "main/accuracy": 0.800000011920929, 
        "validation/main/accuracy": 0.4166666567325592
    }, 
    {
        "polynomialshift/lr": 0.0939858145324779, 
        "main/loss": 0.6078983545303345, 
        "validation/main/loss": 2.73799204826355, 
        "iteration": 35, 
        "elapsed_time": 7.903538942337036, 
        "epoch": 35, 
        "main/accuracy": 0.800000011920929, 
        "validation/main/accuracy": 0.4166666567325592
    }, 
    {
        "polynomialshift/lr": 0.0938083151964686, 
        "main/loss": 0.6076302528381348, 
        "validation/main/loss": 2.7429986000061035, 
        "iteration": 36, 
        "elapsed_time": 8.110700845718384, 
        "epoch": 36, 
        "main/accuracy": 0.800000011920929, 
        "validation/main/accuracy": 0.4166666567325592
    }, 
    {
        "polynomialshift/lr": 0.09363047936792093, 
        "main/loss": 0.6073784232139587, 
        "validation/main/loss": 2.747891426086426, 
        "iteration": 37, 
        "elapsed_time": 8.316473960876465, 
        "epoch": 37, 
        "main/accuracy": 0.800000011920929, 
        "validation/main/accuracy": 0.4166666567325592
    }, 
    {
        "polynomialshift/lr": 0.09345230512584124, 
        "main/loss": 0.6071414351463318, 
        "validation/main/loss": 2.7526752948760986, 
        "iteration": 38, 
        "elapsed_time": 8.519477844238281, 
        "epoch": 38, 
        "main/accuracy": 0.800000011920929, 
        "validation/main/accuracy": 0.4166666567325592
    }, 
    {
        "polynomialshift/lr": 0.09327379053088815, 
        "main/loss": 0.6069181561470032, 
        "validation/main/loss": 2.7573587894439697, 
        "iteration": 39, 
        "elapsed_time": 8.710938930511475, 
        "epoch": 39, 
        "main/accuracy": 0.800000011920929, 
        "validation/main/accuracy": 0.4166666567325592
    }, 
    {
        "polynomialshift/lr": 0.09309493362512627, 
        "main/loss": 0.6067070960998535, 
        "validation/main/loss": 2.7619452476501465, 
        "iteration": 40, 
        "elapsed_time": 8.896775960922241, 
        "epoch": 40, 
        "main/accuracy": 0.800000011920929, 
        "validation/main/accuracy": 0.4166666567325592
    }, 
    {
        "polynomialshift/lr": 0.0929157324317757, 
        "main/loss": 0.6065061688423157, 
        "validation/main/loss": 2.7664337158203125, 
        "iteration": 41, 
        "elapsed_time": 9.084386825561523, 
        "epoch": 41, 
        "main/accuracy": 0.800000011920929, 
        "validation/main/accuracy": 0.4166666567325592
    }, 
    {
        "polynomialshift/lr": 0.09273618495495704, 
        "main/loss": 0.6063166856765747, 
        "validation/main/loss": 2.77018141746521, 
        "iteration": 42, 
        "elapsed_time": 9.280894994735718, 
        "epoch": 42, 
        "main/accuracy": 0.800000011920929, 
        "validation/main/accuracy": 0.4166666567325592
    }, 
    {
        "polynomialshift/lr": 0.09255628917943215, 
        "main/loss": 0.6061531901359558, 
        "validation/main/loss": 2.77449893951416, 
        "iteration": 43, 
        "elapsed_time": 9.473613977432251, 
        "epoch": 43, 
        "main/accuracy": 0.800000011920929, 
        "validation/main/accuracy": 0.4166666567325592
    }, 
    {
        "polynomialshift/lr": 0.09237604307034013, 
        "main/loss": 0.6059824228286743, 
        "validation/main/loss": 2.7787303924560547, 
        "iteration": 44, 
        "elapsed_time": 9.662052869796753, 
        "epoch": 44, 
        "main/accuracy": 0.800000011920929, 
        "validation/main/accuracy": 0.4166666567325592
    }, 
    {
        "polynomialshift/lr": 0.09219544457292889, 
        "main/loss": 0.6058200001716614, 
        "validation/main/loss": 2.78287935256958, 
        "iteration": 45, 
        "elapsed_time": 9.869304895401001, 
        "epoch": 45, 
        "main/accuracy": 0.800000011920929, 
        "validation/main/accuracy": 0.4156745970249176
    }, 
    {
        "polynomialshift/lr": 0.09201449161228176, 
        "main/loss": 0.605665385723114, 
        "validation/main/loss": 2.7869412899017334, 
        "iteration": 46, 
        "elapsed_time": 10.074663877487183, 
        "epoch": 46, 
        "main/accuracy": 0.800000011920929, 
        "validation/main/accuracy": 0.4156745970249176
    }, 
    {
        "polynomialshift/lr": 0.09183318209303941, 
        "main/loss": 0.6055847406387329, 
        "validation/main/loss": 2.791182518005371, 
        "iteration": 47, 
        "elapsed_time": 10.34811782836914, 
        "epoch": 47, 
        "main/accuracy": 0.800000011920929, 
        "validation/main/accuracy": 0.4166666567325592
    }, 
    {
        "polynomialshift/lr": 0.0916515138991168, 
        "main/loss": 0.6054553389549255, 
        "validation/main/loss": 2.7950923442840576, 
        "iteration": 48, 
        "elapsed_time": 10.614730834960938, 
        "epoch": 48, 
        "main/accuracy": 0.800000011920929, 
        "validation/main/accuracy": 0.4166666567325592
    }, 
    {
        "polynomialshift/lr": 0.09146948489341496, 
        "main/loss": 0.6053175926208496, 
        "validation/main/loss": 2.7989301681518555, 
        "iteration": 49, 
        "elapsed_time": 10.886762857437134, 
        "epoch": 49, 
        "main/accuracy": 0.800000011920929, 
        "validation/main/accuracy": 0.4166666567325592
    }, 
    {
        "polynomialshift/lr": 0.09128709291752769, 
        "main/loss": 0.6051861047744751, 
        "validation/main/loss": 2.802700996398926, 
        "iteration": 50, 
        "elapsed_time": 11.092740058898926, 
        "epoch": 50, 
        "main/accuracy": 0.800000011920929, 
        "validation/main/accuracy": 0.4166666567325592
    }, 
    {
        "polynomialshift/lr": 0.091104335791443, 
        "main/loss": 0.6050605177879333, 
        "validation/main/loss": 2.8064074516296387, 
        "iteration": 51, 
        "elapsed_time": 11.316171884536743, 
        "epoch": 51, 
        "main/accuracy": 0.800000011920929, 
        "validation/main/accuracy": 0.4166666567325592
    }, 
    {
        "polynomialshift/lr": 0.09092121131323905, 
        "main/loss": 0.604939877986908, 
        "validation/main/loss": 2.810046434402466, 
        "iteration": 52, 
        "elapsed_time": 11.534994840621948, 
        "epoch": 52, 
        "main/accuracy": 0.800000011920929, 
        "validation/main/accuracy": 0.4176587164402008
    }, 
    {
        "polynomialshift/lr": 0.09073771725877466, 
        "main/loss": 0.6048243641853333, 
        "validation/main/loss": 2.8136305809020996, 
        "iteration": 53, 
        "elapsed_time": 11.723160982131958, 
        "epoch": 53, 
        "main/accuracy": 0.800000011920929, 
        "validation/main/accuracy": 0.4176587164402008
    }, 
    {
        "polynomialshift/lr": 0.09055385138137417, 
        "main/loss": 0.6047126054763794, 
        "validation/main/loss": 2.8171536922454834, 
        "iteration": 54, 
        "elapsed_time": 11.911813020706177, 
        "epoch": 54, 
        "main/accuracy": 0.800000011920929, 
        "validation/main/accuracy": 0.4176587164402008
    }, 
    {
        "polynomialshift/lr": 0.0903696114115064, 
        "main/loss": 0.6046053767204285, 
        "validation/main/loss": 2.820617914199829, 
        "iteration": 55, 
        "elapsed_time": 12.121994018554688, 
        "epoch": 55, 
        "main/accuracy": 0.800000011920929, 
        "validation/main/accuracy": 0.4176587164402008
    }, 
    {
        "polynomialshift/lr": 0.09018499505645788, 
        "main/loss": 0.6045024991035461, 
        "validation/main/loss": 2.8240249156951904, 
        "iteration": 56, 
        "elapsed_time": 12.330595016479492, 
        "epoch": 56, 
        "main/accuracy": 0.800000011920929, 
        "validation/main/accuracy": 0.4176587164402008
    }, 
    {
        "polynomialshift/lr": 0.09000000000000001, 
        "main/loss": 0.6044036149978638, 
        "validation/main/loss": 2.8273799419403076, 
        "iteration": 57, 
        "elapsed_time": 12.541723012924194, 
        "epoch": 57, 
        "main/accuracy": 0.800000011920929, 
        "validation/main/accuracy": 0.4176587164402008
    }, 
    {
        "polynomialshift/lr": 0.08981462390204986, 
        "main/loss": 0.6043086051940918, 
        "validation/main/loss": 2.8306782245635986, 
        "iteration": 58, 
        "elapsed_time": 12.736394882202148, 
        "epoch": 58, 
        "main/accuracy": 0.800000011920929, 
        "validation/main/accuracy": 0.4176587164402008
    }, 
    {
        "polynomialshift/lr": 0.08962886439832501, 
        "main/loss": 0.6042166948318481, 
        "validation/main/loss": 2.8339242935180664, 
        "iteration": 59, 
        "elapsed_time": 12.924710988998413, 
        "epoch": 59, 
        "main/accuracy": 0.800000011920929, 
        "validation/main/accuracy": 0.4176587164402008
    }, 
    {
        "polynomialshift/lr": 0.08944271909999159, 
        "main/loss": 0.6041285395622253, 
        "validation/main/loss": 2.83712100982666, 
        "iteration": 60, 
        "elapsed_time": 13.116227865219116, 
        "epoch": 60, 
        "main/accuracy": 0.800000011920929, 
        "validation/main/accuracy": 0.4176587164402008
    }, 
    {
        "polynomialshift/lr": 0.08925618559330589, 
        "main/loss": 0.6040434837341309, 
        "validation/main/loss": 2.840268850326538, 
        "iteration": 61, 
        "elapsed_time": 13.317998886108398, 
        "epoch": 61, 
        "main/accuracy": 0.800000011920929, 
        "validation/main/accuracy": 0.4176587164402008
    }, 
    {
        "polynomialshift/lr": 0.08906926143924926, 
        "main/loss": 0.6039614677429199, 
        "validation/main/loss": 2.8433685302734375, 
        "iteration": 62, 
        "elapsed_time": 13.537147998809814, 
        "epoch": 62, 
        "main/accuracy": 0.800000011920929, 
        "validation/main/accuracy": 0.4176587164402008
    }, 
    {
        "polynomialshift/lr": 0.0888819441731559, 
        "main/loss": 0.6038819551467896, 
        "validation/main/loss": 2.846424102783203, 
        "iteration": 63, 
        "elapsed_time": 13.758471012115479, 
        "epoch": 63, 
        "main/accuracy": 0.800000011920929, 
        "validation/main/accuracy": 0.4176587164402008
    }, 
    {
        "polynomialshift/lr": 0.0886942313043338, 
        "main/loss": 0.6038054823875427, 
        "validation/main/loss": 2.849432945251465, 
        "iteration": 64, 
        "elapsed_time": 14.04792594909668, 
        "epoch": 64, 
        "main/accuracy": 0.800000011920929, 
        "validation/main/accuracy": 0.4176587164402008
    }, 
    {
        "polynomialshift/lr": 0.08850612031567837, 
        "main/loss": 0.6037314534187317, 
        "validation/main/loss": 2.8523976802825928, 
        "iteration": 65, 
        "elapsed_time": 14.260833978652954, 
        "epoch": 65, 
        "main/accuracy": 0.800000011920929, 
        "validation/main/accuracy": 0.4176587164402008
    }, 
    {
        "polynomialshift/lr": 0.08831760866327848, 
        "main/loss": 0.6036600470542908, 
        "validation/main/loss": 2.8553199768066406, 
        "iteration": 66, 
        "elapsed_time": 14.63900089263916, 
        "epoch": 66, 
        "main/accuracy": 0.800000011920929, 
        "validation/main/accuracy": 0.4166666567325592
    }, 
    {
        "polynomialshift/lr": 0.08812869377601523, 
        "main/loss": 0.6035906076431274, 
        "validation/main/loss": 2.8582000732421875, 
        "iteration": 67, 
        "elapsed_time": 14.843430042266846, 
        "epoch": 67, 
        "main/accuracy": 0.800000011920929, 
        "validation/main/accuracy": 0.4166666567325592
    }, 
    {
        "polynomialshift/lr": 0.0879393730551528, 
        "main/loss": 0.6035240292549133, 
        "validation/main/loss": 2.861041307449341, 
        "iteration": 68, 
        "elapsed_time": 15.063614845275879, 
        "epoch": 68, 
        "main/accuracy": 0.800000011920929, 
        "validation/main/accuracy": 0.4166666567325592
    }, 
    {
        "polynomialshift/lr": 0.08774964387392123, 
        "main/loss": 0.6034590005874634, 
        "validation/main/loss": 2.863844394683838, 
        "iteration": 69, 
        "elapsed_time": 15.263651847839355, 
        "epoch": 69, 
        "main/accuracy": 0.800000011920929, 
        "validation/main/accuracy": 0.4166666567325592
    }, 
    {
        "polynomialshift/lr": 0.08755950357709132, 
        "main/loss": 0.6033960580825806, 
        "validation/main/loss": 2.8666083812713623, 
        "iteration": 70, 
        "elapsed_time": 15.474122047424316, 
        "epoch": 70, 
        "main/accuracy": 0.800000011920929, 
        "validation/main/accuracy": 0.4166666567325592
    }, 
    {
        "polynomialshift/lr": 0.08736894948054105, 
        "main/loss": 0.6033352017402649, 
        "validation/main/loss": 2.8693339824676514, 
        "iteration": 71, 
        "elapsed_time": 15.750970840454102, 
        "epoch": 71, 
        "main/accuracy": 0.800000011920929, 
        "validation/main/accuracy": 0.4166666567325592
    }, 
    {
        "polynomialshift/lr": 0.08717797887081347, 
        "main/loss": 0.6033040881156921, 
        "validation/main/loss": 2.8720803260803223, 
        "iteration": 72, 
        "elapsed_time": 15.967668056488037, 
        "epoch": 72, 
        "main/accuracy": 0.800000011920929, 
        "validation/main/accuracy": 0.4166666567325592
    }, 
    {
        "polynomialshift/lr": 0.08698658900466592, 
        "main/loss": 0.6032673120498657, 
        "validation/main/loss": 2.874736785888672, 
        "iteration": 73, 
        "elapsed_time": 16.19443988800049, 
        "epoch": 73, 
        "main/accuracy": 0.800000011920929, 
        "validation/main/accuracy": 0.4166666567325592
    }, 
    {
        "polynomialshift/lr": 0.08679477710861025, 
        "main/loss": 0.6032100915908813, 
        "validation/main/loss": 2.8773598670959473, 
        "iteration": 74, 
        "elapsed_time": 16.38874888420105, 
        "epoch": 74, 
        "main/accuracy": 0.800000011920929, 
        "validation/main/accuracy": 0.4166666567325592
    }, 
    {
        "polynomialshift/lr": 0.08660254037844387, 
        "main/loss": 0.6031545996665955, 
        "validation/main/loss": 2.879948616027832, 
        "iteration": 75, 
        "elapsed_time": 16.58572793006897, 
        "epoch": 75, 
        "main/accuracy": 0.800000011920929, 
        "validation/main/accuracy": 0.4166666567325592
    }, 
    {
        "polynomialshift/lr": 0.08640987597877148, 
        "main/loss": 0.6031011939048767, 
        "validation/main/loss": 2.882507085800171, 
        "iteration": 76, 
        "elapsed_time": 16.790933847427368, 
        "epoch": 76, 
        "main/accuracy": 0.800000011920929, 
        "validation/main/accuracy": 0.4166666567325592
    }, 
    {
        "polynomialshift/lr": 0.0862167810425171, 
        "main/loss": 0.6030489206314087, 
        "validation/main/loss": 2.885030508041382, 
        "iteration": 77, 
        "elapsed_time": 16.98612689971924, 
        "epoch": 77, 
        "main/accuracy": 0.800000011920929, 
        "validation/main/accuracy": 0.4166666567325592
    }, 
    {
        "polynomialshift/lr": 0.08602325267042626, 
        "main/loss": 0.6029981970787048, 
        "validation/main/loss": 2.887523889541626, 
        "iteration": 78, 
        "elapsed_time": 17.179636001586914, 
        "epoch": 78, 
        "main/accuracy": 0.800000011920929, 
        "validation/main/accuracy": 0.4166666567325592
    }, 
    {
        "polynomialshift/lr": 0.08582928793055822, 
        "main/loss": 0.602948784828186, 
        "validation/main/loss": 2.8899857997894287, 
        "iteration": 79, 
        "elapsed_time": 17.416072845458984, 
        "epoch": 79, 
        "main/accuracy": 0.800000011920929, 
        "validation/main/accuracy": 0.4166666567325592
    }, 
    {
        "polynomialshift/lr": 0.08563488385776753, 
        "main/loss": 0.6029009222984314, 
        "validation/main/loss": 2.8924167156219482, 
        "iteration": 80, 
        "elapsed_time": 17.60412096977234, 
        "epoch": 80, 
        "main/accuracy": 0.800000011920929, 
        "validation/main/accuracy": 0.4166666567325592
    }, 
    {
        "polynomialshift/lr": 0.08544003745317531, 
        "main/loss": 0.6028541922569275, 
        "validation/main/loss": 2.8948190212249756, 
        "iteration": 81, 
        "elapsed_time": 17.821619033813477, 
        "epoch": 81, 
        "main/accuracy": 0.800000011920929, 
        "validation/main/accuracy": 0.4166666567325592
    }, 
    {
        "polynomialshift/lr": 0.08524474568362948, 
        "main/loss": 0.6028087735176086, 
        "validation/main/loss": 2.8971917629241943, 
        "iteration": 82, 
        "elapsed_time": 18.036237955093384, 
        "epoch": 82, 
        "main/accuracy": 0.800000011920929, 
        "validation/main/accuracy": 0.4166666567325592
    }, 
    {
        "polynomialshift/lr": 0.08504900548115384, 
        "main/loss": 0.602772057056427, 
        "validation/main/loss": 2.899207592010498, 
        "iteration": 83, 
        "elapsed_time": 18.22906494140625, 
        "epoch": 83, 
        "main/accuracy": 0.800000011920929, 
        "validation/main/accuracy": 0.4166666567325592
    }, 
    {
        "polynomialshift/lr": 0.08485281374238571, 
        "main/loss": 0.6027305722236633, 
        "validation/main/loss": 2.901533365249634, 
        "iteration": 84, 
        "elapsed_time": 18.448057889938354, 
        "epoch": 84, 
        "main/accuracy": 0.800000011920929, 
        "validation/main/accuracy": 0.4166666567325592
    }, 
    {
        "polynomialshift/lr": 0.08465616732800196, 
        "main/loss": 0.6026880145072937, 
        "validation/main/loss": 2.9038310050964355, 
        "iteration": 85, 
        "elapsed_time": 18.653592824935913, 
        "epoch": 85, 
        "main/accuracy": 0.800000011920929, 
        "validation/main/accuracy": 0.4166666567325592
    }, 
    {
        "polynomialshift/lr": 0.08445906306213286, 
        "main/loss": 0.6026468276977539, 
        "validation/main/loss": 2.9061012268066406, 
        "iteration": 86, 
        "elapsed_time": 18.867456912994385, 
        "epoch": 86, 
        "main/accuracy": 0.800000011920929, 
        "validation/main/accuracy": 0.4166666567325592
    }, 
    {
        "polynomialshift/lr": 0.08426149773176358, 
        "main/loss": 0.6026067733764648, 
        "validation/main/loss": 2.9083452224731445, 
        "iteration": 87, 
        "elapsed_time": 19.092628955841064, 
        "epoch": 87, 
        "main/accuracy": 0.800000011920929, 
        "validation/main/accuracy": 0.4166666567325592
    }, 
    {
        "polynomialshift/lr": 0.08406346808612328, 
        "main/loss": 0.6025676727294922, 
        "validation/main/loss": 2.910562753677368, 
        "iteration": 88, 
        "elapsed_time": 19.290655851364136, 
        "epoch": 88, 
        "main/accuracy": 0.800000011920929, 
        "validation/main/accuracy": 0.4166666567325592
    }, 
    {
        "polynomialshift/lr": 0.08386497083606083, 
        "main/loss": 0.6025293469429016, 
        "validation/main/loss": 2.9127557277679443, 
        "iteration": 89, 
        "elapsed_time": 19.499852895736694, 
        "epoch": 89, 
        "main/accuracy": 0.800000011920929, 
        "validation/main/accuracy": 0.4166666567325592
    }, 
    {
        "polynomialshift/lr": 0.08366600265340757, 
        "main/loss": 0.6024921536445618, 
        "validation/main/loss": 2.914923667907715, 
        "iteration": 90, 
        "elapsed_time": 19.693068981170654, 
        "epoch": 90, 
        "main/accuracy": 0.800000011920929, 
        "validation/main/accuracy": 0.4166666567325592
    }, 
    {
        "polynomialshift/lr": 0.08346656017032611, 
        "main/loss": 0.602455735206604, 
        "validation/main/loss": 2.917067050933838, 
        "iteration": 91, 
        "elapsed_time": 19.919301986694336, 
        "epoch": 91, 
        "main/accuracy": 0.800000011920929, 
        "validation/main/accuracy": 0.4166666567325592
    }, 
    {
        "polynomialshift/lr": 0.08326663997864531, 
        "main/loss": 0.6024202704429626, 
        "validation/main/loss": 2.9191861152648926, 
        "iteration": 92, 
        "elapsed_time": 20.14225196838379, 
        "epoch": 92, 
        "main/accuracy": 0.800000011920929, 
        "validation/main/accuracy": 0.4166666567325592
    }, 
    {
        "polynomialshift/lr": 0.08306623862918075, 
        "main/loss": 0.6023853421211243, 
        "validation/main/loss": 2.921283006668091, 
        "iteration": 93, 
        "elapsed_time": 20.356506824493408, 
        "epoch": 93, 
        "main/accuracy": 0.800000011920929, 
        "validation/main/accuracy": 0.4166666567325592
    }, 
    {
        "polynomialshift/lr": 0.08286535263104036, 
        "main/loss": 0.6023517847061157, 
        "validation/main/loss": 2.923356294631958, 
        "iteration": 94, 
        "elapsed_time": 20.56648898124695, 
        "epoch": 94, 
        "main/accuracy": 0.800000011920929, 
        "validation/main/accuracy": 0.4156745970249176
    }
]