[
    {
        "polynomialshift/lr": 0.09983319421247959, 
        "main/loss": 3.4397151470184326, 
        "validation/main/loss": 1.964605450630188, 
        "iteration": 1, 
        "elapsed_time": 1.5173969268798828, 
        "epoch": 1, 
        "main/accuracy": 0.0, 
        "validation/main/accuracy": 0.3740079402923584
    }, 
    {
        "polynomialshift/lr": 0.09966610925150703, 
        "main/loss": 1.84369695186615, 
        "validation/main/loss": 1.8624612092971802, 
        "iteration": 2, 
        "elapsed_time": 1.7337589263916016, 
        "epoch": 2, 
        "main/accuracy": 0.2857142984867096, 
        "validation/main/accuracy": 0.4632936418056488
    }, 
    {
        "polynomialshift/lr": 0.099498743710662, 
        "main/loss": 1.2206957340240479, 
        "validation/main/loss": 1.831160068511963, 
        "iteration": 3, 
        "elapsed_time": 1.9517409801483154, 
        "epoch": 3, 
        "main/accuracy": 0.5, 
        "validation/main/accuracy": 0.3313491940498352
    }, 
    {
        "polynomialshift/lr": 0.09933109617167561, 
        "main/loss": 1.0590620040893555, 
        "validation/main/loss": 2.0478169918060303, 
        "iteration": 4, 
        "elapsed_time": 2.166114091873169, 
        "epoch": 4, 
        "main/accuracy": 0.6000000238418579, 
        "validation/main/accuracy": 0.4652777910232544
    }, 
    {
        "polynomialshift/lr": 0.09916316520429011, 
        "main/loss": 0.9213652014732361, 
        "validation/main/loss": 1.8305221796035767, 
        "iteration": 5, 
        "elapsed_time": 2.380495071411133, 
        "epoch": 5, 
        "main/accuracy": 0.6000000238418579, 
        "validation/main/accuracy": 0.3849206268787384
    }, 
    {
        "polynomialshift/lr": 0.09899494936611666, 
        "main/loss": 0.7313512563705444, 
        "validation/main/loss": 1.9791698455810547, 
        "iteration": 6, 
        "elapsed_time": 2.5952699184417725, 
        "epoch": 6, 
        "main/accuracy": 0.8999999761581421, 
        "validation/main/accuracy": 0.4742063581943512
    }, 
    {
        "polynomialshift/lr": 0.09882644720249062, 
        "main/loss": 0.5935176014900208, 
        "validation/main/loss": 1.9153486490249634, 
        "iteration": 7, 
        "elapsed_time": 2.809809923171997, 
        "epoch": 7, 
        "main/accuracy": 0.8999999761581421, 
        "validation/main/accuracy": 0.4136904776096344
    }, 
    {
        "polynomialshift/lr": 0.09865765724632496, 
        "main/loss": 0.5279667377471924, 
        "validation/main/loss": 1.9876500368118286, 
        "iteration": 8, 
        "elapsed_time": 3.0328900814056396, 
        "epoch": 8, 
        "main/accuracy": 0.8999999761581421, 
        "validation/main/accuracy": 0.431547611951828
    }, 
    {
        "polynomialshift/lr": 0.09848857801796106, 
        "main/loss": 0.49463602900505066, 
        "validation/main/loss": 2.021829128265381, 
        "iteration": 9, 
        "elapsed_time": 3.247498035430908, 
        "epoch": 9, 
        "main/accuracy": 0.8999999761581421, 
        "validation/main/accuracy": 0.4236111044883728
    }, 
    {
        "polynomialshift/lr": 0.09831920802501751, 
        "main/loss": 0.47018471360206604, 
        "validation/main/loss": 2.0614519119262695, 
        "iteration": 10, 
        "elapsed_time": 3.4627671241760254, 
        "epoch": 10, 
        "main/accuracy": 0.8999999761581421, 
        "validation/main/accuracy": 0.420634925365448
    }, 
    {
        "polynomialshift/lr": 0.09814954576223639, 
        "main/loss": 0.4503090977668762, 
        "validation/main/loss": 2.096876859664917, 
        "iteration": 11, 
        "elapsed_time": 3.7286441326141357, 
        "epoch": 11, 
        "main/accuracy": 0.8999999761581421, 
        "validation/main/accuracy": 0.4176587164402008
    }, 
    {
        "polynomialshift/lr": 0.09797958971132713, 
        "main/loss": 0.43357300758361816, 
        "validation/main/loss": 2.1313698291778564, 
        "iteration": 12, 
        "elapsed_time": 3.9582080841064453, 
        "epoch": 12, 
        "main/accuracy": 0.8999999761581421, 
        "validation/main/accuracy": 0.4176587164402008
    }, 
    {
        "polynomialshift/lr": 0.09780933834080807, 
        "main/loss": 0.4193422496318817, 
        "validation/main/loss": 2.163686990737915, 
        "iteration": 13, 
        "elapsed_time": 4.176209926605225, 
        "epoch": 13, 
        "main/accuracy": 0.8999999761581421, 
        "validation/main/accuracy": 0.4166666567325592
    }, 
    {
        "polynomialshift/lr": 0.0976387901058454, 
        "main/loss": 0.4071930944919586, 
        "validation/main/loss": 2.192866086959839, 
        "iteration": 14, 
        "elapsed_time": 4.392672061920166, 
        "epoch": 14, 
        "main/accuracy": 0.8999999761581421, 
        "validation/main/accuracy": 0.4166666567325592
    }, 
    {
        "polynomialshift/lr": 0.09746794344808964, 
        "main/loss": 0.39680972695350647, 
        "validation/main/loss": 2.2211594581604004, 
        "iteration": 15, 
        "elapsed_time": 4.608983993530273, 
        "epoch": 15, 
        "main/accuracy": 0.8999999761581421, 
        "validation/main/accuracy": 0.4166666567325592
    }, 
    {
        "polynomialshift/lr": 0.09729679679550951, 
        "main/loss": 0.3877672851085663, 
        "validation/main/loss": 2.2473671436309814, 
        "iteration": 16, 
        "elapsed_time": 4.826122999191284, 
        "epoch": 16, 
        "main/accuracy": 0.8999999761581421, 
        "validation/main/accuracy": 0.414682537317276
    }, 
    {
        "polynomialshift/lr": 0.0971253485622231, 
        "main/loss": 0.3799537122249603, 
        "validation/main/loss": 2.2723615169525146, 
        "iteration": 17, 
        "elapsed_time": 5.046726942062378, 
        "epoch": 17, 
        "main/accuracy": 0.8999999761581421, 
        "validation/main/accuracy": 0.4126984179019928
    }, 
    {
        "polynomialshift/lr": 0.09695359714832658, 
        "main/loss": 0.3731411099433899, 
        "validation/main/loss": 2.295475959777832, 
        "iteration": 18, 
        "elapsed_time": 5.263590097427368, 
        "epoch": 18, 
        "main/accuracy": 0.8999999761581421, 
        "validation/main/accuracy": 0.4136904776096344
    }, 
    {
        "polynomialshift/lr": 0.09678154093971984, 
        "main/loss": 0.36708512902259827, 
        "validation/main/loss": 2.3181774616241455, 
        "iteration": 19, 
        "elapsed_time": 5.480134010314941, 
        "epoch": 19, 
        "main/accuracy": 0.8999999761581421, 
        "validation/main/accuracy": 0.4126984179019928
    }, 
    {
        "polynomialshift/lr": 0.09660917830792959, 
        "main/loss": 0.36167487502098083, 
        "validation/main/loss": 2.3398427963256836, 
        "iteration": 20, 
        "elapsed_time": 5.697524070739746, 
        "epoch": 20, 
        "main/accuracy": 0.8999999761581421, 
        "validation/main/accuracy": 0.4126984179019928
    }, 
    {
        "polynomialshift/lr": 0.09643650760992956, 
        "main/loss": 0.3568602502346039, 
        "validation/main/loss": 2.359992027282715, 
        "iteration": 21, 
        "elapsed_time": 5.914439916610718, 
        "epoch": 21, 
        "main/accuracy": 0.8999999761581421, 
        "validation/main/accuracy": 0.4136904776096344
    }, 
    {
        "polynomialshift/lr": 0.09626352718795768, 
        "main/loss": 0.35256990790367126, 
        "validation/main/loss": 2.3799831867218018, 
        "iteration": 22, 
        "elapsed_time": 6.1318230628967285, 
        "epoch": 22, 
        "main/accuracy": 0.8999999761581421, 
        "validation/main/accuracy": 0.4126984179019928
    }, 
    {
        "polynomialshift/lr": 0.0960902353693305, 
        "main/loss": 0.3486585319042206, 
        "validation/main/loss": 2.399132490158081, 
        "iteration": 23, 
        "elapsed_time": 6.349077939987183, 
        "epoch": 23, 
        "main/accuracy": 0.8999999761581421, 
        "validation/main/accuracy": 0.4117063581943512
    }, 
    {
        "polynomialshift/lr": 0.0959166304662544, 
        "main/loss": 0.3451201319694519, 
        "validation/main/loss": 2.417471408843994, 
        "iteration": 24, 
        "elapsed_time": 6.567420959472656, 
        "epoch": 24, 
        "main/accuracy": 0.8999999761581421, 
        "validation/main/accuracy": 0.4107142984867096
    }, 
    {
        "polynomialshift/lr": 0.09574271077563382, 
        "main/loss": 0.3421808183193207, 
        "validation/main/loss": 2.433967351913452, 
        "iteration": 25, 
        "elapsed_time": 6.785738945007324, 
        "epoch": 25, 
        "main/accuracy": 0.8999999761581421, 
        "validation/main/accuracy": 0.4097222089767456
    }, 
    {
        "polynomialshift/lr": 0.09556847457887635, 
        "main/loss": 0.3394695222377777, 
        "validation/main/loss": 2.451514482498169, 
        "iteration": 26, 
        "elapsed_time": 7.005906105041504, 
        "epoch": 26, 
        "main/accuracy": 0.8999999761581421, 
        "validation/main/accuracy": 0.408730149269104
    }, 
    {
        "polynomialshift/lr": 0.09539392014169457, 
        "main/loss": 0.3370321989059448, 
        "validation/main/loss": 2.4683477878570557, 
        "iteration": 27, 
        "elapsed_time": 7.223369121551514, 
        "epoch": 27, 
        "main/accuracy": 0.8999999761581421, 
        "validation/main/accuracy": 0.408730149269104
    }, 
    {
        "polynomialshift/lr": 0.09521904571390466, 
        "main/loss": 0.33485862612724304, 
        "validation/main/loss": 2.4853999614715576, 
        "iteration": 28, 
        "elapsed_time": 7.4468889236450195, 
        "epoch": 28, 
        "main/accuracy": 0.8999999761581421, 
        "validation/main/accuracy": 0.408730149269104
    }, 
    {
        "polynomialshift/lr": 0.09504384952922168, 
        "main/loss": 0.33282771706581116, 
        "validation/main/loss": 2.501922845840454, 
        "iteration": 29, 
        "elapsed_time": 7.666319131851196, 
        "epoch": 29, 
        "main/accuracy": 0.8999999761581421, 
        "validation/main/accuracy": 0.408730149269104
    }, 
    {
        "polynomialshift/lr": 0.09486832980505139, 
        "main/loss": 0.3309892416000366, 
        "validation/main/loss": 2.517411708831787, 
        "iteration": 30, 
        "elapsed_time": 7.886686086654663, 
        "epoch": 30, 
        "main/accuracy": 0.8999999761581421, 
        "validation/main/accuracy": 0.4107142984867096
    }, 
    {
        "polynomialshift/lr": 0.09469248474227861, 
        "main/loss": 0.3293403685092926, 
        "validation/main/loss": 2.530517339706421, 
        "iteration": 31, 
        "elapsed_time": 8.105561017990112, 
        "epoch": 31, 
        "main/accuracy": 0.8999999761581421, 
        "validation/main/accuracy": 0.4097222089767456
    }, 
    {
        "polynomialshift/lr": 0.09451631252505217, 
        "main/loss": 0.32791709899902344, 
        "validation/main/loss": 2.5461480617523193, 
        "iteration": 32, 
        "elapsed_time": 8.320742130279541, 
        "epoch": 32, 
        "main/accuracy": 0.8999999761581421, 
        "validation/main/accuracy": 0.4097222089767456
    }, 
    {
        "polynomialshift/lr": 0.09433981132056604, 
        "main/loss": 0.32653531432151794, 
        "validation/main/loss": 2.5581839084625244, 
        "iteration": 33, 
        "elapsed_time": 8.537845134735107, 
        "epoch": 33, 
        "main/accuracy": 0.8999999761581421, 
        "validation/main/accuracy": 0.408730149269104
    }, 
    {
        "polynomialshift/lr": 0.0941629792788369, 
        "main/loss": 0.32530516386032104, 
        "validation/main/loss": 2.5732262134552, 
        "iteration": 34, 
        "elapsed_time": 8.80274510383606, 
        "epoch": 34, 
        "main/accuracy": 0.8999999761581421, 
        "validation/main/accuracy": 0.4097222089767456
    }, 
    {
        "polynomialshift/lr": 0.0939858145324779, 
        "main/loss": 0.3241335153579712, 
        "validation/main/loss": 2.5847532749176025, 
        "iteration": 35, 
        "elapsed_time": 9.018841028213501, 
        "epoch": 35, 
        "main/accuracy": 0.8999999761581421, 
        "validation/main/accuracy": 0.408730149269104
    }, 
    {
        "polynomialshift/lr": 0.0938083151964686, 
        "main/loss": 0.3230244517326355, 
        "validation/main/loss": 2.5991218090057373, 
        "iteration": 36, 
        "elapsed_time": 9.240252017974854, 
        "epoch": 36, 
        "main/accuracy": 0.8999999761581421, 
        "validation/main/accuracy": 0.408730149269104
    }, 
    {
        "polynomialshift/lr": 0.09363047936792093, 
        "main/loss": 0.322086364030838, 
        "validation/main/loss": 2.610546112060547, 
        "iteration": 37, 
        "elapsed_time": 9.455968141555786, 
        "epoch": 37, 
        "main/accuracy": 0.8999999761581421, 
        "validation/main/accuracy": 0.4117063581943512
    }, 
    {
        "polynomialshift/lr": 0.09345230512584124, 
        "main/loss": 0.3210858106613159, 
        "validation/main/loss": 2.6213877201080322, 
        "iteration": 38, 
        "elapsed_time": 9.672883987426758, 
        "epoch": 38, 
        "main/accuracy": 0.8999999761581421, 
        "validation/main/accuracy": 0.4126984179019928
    }, 
    {
        "polynomialshift/lr": 0.09327379053088815, 
        "main/loss": 0.3202795684337616, 
        "validation/main/loss": 2.6405935287475586, 
        "iteration": 39, 
        "elapsed_time": 9.891832113265991, 
        "epoch": 39, 
        "main/accuracy": 0.8999999761581421, 
        "validation/main/accuracy": 0.4117063581943512
    }, 
    {
        "polynomialshift/lr": 0.09309493362512627, 
        "main/loss": 0.3196188807487488, 
        "validation/main/loss": 2.6494152545928955, 
        "iteration": 40, 
        "elapsed_time": 10.115165948867798, 
        "epoch": 40, 
        "main/accuracy": 0.8999999761581421, 
        "validation/main/accuracy": 0.4117063581943512
    }, 
    {
        "polynomialshift/lr": 0.0929157324317757, 
        "main/loss": 0.31877318024635315, 
        "validation/main/loss": 2.6581871509552, 
        "iteration": 41, 
        "elapsed_time": 10.332749128341675, 
        "epoch": 41, 
        "main/accuracy": 0.8999999761581421, 
        "validation/main/accuracy": 0.4136904776096344
    }, 
    {
        "polynomialshift/lr": 0.09273618495495704, 
        "main/loss": 0.3181943893432617, 
        "validation/main/loss": 2.6757121086120605, 
        "iteration": 42, 
        "elapsed_time": 10.547822952270508, 
        "epoch": 42, 
        "main/accuracy": 0.8999999761581421, 
        "validation/main/accuracy": 0.4117063581943512
    }, 
    {
        "polynomialshift/lr": 0.09255628917943215, 
        "main/loss": 0.3175848424434662, 
        "validation/main/loss": 2.683263063430786, 
        "iteration": 43, 
        "elapsed_time": 10.768363952636719, 
        "epoch": 43, 
        "main/accuracy": 0.8999999761581421, 
        "validation/main/accuracy": 0.4107142984867096
    }, 
    {
        "polynomialshift/lr": 0.09237604307034013, 
        "main/loss": 0.31699252128601074, 
        "validation/main/loss": 2.6969616413116455, 
        "iteration": 44, 
        "elapsed_time": 10.991781949996948, 
        "epoch": 44, 
        "main/accuracy": 0.8999999761581421, 
        "validation/main/accuracy": 0.4117063581943512
    }, 
    {
        "polynomialshift/lr": 0.09219544457292889, 
        "main/loss": 0.31639185547828674, 
        "validation/main/loss": 2.703188419342041, 
        "iteration": 45, 
        "elapsed_time": 11.21677303314209, 
        "epoch": 45, 
        "main/accuracy": 0.8999999761581421, 
        "validation/main/accuracy": 0.4136904776096344
    }, 
    {
        "polynomialshift/lr": 0.09201449161228176, 
        "main/loss": 0.31598708033561707, 
        "validation/main/loss": 2.7188220024108887, 
        "iteration": 46, 
        "elapsed_time": 11.441318035125732, 
        "epoch": 46, 
        "main/accuracy": 0.8999999761581421, 
        "validation/main/accuracy": 0.4117063581943512
    }, 
    {
        "polynomialshift/lr": 0.09183318209303941, 
        "main/loss": 0.3154597878456116, 
        "validation/main/loss": 2.724684715270996, 
        "iteration": 47, 
        "elapsed_time": 11.668360948562622, 
        "epoch": 47, 
        "main/accuracy": 0.8999999761581421, 
        "validation/main/accuracy": 0.4117063581943512
    }, 
    {
        "polynomialshift/lr": 0.0916515138991168, 
        "main/loss": 0.31503549218177795, 
        "validation/main/loss": 2.7370855808258057, 
        "iteration": 48, 
        "elapsed_time": 11.892774105072021, 
        "epoch": 48, 
        "main/accuracy": 0.8999999761581421, 
        "validation/main/accuracy": 0.4117063581943512
    }, 
    {
        "polynomialshift/lr": 0.09146948489341496, 
        "main/loss": 0.31448671221733093, 
        "validation/main/loss": 2.7485766410827637, 
        "iteration": 49, 
        "elapsed_time": 12.117294073104858, 
        "epoch": 49, 
        "main/accuracy": 0.8999999761581421, 
        "validation/main/accuracy": 0.4117063581943512
    }, 
    {
        "polynomialshift/lr": 0.09128709291752769, 
        "main/loss": 0.31425830721855164, 
        "validation/main/loss": 2.7554571628570557, 
        "iteration": 50, 
        "elapsed_time": 12.336202144622803, 
        "epoch": 50, 
        "main/accuracy": 0.8999999761581421, 
        "validation/main/accuracy": 0.4107142984867096
    }, 
    {
        "polynomialshift/lr": 0.091104335791443, 
        "main/loss": 0.3138215243816376, 
        "validation/main/loss": 2.7665622234344482, 
        "iteration": 51, 
        "elapsed_time": 12.553520917892456, 
        "epoch": 51, 
        "main/accuracy": 0.8999999761581421, 
        "validation/main/accuracy": 0.4117063581943512
    }, 
    {
        "polynomialshift/lr": 0.09092121131323905, 
        "main/loss": 0.31341397762298584, 
        "validation/main/loss": 2.770322561264038, 
        "iteration": 52, 
        "elapsed_time": 12.776108026504517, 
        "epoch": 52, 
        "main/accuracy": 0.8999999761581421, 
        "validation/main/accuracy": 0.4136904776096344
    }, 
    {
        "polynomialshift/lr": 0.09073771725877466, 
        "main/loss": 0.3131121098995209, 
        "validation/main/loss": 2.781395673751831, 
        "iteration": 53, 
        "elapsed_time": 12.997591972351074, 
        "epoch": 53, 
        "main/accuracy": 0.8999999761581421, 
        "validation/main/accuracy": 0.4126984179019928
    }, 
    {
        "polynomialshift/lr": 0.09055385138137417, 
        "main/loss": 0.3127201497554779, 
        "validation/main/loss": 2.7942299842834473, 
        "iteration": 54, 
        "elapsed_time": 13.215605974197388, 
        "epoch": 54, 
        "main/accuracy": 0.8999999761581421, 
        "validation/main/accuracy": 0.4117063581943512
    }, 
    {
        "polynomialshift/lr": 0.0903696114115064, 
        "main/loss": 0.3124810755252838, 
        "validation/main/loss": 2.79742693901062, 
        "iteration": 55, 
        "elapsed_time": 13.436502933502197, 
        "epoch": 55, 
        "main/accuracy": 0.8999999761581421, 
        "validation/main/accuracy": 0.4117063581943512
    }, 
    {
        "polynomialshift/lr": 0.09018499505645788, 
        "main/loss": 0.3121933043003082, 
        "validation/main/loss": 2.807490110397339, 
        "iteration": 56, 
        "elapsed_time": 13.658457040786743, 
        "epoch": 56, 
        "main/accuracy": 0.8999999761581421, 
        "validation/main/accuracy": 0.4117063581943512
    }, 
    {
        "polynomialshift/lr": 0.09000000000000001, 
        "main/loss": 0.3118305802345276, 
        "validation/main/loss": 2.8170454502105713, 
        "iteration": 57, 
        "elapsed_time": 13.923879146575928, 
        "epoch": 57, 
        "main/accuracy": 0.8999999761581421, 
        "validation/main/accuracy": 0.4136904776096344
    }, 
    {
        "polynomialshift/lr": 0.08981462390204986, 
        "main/loss": 0.3115573823451996, 
        "validation/main/loss": 2.819705009460449, 
        "iteration": 58, 
        "elapsed_time": 14.140948057174683, 
        "epoch": 58, 
        "main/accuracy": 0.8999999761581421, 
        "validation/main/accuracy": 0.4136904776096344
    }, 
    {
        "polynomialshift/lr": 0.08962886439832501, 
        "main/loss": 0.31135234236717224, 
        "validation/main/loss": 2.831660032272339, 
        "iteration": 59, 
        "elapsed_time": 14.358640909194946, 
        "epoch": 59, 
        "main/accuracy": 0.8999999761581421, 
        "validation/main/accuracy": 0.4126984179019928
    }, 
    {
        "polynomialshift/lr": 0.08944271909999159, 
        "main/loss": 0.3111027181148529, 
        "validation/main/loss": 2.8405895233154297, 
        "iteration": 60, 
        "elapsed_time": 14.574026107788086, 
        "epoch": 60, 
        "main/accuracy": 0.8999999761581421, 
        "validation/main/accuracy": 0.4126984179019928
    }, 
    {
        "polynomialshift/lr": 0.08925618559330589, 
        "main/loss": 0.3108232617378235, 
        "validation/main/loss": 2.8421759605407715, 
        "iteration": 61, 
        "elapsed_time": 14.789124011993408, 
        "epoch": 61, 
        "main/accuracy": 0.8999999761581421, 
        "validation/main/accuracy": 0.4117063581943512
    }, 
    {
        "polynomialshift/lr": 0.08906926143924926, 
        "main/loss": 0.31066328287124634, 
        "validation/main/loss": 2.8513712882995605, 
        "iteration": 62, 
        "elapsed_time": 15.00631308555603, 
        "epoch": 62, 
        "main/accuracy": 0.8999999761581421, 
        "validation/main/accuracy": 0.4126984179019928
    }, 
    {
        "polynomialshift/lr": 0.0888819441731559, 
        "main/loss": 0.3103815019130707, 
        "validation/main/loss": 2.860137462615967, 
        "iteration": 63, 
        "elapsed_time": 15.221298933029175, 
        "epoch": 63, 
        "main/accuracy": 0.8999999761581421, 
        "validation/main/accuracy": 0.4126984179019928
    }, 
    {
        "polynomialshift/lr": 0.0886942313043338, 
        "main/loss": 0.3101181983947754, 
        "validation/main/loss": 2.868520498275757, 
        "iteration": 64, 
        "elapsed_time": 15.436784982681274, 
        "epoch": 64, 
        "main/accuracy": 0.8999999761581421, 
        "validation/main/accuracy": 0.4126984179019928
    }, 
    {
        "polynomialshift/lr": 0.08850612031567837, 
        "main/loss": 0.3100143373012543, 
        "validation/main/loss": 2.872124195098877, 
        "iteration": 65, 
        "elapsed_time": 15.654794931411743, 
        "epoch": 65, 
        "main/accuracy": 0.8999999761581421, 
        "validation/main/accuracy": 0.4117063581943512
    }, 
    {
        "polynomialshift/lr": 0.08831760866327848, 
        "main/loss": 0.30984076857566833, 
        "validation/main/loss": 2.880385160446167, 
        "iteration": 66, 
        "elapsed_time": 15.87351393699646, 
        "epoch": 66, 
        "main/accuracy": 0.8999999761581421, 
        "validation/main/accuracy": 0.4126984179019928
    }, 
    {
        "polynomialshift/lr": 0.08812869377601523, 
        "main/loss": 0.3096022605895996, 
        "validation/main/loss": 2.8883116245269775, 
        "iteration": 67, 
        "elapsed_time": 16.093750953674316, 
        "epoch": 67, 
        "main/accuracy": 0.8999999761581421, 
        "validation/main/accuracy": 0.4126984179019928
    }, 
    {
        "polynomialshift/lr": 0.0879393730551528, 
        "main/loss": 0.3093773424625397, 
        "validation/main/loss": 2.89593243598938, 
        "iteration": 68, 
        "elapsed_time": 16.312253952026367, 
        "epoch": 68, 
        "main/accuracy": 0.8999999761581421, 
        "validation/main/accuracy": 0.4126984179019928
    }, 
    {
        "polynomialshift/lr": 0.08774964387392123, 
        "main/loss": 0.30923470854759216, 
        "validation/main/loss": 2.8960533142089844, 
        "iteration": 69, 
        "elapsed_time": 16.530750036239624, 
        "epoch": 69, 
        "main/accuracy": 0.8999999761581421, 
        "validation/main/accuracy": 0.4136904776096344
    }, 
    {
        "polynomialshift/lr": 0.08755950357709132, 
        "main/loss": 0.30908212065696716, 
        "validation/main/loss": 2.904014825820923, 
        "iteration": 70, 
        "elapsed_time": 16.74738097190857, 
        "epoch": 70, 
        "main/accuracy": 0.8999999761581421, 
        "validation/main/accuracy": 0.4126984179019928
    }, 
    {
        "polynomialshift/lr": 0.08736894948054105, 
        "main/loss": 0.30892059206962585, 
        "validation/main/loss": 2.913935422897339, 
        "iteration": 71, 
        "elapsed_time": 16.97089910507202, 
        "epoch": 71, 
        "main/accuracy": 0.8999999761581421, 
        "validation/main/accuracy": 0.4126984179019928
    }, 
    {
        "polynomialshift/lr": 0.08717797887081347, 
        "main/loss": 0.30875515937805176, 
        "validation/main/loss": 2.9211511611938477, 
        "iteration": 72, 
        "elapsed_time": 17.194420099258423, 
        "epoch": 72, 
        "main/accuracy": 0.8999999761581421, 
        "validation/main/accuracy": 0.4126984179019928
    }, 
    {
        "polynomialshift/lr": 0.08698658900466592, 
        "main/loss": 0.3085971176624298, 
        "validation/main/loss": 2.921271562576294, 
        "iteration": 73, 
        "elapsed_time": 17.417598009109497, 
        "epoch": 73, 
        "main/accuracy": 0.8999999761581421, 
        "validation/main/accuracy": 0.4117063581943512
    }, 
    {
        "polynomialshift/lr": 0.08679477710861025, 
        "main/loss": 0.3084927201271057, 
        "validation/main/loss": 2.9285948276519775, 
        "iteration": 74, 
        "elapsed_time": 17.63915705680847, 
        "epoch": 74, 
        "main/accuracy": 0.8999999761581421, 
        "validation/main/accuracy": 0.4117063581943512
    }, 
    {
        "polynomialshift/lr": 0.08660254037844387, 
        "main/loss": 0.3083137571811676, 
        "validation/main/loss": 2.935750961303711, 
        "iteration": 75, 
        "elapsed_time": 17.855896949768066, 
        "epoch": 75, 
        "main/accuracy": 0.8999999761581421, 
        "validation/main/accuracy": 0.4117063581943512
    }, 
    {
        "polynomialshift/lr": 0.08640987597877148, 
        "main/loss": 0.3081439435482025, 
        "validation/main/loss": 2.9425721168518066, 
        "iteration": 76, 
        "elapsed_time": 18.073357105255127, 
        "epoch": 76, 
        "main/accuracy": 0.8999999761581421, 
        "validation/main/accuracy": 0.4126984179019928
    }, 
    {
        "polynomialshift/lr": 0.0862167810425171, 
        "main/loss": 0.30798181891441345, 
        "validation/main/loss": 2.949174404144287, 
        "iteration": 77, 
        "elapsed_time": 18.29019808769226, 
        "epoch": 77, 
        "main/accuracy": 0.8999999761581421, 
        "validation/main/accuracy": 0.4117063581943512
    }, 
    {
        "polynomialshift/lr": 0.08602325267042626, 
        "main/loss": 0.3079400956630707, 
        "validation/main/loss": 2.950937032699585, 
        "iteration": 78, 
        "elapsed_time": 18.510435104370117, 
        "epoch": 78, 
        "main/accuracy": 0.8999999761581421, 
        "validation/main/accuracy": 0.4117063581943512
    }, 
    {
        "polynomialshift/lr": 0.08582928793055822, 
        "main/loss": 0.3078397810459137, 
        "validation/main/loss": 2.957641839981079, 
        "iteration": 79, 
        "elapsed_time": 18.77742600440979, 
        "epoch": 79, 
        "main/accuracy": 0.8999999761581421, 
        "validation/main/accuracy": 0.4126984179019928
    }, 
    {
        "polynomialshift/lr": 0.08563488385776753, 
        "main/loss": 0.3076868951320648, 
        "validation/main/loss": 2.9641292095184326, 
        "iteration": 80, 
        "elapsed_time": 18.995021104812622, 
        "epoch": 80, 
        "main/accuracy": 0.8999999761581421, 
        "validation/main/accuracy": 0.4126984179019928
    }, 
    {
        "polynomialshift/lr": 0.08544003745317531, 
        "main/loss": 0.3075408935546875, 
        "validation/main/loss": 2.970419406890869, 
        "iteration": 81, 
        "elapsed_time": 19.21436595916748, 
        "epoch": 81, 
        "main/accuracy": 0.8999999761581421, 
        "validation/main/accuracy": 0.4126984179019928
    }, 
    {
        "polynomialshift/lr": 0.08524474568362948, 
        "main/loss": 0.3074013888835907, 
        "validation/main/loss": 2.9765286445617676, 
        "iteration": 82, 
        "elapsed_time": 19.431633949279785, 
        "epoch": 82, 
        "main/accuracy": 0.8999999761581421, 
        "validation/main/accuracy": 0.4126984179019928
    }, 
    {
        "polynomialshift/lr": 0.08504900548115384, 
        "main/loss": 0.3073176145553589, 
        "validation/main/loss": 2.9750893115997314, 
        "iteration": 83, 
        "elapsed_time": 19.64546298980713, 
        "epoch": 83, 
        "main/accuracy": 0.8999999761581421, 
        "validation/main/accuracy": 0.4126984179019928
    }, 
    {
        "polynomialshift/lr": 0.08485281374238571, 
        "main/loss": 0.3072323799133301, 
        "validation/main/loss": 2.9815495014190674, 
        "iteration": 84, 
        "elapsed_time": 19.85906410217285, 
        "epoch": 84, 
        "main/accuracy": 0.8999999761581421, 
        "validation/main/accuracy": 0.4136904776096344
    }, 
    {
        "polynomialshift/lr": 0.08465616732800196, 
        "main/loss": 0.307100772857666, 
        "validation/main/loss": 2.9877939224243164, 
        "iteration": 85, 
        "elapsed_time": 20.073907136917114, 
        "epoch": 85, 
        "main/accuracy": 0.8999999761581421, 
        "validation/main/accuracy": 0.4136904776096344
    }, 
    {
        "polynomialshift/lr": 0.08445906306213286, 
        "main/loss": 0.3070235550403595, 
        "validation/main/loss": 2.996042251586914, 
        "iteration": 86, 
        "elapsed_time": 20.2883460521698, 
        "epoch": 86, 
        "main/accuracy": 0.8999999761581421, 
        "validation/main/accuracy": 0.4126984179019928
    }, 
    {
        "polynomialshift/lr": 0.08426149773176358, 
        "main/loss": 0.30691155791282654, 
        "validation/main/loss": 3.001826763153076, 
        "iteration": 87, 
        "elapsed_time": 20.50355291366577, 
        "epoch": 87, 
        "main/accuracy": 0.8999999761581421, 
        "validation/main/accuracy": 0.4126984179019928
    }, 
    {
        "polynomialshift/lr": 0.08406346808612328, 
        "main/loss": 0.30679434537887573, 
        "validation/main/loss": 3.000544786453247, 
        "iteration": 88, 
        "elapsed_time": 20.723268032073975, 
        "epoch": 88, 
        "main/accuracy": 0.8999999761581421, 
        "validation/main/accuracy": 0.4126984179019928
    }, 
    {
        "polynomialshift/lr": 0.08386497083606083, 
        "main/loss": 0.3067611753940582, 
        "validation/main/loss": 3.0064687728881836, 
        "iteration": 89, 
        "elapsed_time": 20.942573070526123, 
        "epoch": 89, 
        "main/accuracy": 0.8999999761581421, 
        "validation/main/accuracy": 0.4126984179019928
    }, 
    {
        "polynomialshift/lr": 0.08366600265340757, 
        "main/loss": 0.3066464364528656, 
        "validation/main/loss": 3.0122203826904297, 
        "iteration": 90, 
        "elapsed_time": 21.16352105140686, 
        "epoch": 90, 
        "main/accuracy": 0.8999999761581421, 
        "validation/main/accuracy": 0.4126984179019928
    }, 
    {
        "polynomialshift/lr": 0.08346656017032611, 
        "main/loss": 0.3065367639064789, 
        "validation/main/loss": 3.0178956985473633, 
        "iteration": 91, 
        "elapsed_time": 21.38449192047119, 
        "epoch": 91, 
        "main/accuracy": 0.8999999761581421, 
        "validation/main/accuracy": 0.4126984179019928
    }, 
    {
        "polynomialshift/lr": 0.08326663997864531, 
        "main/loss": 0.30643129348754883, 
        "validation/main/loss": 3.0233333110809326, 
        "iteration": 92, 
        "elapsed_time": 21.602076053619385, 
        "epoch": 92, 
        "main/accuracy": 0.8999999761581421, 
        "validation/main/accuracy": 0.4126984179019928
    }, 
    {
        "polynomialshift/lr": 0.08306623862918075, 
        "main/loss": 0.3063294589519501, 
        "validation/main/loss": 3.0286338329315186, 
        "iteration": 93, 
        "elapsed_time": 21.82557702064514, 
        "epoch": 93, 
        "main/accuracy": 0.8999999761581421, 
        "validation/main/accuracy": 0.4126984179019928
    }, 
    {
        "polynomialshift/lr": 0.08286535263104036, 
        "main/loss": 0.3062487840652466, 
        "validation/main/loss": 3.0290699005126953, 
        "iteration": 94, 
        "elapsed_time": 22.04840612411499, 
        "epoch": 94, 
        "main/accuracy": 0.8999999761581421, 
        "validation/main/accuracy": 0.4136904776096344
    }, 
    {
        "polynomialshift/lr": 0.08266397845091497, 
        "main/loss": 0.30626222491264343, 
        "validation/main/loss": 3.0345070362091064, 
        "iteration": 95, 
        "elapsed_time": 22.265721082687378, 
        "epoch": 95, 
        "main/accuracy": 0.8999999761581421, 
        "validation/main/accuracy": 0.414682537317276
    }, 
    {
        "polynomialshift/lr": 0.0824621125123532, 
        "main/loss": 0.3061637878417969, 
        "validation/main/loss": 3.0397980213165283, 
        "iteration": 96, 
        "elapsed_time": 22.483325004577637, 
        "epoch": 96, 
        "main/accuracy": 0.8999999761581421, 
        "validation/main/accuracy": 0.414682537317276
    }, 
    {
        "polynomialshift/lr": 0.08225975119502045, 
        "main/loss": 0.30606910586357117, 
        "validation/main/loss": 3.044957160949707, 
        "iteration": 97, 
        "elapsed_time": 22.700681924819946, 
        "epoch": 97, 
        "main/accuracy": 0.8999999761581421, 
        "validation/main/accuracy": 0.414682537317276
    }, 
    {
        "polynomialshift/lr": 0.08205689083394115, 
        "main/loss": 0.3059779107570648, 
        "validation/main/loss": 3.0499908924102783, 
        "iteration": 98, 
        "elapsed_time": 22.91817307472229, 
        "epoch": 98, 
        "main/accuracy": 0.8999999761581421, 
        "validation/main/accuracy": 0.414682537317276
    }, 
    {
        "polynomialshift/lr": 0.0818535277187245, 
        "main/loss": 0.3058895170688629, 
        "validation/main/loss": 3.0549092292785645, 
        "iteration": 99, 
        "elapsed_time": 23.13547110557556, 
        "epoch": 99, 
        "main/accuracy": 0.8999999761581421, 
        "validation/main/accuracy": 0.414682537317276
    }, 
    {
        "polynomialshift/lr": 0.08164965809277261, 
        "main/loss": 0.3058043420314789, 
        "validation/main/loss": 3.059706687927246, 
        "iteration": 100, 
        "elapsed_time": 23.35295009613037, 
        "epoch": 100, 
        "main/accuracy": 0.8999999761581421, 
        "validation/main/accuracy": 0.414682537317276
    }, 
    {
        "polynomialshift/lr": 0.08144527815247078, 
        "main/loss": 0.30576202273368835, 
        "validation/main/loss": 3.0575125217437744, 
        "iteration": 101, 
        "elapsed_time": 23.571161031723022, 
        "epoch": 101, 
        "main/accuracy": 0.8999999761581421, 
        "validation/main/accuracy": 0.4136904776096344
    }, 
    {
        "polynomialshift/lr": 0.08124038404635961, 
        "main/loss": 0.30570992827415466, 
        "validation/main/loss": 3.0625522136688232, 
        "iteration": 102, 
        "elapsed_time": 23.8385751247406, 
        "epoch": 102, 
        "main/accuracy": 0.8999999761581421, 
        "validation/main/accuracy": 0.4136904776096344
    }, 
    {
        "polynomialshift/lr": 0.08103497187428813, 
        "main/loss": 0.30562812089920044, 
        "validation/main/loss": 3.0674679279327393, 
        "iteration": 103, 
        "elapsed_time": 24.056637048721313, 
        "epoch": 103, 
        "main/accuracy": 0.8999999761581421, 
        "validation/main/accuracy": 0.4136904776096344
    }, 
    {
        "polynomialshift/lr": 0.08082903768654762, 
        "main/loss": 0.30555716156959534, 
        "validation/main/loss": 3.0743677616119385, 
        "iteration": 104, 
        "elapsed_time": 24.274749040603638, 
        "epoch": 104, 
        "main/accuracy": 0.8999999761581421, 
        "validation/main/accuracy": 0.414682537317276
    }, 
    {
        "polynomialshift/lr": 0.08062257748298551, 
        "main/loss": 0.3055180609226227, 
        "validation/main/loss": 3.078969717025757, 
        "iteration": 105, 
        "elapsed_time": 24.491955041885376, 
        "epoch": 105, 
        "main/accuracy": 0.8999999761581421, 
        "validation/main/accuracy": 0.414682537317276
    }, 
    {
        "polynomialshift/lr": 0.0804155872120988, 
        "main/loss": 0.3054428994655609, 
        "validation/main/loss": 3.08347487449646, 
        "iteration": 106, 
        "elapsed_time": 24.710264921188354, 
        "epoch": 106, 
        "main/accuracy": 0.8999999761581421, 
        "validation/main/accuracy": 0.414682537317276
    }, 
    {
        "polynomialshift/lr": 0.08020806277010643, 
        "main/loss": 0.3053700625896454, 
        "validation/main/loss": 3.087888479232788, 
        "iteration": 107, 
        "elapsed_time": 24.93104910850525, 
        "epoch": 107, 
        "main/accuracy": 0.8999999761581421, 
        "validation/main/accuracy": 0.414682537317276
    }, 
    {
        "polynomialshift/lr": 0.08000000000000002, 
        "main/loss": 0.30532267689704895, 
        "validation/main/loss": 3.0848395824432373, 
        "iteration": 108, 
        "elapsed_time": 25.149189949035645, 
        "epoch": 108, 
        "main/accuracy": 0.8999999761581421, 
        "validation/main/accuracy": 0.4136904776096344
    }, 
    {
        "polynomialshift/lr": 0.07979139469057217, 
        "main/loss": 0.30529555678367615, 
        "validation/main/loss": 3.089569330215454, 
        "iteration": 109, 
        "elapsed_time": 25.37076497077942, 
        "epoch": 109, 
        "main/accuracy": 0.8999999761581421, 
        "validation/main/accuracy": 0.4136904776096344
    }, 
    {
        "polynomialshift/lr": 0.07958224257542215, 
        "main/loss": 0.3052248954772949, 
        "validation/main/loss": 3.0941853523254395, 
        "iteration": 110, 
        "elapsed_time": 25.59453010559082, 
        "epoch": 110, 
        "main/accuracy": 0.8999999761581421, 
        "validation/main/accuracy": 0.4136904776096344
    }, 
    {
        "polynomialshift/lr": 0.07937253933193772, 
        "main/loss": 0.3051564395427704, 
        "validation/main/loss": 3.098696708679199, 
        "iteration": 111, 
        "elapsed_time": 25.814938068389893, 
        "epoch": 111, 
        "main/accuracy": 0.8999999761581421, 
        "validation/main/accuracy": 0.4136904776096344
    }, 
    {
        "polynomialshift/lr": 0.07916228058025279, 
        "main/loss": 0.30509042739868164, 
        "validation/main/loss": 3.1031110286712646, 
        "iteration": 112, 
        "elapsed_time": 26.039340019226074, 
        "epoch": 112, 
        "main/accuracy": 0.8999999761581421, 
        "validation/main/accuracy": 0.4136904776096344
    }, 
    {
        "polynomialshift/lr": 0.07895146188218008, 
        "main/loss": 0.30502596497535706, 
        "validation/main/loss": 3.107431650161743, 
        "iteration": 113, 
        "elapsed_time": 26.265389919281006, 
        "epoch": 113, 
        "main/accuracy": 0.8999999761581421, 
        "validation/main/accuracy": 0.4136904776096344
    }, 
    {
        "polynomialshift/lr": 0.07874007874011812, 
        "main/loss": 0.3049636781215668, 
        "validation/main/loss": 3.111664295196533, 
        "iteration": 114, 
        "elapsed_time": 26.48976707458496, 
        "epoch": 114, 
        "main/accuracy": 0.8999999761581421, 
        "validation/main/accuracy": 0.4156745970249176
    }, 
    {
        "polynomialshift/lr": 0.07852812659593165, 
        "main/loss": 0.30491480231285095, 
        "validation/main/loss": 3.1178412437438965, 
        "iteration": 115, 
        "elapsed_time": 26.7152681350708, 
        "epoch": 115, 
        "main/accuracy": 0.8999999761581421, 
        "validation/main/accuracy": 0.4156745970249176
    }, 
    {
        "polynomialshift/lr": 0.07831560082980488, 
        "main/loss": 0.3049159049987793, 
        "validation/main/loss": 3.1149301528930664, 
        "iteration": 116, 
        "elapsed_time": 26.940158128738403, 
        "epoch": 116, 
        "main/accuracy": 0.8999999761581421, 
        "validation/main/accuracy": 0.414682537317276
    }, 
    {
        "polynomialshift/lr": 0.07810249675906655, 
        "main/loss": 0.304879754781723, 
        "validation/main/loss": 3.11915922164917, 
        "iteration": 117, 
        "elapsed_time": 27.16739296913147, 
        "epoch": 117, 
        "main/accuracy": 0.8999999761581421, 
        "validation/main/accuracy": 0.414682537317276
    }, 
    {
        "polynomialshift/lr": 0.07788880963698616, 
        "main/loss": 0.3048202693462372, 
        "validation/main/loss": 3.1232972145080566, 
        "iteration": 118, 
        "elapsed_time": 27.39190411567688, 
        "epoch": 118, 
        "main/accuracy": 0.8999999761581421, 
        "validation/main/accuracy": 0.414682537317276
    }, 
    {
        "polynomialshift/lr": 0.07767453465154028, 
        "main/loss": 0.3047622740268707, 
        "validation/main/loss": 3.1273460388183594, 
        "iteration": 119, 
        "elapsed_time": 27.614373922348022, 
        "epoch": 119, 
        "main/accuracy": 0.8999999761581421, 
        "validation/main/accuracy": 0.414682537317276
    }, 
    {
        "polynomialshift/lr": 0.07745966692414835, 
        "main/loss": 0.30470648407936096, 
        "validation/main/loss": 3.131300926208496, 
        "iteration": 120, 
        "elapsed_time": 27.836658000946045, 
        "epoch": 120, 
        "main/accuracy": 0.8999999761581421, 
        "validation/main/accuracy": 0.414682537317276
    }, 
    {
        "polynomialshift/lr": 0.07724420150837646, 
        "main/loss": 0.30465230345726013, 
        "validation/main/loss": 3.135244846343994, 
        "iteration": 121, 
        "elapsed_time": 28.059031009674072, 
        "epoch": 121, 
        "main/accuracy": 0.8999999761581421, 
        "validation/main/accuracy": 0.4156745970249176
    }, 
    {
        "polynomialshift/lr": 0.07702813338860895, 
        "main/loss": 0.3045993745326996, 
        "validation/main/loss": 3.1390514373779297, 
        "iteration": 122, 
        "elapsed_time": 28.281494140625, 
        "epoch": 122, 
        "main/accuracy": 0.8999999761581421, 
        "validation/main/accuracy": 0.4156745970249176
    }, 
    {
        "polynomialshift/lr": 0.07681145747868609, 
        "main/loss": 0.30454787611961365, 
        "validation/main/loss": 3.1427886486053467, 
        "iteration": 123, 
        "elapsed_time": 28.50505495071411, 
        "epoch": 123, 
        "main/accuracy": 0.8999999761581421, 
        "validation/main/accuracy": 0.4156745970249176
    }, 
    {
        "polynomialshift/lr": 0.07659416862050705, 
        "main/loss": 0.3045245409011841, 
        "validation/main/loss": 3.1392500400543213, 
        "iteration": 124, 
        "elapsed_time": 28.776564121246338, 
        "epoch": 124, 
        "main/accuracy": 0.8999999761581421, 
        "validation/main/accuracy": 0.4136904776096344
    }, 
    {
        "polynomialshift/lr": 0.07637626158259733, 
        "main/loss": 0.3045042157173157, 
        "validation/main/loss": 3.1432249546051025, 
        "iteration": 125, 
        "elapsed_time": 28.998696088790894, 
        "epoch": 125, 
        "main/accuracy": 0.8999999761581421, 
        "validation/main/accuracy": 0.4136904776096344
    }, 
    {
        "polynomialshift/lr": 0.0761577310586391, 
        "main/loss": 0.304453581571579, 
        "validation/main/loss": 3.1471166610717773, 
        "iteration": 126, 
        "elapsed_time": 29.22136092185974, 
        "epoch": 126, 
        "main/accuracy": 0.8999999761581421, 
        "validation/main/accuracy": 0.4136904776096344
    }, 
    {
        "polynomialshift/lr": 0.07593857166596346, 
        "main/loss": 0.30440425872802734, 
        "validation/main/loss": 3.1509318351745605, 
        "iteration": 127, 
        "elapsed_time": 29.441632986068726, 
        "epoch": 127, 
        "main/accuracy": 0.8999999761581421, 
        "validation/main/accuracy": 0.4136904776096344
    }, 
    {
        "polynomialshift/lr": 0.07571877794400365, 
        "main/loss": 0.3043821156024933, 
        "validation/main/loss": 3.1566386222839355, 
        "iteration": 128, 
        "elapsed_time": 29.66212296485901, 
        "epoch": 128, 
        "main/accuracy": 0.8999999761581421, 
        "validation/main/accuracy": 0.414682537317276
    }, 
    {
        "polynomialshift/lr": 0.07549834435270751, 
        "main/loss": 0.3043436110019684, 
        "validation/main/loss": 3.160238027572632, 
        "iteration": 129, 
        "elapsed_time": 29.88045597076416, 
        "epoch": 129, 
        "main/accuracy": 0.8999999761581421, 
        "validation/main/accuracy": 0.4156745970249176
    }, 
    {
        "polynomialshift/lr": 0.07527726527090811, 
        "main/loss": 0.3042973577976227, 
        "validation/main/loss": 3.1637706756591797, 
        "iteration": 130, 
        "elapsed_time": 30.098828077316284, 
        "epoch": 130, 
        "main/accuracy": 0.8999999761581421, 
        "validation/main/accuracy": 0.4156745970249176
    }, 
    {
        "polynomialshift/lr": 0.07505553499465135, 
        "main/loss": 0.3042525351047516, 
        "validation/main/loss": 3.1672449111938477, 
        "iteration": 131, 
        "elapsed_time": 30.316179990768433, 
        "epoch": 131, 
        "main/accuracy": 0.8999999761581421, 
        "validation/main/accuracy": 0.4156745970249176
    }, 
    {
        "polynomialshift/lr": 0.07483314773547883, 
        "main/loss": 0.30420827865600586, 
        "validation/main/loss": 3.170647382736206, 
        "iteration": 132, 
        "elapsed_time": 30.54002809524536, 
        "epoch": 132, 
        "main/accuracy": 0.8999999761581421, 
        "validation/main/accuracy": 0.4156745970249176
    }, 
    {
        "polynomialshift/lr": 0.07461009761866465, 
        "main/loss": 0.30417293310165405, 
        "validation/main/loss": 3.166891574859619, 
        "iteration": 133, 
        "elapsed_time": 30.75966501235962, 
        "epoch": 133, 
        "main/accuracy": 0.8999999761581421, 
        "validation/main/accuracy": 0.4136904776096344
    }, 
    {
        "polynomialshift/lr": 0.07438637868140467, 
        "main/loss": 0.30417415499687195, 
        "validation/main/loss": 3.1705126762390137, 
        "iteration": 134, 
        "elapsed_time": 30.980093002319336, 
        "epoch": 134, 
        "main/accuracy": 0.8999999761581421, 
        "validation/main/accuracy": 0.4136904776096344
    }, 
    {
        "polynomialshift/lr": 0.07416198487095664, 
        "main/loss": 0.30413076281547546, 
        "validation/main/loss": 3.1740643978118896, 
        "iteration": 135, 
        "elapsed_time": 31.19979500770569, 
        "epoch": 135, 
        "main/accuracy": 0.8999999761581421, 
        "validation/main/accuracy": 0.4136904776096344
    }, 
    {
        "polynomialshift/lr": 0.07393691004272944, 
        "main/loss": 0.3040885031223297, 
        "validation/main/loss": 3.1775524616241455, 
        "iteration": 136, 
        "elapsed_time": 31.41956090927124, 
        "epoch": 136, 
        "main/accuracy": 0.8999999761581421, 
        "validation/main/accuracy": 0.4136904776096344
    }, 
    {
        "polynomialshift/lr": 0.07371114795831994, 
        "main/loss": 0.3040473163127899, 
        "validation/main/loss": 3.180976390838623, 
        "iteration": 137, 
        "elapsed_time": 31.638647079467773, 
        "epoch": 137, 
        "main/accuracy": 0.8999999761581421, 
        "validation/main/accuracy": 0.414682537317276
    }, 
    {
        "polynomialshift/lr": 0.07348469228349534, 
        "main/loss": 0.30400726199150085, 
        "validation/main/loss": 3.1843411922454834, 
        "iteration": 138, 
        "elapsed_time": 31.857599020004272, 
        "epoch": 138, 
        "main/accuracy": 0.8999999761581421, 
        "validation/main/accuracy": 0.414682537317276
    }, 
    {
        "polynomialshift/lr": 0.0732575365861197, 
        "main/loss": 0.30396825075149536, 
        "validation/main/loss": 3.187703847885132, 
        "iteration": 139, 
        "elapsed_time": 32.07703495025635, 
        "epoch": 139, 
        "main/accuracy": 0.8999999761581421, 
        "validation/main/accuracy": 0.414682537317276
    }, 
    {
        "polynomialshift/lr": 0.07302967433402215, 
        "main/loss": 0.3039301931858063, 
        "validation/main/loss": 3.1909565925598145, 
        "iteration": 140, 
        "elapsed_time": 32.292216062545776, 
        "epoch": 140, 
        "main/accuracy": 0.8999999761581421, 
        "validation/main/accuracy": 0.414682537317276
    }, 
    {
        "polynomialshift/lr": 0.07280109889280519, 
        "main/loss": 0.3038925230503082, 
        "validation/main/loss": 3.1941564083099365, 
        "iteration": 141, 
        "elapsed_time": 32.509352922439575, 
        "epoch": 141, 
        "main/accuracy": 0.8999999761581421, 
        "validation/main/accuracy": 0.4156745970249176
    }, 
    {
        "polynomialshift/lr": 0.07257180352359081, 
        "main/loss": 0.3038851320743561, 
        "validation/main/loss": 3.19922137260437, 
        "iteration": 142, 
        "elapsed_time": 32.740134954452515, 
        "epoch": 142, 
        "main/accuracy": 0.8999999761581421, 
        "validation/main/accuracy": 0.4156745970249176
    }, 
    {
        "polynomialshift/lr": 0.07234178138070235, 
        "main/loss": 0.3038690388202667, 
        "validation/main/loss": 3.1952083110809326, 
        "iteration": 143, 
        "elapsed_time": 32.96404314041138, 
        "epoch": 143, 
        "main/accuracy": 0.8999999761581421, 
        "validation/main/accuracy": 0.4136904776096344
    }, 
    {
        "polynomialshift/lr": 0.0721110255092798, 
        "main/loss": 0.3038581907749176, 
        "validation/main/loss": 3.198535442352295, 
        "iteration": 144, 
        "elapsed_time": 33.18657398223877, 
        "epoch": 144, 
        "main/accuracy": 0.8999999761581421, 
        "validation/main/accuracy": 0.4136904776096344
    }, 
    {
        "polynomialshift/lr": 0.07187952884282608, 
        "main/loss": 0.3038213849067688, 
        "validation/main/loss": 3.2017931938171387, 
        "iteration": 145, 
        "elapsed_time": 33.40780806541443, 
        "epoch": 145, 
        "main/accuracy": 0.8999999761581421, 
        "validation/main/accuracy": 0.4156745970249176
    }, 
    {
        "polynomialshift/lr": 0.07164728420068227, 
        "main/loss": 0.30378562211990356, 
        "validation/main/loss": 3.2049925327301025, 
        "iteration": 146, 
        "elapsed_time": 33.628588914871216, 
        "epoch": 146, 
        "main/accuracy": 0.8999999761581421, 
        "validation/main/accuracy": 0.4156745970249176
    }, 
    {
        "polynomialshift/lr": 0.0714142842854285, 
        "main/loss": 0.3037507236003876, 
        "validation/main/loss": 3.2081382274627686, 
        "iteration": 147, 
        "elapsed_time": 33.893635988235474, 
        "epoch": 147, 
        "main/accuracy": 0.8999999761581421, 
        "validation/main/accuracy": 0.4156745970249176
    }, 
    {
        "polynomialshift/lr": 0.07118052168020875, 
        "main/loss": 0.30371639132499695, 
        "validation/main/loss": 3.211232900619507, 
        "iteration": 148, 
        "elapsed_time": 34.109468936920166, 
        "epoch": 148, 
        "main/accuracy": 0.8999999761581421, 
        "validation/main/accuracy": 0.4156745970249176
    }, 
    {
        "polynomialshift/lr": 0.07094598884597589, 
        "main/loss": 0.30368319153785706, 
        "validation/main/loss": 3.2142772674560547, 
        "iteration": 149, 
        "elapsed_time": 34.325101137161255, 
        "epoch": 149, 
        "main/accuracy": 0.8999999761581421, 
        "validation/main/accuracy": 0.4156745970249176
    }, 
    {
        "polynomialshift/lr": 0.07071067811865477, 
        "main/loss": 0.3036505877971649, 
        "validation/main/loss": 3.2172739505767822, 
        "iteration": 150, 
        "elapsed_time": 34.62853503227234, 
        "epoch": 150, 
        "main/accuracy": 0.8999999761581421, 
        "validation/main/accuracy": 0.4156745970249176
    }, 
    {
        "polynomialshift/lr": 0.07047458170621992, 
        "main/loss": 0.30361834168434143, 
        "validation/main/loss": 3.2202258110046387, 
        "iteration": 151, 
        "elapsed_time": 34.844857931137085, 
        "epoch": 151, 
        "main/accuracy": 0.8999999761581421, 
        "validation/main/accuracy": 0.4156745970249176
    }, 
    {
        "polynomialshift/lr": 0.07023769168568493, 
        "main/loss": 0.30358704924583435, 
        "validation/main/loss": 3.223133087158203, 
        "iteration": 152, 
        "elapsed_time": 35.061793088912964, 
        "epoch": 152, 
        "main/accuracy": 0.8999999761581421, 
        "validation/main/accuracy": 0.4156745970249176
    }, 
    {
        "polynomialshift/lr": 0.06999999999999999, 
        "main/loss": 0.3035695254802704, 
        "validation/main/loss": 3.2191107273101807, 
        "iteration": 153, 
        "elapsed_time": 35.42941093444824, 
        "epoch": 153, 
        "main/accuracy": 0.8999999761581421, 
        "validation/main/accuracy": 0.4136904776096344
    }, 
    {
        "polynomialshift/lr": 0.0697614984548545, 
        "main/loss": 0.3035679757595062, 
        "validation/main/loss": 3.222144365310669, 
        "iteration": 154, 
        "elapsed_time": 35.64979600906372, 
        "epoch": 154, 
        "main/accuracy": 0.8999999761581421, 
        "validation/main/accuracy": 0.4136904776096344
    }, 
    {
        "polynomialshift/lr": 0.0695221787153807, 
        "main/loss": 0.30353689193725586, 
        "validation/main/loss": 3.225127696990967, 
        "iteration": 155, 
        "elapsed_time": 35.873894929885864, 
        "epoch": 155, 
        "main/accuracy": 0.8999999761581421, 
        "validation/main/accuracy": 0.414682537317276
    }, 
    {
        "polynomialshift/lr": 0.06928203230275509, 
        "main/loss": 0.30350667238235474, 
        "validation/main/loss": 3.2280619144439697, 
        "iteration": 156, 
        "elapsed_time": 36.09454798698425, 
        "epoch": 156, 
        "main/accuracy": 0.8999999761581421, 
        "validation/main/accuracy": 0.414682537317276
    }, 
    {
        "polynomialshift/lr": 0.06904105059069326, 
        "main/loss": 0.30348050594329834, 
        "validation/main/loss": 3.2327165603637695, 
        "iteration": 157, 
        "elapsed_time": 36.31472897529602, 
        "epoch": 157, 
        "main/accuracy": 0.8999999761581421, 
        "validation/main/accuracy": 0.4156745970249176
    }, 
    {
        "polynomialshift/lr": 0.06879922480183431, 
        "main/loss": 0.303473562002182, 
        "validation/main/loss": 3.2355074882507324, 
        "iteration": 158, 
        "elapsed_time": 36.53504991531372, 
        "epoch": 158, 
        "main/accuracy": 0.8999999761581421, 
        "validation/main/accuracy": 0.4156745970249176
    }, 
    {
        "polynomialshift/lr": 0.06855654600401044, 
        "main/loss": 0.30344468355178833, 
        "validation/main/loss": 3.238255500793457, 
        "iteration": 159, 
        "elapsed_time": 36.75485897064209, 
        "epoch": 159, 
        "main/accuracy": 0.8999999761581421, 
        "validation/main/accuracy": 0.4156745970249176
    }, 
    {
        "polynomialshift/lr": 0.06831300510639732, 
        "main/loss": 0.3034164607524872, 
        "validation/main/loss": 3.2409651279449463, 
        "iteration": 160, 
        "elapsed_time": 36.97629404067993, 
        "epoch": 160, 
        "main/accuracy": 0.8999999761581421, 
        "validation/main/accuracy": 0.4156745970249176
    }, 
    {
        "polynomialshift/lr": 0.06806859285554046, 
        "main/loss": 0.3033888041973114, 
        "validation/main/loss": 3.243626117706299, 
        "iteration": 161, 
        "elapsed_time": 37.19677996635437, 
        "epoch": 161, 
        "main/accuracy": 0.8999999761581421, 
        "validation/main/accuracy": 0.4156745970249176
    }, 
    {
        "polynomialshift/lr": 0.06782329983125268, 
        "main/loss": 0.30336180329322815, 
        "validation/main/loss": 3.246248722076416, 
        "iteration": 162, 
        "elapsed_time": 37.417227029800415, 
        "epoch": 162, 
        "main/accuracy": 0.8999999761581421, 
        "validation/main/accuracy": 0.4156745970249176
    }, 
    {
        "polynomialshift/lr": 0.06757711644237764, 
        "main/loss": 0.3033352792263031, 
        "validation/main/loss": 3.248835563659668, 
        "iteration": 163, 
        "elapsed_time": 37.638230085372925, 
        "epoch": 163, 
        "main/accuracy": 0.8999999761581421, 
        "validation/main/accuracy": 0.4156745970249176
    }, 
    {
        "polynomialshift/lr": 0.06733003292241385, 
        "main/loss": 0.3033093512058258, 
        "validation/main/loss": 3.251386880874634, 
        "iteration": 164, 
        "elapsed_time": 37.85959196090698, 
        "epoch": 164, 
        "main/accuracy": 0.8999999761581421, 
        "validation/main/accuracy": 0.4156745970249176
    }, 
    {
        "polynomialshift/lr": 0.0670820393249937, 
        "main/loss": 0.3033008277416229, 
        "validation/main/loss": 3.247248888015747, 
        "iteration": 165, 
        "elapsed_time": 38.081629037857056, 
        "epoch": 165, 
        "main/accuracy": 0.8999999761581421, 
        "validation/main/accuracy": 0.414682537317276
    }, 
    {
        "polynomialshift/lr": 0.0668331255192114, 
        "main/loss": 0.3032956123352051, 
        "validation/main/loss": 3.2499606609344482, 
        "iteration": 166, 
        "elapsed_time": 38.30341100692749, 
        "epoch": 166, 
        "main/accuracy": 0.8999999761581421, 
        "validation/main/accuracy": 0.414682537317276
    }, 
    {
        "polynomialshift/lr": 0.06658328118479394, 
        "main/loss": 0.3032696843147278, 
        "validation/main/loss": 3.2526304721832275, 
        "iteration": 167, 
        "elapsed_time": 38.526293992996216, 
        "epoch": 167, 
        "main/accuracy": 0.8999999761581421, 
        "validation/main/accuracy": 0.414682537317276
    }, 
    {
        "polynomialshift/lr": 0.066332495807108, 
        "main/loss": 0.30324432253837585, 
        "validation/main/loss": 3.255260467529297, 
        "iteration": 168, 
        "elapsed_time": 38.793976068496704, 
        "epoch": 168, 
        "main/accuracy": 0.8999999761581421, 
        "validation/main/accuracy": 0.414682537317276
    }, 
    {
        "polynomialshift/lr": 0.0660807586719967, 
        "main/loss": 0.3032195270061493, 
        "validation/main/loss": 3.2578516006469727, 
        "iteration": 169, 
        "elapsed_time": 39.01311707496643, 
        "epoch": 169, 
        "main/accuracy": 0.8999999761581421, 
        "validation/main/accuracy": 0.414682537317276
    }, 
    {
        "polynomialshift/lr": 0.06582805886043834, 
        "main/loss": 0.30319491028785706, 
        "validation/main/loss": 3.2604029178619385, 
        "iteration": 170, 
        "elapsed_time": 39.23122811317444, 
        "epoch": 170, 
        "main/accuracy": 0.8999999761581421, 
        "validation/main/accuracy": 0.414682537317276
    }, 
    {
        "polynomialshift/lr": 0.06557438524302, 
        "main/loss": 0.30317115783691406, 
        "validation/main/loss": 3.262962579727173, 
        "iteration": 171, 
        "elapsed_time": 39.44946098327637, 
        "epoch": 171, 
        "main/accuracy": 0.8999999761581421, 
        "validation/main/accuracy": 0.414682537317276
    }, 
    {
        "polynomialshift/lr": 0.06531972647421808, 
        "main/loss": 0.30314770340919495, 
        "validation/main/loss": 3.265441656112671, 
        "iteration": 172, 
        "elapsed_time": 39.667657136917114, 
        "epoch": 172, 
        "main/accuracy": 0.8999999761581421, 
        "validation/main/accuracy": 0.414682537317276
    }, 
    {
        "polynomialshift/lr": 0.06506407098647712, 
        "main/loss": 0.30312490463256836, 
        "validation/main/loss": 3.2678868770599365, 
        "iteration": 173, 
        "elapsed_time": 39.88571500778198, 
        "epoch": 173, 
        "main/accuracy": 0.8999999761581421, 
        "validation/main/accuracy": 0.414682537317276
    }, 
    {
        "polynomialshift/lr": 0.06480740698407861, 
        "main/loss": 0.3031022250652313, 
        "validation/main/loss": 3.270341634750366, 
        "iteration": 174, 
        "elapsed_time": 40.10508394241333, 
        "epoch": 174, 
        "main/accuracy": 0.8999999761581421, 
        "validation/main/accuracy": 0.414682537317276
    }, 
    {
        "polynomialshift/lr": 0.06454972243679029, 
        "main/loss": 0.3031001389026642, 
        "validation/main/loss": 3.2743825912475586, 
        "iteration": 175, 
        "elapsed_time": 40.323310136795044, 
        "epoch": 175, 
        "main/accuracy": 0.8999999761581421, 
        "validation/main/accuracy": 0.4156745970249176
    }, 
    {
        "polynomialshift/lr": 0.06429100507328638, 
        "main/loss": 0.3030804693698883, 
        "validation/main/loss": 3.2766876220703125, 
        "iteration": 176, 
        "elapsed_time": 40.54199004173279, 
        "epoch": 176, 
        "main/accuracy": 0.8999999761581421, 
        "validation/main/accuracy": 0.4156745970249176
    }, 
    {
        "polynomialshift/lr": 0.06403124237432849, 
        "main/loss": 0.3030587136745453, 
        "validation/main/loss": 3.2789645195007324, 
        "iteration": 177, 
        "elapsed_time": 40.76007604598999, 
        "epoch": 177, 
        "main/accuracy": 0.8999999761581421, 
        "validation/main/accuracy": 0.4156745970249176
    }, 
    {
        "polynomialshift/lr": 0.06377042156569664, 
        "main/loss": 0.3030649721622467, 
        "validation/main/loss": 3.274308204650879, 
        "iteration": 178, 
        "elapsed_time": 40.9782829284668, 
        "epoch": 178, 
        "main/accuracy": 0.8999999761581421, 
        "validation/main/accuracy": 0.414682537317276
    }, 
    {
        "polynomialshift/lr": 0.06350852961085883, 
        "main/loss": 0.30305060744285583, 
        "validation/main/loss": 3.276766777038574, 
        "iteration": 179, 
        "elapsed_time": 41.19606614112854, 
        "epoch": 179, 
        "main/accuracy": 0.8999999761581421, 
        "validation/main/accuracy": 0.414682537317276
    }, 
    {
        "polynomialshift/lr": 0.0632455532033676, 
        "main/loss": 0.3030288815498352, 
        "validation/main/loss": 3.2791879177093506, 
        "iteration": 180, 
        "elapsed_time": 41.415985107421875, 
        "epoch": 180, 
        "main/accuracy": 0.8999999761581421, 
        "validation/main/accuracy": 0.414682537317276
    }, 
    {
        "polynomialshift/lr": 0.06298147875897062, 
        "main/loss": 0.3030076026916504, 
        "validation/main/loss": 3.2815749645233154, 
        "iteration": 181, 
        "elapsed_time": 41.63699698448181, 
        "epoch": 181, 
        "main/accuracy": 0.8999999761581421, 
        "validation/main/accuracy": 0.414682537317276
    }, 
    {
        "polynomialshift/lr": 0.06271629240742259, 
        "main/loss": 0.3029865324497223, 
        "validation/main/loss": 3.283928632736206, 
        "iteration": 182, 
        "elapsed_time": 41.858314990997314, 
        "epoch": 182, 
        "main/accuracy": 0.8999999761581421, 
        "validation/main/accuracy": 0.414682537317276
    }, 
    {
        "polynomialshift/lr": 0.06244997998398399, 
        "main/loss": 0.3029661178588867, 
        "validation/main/loss": 3.286247491836548, 
        "iteration": 183, 
        "elapsed_time": 42.08167314529419, 
        "epoch": 183, 
        "main/accuracy": 0.8999999761581421, 
        "validation/main/accuracy": 0.4156745970249176
    }, 
    {
        "polynomialshift/lr": 0.062182527020592106, 
        "main/loss": 0.302946001291275, 
        "validation/main/loss": 3.288534164428711, 
        "iteration": 184, 
        "elapsed_time": 42.300498962402344, 
        "epoch": 184, 
        "main/accuracy": 0.8999999761581421, 
        "validation/main/accuracy": 0.4156745970249176
    }, 
    {
        "polynomialshift/lr": 0.061913918736689035, 
        "main/loss": 0.30292606353759766, 
        "validation/main/loss": 3.290790557861328, 
        "iteration": 185, 
        "elapsed_time": 42.520061016082764, 
        "epoch": 185, 
        "main/accuracy": 0.8999999761581421, 
        "validation/main/accuracy": 0.4156745970249176
    }, 
    {
        "polynomialshift/lr": 0.061644140029689765, 
        "main/loss": 0.30290672183036804, 
        "validation/main/loss": 3.293016195297241, 
        "iteration": 186, 
        "elapsed_time": 42.73855805397034, 
        "epoch": 186, 
        "main/accuracy": 0.8999999761581421, 
        "validation/main/accuracy": 0.4156745970249176
    }, 
    {
        "polynomialshift/lr": 0.06137317546507324, 
        "main/loss": 0.3028876483440399, 
        "validation/main/loss": 3.295212984085083, 
        "iteration": 187, 
        "elapsed_time": 42.95742106437683, 
        "epoch": 187, 
        "main/accuracy": 0.8999999761581421, 
        "validation/main/accuracy": 0.4156745970249176
    }, 
    {
        "polynomialshift/lr": 0.061101009266077866, 
        "main/loss": 0.3028688430786133, 
        "validation/main/loss": 3.2973809242248535, 
        "iteration": 188, 
        "elapsed_time": 43.17600607872009, 
        "epoch": 188, 
        "main/accuracy": 0.8999999761581421, 
        "validation/main/accuracy": 0.4156745970249176
    }
]