[
    {
        "polynomialshift/lr": 0.09983319421247959, 
        "main/loss": 3.1345324516296387, 
        "validation/main/loss": 2.7678840160369873, 
        "iteration": 1, 
        "elapsed_time": 0.9612691402435303, 
        "epoch": 1, 
        "main/accuracy": 0.0, 
        "validation/main/accuracy": 0.22420634329319
    }, 
    {
        "polynomialshift/lr": 0.09966610925150703, 
        "main/loss": 2.0946295261383057, 
        "validation/main/loss": 2.4400575160980225, 
        "iteration": 2, 
        "elapsed_time": 1.1694509983062744, 
        "epoch": 2, 
        "main/accuracy": 0.5, 
        "validation/main/accuracy": 0.403769850730896
    }, 
    {
        "polynomialshift/lr": 0.099498743710662, 
        "main/loss": 1.4550762176513672, 
        "validation/main/loss": 2.400886297225952, 
        "iteration": 3, 
        "elapsed_time": 1.3783130645751953, 
        "epoch": 3, 
        "main/accuracy": 0.6666666865348816, 
        "validation/main/accuracy": 0.420634925365448
    }, 
    {
        "polynomialshift/lr": 0.09933109617167561, 
        "main/loss": 1.2823182344436646, 
        "validation/main/loss": 2.4085872173309326, 
        "iteration": 4, 
        "elapsed_time": 1.589003086090088, 
        "epoch": 4, 
        "main/accuracy": 0.6666666865348816, 
        "validation/main/accuracy": 0.4196428656578064
    }, 
    {
        "polynomialshift/lr": 0.09916316520429011, 
        "main/loss": 1.2118518352508545, 
        "validation/main/loss": 2.420572519302368, 
        "iteration": 5, 
        "elapsed_time": 1.7946140766143799, 
        "epoch": 5, 
        "main/accuracy": 0.6666666865348816, 
        "validation/main/accuracy": 0.4216269850730896
    }, 
    {
        "polynomialshift/lr": 0.09899494936611666, 
        "main/loss": 1.1667579412460327, 
        "validation/main/loss": 2.4332239627838135, 
        "iteration": 6, 
        "elapsed_time": 2.003926992416382, 
        "epoch": 6, 
        "main/accuracy": 0.6666666865348816, 
        "validation/main/accuracy": 0.4216269850730896
    }, 
    {
        "polynomialshift/lr": 0.09882644720249062, 
        "main/loss": 1.1364725828170776, 
        "validation/main/loss": 2.4458417892456055, 
        "iteration": 7, 
        "elapsed_time": 2.1998729705810547, 
        "epoch": 7, 
        "main/accuracy": 0.6666666865348816, 
        "validation/main/accuracy": 0.4196428656578064
    }, 
    {
        "polynomialshift/lr": 0.09865765724632496, 
        "main/loss": 1.1141810417175293, 
        "validation/main/loss": 2.4573545455932617, 
        "iteration": 8, 
        "elapsed_time": 2.443350076675415, 
        "epoch": 8, 
        "main/accuracy": 0.6666666865348816, 
        "validation/main/accuracy": 0.420634925365448
    }, 
    {
        "polynomialshift/lr": 0.09848857801796106, 
        "main/loss": 1.0978782176971436, 
        "validation/main/loss": 2.4688634872436523, 
        "iteration": 9, 
        "elapsed_time": 2.669757127761841, 
        "epoch": 9, 
        "main/accuracy": 0.6666666865348816, 
        "validation/main/accuracy": 0.4166666567325592
    }, 
    {
        "polynomialshift/lr": 0.09831920802501751, 
        "main/loss": 1.0846697092056274, 
        "validation/main/loss": 2.4797213077545166, 
        "iteration": 10, 
        "elapsed_time": 2.8752331733703613, 
        "epoch": 10, 
        "main/accuracy": 0.6666666865348816, 
        "validation/main/accuracy": 0.4186508059501648
    }, 
    {
        "polynomialshift/lr": 0.09814954576223639, 
        "main/loss": 1.0737454891204834, 
        "validation/main/loss": 2.4899044036865234, 
        "iteration": 11, 
        "elapsed_time": 3.1047511100769043, 
        "epoch": 11, 
        "main/accuracy": 0.6666666865348816, 
        "validation/main/accuracy": 0.4186508059501648
    }, 
    {
        "polynomialshift/lr": 0.09797958971132713, 
        "main/loss": 1.0645599365234375, 
        "validation/main/loss": 2.5004799365997314, 
        "iteration": 12, 
        "elapsed_time": 3.3376331329345703, 
        "epoch": 12, 
        "main/accuracy": 0.6666666865348816, 
        "validation/main/accuracy": 0.4166666567325592
    }, 
    {
        "polynomialshift/lr": 0.09780933834080807, 
        "main/loss": 1.0571486949920654, 
        "validation/main/loss": 2.509474039077759, 
        "iteration": 13, 
        "elapsed_time": 3.565338134765625, 
        "epoch": 13, 
        "main/accuracy": 0.6666666865348816, 
        "validation/main/accuracy": 0.4166666567325592
    }, 
    {
        "polynomialshift/lr": 0.0976387901058454, 
        "main/loss": 1.0508241653442383, 
        "validation/main/loss": 2.5193393230438232, 
        "iteration": 14, 
        "elapsed_time": 3.78000807762146, 
        "epoch": 14, 
        "main/accuracy": 0.6666666865348816, 
        "validation/main/accuracy": 0.4156745970249176
    }, 
    {
        "polynomialshift/lr": 0.09746794344808964, 
        "main/loss": 1.0457332134246826, 
        "validation/main/loss": 2.527555465698242, 
        "iteration": 15, 
        "elapsed_time": 3.998553991317749, 
        "epoch": 15, 
        "main/accuracy": 0.6666666865348816, 
        "validation/main/accuracy": 0.4156745970249176
    }, 
    {
        "polynomialshift/lr": 0.09729679679550951, 
        "main/loss": 1.0418108701705933, 
        "validation/main/loss": 2.5366687774658203, 
        "iteration": 16, 
        "elapsed_time": 4.259874105453491, 
        "epoch": 16, 
        "main/accuracy": 0.6666666865348816, 
        "validation/main/accuracy": 0.4156745970249176
    }, 
    {
        "polynomialshift/lr": 0.0971253485622231, 
        "main/loss": 1.038178563117981, 
        "validation/main/loss": 2.545280694961548, 
        "iteration": 17, 
        "elapsed_time": 4.4651710987091064, 
        "epoch": 17, 
        "main/accuracy": 0.6666666865348816, 
        "validation/main/accuracy": 0.4126984179019928
    }, 
    {
        "polynomialshift/lr": 0.09695359714832658, 
        "main/loss": 1.03509521484375, 
        "validation/main/loss": 2.5524842739105225, 
        "iteration": 18, 
        "elapsed_time": 4.680052042007446, 
        "epoch": 18, 
        "main/accuracy": 0.6666666865348816, 
        "validation/main/accuracy": 0.4136904776096344
    }, 
    {
        "polynomialshift/lr": 0.09678154093971984, 
        "main/loss": 1.032517433166504, 
        "validation/main/loss": 2.5604820251464844, 
        "iteration": 19, 
        "elapsed_time": 4.896907091140747, 
        "epoch": 19, 
        "main/accuracy": 0.6666666865348816, 
        "validation/main/accuracy": 0.4136904776096344
    }, 
    {
        "polynomialshift/lr": 0.09660917830792959, 
        "main/loss": 1.0300039052963257, 
        "validation/main/loss": 2.568058967590332, 
        "iteration": 20, 
        "elapsed_time": 5.1132659912109375, 
        "epoch": 20, 
        "main/accuracy": 0.6666666865348816, 
        "validation/main/accuracy": 0.4126984179019928
    }, 
    {
        "polynomialshift/lr": 0.09643650760992956, 
        "main/loss": 1.0278129577636719, 
        "validation/main/loss": 2.5753440856933594, 
        "iteration": 21, 
        "elapsed_time": 5.313006162643433, 
        "epoch": 21, 
        "main/accuracy": 0.6666666865348816, 
        "validation/main/accuracy": 0.4117063581943512
    }, 
    {
        "polynomialshift/lr": 0.09626352718795768, 
        "main/loss": 1.025823712348938, 
        "validation/main/loss": 2.5824649333953857, 
        "iteration": 22, 
        "elapsed_time": 5.516610145568848, 
        "epoch": 22, 
        "main/accuracy": 0.6666666865348816, 
        "validation/main/accuracy": 0.4107142984867096
    }, 
    {
        "polynomialshift/lr": 0.0960902353693305, 
        "main/loss": 1.0242692232131958, 
        "validation/main/loss": 2.588092565536499, 
        "iteration": 23, 
        "elapsed_time": 5.731287002563477, 
        "epoch": 23, 
        "main/accuracy": 0.6666666865348816, 
        "validation/main/accuracy": 0.4107142984867096
    }, 
    {
        "polynomialshift/lr": 0.0959166304662544, 
        "main/loss": 1.0226678848266602, 
        "validation/main/loss": 2.5945258140563965, 
        "iteration": 24, 
        "elapsed_time": 5.934956073760986, 
        "epoch": 24, 
        "main/accuracy": 0.6666666865348816, 
        "validation/main/accuracy": 0.408730149269104
    }, 
    {
        "polynomialshift/lr": 0.09574271077563382, 
        "main/loss": 1.0211865901947021, 
        "validation/main/loss": 2.6005473136901855, 
        "iteration": 25, 
        "elapsed_time": 6.136345148086548, 
        "epoch": 25, 
        "main/accuracy": 0.6666666865348816, 
        "validation/main/accuracy": 0.4077380895614624
    }, 
    {
        "polynomialshift/lr": 0.09556847457887635, 
        "main/loss": 1.0198636054992676, 
        "validation/main/loss": 2.606410026550293, 
        "iteration": 26, 
        "elapsed_time": 6.340787172317505, 
        "epoch": 26, 
        "main/accuracy": 0.6666666865348816, 
        "validation/main/accuracy": 0.4057539701461792
    }, 
    {
        "polynomialshift/lr": 0.09539392014169457, 
        "main/loss": 1.0185933113098145, 
        "validation/main/loss": 2.6122636795043945, 
        "iteration": 27, 
        "elapsed_time": 6.536664009094238, 
        "epoch": 27, 
        "main/accuracy": 0.6666666865348816, 
        "validation/main/accuracy": 0.4027777910232544
    }, 
    {
        "polynomialshift/lr": 0.09521904571390466, 
        "main/loss": 1.0174157619476318, 
        "validation/main/loss": 2.616790771484375, 
        "iteration": 28, 
        "elapsed_time": 6.778422117233276, 
        "epoch": 28, 
        "main/accuracy": 0.6666666865348816, 
        "validation/main/accuracy": 0.4057539701461792
    }, 
    {
        "polynomialshift/lr": 0.09504384952922168, 
        "main/loss": 1.016505479812622, 
        "validation/main/loss": 2.6222472190856934, 
        "iteration": 29, 
        "elapsed_time": 6.995371103286743, 
        "epoch": 29, 
        "main/accuracy": 0.6666666865348816, 
        "validation/main/accuracy": 0.4047619104385376
    }, 
    {
        "polynomialshift/lr": 0.09486832980505139, 
        "main/loss": 1.0154951810836792, 
        "validation/main/loss": 2.6276447772979736, 
        "iteration": 30, 
        "elapsed_time": 7.197657108306885, 
        "epoch": 30, 
        "main/accuracy": 0.6666666865348816, 
        "validation/main/accuracy": 0.403769850730896
    }, 
    {
        "polynomialshift/lr": 0.09469248474227861, 
        "main/loss": 1.0145483016967773, 
        "validation/main/loss": 2.6324989795684814, 
        "iteration": 31, 
        "elapsed_time": 7.428287982940674, 
        "epoch": 31, 
        "main/accuracy": 0.6666666865348816, 
        "validation/main/accuracy": 0.403769850730896
    }, 
    {
        "polynomialshift/lr": 0.09451631252505217, 
        "main/loss": 1.013683557510376, 
        "validation/main/loss": 2.6374831199645996, 
        "iteration": 32, 
        "elapsed_time": 7.679855108261108, 
        "epoch": 32, 
        "main/accuracy": 0.6666666865348816, 
        "validation/main/accuracy": 0.4027777910232544
    }, 
    {
        "polynomialshift/lr": 0.09433981132056604, 
        "main/loss": 1.0128587484359741, 
        "validation/main/loss": 2.6423323154449463, 
        "iteration": 33, 
        "elapsed_time": 7.90004301071167, 
        "epoch": 33, 
        "main/accuracy": 0.6666666865348816, 
        "validation/main/accuracy": 0.4017857015132904
    }, 
    {
        "polynomialshift/lr": 0.0941629792788369, 
        "main/loss": 1.0121104717254639, 
        "validation/main/loss": 2.6470799446105957, 
        "iteration": 34, 
        "elapsed_time": 8.105067014694214, 
        "epoch": 34, 
        "main/accuracy": 0.6666666865348816, 
        "validation/main/accuracy": 0.4007936418056488
    }, 
    {
        "polynomialshift/lr": 0.0939858145324779, 
        "main/loss": 1.0113956928253174, 
        "validation/main/loss": 2.650611400604248, 
        "iteration": 35, 
        "elapsed_time": 8.334113121032715, 
        "epoch": 35, 
        "main/accuracy": 0.6666666865348816, 
        "validation/main/accuracy": 0.4027777910232544
    }, 
    {
        "polynomialshift/lr": 0.0938083151964686, 
        "main/loss": 1.0108797550201416, 
        "validation/main/loss": 2.6551034450531006, 
        "iteration": 36, 
        "elapsed_time": 8.554075956344604, 
        "epoch": 36, 
        "main/accuracy": 0.6666666865348816, 
        "validation/main/accuracy": 0.4017857015132904
    }, 
    {
        "polynomialshift/lr": 0.09363047936792093, 
        "main/loss": 1.0104643106460571, 
        "validation/main/loss": 2.660984754562378, 
        "iteration": 37, 
        "elapsed_time": 8.797006130218506, 
        "epoch": 37, 
        "main/accuracy": 0.6666666865348816, 
        "validation/main/accuracy": 0.4027777910232544
    }, 
    {
        "polynomialshift/lr": 0.09345230512584124, 
        "main/loss": 1.0099012851715088, 
        "validation/main/loss": 2.665078639984131, 
        "iteration": 38, 
        "elapsed_time": 9.069945096969604, 
        "epoch": 38, 
        "main/accuracy": 0.6666666865348816, 
        "validation/main/accuracy": 0.4007936418056488
    }, 
    {
        "polynomialshift/lr": 0.09327379053088815, 
        "main/loss": 1.0096038579940796, 
        "validation/main/loss": 2.670706272125244, 
        "iteration": 39, 
        "elapsed_time": 9.281968116760254, 
        "epoch": 39, 
        "main/accuracy": 0.6666666865348816, 
        "validation/main/accuracy": 0.4007936418056488
    }, 
    {
        "polynomialshift/lr": 0.09309493362512627, 
        "main/loss": 1.0091102123260498, 
        "validation/main/loss": 2.6760971546173096, 
        "iteration": 40, 
        "elapsed_time": 9.500018119812012, 
        "epoch": 40, 
        "main/accuracy": 0.6666666865348816, 
        "validation/main/accuracy": 0.4027777910232544
    }, 
    {
        "polynomialshift/lr": 0.0929157324317757, 
        "main/loss": 1.0087666511535645, 
        "validation/main/loss": 2.6795899868011475, 
        "iteration": 41, 
        "elapsed_time": 9.71483302116394, 
        "epoch": 41, 
        "main/accuracy": 0.6666666865348816, 
        "validation/main/accuracy": 0.4007936418056488
    }, 
    {
        "polynomialshift/lr": 0.09273618495495704, 
        "main/loss": 1.0084586143493652, 
        "validation/main/loss": 2.684434175491333, 
        "iteration": 42, 
        "elapsed_time": 9.918292045593262, 
        "epoch": 42, 
        "main/accuracy": 0.6666666865348816, 
        "validation/main/accuracy": 0.4027777910232544
    }, 
    {
        "polynomialshift/lr": 0.09255628917943215, 
        "main/loss": 1.0080666542053223, 
        "validation/main/loss": 2.687716245651245, 
        "iteration": 43, 
        "elapsed_time": 10.1529061794281, 
        "epoch": 43, 
        "main/accuracy": 0.6666666865348816, 
        "validation/main/accuracy": 0.4017857015132904
    }, 
    {
        "polynomialshift/lr": 0.09237604307034013, 
        "main/loss": 1.0078942775726318, 
        "validation/main/loss": 2.692565679550171, 
        "iteration": 44, 
        "elapsed_time": 10.368430137634277, 
        "epoch": 44, 
        "main/accuracy": 0.6666666865348816, 
        "validation/main/accuracy": 0.4017857015132904
    }, 
    {
        "polynomialshift/lr": 0.09219544457292889, 
        "main/loss": 1.007544755935669, 
        "validation/main/loss": 2.6973867416381836, 
        "iteration": 45, 
        "elapsed_time": 10.638123035430908, 
        "epoch": 45, 
        "main/accuracy": 0.6666666865348816, 
        "validation/main/accuracy": 0.4027777910232544
    }, 
    {
        "polynomialshift/lr": 0.09201449161228176, 
        "main/loss": 1.0072218179702759, 
        "validation/main/loss": 2.702033042907715, 
        "iteration": 46, 
        "elapsed_time": 10.85742998123169, 
        "epoch": 46, 
        "main/accuracy": 0.6666666865348816, 
        "validation/main/accuracy": 0.403769850730896
    }, 
    {
        "polynomialshift/lr": 0.09183318209303941, 
        "main/loss": 1.0070886611938477, 
        "validation/main/loss": 2.7046310901641846, 
        "iteration": 47, 
        "elapsed_time": 11.101346015930176, 
        "epoch": 47, 
        "main/accuracy": 0.6666666865348816, 
        "validation/main/accuracy": 0.4017857015132904
    }, 
    {
        "polynomialshift/lr": 0.0916515138991168, 
        "main/loss": 1.0068590641021729, 
        "validation/main/loss": 2.7078962326049805, 
        "iteration": 48, 
        "elapsed_time": 11.31432294845581, 
        "epoch": 48, 
        "main/accuracy": 0.6666666865348816, 
        "validation/main/accuracy": 0.403769850730896
    }, 
    {
        "polynomialshift/lr": 0.09146948489341496, 
        "main/loss": 1.006622314453125, 
        "validation/main/loss": 2.7103326320648193, 
        "iteration": 49, 
        "elapsed_time": 11.537206172943115, 
        "epoch": 49, 
        "main/accuracy": 0.6666666865348816, 
        "validation/main/accuracy": 0.4027777910232544
    }, 
    {
        "polynomialshift/lr": 0.09128709291752769, 
        "main/loss": 1.00648832321167, 
        "validation/main/loss": 2.714632272720337, 
        "iteration": 50, 
        "elapsed_time": 11.791279077529907, 
        "epoch": 50, 
        "main/accuracy": 0.6666666865348816, 
        "validation/main/accuracy": 0.4047619104385376
    }, 
    {
        "polynomialshift/lr": 0.091104335791443, 
        "main/loss": 1.0062403678894043, 
        "validation/main/loss": 2.718860149383545, 
        "iteration": 51, 
        "elapsed_time": 12.00813102722168, 
        "epoch": 51, 
        "main/accuracy": 0.6666666865348816, 
        "validation/main/accuracy": 0.4047619104385376
    }, 
    {
        "polynomialshift/lr": 0.09092121131323905, 
        "main/loss": 1.006008505821228, 
        "validation/main/loss": 2.7229487895965576, 
        "iteration": 52, 
        "elapsed_time": 12.227596044540405, 
        "epoch": 52, 
        "main/accuracy": 0.6666666865348816, 
        "validation/main/accuracy": 0.4047619104385376
    }, 
    {
        "polynomialshift/lr": 0.09073771725877466, 
        "main/loss": 1.0058777332305908, 
        "validation/main/loss": 2.724947452545166, 
        "iteration": 53, 
        "elapsed_time": 12.452852964401245, 
        "epoch": 53, 
        "main/accuracy": 0.6666666865348816, 
        "validation/main/accuracy": 0.403769850730896
    }, 
    {
        "polynomialshift/lr": 0.09055385138137417, 
        "main/loss": 1.0057337284088135, 
        "validation/main/loss": 2.728908061981201, 
        "iteration": 54, 
        "elapsed_time": 12.654405117034912, 
        "epoch": 54, 
        "main/accuracy": 0.6666666865348816, 
        "validation/main/accuracy": 0.403769850730896
    }, 
    {
        "polynomialshift/lr": 0.0903696114115064, 
        "main/loss": 1.0055315494537354, 
        "validation/main/loss": 2.7327799797058105, 
        "iteration": 55, 
        "elapsed_time": 12.847743034362793, 
        "epoch": 55, 
        "main/accuracy": 0.6666666865348816, 
        "validation/main/accuracy": 0.4047619104385376
    }, 
    {
        "polynomialshift/lr": 0.09018499505645788, 
        "main/loss": 1.0053414106369019, 
        "validation/main/loss": 2.736567497253418, 
        "iteration": 56, 
        "elapsed_time": 13.052728176116943, 
        "epoch": 56, 
        "main/accuracy": 0.6666666865348816, 
        "validation/main/accuracy": 0.4057539701461792
    }, 
    {
        "polynomialshift/lr": 0.09000000000000001, 
        "main/loss": 1.005212426185608, 
        "validation/main/loss": 2.738157272338867, 
        "iteration": 57, 
        "elapsed_time": 13.264028072357178, 
        "epoch": 57, 
        "main/accuracy": 0.6666666865348816, 
        "validation/main/accuracy": 0.403769850730896
    }, 
    {
        "polynomialshift/lr": 0.08981462390204986, 
        "main/loss": 1.0051095485687256, 
        "validation/main/loss": 2.741854190826416, 
        "iteration": 58, 
        "elapsed_time": 13.48064398765564, 
        "epoch": 58, 
        "main/accuracy": 0.6666666865348816, 
        "validation/main/accuracy": 0.4047619104385376
    }, 
    {
        "polynomialshift/lr": 0.08962886439832501, 
        "main/loss": 1.004942536354065, 
        "validation/main/loss": 2.745471954345703, 
        "iteration": 59, 
        "elapsed_time": 13.672336101531982, 
        "epoch": 59, 
        "main/accuracy": 0.6666666865348816, 
        "validation/main/accuracy": 0.4047619104385376
    }, 
    {
        "polynomialshift/lr": 0.08944271909999159, 
        "main/loss": 1.0047845840454102, 
        "validation/main/loss": 2.748983144760132, 
        "iteration": 60, 
        "elapsed_time": 13.893129110336304, 
        "epoch": 60, 
        "main/accuracy": 0.6666666865348816, 
        "validation/main/accuracy": 0.4047619104385376
    }, 
    {
        "polynomialshift/lr": 0.08925618559330589, 
        "main/loss": 1.0046350955963135, 
        "validation/main/loss": 2.752429246902466, 
        "iteration": 61, 
        "elapsed_time": 14.15375804901123, 
        "epoch": 61, 
        "main/accuracy": 0.6666666865348816, 
        "validation/main/accuracy": 0.4047619104385376
    }, 
    {
        "polynomialshift/lr": 0.08906926143924926, 
        "main/loss": 1.0046031475067139, 
        "validation/main/loss": 2.753614664077759, 
        "iteration": 62, 
        "elapsed_time": 14.384148120880127, 
        "epoch": 62, 
        "main/accuracy": 0.6666666865348816, 
        "validation/main/accuracy": 0.4057539701461792
    }, 
    {
        "polynomialshift/lr": 0.0888819441731559, 
        "main/loss": 1.0044691562652588, 
        "validation/main/loss": 2.756965160369873, 
        "iteration": 63, 
        "elapsed_time": 14.625581979751587, 
        "epoch": 63, 
        "main/accuracy": 0.6666666865348816, 
        "validation/main/accuracy": 0.4057539701461792
    }, 
    {
        "polynomialshift/lr": 0.0886942313043338, 
        "main/loss": 1.004334568977356, 
        "validation/main/loss": 2.7602810859680176, 
        "iteration": 64, 
        "elapsed_time": 14.834716081619263, 
        "epoch": 64, 
        "main/accuracy": 0.6666666865348816, 
        "validation/main/accuracy": 0.4067460298538208
    }, 
    {
        "polynomialshift/lr": 0.08850612031567837, 
        "main/loss": 1.004213571548462, 
        "validation/main/loss": 2.7623209953308105, 
        "iteration": 65, 
        "elapsed_time": 15.070120096206665, 
        "epoch": 65, 
        "main/accuracy": 0.6666666865348816, 
        "validation/main/accuracy": 0.4057539701461792
    }, 
    {
        "polynomialshift/lr": 0.08831760866327848, 
        "main/loss": 1.0041909217834473, 
        "validation/main/loss": 2.763288736343384, 
        "iteration": 66, 
        "elapsed_time": 15.319391012191772, 
        "epoch": 66, 
        "main/accuracy": 0.6666666865348816, 
        "validation/main/accuracy": 0.4057539701461792
    }, 
    {
        "polynomialshift/lr": 0.08812869377601523, 
        "main/loss": 1.0041038990020752, 
        "validation/main/loss": 2.7664449214935303, 
        "iteration": 67, 
        "elapsed_time": 15.539546012878418, 
        "epoch": 67, 
        "main/accuracy": 0.6666666865348816, 
        "validation/main/accuracy": 0.4057539701461792
    }, 
    {
        "polynomialshift/lr": 0.0879393730551528, 
        "main/loss": 1.0039863586425781, 
        "validation/main/loss": 2.769540548324585, 
        "iteration": 68, 
        "elapsed_time": 15.739406108856201, 
        "epoch": 68, 
        "main/accuracy": 0.6666666865348816, 
        "validation/main/accuracy": 0.4057539701461792
    }, 
    {
        "polynomialshift/lr": 0.08774964387392123, 
        "main/loss": 1.0038747787475586, 
        "validation/main/loss": 2.7726073265075684, 
        "iteration": 69, 
        "elapsed_time": 15.959638118743896, 
        "epoch": 69, 
        "main/accuracy": 0.6666666865348816, 
        "validation/main/accuracy": 0.4057539701461792
    }, 
    {
        "polynomialshift/lr": 0.08755950357709132, 
        "main/loss": 1.003767967224121, 
        "validation/main/loss": 2.775594472885132, 
        "iteration": 70, 
        "elapsed_time": 16.167726039886475, 
        "epoch": 70, 
        "main/accuracy": 0.6666666865348816, 
        "validation/main/accuracy": 0.4057539701461792
    }, 
    {
        "polynomialshift/lr": 0.08736894948054105, 
        "main/loss": 1.0036818981170654, 
        "validation/main/loss": 2.7762463092803955, 
        "iteration": 71, 
        "elapsed_time": 16.391306161880493, 
        "epoch": 71, 
        "main/accuracy": 0.6666666865348816, 
        "validation/main/accuracy": 0.4057539701461792
    }, 
    {
        "polynomialshift/lr": 0.08717797887081347, 
        "main/loss": 1.0036554336547852, 
        "validation/main/loss": 2.779191017150879, 
        "iteration": 72, 
        "elapsed_time": 16.653273105621338, 
        "epoch": 72, 
        "main/accuracy": 0.6666666865348816, 
        "validation/main/accuracy": 0.4057539701461792
    }, 
    {
        "polynomialshift/lr": 0.08698658900466592, 
        "main/loss": 1.003557562828064, 
        "validation/main/loss": 2.7820842266082764, 
        "iteration": 73, 
        "elapsed_time": 16.88576912879944, 
        "epoch": 73, 
        "main/accuracy": 0.6666666865348816, 
        "validation/main/accuracy": 0.4057539701461792
    }, 
    {
        "polynomialshift/lr": 0.08679477710861025, 
        "main/loss": 1.0034639835357666, 
        "validation/main/loss": 2.784925937652588, 
        "iteration": 74, 
        "elapsed_time": 17.087605953216553, 
        "epoch": 74, 
        "main/accuracy": 0.6666666865348816, 
        "validation/main/accuracy": 0.4057539701461792
    }, 
    {
        "polynomialshift/lr": 0.08660254037844387, 
        "main/loss": 1.0033739805221558, 
        "validation/main/loss": 2.7876992225646973, 
        "iteration": 75, 
        "elapsed_time": 17.330592155456543, 
        "epoch": 75, 
        "main/accuracy": 0.6666666865348816, 
        "validation/main/accuracy": 0.4057539701461792
    }, 
    {
        "polynomialshift/lr": 0.08640987597877148, 
        "main/loss": 1.0032877922058105, 
        "validation/main/loss": 2.7904279232025146, 
        "iteration": 76, 
        "elapsed_time": 17.540333032608032, 
        "epoch": 76, 
        "main/accuracy": 0.6666666865348816, 
        "validation/main/accuracy": 0.4057539701461792
    }, 
    {
        "polynomialshift/lr": 0.0862167810425171, 
        "main/loss": 1.0032215118408203, 
        "validation/main/loss": 2.7908174991607666, 
        "iteration": 77, 
        "elapsed_time": 17.747503995895386, 
        "epoch": 77, 
        "main/accuracy": 0.6666666865348816, 
        "validation/main/accuracy": 0.4057539701461792
    }, 
    {
        "polynomialshift/lr": 0.08602325267042626, 
        "main/loss": 1.003206729888916, 
        "validation/main/loss": 2.79349684715271, 
        "iteration": 78, 
        "elapsed_time": 17.948544025421143, 
        "epoch": 78, 
        "main/accuracy": 0.6666666865348816, 
        "validation/main/accuracy": 0.4057539701461792
    }, 
    {
        "polynomialshift/lr": 0.08582928793055822, 
        "main/loss": 1.0031260251998901, 
        "validation/main/loss": 2.796135902404785, 
        "iteration": 79, 
        "elapsed_time": 18.14648413658142, 
        "epoch": 79, 
        "main/accuracy": 0.6666666865348816, 
        "validation/main/accuracy": 0.4057539701461792
    }, 
    {
        "polynomialshift/lr": 0.08563488385776753, 
        "main/loss": 1.0030486583709717, 
        "validation/main/loss": 2.798734426498413, 
        "iteration": 80, 
        "elapsed_time": 18.388795137405396, 
        "epoch": 80, 
        "main/accuracy": 0.6666666865348816, 
        "validation/main/accuracy": 0.4067460298538208
    }, 
    {
        "polynomialshift/lr": 0.08544003745317531, 
        "main/loss": 1.0029737949371338, 
        "validation/main/loss": 2.8012936115264893, 
        "iteration": 81, 
        "elapsed_time": 18.60399103164673, 
        "epoch": 81, 
        "main/accuracy": 0.6666666865348816, 
        "validation/main/accuracy": 0.4067460298538208
    }, 
    {
        "polynomialshift/lr": 0.08524474568362948, 
        "main/loss": 1.0029016733169556, 
        "validation/main/loss": 2.803813934326172, 
        "iteration": 82, 
        "elapsed_time": 18.803953170776367, 
        "epoch": 82, 
        "main/accuracy": 0.6666666865348816, 
        "validation/main/accuracy": 0.4067460298538208
    }, 
    {
        "polynomialshift/lr": 0.08504900548115384, 
        "main/loss": 1.0028324127197266, 
        "validation/main/loss": 2.8062965869903564, 
        "iteration": 83, 
        "elapsed_time": 19.088451147079468, 
        "epoch": 83, 
        "main/accuracy": 0.6666666865348816, 
        "validation/main/accuracy": 0.4067460298538208
    }, 
    {
        "polynomialshift/lr": 0.08485281374238571, 
        "main/loss": 1.0027685165405273, 
        "validation/main/loss": 2.806356430053711, 
        "iteration": 84, 
        "elapsed_time": 19.303719997406006, 
        "epoch": 84, 
        "main/accuracy": 0.6666666865348816, 
        "validation/main/accuracy": 0.4067460298538208
    }, 
    {
        "polynomialshift/lr": 0.08465616732800196, 
        "main/loss": 1.002768874168396, 
        "validation/main/loss": 2.8087964057922363, 
        "iteration": 85, 
        "elapsed_time": 19.5402569770813, 
        "epoch": 85, 
        "main/accuracy": 0.6666666865348816, 
        "validation/main/accuracy": 0.4067460298538208
    }, 
    {
        "polynomialshift/lr": 0.08445906306213286, 
        "main/loss": 1.0027039051055908, 
        "validation/main/loss": 2.81119966506958, 
        "iteration": 86, 
        "elapsed_time": 19.771065950393677, 
        "epoch": 86, 
        "main/accuracy": 0.6666666865348816, 
        "validation/main/accuracy": 0.4067460298538208
    }, 
    {
        "polynomialshift/lr": 0.08426149773176358, 
        "main/loss": 1.002640962600708, 
        "validation/main/loss": 2.8135876655578613, 
        "iteration": 87, 
        "elapsed_time": 19.97500205039978, 
        "epoch": 87, 
        "main/accuracy": 0.6666666865348816, 
        "validation/main/accuracy": 0.4067460298538208
    }, 
    {
        "polynomialshift/lr": 0.08406346808612328, 
        "main/loss": 1.0025804042816162, 
        "validation/main/loss": 2.8159215450286865, 
        "iteration": 88, 
        "elapsed_time": 20.277538061141968, 
        "epoch": 88, 
        "main/accuracy": 0.6666666865348816, 
        "validation/main/accuracy": 0.4067460298538208
    }, 
    {
        "polynomialshift/lr": 0.08386497083606083, 
        "main/loss": 1.0025218725204468, 
        "validation/main/loss": 2.8182244300842285, 
        "iteration": 89, 
        "elapsed_time": 20.478654146194458, 
        "epoch": 89, 
        "main/accuracy": 0.6666666865348816, 
        "validation/main/accuracy": 0.4067460298538208
    }, 
    {
        "polynomialshift/lr": 0.08366600265340757, 
        "main/loss": 1.002478837966919, 
        "validation/main/loss": 2.8193233013153076, 
        "iteration": 90, 
        "elapsed_time": 20.686723947525024, 
        "epoch": 90, 
        "main/accuracy": 0.6666666865348816, 
        "validation/main/accuracy": 0.4067460298538208
    }, 
    {
        "polynomialshift/lr": 0.08346656017032611, 
        "main/loss": 1.002500295639038, 
        "validation/main/loss": 2.8191893100738525, 
        "iteration": 91, 
        "elapsed_time": 21.0812029838562, 
        "epoch": 91, 
        "main/accuracy": 0.6666666865348816, 
        "validation/main/accuracy": 0.4057539701461792
    }, 
    {
        "polynomialshift/lr": 0.08326663997864531, 
        "main/loss": 1.0024511814117432, 
        "validation/main/loss": 2.82145094871521, 
        "iteration": 92, 
        "elapsed_time": 21.317837953567505, 
        "epoch": 92, 
        "main/accuracy": 0.6666666865348816, 
        "validation/main/accuracy": 0.4057539701461792
    }, 
    {
        "polynomialshift/lr": 0.08306623862918075, 
        "main/loss": 1.0023958683013916, 
        "validation/main/loss": 2.8236632347106934, 
        "iteration": 93, 
        "elapsed_time": 21.586138010025024, 
        "epoch": 93, 
        "main/accuracy": 0.6666666865348816, 
        "validation/main/accuracy": 0.4057539701461792
    }, 
    {
        "polynomialshift/lr": 0.08286535263104036, 
        "main/loss": 1.0023428201675415, 
        "validation/main/loss": 2.82584547996521, 
        "iteration": 94, 
        "elapsed_time": 21.809407949447632, 
        "epoch": 94, 
        "main/accuracy": 0.6666666865348816, 
        "validation/main/accuracy": 0.4057539701461792
    }, 
    {
        "polynomialshift/lr": 0.08266397845091497, 
        "main/loss": 1.0022914409637451, 
        "validation/main/loss": 2.8279974460601807, 
        "iteration": 95, 
        "elapsed_time": 22.024017095565796, 
        "epoch": 95, 
        "main/accuracy": 0.6666666865348816, 
        "validation/main/accuracy": 0.4057539701461792
    }, 
    {
        "polynomialshift/lr": 0.0824621125123532, 
        "main/loss": 1.002241849899292, 
        "validation/main/loss": 2.83013653755188, 
        "iteration": 96, 
        "elapsed_time": 22.217172145843506, 
        "epoch": 96, 
        "main/accuracy": 0.6666666865348816, 
        "validation/main/accuracy": 0.4057539701461792
    }, 
    {
        "polynomialshift/lr": 0.08225975119502045, 
        "main/loss": 1.0021936893463135, 
        "validation/main/loss": 2.8322339057922363, 
        "iteration": 97, 
        "elapsed_time": 22.430866956710815, 
        "epoch": 97, 
        "main/accuracy": 0.6666666865348816, 
        "validation/main/accuracy": 0.4057539701461792
    }, 
    {
        "polynomialshift/lr": 0.08205689083394115, 
        "main/loss": 1.0021469593048096, 
        "validation/main/loss": 2.8343024253845215, 
        "iteration": 98, 
        "elapsed_time": 22.636183977127075, 
        "epoch": 98, 
        "main/accuracy": 0.6666666865348816, 
        "validation/main/accuracy": 0.4067460298538208
    }, 
    {
        "polynomialshift/lr": 0.0818535277187245, 
        "main/loss": 1.0021058320999146, 
        "validation/main/loss": 2.8339133262634277, 
        "iteration": 99, 
        "elapsed_time": 22.8400981426239, 
        "epoch": 99, 
        "main/accuracy": 0.6666666865348816, 
        "validation/main/accuracy": 0.4067460298538208
    }, 
    {
        "polynomialshift/lr": 0.08164965809277261, 
        "main/loss": 1.002137303352356, 
        "validation/main/loss": 2.835756778717041, 
        "iteration": 100, 
        "elapsed_time": 23.048635005950928, 
        "epoch": 100, 
        "main/accuracy": 0.6666666865348816, 
        "validation/main/accuracy": 0.4067460298538208
    }, 
    {
        "polynomialshift/lr": 0.08144527815247078, 
        "main/loss": 1.002065896987915, 
        "validation/main/loss": 2.8377716541290283, 
        "iteration": 101, 
        "elapsed_time": 23.243561029434204, 
        "epoch": 101, 
        "main/accuracy": 0.6666666865348816, 
        "validation/main/accuracy": 0.4067460298538208
    }, 
    {
        "polynomialshift/lr": 0.08124038404635961, 
        "main/loss": 1.0020225048065186, 
        "validation/main/loss": 2.83976411819458, 
        "iteration": 102, 
        "elapsed_time": 23.449646949768066, 
        "epoch": 102, 
        "main/accuracy": 0.6666666865348816, 
        "validation/main/accuracy": 0.4067460298538208
    }, 
    {
        "polynomialshift/lr": 0.08103497187428813, 
        "main/loss": 1.0019805431365967, 
        "validation/main/loss": 2.841731309890747, 
        "iteration": 103, 
        "elapsed_time": 23.66475796699524, 
        "epoch": 103, 
        "main/accuracy": 0.6666666865348816, 
        "validation/main/accuracy": 0.4067460298538208
    }, 
    {
        "polynomialshift/lr": 0.08082903768654762, 
        "main/loss": 1.0019395351409912, 
        "validation/main/loss": 2.843674421310425, 
        "iteration": 104, 
        "elapsed_time": 23.87596106529236, 
        "epoch": 104, 
        "main/accuracy": 0.6666666865348816, 
        "validation/main/accuracy": 0.4067460298538208
    }, 
    {
        "polynomialshift/lr": 0.08062257748298551, 
        "main/loss": 1.0018998384475708, 
        "validation/main/loss": 2.845593214035034, 
        "iteration": 105, 
        "elapsed_time": 24.151276111602783, 
        "epoch": 105, 
        "main/accuracy": 0.6666666865348816, 
        "validation/main/accuracy": 0.4067460298538208
    }, 
    {
        "polynomialshift/lr": 0.0804155872120988, 
        "main/loss": 1.001861333847046, 
        "validation/main/loss": 2.8474910259246826, 
        "iteration": 106, 
        "elapsed_time": 24.35432195663452, 
        "epoch": 106, 
        "main/accuracy": 0.6666666865348816, 
        "validation/main/accuracy": 0.4067460298538208
    }, 
    {
        "polynomialshift/lr": 0.08020806277010643, 
        "main/loss": 1.0018234252929688, 
        "validation/main/loss": 2.8493645191192627, 
        "iteration": 107, 
        "elapsed_time": 24.555758953094482, 
        "epoch": 107, 
        "main/accuracy": 0.6666666865348816, 
        "validation/main/accuracy": 0.4067460298538208
    }, 
    {
        "polynomialshift/lr": 0.08000000000000002, 
        "main/loss": 1.0018103122711182, 
        "validation/main/loss": 2.8487656116485596, 
        "iteration": 108, 
        "elapsed_time": 24.76524806022644, 
        "epoch": 108, 
        "main/accuracy": 0.6666666865348816, 
        "validation/main/accuracy": 0.4057539701461792
    }, 
    {
        "polynomialshift/lr": 0.07979139469057217, 
        "main/loss": 1.0017998218536377, 
        "validation/main/loss": 2.850632905960083, 
        "iteration": 109, 
        "elapsed_time": 24.97865104675293, 
        "epoch": 109, 
        "main/accuracy": 0.6666666865348816, 
        "validation/main/accuracy": 0.4057539701461792
    }, 
    {
        "polynomialshift/lr": 0.07958224257542215, 
        "main/loss": 1.0017635822296143, 
        "validation/main/loss": 2.8524646759033203, 
        "iteration": 110, 
        "elapsed_time": 25.17593002319336, 
        "epoch": 110, 
        "main/accuracy": 0.6666666865348816, 
        "validation/main/accuracy": 0.4057539701461792
    }, 
    {
        "polynomialshift/lr": 0.07937253933193772, 
        "main/loss": 1.0017282962799072, 
        "validation/main/loss": 2.8542754650115967, 
        "iteration": 111, 
        "elapsed_time": 25.39367413520813, 
        "epoch": 111, 
        "main/accuracy": 0.6666666865348816, 
        "validation/main/accuracy": 0.4057539701461792
    }, 
    {
        "polynomialshift/lr": 0.07916228058025279, 
        "main/loss": 1.0016940832138062, 
        "validation/main/loss": 2.8560640811920166, 
        "iteration": 112, 
        "elapsed_time": 25.604989051818848, 
        "epoch": 112, 
        "main/accuracy": 0.6666666865348816, 
        "validation/main/accuracy": 0.4057539701461792
    }, 
    {
        "polynomialshift/lr": 0.07895146188218008, 
        "main/loss": 1.0016603469848633, 
        "validation/main/loss": 2.8578338623046875, 
        "iteration": 113, 
        "elapsed_time": 25.8079731464386, 
        "epoch": 113, 
        "main/accuracy": 0.6666666865348816, 
        "validation/main/accuracy": 0.4057539701461792
    }
]