[
    {
        "polynomialshift/lr": 0.09983319421247959, 
        "main/loss": 3.1765756607055664, 
        "validation/main/loss": 2.8008947372436523, 
        "iteration": 1, 
        "elapsed_time": 1.2351329326629639, 
        "epoch": 1, 
        "main/accuracy": 0.0, 
        "validation/main/accuracy": 0.2033730149269104
    }, 
    {
        "polynomialshift/lr": 0.09966610925150703, 
        "main/loss": 0.868816614151001, 
        "validation/main/loss": 3.1265575885772705, 
        "iteration": 2, 
        "elapsed_time": 1.5042030811309814, 
        "epoch": 2, 
        "main/accuracy": 1.0, 
        "validation/main/accuracy": 0.2202380895614624
    }, 
    {
        "polynomialshift/lr": 0.099498743710662, 
        "main/loss": 0.13551633059978485, 
        "validation/main/loss": 3.1975338459014893, 
        "iteration": 3, 
        "elapsed_time": 1.7891950607299805, 
        "epoch": 3, 
        "main/accuracy": 1.0, 
        "validation/main/accuracy": 0.2311507910490036
    }, 
    {
        "polynomialshift/lr": 0.09933109617167561, 
        "main/loss": 0.07425737380981445, 
        "validation/main/loss": 3.259566068649292, 
        "iteration": 4, 
        "elapsed_time": 2.081083059310913, 
        "epoch": 4, 
        "main/accuracy": 1.0, 
        "validation/main/accuracy": 0.2311507910490036
    }, 
    {
        "polynomialshift/lr": 0.09916316520429011, 
        "main/loss": 0.05124839395284653, 
        "validation/main/loss": 3.3106656074523926, 
        "iteration": 5, 
        "elapsed_time": 2.3310470581054688, 
        "epoch": 5, 
        "main/accuracy": 1.0, 
        "validation/main/accuracy": 0.2341269850730896
    }, 
    {
        "polynomialshift/lr": 0.09899494936611666, 
        "main/loss": 0.03905026242136955, 
        "validation/main/loss": 3.3541324138641357, 
        "iteration": 6, 
        "elapsed_time": 2.608541965484619, 
        "epoch": 6, 
        "main/accuracy": 1.0, 
        "validation/main/accuracy": 0.2400793582201004
    }, 
    {
        "polynomialshift/lr": 0.09882644720249062, 
        "main/loss": 0.03147172927856445, 
        "validation/main/loss": 3.39207124710083, 
        "iteration": 7, 
        "elapsed_time": 2.860701084136963, 
        "epoch": 7, 
        "main/accuracy": 1.0, 
        "validation/main/accuracy": 0.2380952388048172
    }, 
    {
        "polynomialshift/lr": 0.09865765724632496, 
        "main/loss": 0.02631203457713127, 
        "validation/main/loss": 3.425661087036133, 
        "iteration": 8, 
        "elapsed_time": 3.119032144546509, 
        "epoch": 8, 
        "main/accuracy": 1.0, 
        "validation/main/accuracy": 0.2380952388048172
    }, 
    {
        "polynomialshift/lr": 0.09848857801796106, 
        "main/loss": 0.022575538605451584, 
        "validation/main/loss": 3.4559073448181152, 
        "iteration": 9, 
        "elapsed_time": 3.3748090267181396, 
        "epoch": 9, 
        "main/accuracy": 1.0, 
        "validation/main/accuracy": 0.2361111044883728
    }, 
    {
        "polynomialshift/lr": 0.09831920802501751, 
        "main/loss": 0.01974566839635372, 
        "validation/main/loss": 3.483391761779785, 
        "iteration": 10, 
        "elapsed_time": 3.6272239685058594, 
        "epoch": 10, 
        "main/accuracy": 1.0, 
        "validation/main/accuracy": 0.2361111044883728
    }, 
    {
        "polynomialshift/lr": 0.09814954576223639, 
        "main/loss": 0.017534416168928146, 
        "validation/main/loss": 3.508721351623535, 
        "iteration": 11, 
        "elapsed_time": 3.904289960861206, 
        "epoch": 11, 
        "main/accuracy": 1.0, 
        "validation/main/accuracy": 0.2361111044883728
    }, 
    {
        "polynomialshift/lr": 0.09797958971132713, 
        "main/loss": 0.015758197754621506, 
        "validation/main/loss": 3.532127618789673, 
        "iteration": 12, 
        "elapsed_time": 4.14897894859314, 
        "epoch": 12, 
        "main/accuracy": 1.0, 
        "validation/main/accuracy": 0.2351190447807312
    }, 
    {
        "polynomialshift/lr": 0.09780933834080807, 
        "main/loss": 0.014300346374511719, 
        "validation/main/loss": 3.5539278984069824, 
        "iteration": 13, 
        "elapsed_time": 4.411858081817627, 
        "epoch": 13, 
        "main/accuracy": 1.0, 
        "validation/main/accuracy": 0.2361111044883728
    }, 
    {
        "polynomialshift/lr": 0.0976387901058454, 
        "main/loss": 0.0130831403657794, 
        "validation/main/loss": 3.574306011199951, 
        "iteration": 14, 
        "elapsed_time": 4.670434951782227, 
        "epoch": 14, 
        "main/accuracy": 1.0, 
        "validation/main/accuracy": 0.2361111044883728
    }, 
    {
        "polynomialshift/lr": 0.09746794344808964, 
        "main/loss": 0.012051424011588097, 
        "validation/main/loss": 3.5934512615203857, 
        "iteration": 15, 
        "elapsed_time": 4.919867992401123, 
        "epoch": 15, 
        "main/accuracy": 1.0, 
        "validation/main/accuracy": 0.2361111044883728
    }, 
    {
        "polynomialshift/lr": 0.09729679679550951, 
        "main/loss": 0.011167049407958984, 
        "validation/main/loss": 3.6115264892578125, 
        "iteration": 16, 
        "elapsed_time": 5.186980962753296, 
        "epoch": 16, 
        "main/accuracy": 1.0, 
        "validation/main/accuracy": 0.2351190447807312
    }, 
    {
        "polynomialshift/lr": 0.0971253485622231, 
        "main/loss": 0.01040029525756836, 
        "validation/main/loss": 3.6286234855651855, 
        "iteration": 17, 
        "elapsed_time": 5.434051036834717, 
        "epoch": 17, 
        "main/accuracy": 1.0, 
        "validation/main/accuracy": 0.2341269850730896
    }, 
    {
        "polynomialshift/lr": 0.09695359714832658, 
        "main/loss": 0.009729862213134766, 
        "validation/main/loss": 3.644855499267578, 
        "iteration": 18, 
        "elapsed_time": 5.746638059616089, 
        "epoch": 18, 
        "main/accuracy": 1.0, 
        "validation/main/accuracy": 0.2341269850730896
    }, 
    {
        "polynomialshift/lr": 0.09678154093971984, 
        "main/loss": 0.009138425812125206, 
        "validation/main/loss": 3.660313844680786, 
        "iteration": 19, 
        "elapsed_time": 6.039705991744995, 
        "epoch": 19, 
        "main/accuracy": 1.0, 
        "validation/main/accuracy": 0.233134925365448
    }, 
    {
        "polynomialshift/lr": 0.09660917830792959, 
        "main/loss": 0.008612951263785362, 
        "validation/main/loss": 3.675060987472534, 
        "iteration": 20, 
        "elapsed_time": 6.433022975921631, 
        "epoch": 20, 
        "main/accuracy": 1.0, 
        "validation/main/accuracy": 0.2341269850730896
    }, 
    {
        "polynomialshift/lr": 0.09643650760992956, 
        "main/loss": 0.008143266662955284, 
        "validation/main/loss": 3.68916654586792, 
        "iteration": 21, 
        "elapsed_time": 6.694493055343628, 
        "epoch": 21, 
        "main/accuracy": 1.0, 
        "validation/main/accuracy": 0.2341269850730896
    }, 
    {
        "polynomialshift/lr": 0.09626352718795768, 
        "main/loss": 0.007720788475126028, 
        "validation/main/loss": 3.7026913166046143, 
        "iteration": 22, 
        "elapsed_time": 6.979768991470337, 
        "epoch": 22, 
        "main/accuracy": 1.0, 
        "validation/main/accuracy": 0.2341269850730896
    }, 
    {
        "polynomialshift/lr": 0.0960902353693305, 
        "main/loss": 0.007339636795222759, 
        "validation/main/loss": 3.7156777381896973, 
        "iteration": 23, 
        "elapsed_time": 7.402267932891846, 
        "epoch": 23, 
        "main/accuracy": 1.0, 
        "validation/main/accuracy": 0.233134925365448
    }, 
    {
        "polynomialshift/lr": 0.0959166304662544, 
        "main/loss": 0.006993134971708059, 
        "validation/main/loss": 3.728379487991333, 
        "iteration": 24, 
        "elapsed_time": 7.68085503578186, 
        "epoch": 24, 
        "main/accuracy": 1.0, 
        "validation/main/accuracy": 0.233134925365448
    }, 
    {
        "polynomialshift/lr": 0.09574271077563382, 
        "main/loss": 0.0066776275634765625, 
        "validation/main/loss": 3.740623950958252, 
        "iteration": 25, 
        "elapsed_time": 7.964472055435181, 
        "epoch": 25, 
        "main/accuracy": 1.0, 
        "validation/main/accuracy": 0.233134925365448
    }, 
    {
        "polynomialshift/lr": 0.09556847457887635, 
        "main/loss": 0.006388664245605469, 
        "validation/main/loss": 3.7524330615997314, 
        "iteration": 26, 
        "elapsed_time": 8.200616121292114, 
        "epoch": 26, 
        "main/accuracy": 1.0, 
        "validation/main/accuracy": 0.233134925365448
    }, 
    {
        "polynomialshift/lr": 0.09539392014169457, 
        "main/loss": 0.006123225204646587, 
        "validation/main/loss": 3.763838529586792, 
        "iteration": 27, 
        "elapsed_time": 8.437055110931396, 
        "epoch": 27, 
        "main/accuracy": 1.0, 
        "validation/main/accuracy": 0.233134925365448
    }, 
    {
        "polynomialshift/lr": 0.09521904571390466, 
        "main/loss": 0.005878766532987356, 
        "validation/main/loss": 3.774881362915039, 
        "iteration": 28, 
        "elapsed_time": 8.7015540599823, 
        "epoch": 28, 
        "main/accuracy": 1.0, 
        "validation/main/accuracy": 0.233134925365448
    }, 
    {
        "polynomialshift/lr": 0.09504384952922168, 
        "main/loss": 0.005652745719999075, 
        "validation/main/loss": 3.785553455352783, 
        "iteration": 29, 
        "elapsed_time": 8.9755380153656, 
        "epoch": 29, 
        "main/accuracy": 1.0, 
        "validation/main/accuracy": 0.2321428507566452
    }, 
    {
        "polynomialshift/lr": 0.09486832980505139, 
        "main/loss": 0.005444526672363281, 
        "validation/main/loss": 3.7958950996398926, 
        "iteration": 30, 
        "elapsed_time": 9.248700141906738, 
        "epoch": 30, 
        "main/accuracy": 1.0, 
        "validation/main/accuracy": 0.2321428507566452
    }, 
    {
        "polynomialshift/lr": 0.09469248474227861, 
        "main/loss": 0.0052502951584756374, 
        "validation/main/loss": 3.8059237003326416, 
        "iteration": 31, 
        "elapsed_time": 9.529875993728638, 
        "epoch": 31, 
        "main/accuracy": 1.0, 
        "validation/main/accuracy": 0.2321428507566452
    }, 
    {
        "polynomialshift/lr": 0.09451631252505217, 
        "main/loss": 0.005069732666015625, 
        "validation/main/loss": 3.815664291381836, 
        "iteration": 32, 
        "elapsed_time": 9.77882194519043, 
        "epoch": 32, 
        "main/accuracy": 1.0, 
        "validation/main/accuracy": 0.233134925365448
    }, 
    {
        "polynomialshift/lr": 0.09433981132056604, 
        "main/loss": 0.004900932312011719, 
        "validation/main/loss": 3.8251359462738037, 
        "iteration": 33, 
        "elapsed_time": 10.019038915634155, 
        "epoch": 33, 
        "main/accuracy": 1.0, 
        "validation/main/accuracy": 0.233134925365448
    }, 
    {
        "polynomialshift/lr": 0.0941629792788369, 
        "main/loss": 0.0047429404221475124, 
        "validation/main/loss": 3.8343472480773926, 
        "iteration": 34, 
        "elapsed_time": 10.266009092330933, 
        "epoch": 34, 
        "main/accuracy": 1.0, 
        "validation/main/accuracy": 0.2321428507566452
    }, 
    {
        "polynomialshift/lr": 0.0939858145324779, 
        "main/loss": 0.0045948028564453125, 
        "validation/main/loss": 3.8433167934417725, 
        "iteration": 35, 
        "elapsed_time": 10.555817127227783, 
        "epoch": 35, 
        "main/accuracy": 1.0, 
        "validation/main/accuracy": 0.2321428507566452
    }, 
    {
        "polynomialshift/lr": 0.0938083151964686, 
        "main/loss": 0.004455248825252056, 
        "validation/main/loss": 3.852071523666382, 
        "iteration": 36, 
        "elapsed_time": 10.826514959335327, 
        "epoch": 36, 
        "main/accuracy": 1.0, 
        "validation/main/accuracy": 0.2321428507566452
    }, 
    {
        "polynomialshift/lr": 0.09363047936792093, 
        "main/loss": 0.0043239593505859375, 
        "validation/main/loss": 3.860602378845215, 
        "iteration": 37, 
        "elapsed_time": 11.149932146072388, 
        "epoch": 37, 
        "main/accuracy": 1.0, 
        "validation/main/accuracy": 0.2321428507566452
    }, 
    {
        "polynomialshift/lr": 0.09345230512584124, 
        "main/loss": 0.004200299736112356, 
        "validation/main/loss": 3.8689217567443848, 
        "iteration": 38, 
        "elapsed_time": 11.470842123031616, 
        "epoch": 38, 
        "main/accuracy": 1.0, 
        "validation/main/accuracy": 0.2321428507566452
    }, 
    {
        "polynomialshift/lr": 0.09327379053088815, 
        "main/loss": 0.004083315841853619, 
        "validation/main/loss": 3.877040147781372, 
        "iteration": 39, 
        "elapsed_time": 11.734707117080688, 
        "epoch": 39, 
        "main/accuracy": 1.0, 
        "validation/main/accuracy": 0.2321428507566452
    }, 
    {
        "polynomialshift/lr": 0.09309493362512627, 
        "main/loss": 0.003973325248807669, 
        "validation/main/loss": 3.8849682807922363, 
        "iteration": 40, 
        "elapsed_time": 12.017476081848145, 
        "epoch": 40, 
        "main/accuracy": 1.0, 
        "validation/main/accuracy": 0.2321428507566452
    }, 
    {
        "polynomialshift/lr": 0.0929157324317757, 
        "main/loss": 0.003868421074002981, 
        "validation/main/loss": 3.892718553543091, 
        "iteration": 41, 
        "elapsed_time": 12.314868927001953, 
        "epoch": 41, 
        "main/accuracy": 1.0, 
        "validation/main/accuracy": 0.2321428507566452
    }, 
    {
        "polynomialshift/lr": 0.09273618495495704, 
        "main/loss": 0.003769238945096731, 
        "validation/main/loss": 3.9002974033355713, 
        "iteration": 42, 
        "elapsed_time": 12.5766019821167, 
        "epoch": 42, 
        "main/accuracy": 1.0, 
        "validation/main/accuracy": 0.2321428507566452
    }, 
    {
        "polynomialshift/lr": 0.09255628917943215, 
        "main/loss": 0.0036748251877725124, 
        "validation/main/loss": 3.9077110290527344, 
        "iteration": 43, 
        "elapsed_time": 12.830320119857788, 
        "epoch": 43, 
        "main/accuracy": 1.0, 
        "validation/main/accuracy": 0.2321428507566452
    }, 
    {
        "polynomialshift/lr": 0.09237604307034013, 
        "main/loss": 0.0035848617553710938, 
        "validation/main/loss": 3.914961814880371, 
        "iteration": 44, 
        "elapsed_time": 13.112961053848267, 
        "epoch": 44, 
        "main/accuracy": 1.0, 
        "validation/main/accuracy": 0.2321428507566452
    }, 
    {
        "polynomialshift/lr": 0.09219544457292889, 
        "main/loss": 0.0034990310668945312, 
        "validation/main/loss": 3.922060966491699, 
        "iteration": 45, 
        "elapsed_time": 13.375684022903442, 
        "epoch": 45, 
        "main/accuracy": 1.0, 
        "validation/main/accuracy": 0.2321428507566452
    }, 
    {
        "polynomialshift/lr": 0.09201449161228176, 
        "main/loss": 0.0034176509361714125, 
        "validation/main/loss": 3.9290173053741455, 
        "iteration": 46, 
        "elapsed_time": 13.665038108825684, 
        "epoch": 46, 
        "main/accuracy": 1.0, 
        "validation/main/accuracy": 0.2321428507566452
    }, 
    {
        "polynomialshift/lr": 0.09183318209303941, 
        "main/loss": 0.0033400855027139187, 
        "validation/main/loss": 3.9358341693878174, 
        "iteration": 47, 
        "elapsed_time": 13.928638935089111, 
        "epoch": 47, 
        "main/accuracy": 1.0, 
        "validation/main/accuracy": 0.2321428507566452
    }, 
    {
        "polynomialshift/lr": 0.0916515138991168, 
        "main/loss": 0.003265698906034231, 
        "validation/main/loss": 3.9425153732299805, 
        "iteration": 48, 
        "elapsed_time": 14.252311944961548, 
        "epoch": 48, 
        "main/accuracy": 1.0, 
        "validation/main/accuracy": 0.2321428507566452
    }, 
    {
        "polynomialshift/lr": 0.09146948489341496, 
        "main/loss": 0.00319449114613235, 
        "validation/main/loss": 3.949068307876587, 
        "iteration": 49, 
        "elapsed_time": 14.51822805404663, 
        "epoch": 49, 
        "main/accuracy": 1.0, 
        "validation/main/accuracy": 0.2321428507566452
    }, 
    {
        "polynomialshift/lr": 0.09128709291752769, 
        "main/loss": 0.0031264624558389187, 
        "validation/main/loss": 3.9554975032806396, 
        "iteration": 50, 
        "elapsed_time": 14.78836703300476, 
        "epoch": 50, 
        "main/accuracy": 1.0, 
        "validation/main/accuracy": 0.2321428507566452
    }, 
    {
        "polynomialshift/lr": 0.091104335791443, 
        "main/loss": 0.0030612945556640625, 
        "validation/main/loss": 3.9618053436279297, 
        "iteration": 51, 
        "elapsed_time": 15.05565595626831, 
        "epoch": 51, 
        "main/accuracy": 1.0, 
        "validation/main/accuracy": 0.2321428507566452
    }, 
    {
        "polynomialshift/lr": 0.09092121131323905, 
        "main/loss": 0.0029989879112690687, 
        "validation/main/loss": 3.9680283069610596, 
        "iteration": 52, 
        "elapsed_time": 15.305273056030273, 
        "epoch": 52, 
        "main/accuracy": 1.0, 
        "validation/main/accuracy": 0.2321428507566452
    }, 
    {
        "polynomialshift/lr": 0.09073771725877466, 
        "main/loss": 0.0029382705688476562, 
        "validation/main/loss": 3.9739973545074463, 
        "iteration": 53, 
        "elapsed_time": 15.550936937332153, 
        "epoch": 53, 
        "main/accuracy": 1.0, 
        "validation/main/accuracy": 0.2321428507566452
    }, 
    {
        "polynomialshift/lr": 0.09055385138137417, 
        "main/loss": 0.0028781890869140625, 
        "validation/main/loss": 3.9798643589019775, 
        "iteration": 54, 
        "elapsed_time": 15.83448314666748, 
        "epoch": 54, 
        "main/accuracy": 1.0, 
        "validation/main/accuracy": 0.2321428507566452
    }, 
    {
        "polynomialshift/lr": 0.0903696114115064, 
        "main/loss": 0.0028203330002725124, 
        "validation/main/loss": 3.9856221675872803, 
        "iteration": 55, 
        "elapsed_time": 16.13450002670288, 
        "epoch": 55, 
        "main/accuracy": 1.0, 
        "validation/main/accuracy": 0.2321428507566452
    }, 
    {
        "polynomialshift/lr": 0.09018499505645788, 
        "main/loss": 0.0027647018432617188, 
        "validation/main/loss": 3.991279125213623, 
        "iteration": 56, 
        "elapsed_time": 16.41747212409973, 
        "epoch": 56, 
        "main/accuracy": 1.0, 
        "validation/main/accuracy": 0.2321428507566452
    }, 
    {
        "polynomialshift/lr": 0.09000000000000001, 
        "main/loss": 0.0027116141282022, 
        "validation/main/loss": 3.996838092803955, 
        "iteration": 57, 
        "elapsed_time": 16.66004991531372, 
        "epoch": 57, 
        "main/accuracy": 1.0, 
        "validation/main/accuracy": 0.2321428507566452
    }
]