[
    {
        "polynomialshift/lr": 0.09983319421247959, 
        "main/loss": 3.318974494934082, 
        "validation/main/loss": 2.9416873455047607, 
        "iteration": 1, 
        "elapsed_time": 1.025629997253418, 
        "epoch": 1, 
        "main/accuracy": 0.0, 
        "validation/main/accuracy": 0.184523805975914
    }, 
    {
        "polynomialshift/lr": 0.09966610925150703, 
        "main/loss": 2.99324369430542, 
        "validation/main/loss": 2.8661956787109375, 
        "iteration": 2, 
        "elapsed_time": 1.2943229675292969, 
        "epoch": 2, 
        "main/accuracy": 0.1666666716337204, 
        "validation/main/accuracy": 0.233134925365448
    }, 
    {
        "polynomialshift/lr": 0.099498743710662, 
        "main/loss": 2.854799270629883, 
        "validation/main/loss": 2.8509929180145264, 
        "iteration": 3, 
        "elapsed_time": 1.5953688621520996, 
        "epoch": 3, 
        "main/accuracy": 0.1666666716337204, 
        "validation/main/accuracy": 0.2380952388048172
    }, 
    {
        "polynomialshift/lr": 0.09933109617167561, 
        "main/loss": 2.766845226287842, 
        "validation/main/loss": 2.847994565963745, 
        "iteration": 4, 
        "elapsed_time": 1.882185935974121, 
        "epoch": 4, 
        "main/accuracy": 0.1666666716337204, 
        "validation/main/accuracy": 0.2291666716337204
    }, 
    {
        "polynomialshift/lr": 0.09916316520429011, 
        "main/loss": 2.7078771591186523, 
        "validation/main/loss": 2.845348834991455, 
        "iteration": 5, 
        "elapsed_time": 2.151762008666992, 
        "epoch": 5, 
        "main/accuracy": 0.1666666716337204, 
        "validation/main/accuracy": 0.230158731341362
    }, 
    {
        "polynomialshift/lr": 0.09899494936611666, 
        "main/loss": 2.6689517498016357, 
        "validation/main/loss": 2.8464531898498535, 
        "iteration": 6, 
        "elapsed_time": 2.392611026763916, 
        "epoch": 6, 
        "main/accuracy": 0.1666666716337204, 
        "validation/main/accuracy": 0.2222222238779068
    }, 
    {
        "polynomialshift/lr": 0.09882644720249062, 
        "main/loss": 2.6391220092773438, 
        "validation/main/loss": 2.8484809398651123, 
        "iteration": 7, 
        "elapsed_time": 2.6509408950805664, 
        "epoch": 7, 
        "main/accuracy": 0.1666666716337204, 
        "validation/main/accuracy": 0.21329365670681
    }, 
    {
        "polynomialshift/lr": 0.09865765724632496, 
        "main/loss": 2.615532875061035, 
        "validation/main/loss": 2.8520607948303223, 
        "iteration": 8, 
        "elapsed_time": 2.9302518367767334, 
        "epoch": 8, 
        "main/accuracy": 0.1666666716337204, 
        "validation/main/accuracy": 0.2053571492433548
    }, 
    {
        "polynomialshift/lr": 0.09848857801796106, 
        "main/loss": 2.5977683067321777, 
        "validation/main/loss": 2.8569390773773193, 
        "iteration": 9, 
        "elapsed_time": 3.23392391204834, 
        "epoch": 9, 
        "main/accuracy": 0.1666666716337204, 
        "validation/main/accuracy": 0.2013888955116272
    }, 
    {
        "polynomialshift/lr": 0.09831920802501751, 
        "main/loss": 2.5829806327819824, 
        "validation/main/loss": 2.8611032962799072, 
        "iteration": 10, 
        "elapsed_time": 3.5261428356170654, 
        "epoch": 10, 
        "main/accuracy": 0.1666666716337204, 
        "validation/main/accuracy": 0.1914682537317276
    }, 
    {
        "polynomialshift/lr": 0.09814954576223639, 
        "main/loss": 2.5713958740234375, 
        "validation/main/loss": 2.8604249954223633, 
        "iteration": 11, 
        "elapsed_time": 3.795182943344116, 
        "epoch": 11, 
        "main/accuracy": 0.1666666716337204, 
        "validation/main/accuracy": 0.1894841343164444
    }, 
    {
        "polynomialshift/lr": 0.09797958971132713, 
        "main/loss": 2.5619022846221924, 
        "validation/main/loss": 2.862015724182129, 
        "iteration": 12, 
        "elapsed_time": 4.053589820861816, 
        "epoch": 12, 
        "main/accuracy": 0.1666666716337204, 
        "validation/main/accuracy": 0.1855158656835556
    }, 
    {
        "polynomialshift/lr": 0.09780933834080807, 
        "main/loss": 2.553896188735962, 
        "validation/main/loss": 2.8643152713775635, 
        "iteration": 13, 
        "elapsed_time": 4.341270923614502, 
        "epoch": 13, 
        "main/accuracy": 0.1666666716337204, 
        "validation/main/accuracy": 0.1825396865606308
    }, 
    {
        "polynomialshift/lr": 0.0976387901058454, 
        "main/loss": 2.547102212905884, 
        "validation/main/loss": 2.8665318489074707, 
        "iteration": 14, 
        "elapsed_time": 4.598551034927368, 
        "epoch": 14, 
        "main/accuracy": 0.1666666716337204, 
        "validation/main/accuracy": 0.1795634925365448
    }, 
    {
        "polynomialshift/lr": 0.09746794344808964, 
        "main/loss": 2.5412919521331787, 
        "validation/main/loss": 2.868757724761963, 
        "iteration": 15, 
        "elapsed_time": 4.995419979095459, 
        "epoch": 15, 
        "main/accuracy": 0.1666666716337204, 
        "validation/main/accuracy": 0.1785714328289032
    }, 
    {
        "polynomialshift/lr": 0.09729679679550951, 
        "main/loss": 2.5362462997436523, 
        "validation/main/loss": 2.87096905708313, 
        "iteration": 16, 
        "elapsed_time": 5.310842990875244, 
        "epoch": 16, 
        "main/accuracy": 0.1666666716337204, 
        "validation/main/accuracy": 0.1775793582201004
    }, 
    {
        "polynomialshift/lr": 0.0971253485622231, 
        "main/loss": 2.5319337844848633, 
        "validation/main/loss": 2.8730413913726807, 
        "iteration": 17, 
        "elapsed_time": 5.5867228507995605, 
        "epoch": 17, 
        "main/accuracy": 0.1666666716337204, 
        "validation/main/accuracy": 0.1755952388048172
    }, 
    {
        "polynomialshift/lr": 0.09695359714832658, 
        "main/loss": 2.5281920433044434, 
        "validation/main/loss": 2.874765634536743, 
        "iteration": 18, 
        "elapsed_time": 6.038266897201538, 
        "epoch": 18, 
        "main/accuracy": 0.1666666716337204, 
        "validation/main/accuracy": 0.1726190447807312
    }, 
    {
        "polynomialshift/lr": 0.09678154093971984, 
        "main/loss": 2.5248894691467285, 
        "validation/main/loss": 2.8767054080963135, 
        "iteration": 19, 
        "elapsed_time": 6.330483913421631, 
        "epoch": 19, 
        "main/accuracy": 0.1666666716337204, 
        "validation/main/accuracy": 0.1716269850730896
    }, 
    {
        "polynomialshift/lr": 0.09660917830792959, 
        "main/loss": 2.52193284034729, 
        "validation/main/loss": 2.878647565841675, 
        "iteration": 20, 
        "elapsed_time": 6.630033016204834, 
        "epoch": 20, 
        "main/accuracy": 0.1666666716337204, 
        "validation/main/accuracy": 0.1696428507566452
    }, 
    {
        "polynomialshift/lr": 0.09643650760992956, 
        "main/loss": 2.519606351852417, 
        "validation/main/loss": 2.8761775493621826, 
        "iteration": 21, 
        "elapsed_time": 6.920562982559204, 
        "epoch": 21, 
        "main/accuracy": 0.1666666716337204, 
        "validation/main/accuracy": 0.1736111044883728
    }, 
    {
        "polynomialshift/lr": 0.09626352718795768, 
        "main/loss": 2.517544746398926, 
        "validation/main/loss": 2.8792877197265625, 
        "iteration": 22, 
        "elapsed_time": 7.243506908416748, 
        "epoch": 22, 
        "main/accuracy": 0.1666666716337204, 
        "validation/main/accuracy": 0.1716269850730896
    }, 
    {
        "polynomialshift/lr": 0.0960902353693305, 
        "main/loss": 2.5156667232513428, 
        "validation/main/loss": 2.8778629302978516, 
        "iteration": 23, 
        "elapsed_time": 7.550559997558594, 
        "epoch": 23, 
        "main/accuracy": 0.1666666716337204, 
        "validation/main/accuracy": 0.1726190447807312
    }, 
    {
        "polynomialshift/lr": 0.0959166304662544, 
        "main/loss": 2.5139760971069336, 
        "validation/main/loss": 2.8810296058654785, 
        "iteration": 24, 
        "elapsed_time": 7.82678484916687, 
        "epoch": 24, 
        "main/accuracy": 0.1666666716337204, 
        "validation/main/accuracy": 0.170634925365448
    }, 
    {
        "polynomialshift/lr": 0.09574271077563382, 
        "main/loss": 2.5126891136169434, 
        "validation/main/loss": 2.8795855045318604, 
        "iteration": 25, 
        "elapsed_time": 8.179855823516846, 
        "epoch": 25, 
        "main/accuracy": 0.1666666716337204, 
        "validation/main/accuracy": 0.1726190447807312
    }, 
    {
        "polynomialshift/lr": 0.09556847457887635, 
        "main/loss": 2.5111615657806396, 
        "validation/main/loss": 2.8792622089385986, 
        "iteration": 26, 
        "elapsed_time": 8.460851907730103, 
        "epoch": 26, 
        "main/accuracy": 0.1666666716337204, 
        "validation/main/accuracy": 0.1726190447807312
    }, 
    {
        "polynomialshift/lr": 0.09539392014169457, 
        "main/loss": 2.5100929737091064, 
        "validation/main/loss": 2.882563352584839, 
        "iteration": 27, 
        "elapsed_time": 8.71101999282837, 
        "epoch": 27, 
        "main/accuracy": 0.1666666716337204, 
        "validation/main/accuracy": 0.170634925365448
    }, 
    {
        "polynomialshift/lr": 0.09521904571390466, 
        "main/loss": 2.5093212127685547, 
        "validation/main/loss": 2.879077911376953, 
        "iteration": 28, 
        "elapsed_time": 8.973811864852905, 
        "epoch": 28, 
        "main/accuracy": 0.1666666716337204, 
        "validation/main/accuracy": 0.1726190447807312
    }, 
    {
        "polynomialshift/lr": 0.09504384952922168, 
        "main/loss": 2.5083024501800537, 
        "validation/main/loss": 2.882629871368408, 
        "iteration": 29, 
        "elapsed_time": 9.270890951156616, 
        "epoch": 29, 
        "main/accuracy": 0.1666666716337204, 
        "validation/main/accuracy": 0.170634925365448
    }, 
    {
        "polynomialshift/lr": 0.09486832980505139, 
        "main/loss": 2.5078542232513428, 
        "validation/main/loss": 2.880059003829956, 
        "iteration": 30, 
        "elapsed_time": 9.558478832244873, 
        "epoch": 30, 
        "main/accuracy": 0.1666666716337204, 
        "validation/main/accuracy": 0.1736111044883728
    }, 
    {
        "polynomialshift/lr": 0.09469248474227861, 
        "main/loss": 2.506844997406006, 
        "validation/main/loss": 2.8808631896972656, 
        "iteration": 31, 
        "elapsed_time": 9.80872893333435, 
        "epoch": 31, 
        "main/accuracy": 0.1666666716337204, 
        "validation/main/accuracy": 0.1765872985124588
    }, 
    {
        "polynomialshift/lr": 0.09451631252505217, 
        "main/loss": 2.5061020851135254, 
        "validation/main/loss": 2.878714084625244, 
        "iteration": 32, 
        "elapsed_time": 10.086292028427124, 
        "epoch": 32, 
        "main/accuracy": 0.1666666716337204, 
        "validation/main/accuracy": 0.1785714328289032
    }, 
    {
        "polynomialshift/lr": 0.09433981132056604, 
        "main/loss": 2.506260395050049, 
        "validation/main/loss": 2.882601499557495, 
        "iteration": 33, 
        "elapsed_time": 10.371559858322144, 
        "epoch": 33, 
        "main/accuracy": 0.1666666716337204, 
        "validation/main/accuracy": 0.1746031790971756
    }, 
    {
        "polynomialshift/lr": 0.0941629792788369, 
        "main/loss": 2.50551700592041, 
        "validation/main/loss": 2.880971908569336, 
        "iteration": 34, 
        "elapsed_time": 10.626750946044922, 
        "epoch": 34, 
        "main/accuracy": 0.1666666716337204, 
        "validation/main/accuracy": 0.1765872985124588
    }, 
    {
        "polynomialshift/lr": 0.0939858145324779, 
        "main/loss": 2.504696846008301, 
        "validation/main/loss": 2.8796675205230713, 
        "iteration": 35, 
        "elapsed_time": 10.894532918930054, 
        "epoch": 35, 
        "main/accuracy": 0.1666666716337204, 
        "validation/main/accuracy": 0.1785714328289032
    }, 
    {
        "polynomialshift/lr": 0.0938083151964686, 
        "main/loss": 2.5048556327819824, 
        "validation/main/loss": 2.8834667205810547, 
        "iteration": 36, 
        "elapsed_time": 11.179495811462402, 
        "epoch": 36, 
        "main/accuracy": 0.1666666716337204, 
        "validation/main/accuracy": 0.1746031790971756
    }, 
    {
        "polynomialshift/lr": 0.09363047936792093, 
        "main/loss": 2.5043740272521973, 
        "validation/main/loss": 2.882215976715088, 
        "iteration": 37, 
        "elapsed_time": 11.45405101776123, 
        "epoch": 37, 
        "main/accuracy": 0.1666666716337204, 
        "validation/main/accuracy": 0.1765872985124588
    }, 
    {
        "polynomialshift/lr": 0.09345230512584124, 
        "main/loss": 2.5037362575531006, 
        "validation/main/loss": 2.881197929382324, 
        "iteration": 38, 
        "elapsed_time": 11.740752935409546, 
        "epoch": 38, 
        "main/accuracy": 0.1666666716337204, 
        "validation/main/accuracy": 0.1775793582201004
    }, 
    {
        "polynomialshift/lr": 0.09327379053088815, 
        "main/loss": 2.5034568309783936, 
        "validation/main/loss": 2.8848061561584473, 
        "iteration": 39, 
        "elapsed_time": 12.023078918457031, 
        "epoch": 39, 
        "main/accuracy": 0.1666666716337204, 
        "validation/main/accuracy": 0.1746031790971756
    }, 
    {
        "polynomialshift/lr": 0.09309493362512627, 
        "main/loss": 2.503542900085449, 
        "validation/main/loss": 2.883816957473755, 
        "iteration": 40, 
        "elapsed_time": 12.30317497253418, 
        "epoch": 40, 
        "main/accuracy": 0.1666666716337204, 
        "validation/main/accuracy": 0.1755952388048172
    }, 
    {
        "polynomialshift/lr": 0.0929157324317757, 
        "main/loss": 2.503025531768799, 
        "validation/main/loss": 2.8829898834228516, 
        "iteration": 41, 
        "elapsed_time": 12.575435876846313, 
        "epoch": 41, 
        "main/accuracy": 0.1666666716337204, 
        "validation/main/accuracy": 0.1775793582201004
    }, 
    {
        "polynomialshift/lr": 0.09273618495495704, 
        "main/loss": 2.5025765895843506, 
        "validation/main/loss": 2.8823440074920654, 
        "iteration": 42, 
        "elapsed_time": 12.84608793258667, 
        "epoch": 42, 
        "main/accuracy": 0.1666666716337204, 
        "validation/main/accuracy": 0.1775793582201004
    }, 
    {
        "polynomialshift/lr": 0.09255628917943215, 
        "main/loss": 2.5024571418762207, 
        "validation/main/loss": 2.885798215866089, 
        "iteration": 43, 
        "elapsed_time": 13.170248985290527, 
        "epoch": 43, 
        "main/accuracy": 0.1666666716337204, 
        "validation/main/accuracy": 0.1746031790971756
    }, 
    {
        "polynomialshift/lr": 0.09237604307034013, 
        "main/loss": 2.502544403076172, 
        "validation/main/loss": 2.8850998878479004, 
        "iteration": 44, 
        "elapsed_time": 13.474939823150635, 
        "epoch": 44, 
        "main/accuracy": 0.1666666716337204, 
        "validation/main/accuracy": 0.1746031790971756
    }, 
    {
        "polynomialshift/lr": 0.09219544457292889, 
        "main/loss": 2.5021560192108154, 
        "validation/main/loss": 2.8845386505126953, 
        "iteration": 45, 
        "elapsed_time": 13.73120403289795, 
        "epoch": 45, 
        "main/accuracy": 0.1666666716337204, 
        "validation/main/accuracy": 0.1775793582201004
    }, 
    {
        "polynomialshift/lr": 0.09201449161228176, 
        "main/loss": 2.5018134117126465, 
        "validation/main/loss": 2.884082555770874, 
        "iteration": 46, 
        "elapsed_time": 13.97699785232544, 
        "epoch": 46, 
        "main/accuracy": 0.1666666716337204, 
        "validation/main/accuracy": 0.1775793582201004
    }, 
    {
        "polynomialshift/lr": 0.09183318209303941, 
        "main/loss": 2.5016229152679443, 
        "validation/main/loss": 2.8858802318573, 
        "iteration": 47, 
        "elapsed_time": 14.22551703453064, 
        "epoch": 47, 
        "main/accuracy": 0.1666666716337204, 
        "validation/main/accuracy": 0.1765872985124588
    }, 
    {
        "polynomialshift/lr": 0.0916515138991168, 
        "main/loss": 2.5015034675598145, 
        "validation/main/loss": 2.88516902923584, 
        "iteration": 48, 
        "elapsed_time": 14.489473819732666, 
        "epoch": 48, 
        "main/accuracy": 0.1666666716337204, 
        "validation/main/accuracy": 0.1775793582201004
    }, 
    {
        "polynomialshift/lr": 0.09146948489341496, 
        "main/loss": 2.501229763031006, 
        "validation/main/loss": 2.8849360942840576, 
        "iteration": 49, 
        "elapsed_time": 14.753594875335693, 
        "epoch": 49, 
        "main/accuracy": 0.1666666716337204, 
        "validation/main/accuracy": 0.1785714328289032
    }, 
    {
        "polynomialshift/lr": 0.09128709291752769, 
        "main/loss": 2.5012965202331543, 
        "validation/main/loss": 2.8879458904266357, 
        "iteration": 50, 
        "elapsed_time": 15.026190042495728, 
        "epoch": 50, 
        "main/accuracy": 0.1666666716337204, 
        "validation/main/accuracy": 0.1746031790971756
    }, 
    {
        "polynomialshift/lr": 0.091104335791443, 
        "main/loss": 2.5013325214385986, 
        "validation/main/loss": 2.887601137161255, 
        "iteration": 51, 
        "elapsed_time": 15.289623022079468, 
        "epoch": 51, 
        "main/accuracy": 0.1666666716337204, 
        "validation/main/accuracy": 0.1736111044883728
    }, 
    {
        "polynomialshift/lr": 0.09092121131323905, 
        "main/loss": 2.5010786056518555, 
        "validation/main/loss": 2.887341260910034, 
        "iteration": 52, 
        "elapsed_time": 15.562438011169434, 
        "epoch": 52, 
        "main/accuracy": 0.1666666716337204, 
        "validation/main/accuracy": 0.1765872985124588
    }, 
    {
        "polynomialshift/lr": 0.09073771725877466, 
        "main/loss": 2.500849485397339, 
        "validation/main/loss": 2.887146234512329, 
        "iteration": 53, 
        "elapsed_time": 15.830647945404053, 
        "epoch": 53, 
        "main/accuracy": 0.1666666716337204, 
        "validation/main/accuracy": 0.1775793582201004
    }, 
    {
        "polynomialshift/lr": 0.09055385138137417, 
        "main/loss": 2.5006418228149414, 
        "validation/main/loss": 2.887016534805298, 
        "iteration": 54, 
        "elapsed_time": 16.100204944610596, 
        "epoch": 54, 
        "main/accuracy": 0.1666666716337204, 
        "validation/main/accuracy": 0.1785714328289032
    }, 
    {
        "polynomialshift/lr": 0.0903696114115064, 
        "main/loss": 2.5004525184631348, 
        "validation/main/loss": 2.8869614601135254, 
        "iteration": 55, 
        "elapsed_time": 16.381799936294556, 
        "epoch": 55, 
        "main/accuracy": 0.1666666716337204, 
        "validation/main/accuracy": 0.1785714328289032
    }, 
    {
        "polynomialshift/lr": 0.09018499505645788, 
        "main/loss": 2.500598907470703, 
        "validation/main/loss": 2.8896286487579346, 
        "iteration": 56, 
        "elapsed_time": 16.679370880126953, 
        "epoch": 56, 
        "main/accuracy": 0.1666666716337204, 
        "validation/main/accuracy": 0.1746031790971756
    }, 
    {
        "polynomialshift/lr": 0.09000000000000001, 
        "main/loss": 2.500601053237915, 
        "validation/main/loss": 2.8894636631011963, 
        "iteration": 57, 
        "elapsed_time": 16.959739923477173, 
        "epoch": 57, 
        "main/accuracy": 0.1666666716337204, 
        "validation/main/accuracy": 0.1746031790971756
    }, 
    {
        "polynomialshift/lr": 0.08981462390204986, 
        "main/loss": 2.500415563583374, 
        "validation/main/loss": 2.8893496990203857, 
        "iteration": 58, 
        "elapsed_time": 17.376454830169678, 
        "epoch": 58, 
        "main/accuracy": 0.1666666716337204, 
        "validation/main/accuracy": 0.1755952388048172
    }, 
    {
        "polynomialshift/lr": 0.08962886439832501, 
        "main/loss": 2.500246047973633, 
        "validation/main/loss": 2.889268636703491, 
        "iteration": 59, 
        "elapsed_time": 17.68881392478943, 
        "epoch": 59, 
        "main/accuracy": 0.1666666716337204, 
        "validation/main/accuracy": 0.1785714328289032
    }, 
    {
        "polynomialshift/lr": 0.08944271909999159, 
        "main/loss": 2.5000903606414795, 
        "validation/main/loss": 2.889247179031372, 
        "iteration": 60, 
        "elapsed_time": 18.02622699737549, 
        "epoch": 60, 
        "main/accuracy": 0.1666666716337204, 
        "validation/main/accuracy": 0.1785714328289032
    }, 
    {
        "polynomialshift/lr": 0.08925618559330589, 
        "main/loss": 2.4999465942382812, 
        "validation/main/loss": 2.889275312423706, 
        "iteration": 61, 
        "elapsed_time": 18.283114910125732, 
        "epoch": 61, 
        "main/accuracy": 0.1666666716337204, 
        "validation/main/accuracy": 0.1785714328289032
    }, 
    {
        "polynomialshift/lr": 0.08906926143924926, 
        "main/loss": 2.499814748764038, 
        "validation/main/loss": 2.8910109996795654, 
        "iteration": 62, 
        "elapsed_time": 18.55332088470459, 
        "epoch": 62, 
        "main/accuracy": 0.1666666716337204, 
        "validation/main/accuracy": 0.1785714328289032
    }, 
    {
        "polynomialshift/lr": 0.0888819441731559, 
        "main/loss": 2.499866247177124, 
        "validation/main/loss": 2.8910510540008545, 
        "iteration": 63, 
        "elapsed_time": 18.8524169921875, 
        "epoch": 63, 
        "main/accuracy": 0.1666666716337204, 
        "validation/main/accuracy": 0.1785714328289032
    }, 
    {
        "polynomialshift/lr": 0.0886942313043338, 
        "main/loss": 2.499739408493042, 
        "validation/main/loss": 2.8911333084106445, 
        "iteration": 64, 
        "elapsed_time": 19.15139389038086, 
        "epoch": 64, 
        "main/accuracy": 0.1666666716337204, 
        "validation/main/accuracy": 0.1795634925365448
    }, 
    {
        "polynomialshift/lr": 0.08850612031567837, 
        "main/loss": 2.4997024536132812, 
        "validation/main/loss": 2.8915412425994873, 
        "iteration": 65, 
        "elapsed_time": 19.44218683242798, 
        "epoch": 65, 
        "main/accuracy": 0.1666666716337204, 
        "validation/main/accuracy": 0.1765872985124588
    }, 
    {
        "polynomialshift/lr": 0.08831760866327848, 
        "main/loss": 2.4997267723083496, 
        "validation/main/loss": 2.891561985015869, 
        "iteration": 66, 
        "elapsed_time": 19.6929349899292, 
        "epoch": 66, 
        "main/accuracy": 0.1666666716337204, 
        "validation/main/accuracy": 0.1795634925365448
    }, 
    {
        "polynomialshift/lr": 0.08812869377601523, 
        "main/loss": 2.499610424041748, 
        "validation/main/loss": 2.8916149139404297, 
        "iteration": 67, 
        "elapsed_time": 19.97468400001526, 
        "epoch": 67, 
        "main/accuracy": 0.1666666716337204, 
        "validation/main/accuracy": 0.1805555522441864
    }, 
    {
        "polynomialshift/lr": 0.0879393730551528, 
        "main/loss": 2.4995017051696777, 
        "validation/main/loss": 2.8917057514190674, 
        "iteration": 68, 
        "elapsed_time": 20.24156403541565, 
        "epoch": 68, 
        "main/accuracy": 0.1666666716337204, 
        "validation/main/accuracy": 0.1805555522441864
    }, 
    {
        "polynomialshift/lr": 0.08774964387392123, 
        "main/loss": 2.4994001388549805, 
        "validation/main/loss": 2.891829252243042, 
        "iteration": 69, 
        "elapsed_time": 20.494313955307007, 
        "epoch": 69, 
        "main/accuracy": 0.1666666716337204, 
        "validation/main/accuracy": 0.1805555522441864
    }, 
    {
        "polynomialshift/lr": 0.08755950357709132, 
        "main/loss": 2.499343156814575, 
        "validation/main/loss": 2.893481969833374, 
        "iteration": 70, 
        "elapsed_time": 20.76646900177002, 
        "epoch": 70, 
        "main/accuracy": 0.1666666716337204, 
        "validation/main/accuracy": 0.1805555522441864
    }, 
    {
        "polynomialshift/lr": 0.08736894948054105, 
        "main/loss": 2.4993655681610107, 
        "validation/main/loss": 2.8936028480529785, 
        "iteration": 71, 
        "elapsed_time": 21.027551889419556, 
        "epoch": 71, 
        "main/accuracy": 0.1666666716337204, 
        "validation/main/accuracy": 0.1805555522441864
    }, 
    {
        "polynomialshift/lr": 0.08717797887081347, 
        "main/loss": 2.4992730617523193, 
        "validation/main/loss": 2.8937463760375977, 
        "iteration": 72, 
        "elapsed_time": 21.293747901916504, 
        "epoch": 72, 
        "main/accuracy": 0.1666666716337204, 
        "validation/main/accuracy": 0.1805555522441864
    }, 
    {
        "polynomialshift/lr": 0.08698658900466592, 
        "main/loss": 2.4991862773895264, 
        "validation/main/loss": 2.8939197063446045, 
        "iteration": 73, 
        "elapsed_time": 21.56708788871765, 
        "epoch": 73, 
        "main/accuracy": 0.1666666716337204, 
        "validation/main/accuracy": 0.181547611951828
    }, 
    {
        "polynomialshift/lr": 0.08679477710861025, 
        "main/loss": 2.499175548553467, 
        "validation/main/loss": 2.894012928009033, 
        "iteration": 74, 
        "elapsed_time": 21.82448983192444, 
        "epoch": 74, 
        "main/accuracy": 0.1666666716337204, 
        "validation/main/accuracy": 0.1795634925365448
    }, 
    {
        "polynomialshift/lr": 0.08660254037844387, 
        "main/loss": 2.499206066131592, 
        "validation/main/loss": 2.894134521484375, 
        "iteration": 75, 
        "elapsed_time": 22.086845874786377, 
        "epoch": 75, 
        "main/accuracy": 0.1666666716337204, 
        "validation/main/accuracy": 0.1805555522441864
    }, 
    {
        "polynomialshift/lr": 0.08640987597877148, 
        "main/loss": 2.4991235733032227, 
        "validation/main/loss": 2.8942747116088867, 
        "iteration": 76, 
        "elapsed_time": 22.33971881866455, 
        "epoch": 76, 
        "main/accuracy": 0.1666666716337204, 
        "validation/main/accuracy": 0.1805555522441864
    }, 
    {
        "polynomialshift/lr": 0.0862167810425171, 
        "main/loss": 2.4990458488464355, 
        "validation/main/loss": 2.8944270610809326, 
        "iteration": 77, 
        "elapsed_time": 22.604979991912842, 
        "epoch": 77, 
        "main/accuracy": 0.1666666716337204, 
        "validation/main/accuracy": 0.1805555522441864
    }, 
    {
        "polynomialshift/lr": 0.08602325267042626, 
        "main/loss": 2.4989726543426514, 
        "validation/main/loss": 2.8946025371551514, 
        "iteration": 78, 
        "elapsed_time": 22.916695833206177, 
        "epoch": 78, 
        "main/accuracy": 0.1666666716337204, 
        "validation/main/accuracy": 0.1805555522441864
    }, 
    {
        "polynomialshift/lr": 0.08582928793055822, 
        "main/loss": 2.4989166259765625, 
        "validation/main/loss": 2.8961403369903564, 
        "iteration": 79, 
        "elapsed_time": 23.28028392791748, 
        "epoch": 79, 
        "main/accuracy": 0.1666666716337204, 
        "validation/main/accuracy": 0.1805555522441864
    }, 
    {
        "polynomialshift/lr": 0.08563488385776753, 
        "main/loss": 2.4989676475524902, 
        "validation/main/loss": 2.896061897277832, 
        "iteration": 80, 
        "elapsed_time": 23.553622007369995, 
        "epoch": 80, 
        "main/accuracy": 0.1666666716337204, 
        "validation/main/accuracy": 0.1805555522441864
    }, 
    {
        "polynomialshift/lr": 0.08544003745317531, 
        "main/loss": 2.498896360397339, 
        "validation/main/loss": 2.8962481021881104, 
        "iteration": 81, 
        "elapsed_time": 23.817814826965332, 
        "epoch": 81, 
        "main/accuracy": 0.1666666716337204, 
        "validation/main/accuracy": 0.1805555522441864
    }, 
    {
        "polynomialshift/lr": 0.08524474568362948, 
        "main/loss": 2.498831272125244, 
        "validation/main/loss": 2.8964476585388184, 
        "iteration": 82, 
        "elapsed_time": 24.08888602256775, 
        "epoch": 82, 
        "main/accuracy": 0.1666666716337204, 
        "validation/main/accuracy": 0.181547611951828
    }, 
    {
        "polynomialshift/lr": 0.08504900548115384, 
        "main/loss": 2.498769760131836, 
        "validation/main/loss": 2.8966643810272217, 
        "iteration": 83, 
        "elapsed_time": 24.404254913330078, 
        "epoch": 83, 
        "main/accuracy": 0.1666666716337204, 
        "validation/main/accuracy": 0.1825396865606308
    }, 
    {
        "polynomialshift/lr": 0.08485281374238571, 
        "main/loss": 2.498711109161377, 
        "validation/main/loss": 2.896885395050049, 
        "iteration": 84, 
        "elapsed_time": 24.655853986740112, 
        "epoch": 84, 
        "main/accuracy": 0.1666666716337204, 
        "validation/main/accuracy": 0.1835317462682724
    }, 
    {
        "polynomialshift/lr": 0.08465616732800196, 
        "main/loss": 2.4987857341766357, 
        "validation/main/loss": 2.896623373031616, 
        "iteration": 85, 
        "elapsed_time": 24.934176921844482, 
        "epoch": 85, 
        "main/accuracy": 0.1666666716337204, 
        "validation/main/accuracy": 0.1805555522441864
    }, 
    {
        "polynomialshift/lr": 0.08445906306213286, 
        "main/loss": 2.4987502098083496, 
        "validation/main/loss": 2.89680814743042, 
        "iteration": 86, 
        "elapsed_time": 25.224345922470093, 
        "epoch": 86, 
        "main/accuracy": 0.1666666716337204, 
        "validation/main/accuracy": 0.1805555522441864
    }, 
    {
        "polynomialshift/lr": 0.08426149773176358, 
        "main/loss": 2.4986929893493652, 
        "validation/main/loss": 2.897003412246704, 
        "iteration": 87, 
        "elapsed_time": 25.494582891464233, 
        "epoch": 87, 
        "main/accuracy": 0.1666666716337204, 
        "validation/main/accuracy": 0.1805555522441864
    }, 
    {
        "polynomialshift/lr": 0.08406346808612328, 
        "main/loss": 2.49863862991333, 
        "validation/main/loss": 2.897212505340576, 
        "iteration": 88, 
        "elapsed_time": 25.772222995758057, 
        "epoch": 88, 
        "main/accuracy": 0.1666666716337204, 
        "validation/main/accuracy": 0.1805555522441864
    }, 
    {
        "polynomialshift/lr": 0.08386497083606083, 
        "main/loss": 2.498586893081665, 
        "validation/main/loss": 2.8974175453186035, 
        "iteration": 89, 
        "elapsed_time": 26.033466815948486, 
        "epoch": 89, 
        "main/accuracy": 0.1666666716337204, 
        "validation/main/accuracy": 0.181547611951828
    }, 
    {
        "polynomialshift/lr": 0.08366600265340757, 
        "main/loss": 2.4985814094543457, 
        "validation/main/loss": 2.898808240890503, 
        "iteration": 90, 
        "elapsed_time": 26.321784019470215, 
        "epoch": 90, 
        "main/accuracy": 0.1666666716337204, 
        "validation/main/accuracy": 0.1805555522441864
    }, 
    {
        "polynomialshift/lr": 0.08346656017032611, 
        "main/loss": 2.4985971450805664, 
        "validation/main/loss": 2.8990120887756348, 
        "iteration": 91, 
        "elapsed_time": 26.59477996826172, 
        "epoch": 91, 
        "main/accuracy": 0.1666666716337204, 
        "validation/main/accuracy": 0.1805555522441864
    }, 
    {
        "polynomialshift/lr": 0.08326663997864531, 
        "main/loss": 2.498547315597534, 
        "validation/main/loss": 2.8992254734039307, 
        "iteration": 92, 
        "elapsed_time": 26.868513822555542, 
        "epoch": 92, 
        "main/accuracy": 0.1666666716337204, 
        "validation/main/accuracy": 0.1805555522441864
    }, 
    {
        "polynomialshift/lr": 0.08306623862918075, 
        "main/loss": 2.498499870300293, 
        "validation/main/loss": 2.899445056915283, 
        "iteration": 93, 
        "elapsed_time": 27.196444034576416, 
        "epoch": 93, 
        "main/accuracy": 0.1666666716337204, 
        "validation/main/accuracy": 0.181547611951828
    }, 
    {
        "polynomialshift/lr": 0.08286535263104036, 
        "main/loss": 2.4984548091888428, 
        "validation/main/loss": 2.8996763229370117, 
        "iteration": 94, 
        "elapsed_time": 27.455166816711426, 
        "epoch": 94, 
        "main/accuracy": 0.1666666716337204, 
        "validation/main/accuracy": 0.1825396865606308
    }, 
    {
        "polynomialshift/lr": 0.08266397845091497, 
        "main/loss": 2.4984116554260254, 
        "validation/main/loss": 2.8999059200286865, 
        "iteration": 95, 
        "elapsed_time": 27.699362993240356, 
        "epoch": 95, 
        "main/accuracy": 0.1666666716337204, 
        "validation/main/accuracy": 0.1825396865606308
    }, 
    {
        "polynomialshift/lr": 0.0824621125123532, 
        "main/loss": 2.4983701705932617, 
        "validation/main/loss": 2.900146245956421, 
        "iteration": 96, 
        "elapsed_time": 28.01392388343811, 
        "epoch": 96, 
        "main/accuracy": 0.1666666716337204, 
        "validation/main/accuracy": 0.1825396865606308
    }, 
    {
        "polynomialshift/lr": 0.08225975119502045, 
        "main/loss": 2.4983315467834473, 
        "validation/main/loss": 2.8996288776397705, 
        "iteration": 97, 
        "elapsed_time": 28.2842059135437, 
        "epoch": 97, 
        "main/accuracy": 0.1666666716337204, 
        "validation/main/accuracy": 0.1795634925365448
    }, 
    {
        "polynomialshift/lr": 0.08205689083394115, 
        "main/loss": 2.4984140396118164, 
        "validation/main/loss": 2.8998329639434814, 
        "iteration": 98, 
        "elapsed_time": 28.574579000473022, 
        "epoch": 98, 
        "main/accuracy": 0.1666666716337204, 
        "validation/main/accuracy": 0.1805555522441864
    }, 
    {
        "polynomialshift/lr": 0.0818535277187245, 
        "main/loss": 2.498372793197632, 
        "validation/main/loss": 2.900043487548828, 
        "iteration": 99, 
        "elapsed_time": 28.82429599761963, 
        "epoch": 99, 
        "main/accuracy": 0.1666666716337204, 
        "validation/main/accuracy": 0.1805555522441864
    }, 
    {
        "polynomialshift/lr": 0.08164965809277261, 
        "main/loss": 2.49833345413208, 
        "validation/main/loss": 2.9002578258514404, 
        "iteration": 100, 
        "elapsed_time": 29.082988023757935, 
        "epoch": 100, 
        "main/accuracy": 0.1666666716337204, 
        "validation/main/accuracy": 0.181547611951828
    }, 
    {
        "polynomialshift/lr": 0.08144527815247078, 
        "main/loss": 2.498295307159424, 
        "validation/main/loss": 2.900482654571533, 
        "iteration": 101, 
        "elapsed_time": 29.38282299041748, 
        "epoch": 101, 
        "main/accuracy": 0.1666666716337204, 
        "validation/main/accuracy": 0.181547611951828
    }, 
    {
        "polynomialshift/lr": 0.08124038404635961, 
        "main/loss": 2.4982590675354004, 
        "validation/main/loss": 2.900714635848999, 
        "iteration": 102, 
        "elapsed_time": 29.64269781112671, 
        "epoch": 102, 
        "main/accuracy": 0.1666666716337204, 
        "validation/main/accuracy": 0.1825396865606308
    }, 
    {
        "polynomialshift/lr": 0.08103497187428813, 
        "main/loss": 2.4983012676239014, 
        "validation/main/loss": 2.901949167251587, 
        "iteration": 103, 
        "elapsed_time": 29.92370295524597, 
        "epoch": 103, 
        "main/accuracy": 0.1666666716337204, 
        "validation/main/accuracy": 0.1805555522441864
    }, 
    {
        "polynomialshift/lr": 0.08082903768654762, 
        "main/loss": 2.498279571533203, 
        "validation/main/loss": 2.902168035507202, 
        "iteration": 104, 
        "elapsed_time": 30.209939002990723, 
        "epoch": 104, 
        "main/accuracy": 0.1666666716337204, 
        "validation/main/accuracy": 0.1805555522441864
    }, 
    {
        "polynomialshift/lr": 0.08062257748298551, 
        "main/loss": 2.498244047164917, 
        "validation/main/loss": 2.902395725250244, 
        "iteration": 105, 
        "elapsed_time": 30.497761964797974, 
        "epoch": 105, 
        "main/accuracy": 0.1666666716337204, 
        "validation/main/accuracy": 0.181547611951828
    }, 
    {
        "polynomialshift/lr": 0.0804155872120988, 
        "main/loss": 2.4982099533081055, 
        "validation/main/loss": 2.90262508392334, 
        "iteration": 106, 
        "elapsed_time": 30.75810194015503, 
        "epoch": 106, 
        "main/accuracy": 0.1666666716337204, 
        "validation/main/accuracy": 0.1825396865606308
    }, 
    {
        "polynomialshift/lr": 0.08020806277010643, 
        "main/loss": 2.4981772899627686, 
        "validation/main/loss": 2.902863025665283, 
        "iteration": 107, 
        "elapsed_time": 31.015188932418823, 
        "epoch": 107, 
        "main/accuracy": 0.1666666716337204, 
        "validation/main/accuracy": 0.1825396865606308
    }, 
    {
        "polynomialshift/lr": 0.08000000000000002, 
        "main/loss": 2.498145580291748, 
        "validation/main/loss": 2.903104305267334, 
        "iteration": 108, 
        "elapsed_time": 31.290247917175293, 
        "epoch": 108, 
        "main/accuracy": 0.1666666716337204, 
        "validation/main/accuracy": 0.1825396865606308
    }, 
    {
        "polynomialshift/lr": 0.07979139469057217, 
        "main/loss": 2.498115301132202, 
        "validation/main/loss": 2.9033522605895996, 
        "iteration": 109, 
        "elapsed_time": 31.5638689994812, 
        "epoch": 109, 
        "main/accuracy": 0.1666666716337204, 
        "validation/main/accuracy": 0.1825396865606308
    }, 
    {
        "polynomialshift/lr": 0.07958224257542215, 
        "main/loss": 2.4980859756469727, 
        "validation/main/loss": 2.9036037921905518, 
        "iteration": 110, 
        "elapsed_time": 31.894129991531372, 
        "epoch": 110, 
        "main/accuracy": 0.1666666716337204, 
        "validation/main/accuracy": 0.1835317462682724
    }, 
    {
        "polynomialshift/lr": 0.07937253933193772, 
        "main/loss": 2.4980578422546387, 
        "validation/main/loss": 2.9038565158843994, 
        "iteration": 111, 
        "elapsed_time": 32.23100781440735, 
        "epoch": 111, 
        "main/accuracy": 0.1666666716337204, 
        "validation/main/accuracy": 0.184523805975914
    }, 
    {
        "polynomialshift/lr": 0.07916228058025279, 
        "main/loss": 2.498076915740967, 
        "validation/main/loss": 2.9049367904663086, 
        "iteration": 112, 
        "elapsed_time": 32.50457191467285, 
        "epoch": 112, 
        "main/accuracy": 0.1666666716337204, 
        "validation/main/accuracy": 0.181547611951828
    }, 
    {
        "polynomialshift/lr": 0.07895146188218008, 
        "main/loss": 2.498081922531128, 
        "validation/main/loss": 2.9051828384399414, 
        "iteration": 113, 
        "elapsed_time": 32.75785493850708, 
        "epoch": 113, 
        "main/accuracy": 0.1666666716337204, 
        "validation/main/accuracy": 0.1825396865606308
    }
]