[
    {
        "polynomialshift/lr": 0.09983319421247959, 
        "main/loss": 2.9881417751312256, 
        "validation/main/loss": 2.7118706703186035, 
        "iteration": 1, 
        "elapsed_time": 0.9591739177703857, 
        "epoch": 1, 
        "main/accuracy": 0.0, 
        "validation/main/accuracy": 0.2142857164144516
    }, 
    {
        "polynomialshift/lr": 0.09966610925150703, 
        "main/loss": 1.8245683908462524, 
        "validation/main/loss": 2.2961111068725586, 
        "iteration": 2, 
        "elapsed_time": 1.1950459480285645, 
        "epoch": 2, 
        "main/accuracy": 0.7142857313156128, 
        "validation/main/accuracy": 0.3720238208770752
    }, 
    {
        "polynomialshift/lr": 0.099498743710662, 
        "main/loss": 0.995446503162384, 
        "validation/main/loss": 2.180233955383301, 
        "iteration": 3, 
        "elapsed_time": 1.4423789978027344, 
        "epoch": 3, 
        "main/accuracy": 0.8571428656578064, 
        "validation/main/accuracy": 0.3839285671710968
    }, 
    {
        "polynomialshift/lr": 0.09933109617167561, 
        "main/loss": 0.7192476987838745, 
        "validation/main/loss": 2.0709123611450195, 
        "iteration": 4, 
        "elapsed_time": 1.6713378429412842, 
        "epoch": 4, 
        "main/accuracy": 0.8571428656578064, 
        "validation/main/accuracy": 0.4196428656578064
    }, 
    {
        "polynomialshift/lr": 0.09916316520429011, 
        "main/loss": 0.3854728639125824, 
        "validation/main/loss": 2.0499799251556396, 
        "iteration": 5, 
        "elapsed_time": 1.901181936264038, 
        "epoch": 5, 
        "main/accuracy": 1.0, 
        "validation/main/accuracy": 0.4375
    }, 
    {
        "polynomialshift/lr": 0.09899494936611666, 
        "main/loss": 0.21709991991519928, 
        "validation/main/loss": 2.0584094524383545, 
        "iteration": 6, 
        "elapsed_time": 2.1713738441467285, 
        "epoch": 6, 
        "main/accuracy": 1.0, 
        "validation/main/accuracy": 0.4474206268787384
    }, 
    {
        "polynomialshift/lr": 0.09882644720249062, 
        "main/loss": 0.15098409354686737, 
        "validation/main/loss": 2.0713062286376953, 
        "iteration": 7, 
        "elapsed_time": 2.413724899291992, 
        "epoch": 7, 
        "main/accuracy": 1.0, 
        "validation/main/accuracy": 0.4474206268787384
    }, 
    {
        "polynomialshift/lr": 0.09865765724632496, 
        "main/loss": 0.11789880692958832, 
        "validation/main/loss": 2.085071563720703, 
        "iteration": 8, 
        "elapsed_time": 2.64304780960083, 
        "epoch": 8, 
        "main/accuracy": 1.0, 
        "validation/main/accuracy": 0.4474206268787384
    }, 
    {
        "polynomialshift/lr": 0.09848857801796106, 
        "main/loss": 0.09724821895360947, 
        "validation/main/loss": 2.099048614501953, 
        "iteration": 9, 
        "elapsed_time": 2.8373279571533203, 
        "epoch": 9, 
        "main/accuracy": 1.0, 
        "validation/main/accuracy": 0.4503968358039856
    }, 
    {
        "polynomialshift/lr": 0.09831920802501751, 
        "main/loss": 0.0829228013753891, 
        "validation/main/loss": 2.1126911640167236, 
        "iteration": 10, 
        "elapsed_time": 3.0232338905334473, 
        "epoch": 10, 
        "main/accuracy": 1.0, 
        "validation/main/accuracy": 0.449404776096344
    }, 
    {
        "polynomialshift/lr": 0.09814954576223639, 
        "main/loss": 0.07232945412397385, 
        "validation/main/loss": 2.125950813293457, 
        "iteration": 11, 
        "elapsed_time": 3.248466968536377, 
        "epoch": 11, 
        "main/accuracy": 1.0, 
        "validation/main/accuracy": 0.4513888955116272
    }, 
    {
        "polynomialshift/lr": 0.09797958971132713, 
        "main/loss": 0.06415210664272308, 
        "validation/main/loss": 2.138720750808716, 
        "iteration": 12, 
        "elapsed_time": 3.4701437950134277, 
        "epoch": 12, 
        "main/accuracy": 1.0, 
        "validation/main/accuracy": 0.449404776096344
    }, 
    {
        "polynomialshift/lr": 0.09780933834080807, 
        "main/loss": 0.0576372854411602, 
        "validation/main/loss": 2.151010274887085, 
        "iteration": 13, 
        "elapsed_time": 3.7144999504089355, 
        "epoch": 13, 
        "main/accuracy": 1.0, 
        "validation/main/accuracy": 0.449404776096344
    }, 
    {
        "polynomialshift/lr": 0.0976387901058454, 
        "main/loss": 0.05232163891196251, 
        "validation/main/loss": 2.162796974182129, 
        "iteration": 14, 
        "elapsed_time": 3.8978610038757324, 
        "epoch": 14, 
        "main/accuracy": 1.0, 
        "validation/main/accuracy": 0.4474206268787384
    }, 
    {
        "polynomialshift/lr": 0.09746794344808964, 
        "main/loss": 0.04789965599775314, 
        "validation/main/loss": 2.1740925312042236, 
        "iteration": 15, 
        "elapsed_time": 4.092576026916504, 
        "epoch": 15, 
        "main/accuracy": 1.0, 
        "validation/main/accuracy": 0.449404776096344
    }, 
    {
        "polynomialshift/lr": 0.09729679679550951, 
        "main/loss": 0.04416479542851448, 
        "validation/main/loss": 2.1849467754364014, 
        "iteration": 16, 
        "elapsed_time": 4.32212495803833, 
        "epoch": 16, 
        "main/accuracy": 1.0, 
        "validation/main/accuracy": 0.44841268658638
    }, 
    {
        "polynomialshift/lr": 0.0971253485622231, 
        "main/loss": 0.04097557067871094, 
        "validation/main/loss": 2.1953580379486084, 
        "iteration": 17, 
        "elapsed_time": 4.517294883728027, 
        "epoch": 17, 
        "main/accuracy": 1.0, 
        "validation/main/accuracy": 0.44841268658638
    }, 
    {
        "polynomialshift/lr": 0.09695359714832658, 
        "main/loss": 0.03821611404418945, 
        "validation/main/loss": 2.205369710922241, 
        "iteration": 18, 
        "elapsed_time": 4.725520849227905, 
        "epoch": 18, 
        "main/accuracy": 1.0, 
        "validation/main/accuracy": 0.4474206268787384
    }, 
    {
        "polynomialshift/lr": 0.09678154093971984, 
        "main/loss": 0.03580515831708908, 
        "validation/main/loss": 2.215000867843628, 
        "iteration": 19, 
        "elapsed_time": 4.919926881790161, 
        "epoch": 19, 
        "main/accuracy": 1.0, 
        "validation/main/accuracy": 0.4474206268787384
    }, 
    {
        "polynomialshift/lr": 0.09660917830792959, 
        "main/loss": 0.033685073256492615, 
        "validation/main/loss": 2.2242794036865234, 
        "iteration": 20, 
        "elapsed_time": 5.149837970733643, 
        "epoch": 20, 
        "main/accuracy": 1.0, 
        "validation/main/accuracy": 0.4454365074634552
    }, 
    {
        "polynomialshift/lr": 0.09643650760992956, 
        "main/loss": 0.03180252015590668, 
        "validation/main/loss": 2.2332351207733154, 
        "iteration": 21, 
        "elapsed_time": 5.345256805419922, 
        "epoch": 21, 
        "main/accuracy": 1.0, 
        "validation/main/accuracy": 0.4464285671710968
    }, 
    {
        "polynomialshift/lr": 0.09626352718795768, 
        "main/loss": 0.030118808150291443, 
        "validation/main/loss": 2.2418787479400635, 
        "iteration": 22, 
        "elapsed_time": 5.55877685546875, 
        "epoch": 22, 
        "main/accuracy": 1.0, 
        "validation/main/accuracy": 0.4464285671710968
    }, 
    {
        "polynomialshift/lr": 0.0960902353693305, 
        "main/loss": 0.02860335074365139, 
        "validation/main/loss": 2.250225067138672, 
        "iteration": 23, 
        "elapsed_time": 5.768248796463013, 
        "epoch": 23, 
        "main/accuracy": 1.0, 
        "validation/main/accuracy": 0.4454365074634552
    }, 
    {
        "polynomialshift/lr": 0.0959166304662544, 
        "main/loss": 0.027238983660936356, 
        "validation/main/loss": 2.2582943439483643, 
        "iteration": 24, 
        "elapsed_time": 5.9697489738464355, 
        "epoch": 24, 
        "main/accuracy": 1.0, 
        "validation/main/accuracy": 0.4444444477558136
    }, 
    {
        "polynomialshift/lr": 0.09574271077563382, 
        "main/loss": 0.02600315771996975, 
        "validation/main/loss": 2.2661192417144775, 
        "iteration": 25, 
        "elapsed_time": 6.169404983520508, 
        "epoch": 25, 
        "main/accuracy": 1.0, 
        "validation/main/accuracy": 0.4444444477558136
    }, 
    {
        "polynomialshift/lr": 0.09556847457887635, 
        "main/loss": 0.02487509697675705, 
        "validation/main/loss": 2.273695230484009, 
        "iteration": 26, 
        "elapsed_time": 6.384095907211304, 
        "epoch": 26, 
        "main/accuracy": 1.0, 
        "validation/main/accuracy": 0.443452388048172
    }, 
    {
        "polynomialshift/lr": 0.09539392014169457, 
        "main/loss": 0.023840565234422684, 
        "validation/main/loss": 2.2810564041137695, 
        "iteration": 27, 
        "elapsed_time": 6.603012800216675, 
        "epoch": 27, 
        "main/accuracy": 1.0, 
        "validation/main/accuracy": 0.443452388048172
    }, 
    {
        "polynomialshift/lr": 0.09521904571390466, 
        "main/loss": 0.02288934215903282, 
        "validation/main/loss": 2.2881996631622314, 
        "iteration": 28, 
        "elapsed_time": 6.827366828918457, 
        "epoch": 28, 
        "main/accuracy": 1.0, 
        "validation/main/accuracy": 0.4424603283405304
    }, 
    {
        "polynomialshift/lr": 0.09504384952922168, 
        "main/loss": 0.022011077031493187, 
        "validation/main/loss": 2.295140027999878, 
        "iteration": 29, 
        "elapsed_time": 7.0273449420928955, 
        "epoch": 29, 
        "main/accuracy": 1.0, 
        "validation/main/accuracy": 0.4424603283405304
    }, 
    {
        "polynomialshift/lr": 0.09486832980505139, 
        "main/loss": 0.021197251975536346, 
        "validation/main/loss": 2.301881790161133, 
        "iteration": 30, 
        "elapsed_time": 7.272486925125122, 
        "epoch": 30, 
        "main/accuracy": 1.0, 
        "validation/main/accuracy": 0.4404761791229248
    }, 
    {
        "polynomialshift/lr": 0.09469248474227861, 
        "main/loss": 0.020440101623535156, 
        "validation/main/loss": 2.3084332942962646, 
        "iteration": 31, 
        "elapsed_time": 7.501718997955322, 
        "epoch": 31, 
        "main/accuracy": 1.0, 
        "validation/main/accuracy": 0.4394841194152832
    }, 
    {
        "polynomialshift/lr": 0.09451631252505217, 
        "main/loss": 0.019735610112547874, 
        "validation/main/loss": 2.314814329147339, 
        "iteration": 32, 
        "elapsed_time": 7.7095630168914795, 
        "epoch": 32, 
        "main/accuracy": 1.0, 
        "validation/main/accuracy": 0.4404761791229248
    }, 
    {
        "polynomialshift/lr": 0.09433981132056604, 
        "main/loss": 0.019078051671385765, 
        "validation/main/loss": 2.321031093597412, 
        "iteration": 33, 
        "elapsed_time": 7.937551975250244, 
        "epoch": 33, 
        "main/accuracy": 1.0, 
        "validation/main/accuracy": 0.4404761791229248
    }, 
    {
        "polynomialshift/lr": 0.0941629792788369, 
        "main/loss": 0.01846272684633732, 
        "validation/main/loss": 2.327089786529541, 
        "iteration": 34, 
        "elapsed_time": 8.159801006317139, 
        "epoch": 34, 
        "main/accuracy": 1.0, 
        "validation/main/accuracy": 0.4404761791229248
    }, 
    {
        "polynomialshift/lr": 0.0939858145324779, 
        "main/loss": 0.017886638641357422, 
        "validation/main/loss": 2.333000659942627, 
        "iteration": 35, 
        "elapsed_time": 8.379694938659668, 
        "epoch": 35, 
        "main/accuracy": 1.0, 
        "validation/main/accuracy": 0.4404761791229248
    }, 
    {
        "polynomialshift/lr": 0.0938083151964686, 
        "main/loss": 0.017344951629638672, 
        "validation/main/loss": 2.3387696743011475, 
        "iteration": 36, 
        "elapsed_time": 8.622002840042114, 
        "epoch": 36, 
        "main/accuracy": 1.0, 
        "validation/main/accuracy": 0.4404761791229248
    }, 
    {
        "polynomialshift/lr": 0.09363047936792093, 
        "main/loss": 0.016835689544677734, 
        "validation/main/loss": 2.3444008827209473, 
        "iteration": 37, 
        "elapsed_time": 8.86286997795105, 
        "epoch": 37, 
        "main/accuracy": 1.0, 
        "validation/main/accuracy": 0.4404761791229248
    }, 
    {
        "polynomialshift/lr": 0.09345230512584124, 
        "main/loss": 0.01635565236210823, 
        "validation/main/loss": 2.349902629852295, 
        "iteration": 38, 
        "elapsed_time": 9.087587833404541, 
        "epoch": 38, 
        "main/accuracy": 1.0, 
        "validation/main/accuracy": 0.4404761791229248
    }, 
    {
        "polynomialshift/lr": 0.09327379053088815, 
        "main/loss": 0.01590218022465706, 
        "validation/main/loss": 2.3552792072296143, 
        "iteration": 39, 
        "elapsed_time": 9.296432971954346, 
        "epoch": 39, 
        "main/accuracy": 1.0, 
        "validation/main/accuracy": 0.4404761791229248
    }, 
    {
        "polynomialshift/lr": 0.09309493362512627, 
        "main/loss": 0.015473706647753716, 
        "validation/main/loss": 2.3605382442474365, 
        "iteration": 40, 
        "elapsed_time": 9.50972294807434, 
        "epoch": 40, 
        "main/accuracy": 1.0, 
        "validation/main/accuracy": 0.4404761791229248
    }, 
    {
        "polynomialshift/lr": 0.0929157324317757, 
        "main/loss": 0.015068055130541325, 
        "validation/main/loss": 2.36568021774292, 
        "iteration": 41, 
        "elapsed_time": 9.735666990280151, 
        "epoch": 41, 
        "main/accuracy": 1.0, 
        "validation/main/accuracy": 0.4414682686328888
    }, 
    {
        "polynomialshift/lr": 0.09273618495495704, 
        "main/loss": 0.01468351949006319, 
        "validation/main/loss": 2.3707127571105957, 
        "iteration": 42, 
        "elapsed_time": 9.943396806716919, 
        "epoch": 42, 
        "main/accuracy": 1.0, 
        "validation/main/accuracy": 0.4414682686328888
    }, 
    {
        "polynomialshift/lr": 0.09255628917943215, 
        "main/loss": 0.014318535104393959, 
        "validation/main/loss": 2.3756537437438965, 
        "iteration": 43, 
        "elapsed_time": 10.16501784324646, 
        "epoch": 43, 
        "main/accuracy": 1.0, 
        "validation/main/accuracy": 0.4414682686328888
    }, 
    {
        "polynomialshift/lr": 0.09237604307034013, 
        "main/loss": 0.013971669599413872, 
        "validation/main/loss": 2.3804805278778076, 
        "iteration": 44, 
        "elapsed_time": 10.388994932174683, 
        "epoch": 44, 
        "main/accuracy": 1.0, 
        "validation/main/accuracy": 0.4414682686328888
    }, 
    {
        "polynomialshift/lr": 0.09219544457292889, 
        "main/loss": 0.01364115346223116, 
        "validation/main/loss": 2.3852126598358154, 
        "iteration": 45, 
        "elapsed_time": 10.629287004470825, 
        "epoch": 45, 
        "main/accuracy": 1.0, 
        "validation/main/accuracy": 0.4414682686328888
    }, 
    {
        "polynomialshift/lr": 0.09201449161228176, 
        "main/loss": 0.013326440937817097, 
        "validation/main/loss": 2.3898496627807617, 
        "iteration": 46, 
        "elapsed_time": 10.887135028839111, 
        "epoch": 46, 
        "main/accuracy": 1.0, 
        "validation/main/accuracy": 0.4414682686328888
    }, 
    {
        "polynomialshift/lr": 0.09183318209303941, 
        "main/loss": 0.013026374392211437, 
        "validation/main/loss": 2.394397020339966, 
        "iteration": 47, 
        "elapsed_time": 11.112881898880005, 
        "epoch": 47, 
        "main/accuracy": 1.0, 
        "validation/main/accuracy": 0.4414682686328888
    }, 
    {
        "polynomialshift/lr": 0.0916515138991168, 
        "main/loss": 0.012739795260131359, 
        "validation/main/loss": 2.3988568782806396, 
        "iteration": 48, 
        "elapsed_time": 11.458652019500732, 
        "epoch": 48, 
        "main/accuracy": 1.0, 
        "validation/main/accuracy": 0.443452388048172
    }, 
    {
        "polynomialshift/lr": 0.09146948489341496, 
        "main/loss": 0.012465545907616615, 
        "validation/main/loss": 2.4032325744628906, 
        "iteration": 49, 
        "elapsed_time": 11.68767499923706, 
        "epoch": 49, 
        "main/accuracy": 1.0, 
        "validation/main/accuracy": 0.443452388048172
    }, 
    {
        "polynomialshift/lr": 0.09128709291752769, 
        "main/loss": 0.01220342144370079, 
        "validation/main/loss": 2.4075331687927246, 
        "iteration": 50, 
        "elapsed_time": 11.887476921081543, 
        "epoch": 50, 
        "main/accuracy": 1.0, 
        "validation/main/accuracy": 0.443452388048172
    }, 
    {
        "polynomialshift/lr": 0.091104335791443, 
        "main/loss": 0.011952264234423637, 
        "validation/main/loss": 2.4117543697357178, 
        "iteration": 51, 
        "elapsed_time": 12.149528980255127, 
        "epoch": 51, 
        "main/accuracy": 1.0, 
        "validation/main/accuracy": 0.443452388048172
    }, 
    {
        "polynomialshift/lr": 0.09092121131323905, 
        "main/loss": 0.011711257509887218, 
        "validation/main/loss": 2.4158902168273926, 
        "iteration": 52, 
        "elapsed_time": 12.383462905883789, 
        "epoch": 52, 
        "main/accuracy": 1.0, 
        "validation/main/accuracy": 0.443452388048172
    }, 
    {
        "polynomialshift/lr": 0.09073771725877466, 
        "main/loss": 0.011480400338768959, 
        "validation/main/loss": 2.419957160949707, 
        "iteration": 53, 
        "elapsed_time": 12.596779823303223, 
        "epoch": 53, 
        "main/accuracy": 1.0, 
        "validation/main/accuracy": 0.443452388048172
    }, 
    {
        "polynomialshift/lr": 0.09055385138137417, 
        "main/loss": 0.011258398182690144, 
        "validation/main/loss": 2.4239535331726074, 
        "iteration": 54, 
        "elapsed_time": 12.833012819290161, 
        "epoch": 54, 
        "main/accuracy": 1.0, 
        "validation/main/accuracy": 0.443452388048172
    }, 
    {
        "polynomialshift/lr": 0.0903696114115064, 
        "main/loss": 0.0110451839864254, 
        "validation/main/loss": 2.427880048751831, 
        "iteration": 55, 
        "elapsed_time": 13.037242889404297, 
        "epoch": 55, 
        "main/accuracy": 1.0, 
        "validation/main/accuracy": 0.4444444477558136
    }, 
    {
        "polynomialshift/lr": 0.09018499505645788, 
        "main/loss": 0.010840076021850109, 
        "validation/main/loss": 2.4317400455474854, 
        "iteration": 56, 
        "elapsed_time": 13.242384910583496, 
        "epoch": 56, 
        "main/accuracy": 1.0, 
        "validation/main/accuracy": 0.4444444477558136
    }, 
    {
        "polynomialshift/lr": 0.09000000000000001, 
        "main/loss": 0.010642937384545803, 
        "validation/main/loss": 2.4355366230010986, 
        "iteration": 57, 
        "elapsed_time": 13.462644815444946, 
        "epoch": 57, 
        "main/accuracy": 1.0, 
        "validation/main/accuracy": 0.4444444477558136
    }, 
    {
        "polynomialshift/lr": 0.08981462390204986, 
        "main/loss": 0.01045261137187481, 
        "validation/main/loss": 2.439270496368408, 
        "iteration": 58, 
        "elapsed_time": 13.6886568069458, 
        "epoch": 58, 
        "main/accuracy": 1.0, 
        "validation/main/accuracy": 0.4444444477558136
    }, 
    {
        "polynomialshift/lr": 0.08962886439832501, 
        "main/loss": 0.01026950590312481, 
        "validation/main/loss": 2.442943572998047, 
        "iteration": 59, 
        "elapsed_time": 13.876165866851807, 
        "epoch": 59, 
        "main/accuracy": 1.0, 
        "validation/main/accuracy": 0.4444444477558136
    }, 
    {
        "polynomialshift/lr": 0.08944271909999159, 
        "main/loss": 0.010092804208397865, 
        "validation/main/loss": 2.4465620517730713, 
        "iteration": 60, 
        "elapsed_time": 14.113934993743896, 
        "epoch": 60, 
        "main/accuracy": 1.0, 
        "validation/main/accuracy": 0.4444444477558136
    }, 
    {
        "polynomialshift/lr": 0.08925618559330589, 
        "main/loss": 0.009922096505761147, 
        "validation/main/loss": 2.450129747390747, 
        "iteration": 61, 
        "elapsed_time": 14.309748888015747, 
        "epoch": 61, 
        "main/accuracy": 1.0, 
        "validation/main/accuracy": 0.4444444477558136
    }, 
    {
        "polynomialshift/lr": 0.08906926143924926, 
        "main/loss": 0.009757655672729015, 
        "validation/main/loss": 2.453632116317749, 
        "iteration": 62, 
        "elapsed_time": 14.55508279800415, 
        "epoch": 62, 
        "main/accuracy": 1.0, 
        "validation/main/accuracy": 0.4444444477558136
    }, 
    {
        "polynomialshift/lr": 0.0888819441731559, 
        "main/loss": 0.009598596021533012, 
        "validation/main/loss": 2.4570868015289307, 
        "iteration": 63, 
        "elapsed_time": 14.759723901748657, 
        "epoch": 63, 
        "main/accuracy": 1.0, 
        "validation/main/accuracy": 0.4444444477558136
    }, 
    {
        "polynomialshift/lr": 0.0886942313043338, 
        "main/loss": 0.009444850496947765, 
        "validation/main/loss": 2.4604861736297607, 
        "iteration": 64, 
        "elapsed_time": 14.966754913330078, 
        "epoch": 64, 
        "main/accuracy": 1.0, 
        "validation/main/accuracy": 0.443452388048172
    }, 
    {
        "polynomialshift/lr": 0.08850612031567837, 
        "main/loss": 0.009295872412621975, 
        "validation/main/loss": 2.463833808898926, 
        "iteration": 65, 
        "elapsed_time": 15.191401958465576, 
        "epoch": 65, 
        "main/accuracy": 1.0, 
        "validation/main/accuracy": 0.4444444477558136
    }, 
    {
        "polynomialshift/lr": 0.08831760866327848, 
        "main/loss": 0.0091520044952631, 
        "validation/main/loss": 2.467135429382324, 
        "iteration": 66, 
        "elapsed_time": 15.407641887664795, 
        "epoch": 66, 
        "main/accuracy": 1.0, 
        "validation/main/accuracy": 0.443452388048172
    }, 
    {
        "polynomialshift/lr": 0.08812869377601523, 
        "main/loss": 0.009012359194457531, 
        "validation/main/loss": 2.470388650894165, 
        "iteration": 67, 
        "elapsed_time": 15.602872848510742, 
        "epoch": 67, 
        "main/accuracy": 1.0, 
        "validation/main/accuracy": 0.443452388048172
    }, 
    {
        "polynomialshift/lr": 0.0879393730551528, 
        "main/loss": 0.008877482265233994, 
        "validation/main/loss": 2.473595142364502, 
        "iteration": 68, 
        "elapsed_time": 15.796540975570679, 
        "epoch": 68, 
        "main/accuracy": 1.0, 
        "validation/main/accuracy": 0.443452388048172
    }, 
    {
        "polynomialshift/lr": 0.08774964387392123, 
        "main/loss": 0.00874676089733839, 
        "validation/main/loss": 2.4767539501190186, 
        "iteration": 69, 
        "elapsed_time": 16.003459930419922, 
        "epoch": 69, 
        "main/accuracy": 1.0, 
        "validation/main/accuracy": 0.443452388048172
    }, 
    {
        "polynomialshift/lr": 0.08755950357709132, 
        "main/loss": 0.008619990199804306, 
        "validation/main/loss": 2.4798693656921387, 
        "iteration": 70, 
        "elapsed_time": 16.24614191055298, 
        "epoch": 70, 
        "main/accuracy": 1.0, 
        "validation/main/accuracy": 0.443452388048172
    }, 
    {
        "polynomialshift/lr": 0.08736894948054105, 
        "main/loss": 0.008497579023241997, 
        "validation/main/loss": 2.4829444885253906, 
        "iteration": 71, 
        "elapsed_time": 16.453744888305664, 
        "epoch": 71, 
        "main/accuracy": 1.0, 
        "validation/main/accuracy": 0.443452388048172
    }, 
    {
        "polynomialshift/lr": 0.08717797887081347, 
        "main/loss": 0.008378369733691216, 
        "validation/main/loss": 2.4859750270843506, 
        "iteration": 72, 
        "elapsed_time": 16.681668996810913, 
        "epoch": 72, 
        "main/accuracy": 1.0, 
        "validation/main/accuracy": 0.443452388048172
    }, 
    {
        "polynomialshift/lr": 0.08698658900466592, 
        "main/loss": 0.008262566290795803, 
        "validation/main/loss": 2.4889636039733887, 
        "iteration": 73, 
        "elapsed_time": 16.87819480895996, 
        "epoch": 73, 
        "main/accuracy": 1.0, 
        "validation/main/accuracy": 0.443452388048172
    }, 
    {
        "polynomialshift/lr": 0.08679477710861025, 
        "main/loss": 0.008150509558618069, 
        "validation/main/loss": 2.4919142723083496, 
        "iteration": 74, 
        "elapsed_time": 17.17400097846985, 
        "epoch": 74, 
        "main/accuracy": 1.0, 
        "validation/main/accuracy": 0.443452388048172
    }, 
    {
        "polynomialshift/lr": 0.08660254037844387, 
        "main/loss": 0.008041245862841606, 
        "validation/main/loss": 2.4948246479034424, 
        "iteration": 75, 
        "elapsed_time": 17.394316911697388, 
        "epoch": 75, 
        "main/accuracy": 1.0, 
        "validation/main/accuracy": 0.443452388048172
    }, 
    {
        "polynomialshift/lr": 0.08640987597877148, 
        "main/loss": 0.007935116067528725, 
        "validation/main/loss": 2.4976963996887207, 
        "iteration": 76, 
        "elapsed_time": 17.599244832992554, 
        "epoch": 76, 
        "main/accuracy": 1.0, 
        "validation/main/accuracy": 0.443452388048172
    }, 
    {
        "polynomialshift/lr": 0.0862167810425171, 
        "main/loss": 0.00783211924135685, 
        "validation/main/loss": 2.5005311965942383, 
        "iteration": 77, 
        "elapsed_time": 17.791121006011963, 
        "epoch": 77, 
        "main/accuracy": 1.0, 
        "validation/main/accuracy": 0.443452388048172
    }, 
    {
        "polynomialshift/lr": 0.08602325267042626, 
        "main/loss": 0.007731710560619831, 
        "validation/main/loss": 2.5033316612243652, 
        "iteration": 78, 
        "elapsed_time": 18.01763892173767, 
        "epoch": 78, 
        "main/accuracy": 1.0, 
        "validation/main/accuracy": 0.443452388048172
    }, 
    {
        "polynomialshift/lr": 0.08582928793055822, 
        "main/loss": 0.007634026929736137, 
        "validation/main/loss": 2.5060935020446777, 
        "iteration": 79, 
        "elapsed_time": 18.239256858825684, 
        "epoch": 79, 
        "main/accuracy": 1.0, 
        "validation/main/accuracy": 0.443452388048172
    }, 
    {
        "polynomialshift/lr": 0.08563488385776753, 
        "main/loss": 0.007539340760558844, 
        "validation/main/loss": 2.5088276863098145, 
        "iteration": 80, 
        "elapsed_time": 18.524080991744995, 
        "epoch": 80, 
        "main/accuracy": 1.0, 
        "validation/main/accuracy": 0.4424603283405304
    }, 
    {
        "polynomialshift/lr": 0.08544003745317531, 
        "main/loss": 0.007446289528161287, 
        "validation/main/loss": 2.5115230083465576, 
        "iteration": 81, 
        "elapsed_time": 18.739274978637695, 
        "epoch": 81, 
        "main/accuracy": 1.0, 
        "validation/main/accuracy": 0.4424603283405304
    }, 
    {
        "polynomialshift/lr": 0.08524474568362948, 
        "main/loss": 0.007356371730566025, 
        "validation/main/loss": 2.514186143875122, 
        "iteration": 82, 
        "elapsed_time": 18.952812910079956, 
        "epoch": 82, 
        "main/accuracy": 1.0, 
        "validation/main/accuracy": 0.443452388048172
    }, 
    {
        "polynomialshift/lr": 0.08504900548115384, 
        "main/loss": 0.007268497254699469, 
        "validation/main/loss": 2.5168137550354004, 
        "iteration": 83, 
        "elapsed_time": 19.157804012298584, 
        "epoch": 83, 
        "main/accuracy": 1.0, 
        "validation/main/accuracy": 0.443452388048172
    }, 
    {
        "polynomialshift/lr": 0.08485281374238571, 
        "main/loss": 0.007182666566222906, 
        "validation/main/loss": 2.51941180229187, 
        "iteration": 84, 
        "elapsed_time": 19.36069893836975, 
        "epoch": 84, 
        "main/accuracy": 1.0, 
        "validation/main/accuracy": 0.443452388048172
    }, 
    {
        "polynomialshift/lr": 0.08465616732800196, 
        "main/loss": 0.007099152076989412, 
        "validation/main/loss": 2.521979570388794, 
        "iteration": 85, 
        "elapsed_time": 19.580314874649048, 
        "epoch": 85, 
        "main/accuracy": 1.0, 
        "validation/main/accuracy": 0.443452388048172
    }, 
    {
        "polynomialshift/lr": 0.08445906306213286, 
        "main/loss": 0.007017680909484625, 
        "validation/main/loss": 2.52451491355896, 
        "iteration": 86, 
        "elapsed_time": 19.77805781364441, 
        "epoch": 86, 
        "main/accuracy": 1.0, 
        "validation/main/accuracy": 0.4444444477558136
    }, 
    {
        "polynomialshift/lr": 0.08426149773176358, 
        "main/loss": 0.00693811709061265, 
        "validation/main/loss": 2.527022123336792, 
        "iteration": 87, 
        "elapsed_time": 19.998960971832275, 
        "epoch": 87, 
        "main/accuracy": 1.0, 
        "validation/main/accuracy": 0.4444444477558136
    }, 
    {
        "polynomialshift/lr": 0.08406346808612328, 
        "main/loss": 0.006860597059130669, 
        "validation/main/loss": 2.529499053955078, 
        "iteration": 88, 
        "elapsed_time": 20.224267959594727, 
        "epoch": 88, 
        "main/accuracy": 1.0, 
        "validation/main/accuracy": 0.4444444477558136
    }, 
    {
        "polynomialshift/lr": 0.08386497083606083, 
        "main/loss": 0.006784847937524319, 
        "validation/main/loss": 2.5319488048553467, 
        "iteration": 89, 
        "elapsed_time": 20.440088987350464, 
        "epoch": 89, 
        "main/accuracy": 1.0, 
        "validation/main/accuracy": 0.4444444477558136
    }, 
    {
        "polynomialshift/lr": 0.08366600265340757, 
        "main/loss": 0.0067110066302120686, 
        "validation/main/loss": 2.534369468688965, 
        "iteration": 90, 
        "elapsed_time": 20.65519380569458, 
        "epoch": 90, 
        "main/accuracy": 1.0, 
        "validation/main/accuracy": 0.4444444477558136
    }, 
    {
        "polynomialshift/lr": 0.08346656017032611, 
        "main/loss": 0.006638663355261087, 
        "validation/main/loss": 2.5367624759674072, 
        "iteration": 91, 
        "elapsed_time": 20.85594081878662, 
        "epoch": 91, 
        "main/accuracy": 1.0, 
        "validation/main/accuracy": 0.4444444477558136
    }, 
    {
        "polynomialshift/lr": 0.08326663997864531, 
        "main/loss": 0.006568227894604206, 
        "validation/main/loss": 2.539128065109253, 
        "iteration": 92, 
        "elapsed_time": 21.07067584991455, 
        "epoch": 92, 
        "main/accuracy": 1.0, 
        "validation/main/accuracy": 0.4444444477558136
    }, 
    {
        "polynomialshift/lr": 0.08306623862918075, 
        "main/loss": 0.0064991544932127, 
        "validation/main/loss": 2.5414679050445557, 
        "iteration": 93, 
        "elapsed_time": 21.28881287574768, 
        "epoch": 93, 
        "main/accuracy": 1.0, 
        "validation/main/accuracy": 0.4444444477558136
    }, 
    {
        "polynomialshift/lr": 0.08286535263104036, 
        "main/loss": 0.006431852467358112, 
        "validation/main/loss": 2.543781280517578, 
        "iteration": 94, 
        "elapsed_time": 21.528403997421265, 
        "epoch": 94, 
        "main/accuracy": 1.0, 
        "validation/main/accuracy": 0.4444444477558136
    }, 
    {
        "polynomialshift/lr": 0.08266397845091497, 
        "main/loss": 0.006365776527673006, 
        "validation/main/loss": 2.5460689067840576, 
        "iteration": 95, 
        "elapsed_time": 21.749395847320557, 
        "epoch": 95, 
        "main/accuracy": 1.0, 
        "validation/main/accuracy": 0.4444444477558136
    }, 
    {
        "polynomialshift/lr": 0.0824621125123532, 
        "main/loss": 0.00630133505910635, 
        "validation/main/loss": 2.548332929611206, 
        "iteration": 96, 
        "elapsed_time": 21.981074810028076, 
        "epoch": 96, 
        "main/accuracy": 1.0, 
        "validation/main/accuracy": 0.4444444477558136
    }, 
    {
        "polynomialshift/lr": 0.08225975119502045, 
        "main/loss": 0.0062383925542235374, 
        "validation/main/loss": 2.550565719604492, 
        "iteration": 97, 
        "elapsed_time": 22.24576687812805, 
        "epoch": 97, 
        "main/accuracy": 1.0, 
        "validation/main/accuracy": 0.4444444477558136
    }, 
    {
        "polynomialshift/lr": 0.08205689083394115, 
        "main/loss": 0.006177084986120462, 
        "validation/main/loss": 2.5527782440185547, 
        "iteration": 98, 
        "elapsed_time": 22.48840880393982, 
        "epoch": 98, 
        "main/accuracy": 1.0, 
        "validation/main/accuracy": 0.4444444477558136
    }, 
    {
        "polynomialshift/lr": 0.0818535277187245, 
        "main/loss": 0.00611713994294405, 
        "validation/main/loss": 2.5549702644348145, 
        "iteration": 99, 
        "elapsed_time": 22.698007822036743, 
        "epoch": 99, 
        "main/accuracy": 1.0, 
        "validation/main/accuracy": 0.443452388048172
    }, 
    {
        "polynomialshift/lr": 0.08164965809277261, 
        "main/loss": 0.006058148108422756, 
        "validation/main/loss": 2.5571322441101074, 
        "iteration": 100, 
        "elapsed_time": 22.885567903518677, 
        "epoch": 100, 
        "main/accuracy": 1.0, 
        "validation/main/accuracy": 0.443452388048172
    }, 
    {
        "polynomialshift/lr": 0.08144527815247078, 
        "main/loss": 0.006000519264489412, 
        "validation/main/loss": 2.5592751502990723, 
        "iteration": 101, 
        "elapsed_time": 23.09250497817993, 
        "epoch": 101, 
        "main/accuracy": 1.0, 
        "validation/main/accuracy": 0.443452388048172
    }, 
    {
        "polynomialshift/lr": 0.08124038404635961, 
        "main/loss": 0.005944116041064262, 
        "validation/main/loss": 2.561393976211548, 
        "iteration": 102, 
        "elapsed_time": 23.318602800369263, 
        "epoch": 102, 
        "main/accuracy": 1.0, 
        "validation/main/accuracy": 0.443452388048172
    }, 
    {
        "polynomialshift/lr": 0.08103497187428813, 
        "main/loss": 0.005888939369469881, 
        "validation/main/loss": 2.563491106033325, 
        "iteration": 103, 
        "elapsed_time": 23.530958890914917, 
        "epoch": 103, 
        "main/accuracy": 1.0, 
        "validation/main/accuracy": 0.443452388048172
    }, 
    {
        "polynomialshift/lr": 0.08082903768654762, 
        "main/loss": 0.0058348523452878, 
        "validation/main/loss": 2.565565586090088, 
        "iteration": 104, 
        "elapsed_time": 23.742185831069946, 
        "epoch": 104, 
        "main/accuracy": 1.0, 
        "validation/main/accuracy": 0.443452388048172
    }, 
    {
        "polynomialshift/lr": 0.08062257748298551, 
        "main/loss": 0.005781718995422125, 
        "validation/main/loss": 2.567620277404785, 
        "iteration": 105, 
        "elapsed_time": 23.956868886947632, 
        "epoch": 105, 
        "main/accuracy": 1.0, 
        "validation/main/accuracy": 0.443452388048172
    }, 
    {
        "polynomialshift/lr": 0.0804155872120988, 
        "main/loss": 0.005729811731725931, 
        "validation/main/loss": 2.569652795791626, 
        "iteration": 106, 
        "elapsed_time": 24.160183906555176, 
        "epoch": 106, 
        "main/accuracy": 1.0, 
        "validation/main/accuracy": 0.443452388048172
    }, 
    {
        "polynomialshift/lr": 0.08020806277010643, 
        "main/loss": 0.005678858142346144, 
        "validation/main/loss": 2.5716652870178223, 
        "iteration": 107, 
        "elapsed_time": 24.354663848876953, 
        "epoch": 107, 
        "main/accuracy": 1.0, 
        "validation/main/accuracy": 0.443452388048172
    }, 
    {
        "polynomialshift/lr": 0.08000000000000002, 
        "main/loss": 0.00562885869294405, 
        "validation/main/loss": 2.5736546516418457, 
        "iteration": 108, 
        "elapsed_time": 24.551180839538574, 
        "epoch": 108, 
        "main/accuracy": 1.0, 
        "validation/main/accuracy": 0.443452388048172
    }, 
    {
        "polynomialshift/lr": 0.07979139469057217, 
        "main/loss": 0.005579948890954256, 
        "validation/main/loss": 2.5756282806396484, 
        "iteration": 109, 
        "elapsed_time": 24.761734008789062, 
        "epoch": 109, 
        "main/accuracy": 1.0, 
        "validation/main/accuracy": 0.443452388048172
    }, 
    {
        "polynomialshift/lr": 0.07958224257542215, 
        "main/loss": 0.005531856324523687, 
        "validation/main/loss": 2.577578544616699, 
        "iteration": 110, 
        "elapsed_time": 24.959352016448975, 
        "epoch": 110, 
        "main/accuracy": 1.0, 
        "validation/main/accuracy": 0.443452388048172
    }, 
    {
        "polynomialshift/lr": 0.07937253933193772, 
        "main/loss": 0.0054849898442626, 
        "validation/main/loss": 2.5795090198516846, 
        "iteration": 111, 
        "elapsed_time": 25.15356993675232, 
        "epoch": 111, 
        "main/accuracy": 1.0, 
        "validation/main/accuracy": 0.443452388048172
    }, 
    {
        "polynomialshift/lr": 0.07916228058025279, 
        "main/loss": 0.00543866865336895, 
        "validation/main/loss": 2.5814208984375, 
        "iteration": 112, 
        "elapsed_time": 25.36606192588806, 
        "epoch": 112, 
        "main/accuracy": 1.0, 
        "validation/main/accuracy": 0.443452388048172
    }, 
    {
        "polynomialshift/lr": 0.07895146188218008, 
        "main/loss": 0.0053934371098876, 
        "validation/main/loss": 2.58331561088562, 
        "iteration": 113, 
        "elapsed_time": 25.583074808120728, 
        "epoch": 113, 
        "main/accuracy": 1.0, 
        "validation/main/accuracy": 0.443452388048172
    }, 
    {
        "polynomialshift/lr": 0.07874007874011812, 
        "main/loss": 0.005349023267626762, 
        "validation/main/loss": 2.585192918777466, 
        "iteration": 114, 
        "elapsed_time": 25.820405960083008, 
        "epoch": 114, 
        "main/accuracy": 1.0, 
        "validation/main/accuracy": 0.443452388048172
    }, 
    {
        "polynomialshift/lr": 0.07852812659593165, 
        "main/loss": 0.00530542666092515, 
        "validation/main/loss": 2.5870494842529297, 
        "iteration": 115, 
        "elapsed_time": 26.03635883331299, 
        "epoch": 115, 
        "main/accuracy": 1.0, 
        "validation/main/accuracy": 0.4444444477558136
    }, 
    {
        "polynomialshift/lr": 0.07831560082980488, 
        "main/loss": 0.00526264775544405, 
        "validation/main/loss": 2.58888840675354, 
        "iteration": 116, 
        "elapsed_time": 26.308379888534546, 
        "epoch": 116, 
        "main/accuracy": 1.0, 
        "validation/main/accuracy": 0.4444444477558136
    }, 
    {
        "polynomialshift/lr": 0.07810249675906655, 
        "main/loss": 0.005220686085522175, 
        "validation/main/loss": 2.590712070465088, 
        "iteration": 117, 
        "elapsed_time": 26.5471248626709, 
        "epoch": 117, 
        "main/accuracy": 1.0, 
        "validation/main/accuracy": 0.4454365074634552
    }, 
    {
        "polynomialshift/lr": 0.07788880963698616, 
        "main/loss": 0.005179405212402344, 
        "validation/main/loss": 2.5925209522247314, 
        "iteration": 118, 
        "elapsed_time": 26.765686988830566, 
        "epoch": 118, 
        "main/accuracy": 1.0, 
        "validation/main/accuracy": 0.4454365074634552
    }, 
    {
        "polynomialshift/lr": 0.07767453465154028, 
        "main/loss": 0.005138533655554056, 
        "validation/main/loss": 2.5943098068237305, 
        "iteration": 119, 
        "elapsed_time": 26.969907999038696, 
        "epoch": 119, 
        "main/accuracy": 1.0, 
        "validation/main/accuracy": 0.4454365074634552
    }, 
    {
        "polynomialshift/lr": 0.07745966692414835, 
        "main/loss": 0.005098751746118069, 
        "validation/main/loss": 2.596081018447876, 
        "iteration": 120, 
        "elapsed_time": 27.323794841766357, 
        "epoch": 120, 
        "main/accuracy": 1.0, 
        "validation/main/accuracy": 0.4454365074634552
    }, 
    {
        "polynomialshift/lr": 0.07724420150837646, 
        "main/loss": 0.0050596510991454124, 
        "validation/main/loss": 2.5978360176086426, 
        "iteration": 121, 
        "elapsed_time": 27.528491020202637, 
        "epoch": 121, 
        "main/accuracy": 1.0, 
        "validation/main/accuracy": 0.4454365074634552
    }, 
    {
        "polynomialshift/lr": 0.07702813338860895, 
        "main/loss": 0.005021095275878906, 
        "validation/main/loss": 2.5995757579803467, 
        "iteration": 122, 
        "elapsed_time": 27.75641679763794, 
        "epoch": 122, 
        "main/accuracy": 1.0, 
        "validation/main/accuracy": 0.4454365074634552
    }, 
    {
        "polynomialshift/lr": 0.07681145747868609, 
        "main/loss": 0.0049833571538329124, 
        "validation/main/loss": 2.601297378540039, 
        "iteration": 123, 
        "elapsed_time": 27.995109796524048, 
        "epoch": 123, 
        "main/accuracy": 1.0, 
        "validation/main/accuracy": 0.4454365074634552
    }, 
    {
        "polynomialshift/lr": 0.07659416862050705, 
        "main/loss": 0.00494630029425025, 
        "validation/main/loss": 2.6030054092407227, 
        "iteration": 124, 
        "elapsed_time": 28.367594957351685, 
        "epoch": 124, 
        "main/accuracy": 1.0, 
        "validation/main/accuracy": 0.4454365074634552
    }, 
    {
        "polynomialshift/lr": 0.07637626158259733, 
        "main/loss": 0.004909788258373737, 
        "validation/main/loss": 2.60469651222229, 
        "iteration": 125, 
        "elapsed_time": 28.587621927261353, 
        "epoch": 125, 
        "main/accuracy": 1.0, 
        "validation/main/accuracy": 0.4454365074634552
    }, 
    {
        "polynomialshift/lr": 0.0761577310586391, 
        "main/loss": 0.00487409345805645, 
        "validation/main/loss": 2.606372117996216, 
        "iteration": 126, 
        "elapsed_time": 28.832167863845825, 
        "epoch": 126, 
        "main/accuracy": 1.0, 
        "validation/main/accuracy": 0.4454365074634552
    }, 
    {
        "polynomialshift/lr": 0.07593857166596346, 
        "main/loss": 0.004838807508349419, 
        "validation/main/loss": 2.608031988143921, 
        "iteration": 127, 
        "elapsed_time": 29.053083896636963, 
        "epoch": 127, 
        "main/accuracy": 1.0, 
        "validation/main/accuracy": 0.4454365074634552
    }, 
    {
        "polynomialshift/lr": 0.07571877794400365, 
        "main/loss": 0.0048040663823485374, 
        "validation/main/loss": 2.6096770763397217, 
        "iteration": 128, 
        "elapsed_time": 29.251871824264526, 
        "epoch": 128, 
        "main/accuracy": 1.0, 
        "validation/main/accuracy": 0.4454365074634552
    }, 
    {
        "polynomialshift/lr": 0.07549834435270751, 
        "main/loss": 0.004769870545715094, 
        "validation/main/loss": 2.6113100051879883, 
        "iteration": 129, 
        "elapsed_time": 29.467593908309937, 
        "epoch": 129, 
        "main/accuracy": 1.0, 
        "validation/main/accuracy": 0.4454365074634552
    }, 
    {
        "polynomialshift/lr": 0.07527726527090811, 
        "main/loss": 0.004736627917736769, 
        "validation/main/loss": 2.6129260063171387, 
        "iteration": 130, 
        "elapsed_time": 29.68876886367798, 
        "epoch": 130, 
        "main/accuracy": 1.0, 
        "validation/main/accuracy": 0.4454365074634552
    }, 
    {
        "polynomialshift/lr": 0.07505553499465135, 
        "main/loss": 0.004703521728515625, 
        "validation/main/loss": 2.6145267486572266, 
        "iteration": 131, 
        "elapsed_time": 29.897380828857422, 
        "epoch": 131, 
        "main/accuracy": 1.0, 
        "validation/main/accuracy": 0.4454365074634552
    }, 
    {
        "polynomialshift/lr": 0.07483314773547883, 
        "main/loss": 0.004671233240514994, 
        "validation/main/loss": 2.616114616394043, 
        "iteration": 132, 
        "elapsed_time": 30.10635781288147, 
        "epoch": 132, 
        "main/accuracy": 1.0, 
        "validation/main/accuracy": 0.4454365074634552
    }
]