[
    {
        "polynomialshift/lr": 0.09983319421247959, 
        "main/loss": 3.459981679916382, 
        "validation/main/loss": 3.1376733779907227, 
        "iteration": 1, 
        "elapsed_time": 1.5973620414733887, 
        "epoch": 1, 
        "main/accuracy": 0.0, 
        "validation/main/accuracy": 0.0347222238779068
    }, 
    {
        "polynomialshift/lr": 0.09966610925150703, 
        "main/loss": 2.995732307434082, 
        "validation/main/loss": 3.1376733779907227, 
        "iteration": 2, 
        "elapsed_time": 2.0876760482788086, 
        "epoch": 2, 
        "main/accuracy": 0.0, 
        "validation/main/accuracy": 0.0347222238779068
    }, 
    {
        "polynomialshift/lr": 0.099498743710662, 
        "main/loss": 2.995732307434082, 
        "validation/main/loss": 3.1376733779907227, 
        "iteration": 3, 
        "elapsed_time": 2.393584966659546, 
        "epoch": 3, 
        "main/accuracy": 0.0, 
        "validation/main/accuracy": 0.0347222238779068
    }, 
    {
        "polynomialshift/lr": 0.09933109617167561, 
        "main/loss": 2.995732307434082, 
        "validation/main/loss": 3.1376733779907227, 
        "iteration": 4, 
        "elapsed_time": 2.667768955230713, 
        "epoch": 4, 
        "main/accuracy": 0.0, 
        "validation/main/accuracy": 0.0347222238779068
    }, 
    {
        "polynomialshift/lr": 0.09916316520429011, 
        "main/loss": 2.995732307434082, 
        "validation/main/loss": 3.1376733779907227, 
        "iteration": 5, 
        "elapsed_time": 3.083177089691162, 
        "epoch": 5, 
        "main/accuracy": 0.0, 
        "validation/main/accuracy": 0.0347222238779068
    }, 
    {
        "polynomialshift/lr": 0.09899494936611666, 
        "main/loss": 2.995732307434082, 
        "validation/main/loss": 3.1376733779907227, 
        "iteration": 6, 
        "elapsed_time": 3.390810966491699, 
        "epoch": 6, 
        "main/accuracy": 0.0, 
        "validation/main/accuracy": 0.0347222238779068
    }, 
    {
        "polynomialshift/lr": 0.09882644720249062, 
        "main/loss": 2.995732307434082, 
        "validation/main/loss": 3.1376733779907227, 
        "iteration": 7, 
        "elapsed_time": 3.6663379669189453, 
        "epoch": 7, 
        "main/accuracy": 0.0, 
        "validation/main/accuracy": 0.0347222238779068
    }, 
    {
        "polynomialshift/lr": 0.09865765724632496, 
        "main/loss": 2.995732307434082, 
        "validation/main/loss": 3.1376733779907227, 
        "iteration": 8, 
        "elapsed_time": 3.974385976791382, 
        "epoch": 8, 
        "main/accuracy": 0.0, 
        "validation/main/accuracy": 0.0347222238779068
    }, 
    {
        "polynomialshift/lr": 0.09848857801796106, 
        "main/loss": 2.995732307434082, 
        "validation/main/loss": 3.1376733779907227, 
        "iteration": 9, 
        "elapsed_time": 4.277205944061279, 
        "epoch": 9, 
        "main/accuracy": 0.0, 
        "validation/main/accuracy": 0.0347222238779068
    }, 
    {
        "polynomialshift/lr": 0.09831920802501751, 
        "main/loss": 2.995732307434082, 
        "validation/main/loss": 3.1376733779907227, 
        "iteration": 10, 
        "elapsed_time": 4.522754907608032, 
        "epoch": 10, 
        "main/accuracy": 0.0, 
        "validation/main/accuracy": 0.0347222238779068
    }, 
    {
        "polynomialshift/lr": 0.09814954576223639, 
        "main/loss": 2.995732307434082, 
        "validation/main/loss": 3.1376733779907227, 
        "iteration": 11, 
        "elapsed_time": 4.822211980819702, 
        "epoch": 11, 
        "main/accuracy": 0.0, 
        "validation/main/accuracy": 0.0347222238779068
    }, 
    {
        "polynomialshift/lr": 0.09797958971132713, 
        "main/loss": 2.995732307434082, 
        "validation/main/loss": 3.1376733779907227, 
        "iteration": 12, 
        "elapsed_time": 5.087313890457153, 
        "epoch": 12, 
        "main/accuracy": 0.0, 
        "validation/main/accuracy": 0.0347222238779068
    }, 
    {
        "polynomialshift/lr": 0.09780933834080807, 
        "main/loss": 2.995732307434082, 
        "validation/main/loss": 3.1376733779907227, 
        "iteration": 13, 
        "elapsed_time": 5.331454038619995, 
        "epoch": 13, 
        "main/accuracy": 0.0, 
        "validation/main/accuracy": 0.0347222238779068
    }, 
    {
        "polynomialshift/lr": 0.0976387901058454, 
        "main/loss": 2.995732307434082, 
        "validation/main/loss": 3.1376733779907227, 
        "iteration": 14, 
        "elapsed_time": 5.59496808052063, 
        "epoch": 14, 
        "main/accuracy": 0.0, 
        "validation/main/accuracy": 0.0347222238779068
    }, 
    {
        "polynomialshift/lr": 0.09746794344808964, 
        "main/loss": 2.995732307434082, 
        "validation/main/loss": 3.1376733779907227, 
        "iteration": 15, 
        "elapsed_time": 5.843780994415283, 
        "epoch": 15, 
        "main/accuracy": 0.0, 
        "validation/main/accuracy": 0.0347222238779068
    }, 
    {
        "polynomialshift/lr": 0.09729679679550951, 
        "main/loss": 2.995732307434082, 
        "validation/main/loss": 3.1376733779907227, 
        "iteration": 16, 
        "elapsed_time": 6.105165958404541, 
        "epoch": 16, 
        "main/accuracy": 0.0, 
        "validation/main/accuracy": 0.0347222238779068
    }, 
    {
        "polynomialshift/lr": 0.0971253485622231, 
        "main/loss": 2.995732307434082, 
        "validation/main/loss": 3.1376733779907227, 
        "iteration": 17, 
        "elapsed_time": 6.347853899002075, 
        "epoch": 17, 
        "main/accuracy": 0.0, 
        "validation/main/accuracy": 0.0347222238779068
    }, 
    {
        "polynomialshift/lr": 0.09695359714832658, 
        "main/loss": 2.995732307434082, 
        "validation/main/loss": 3.1376733779907227, 
        "iteration": 18, 
        "elapsed_time": 6.598499059677124, 
        "epoch": 18, 
        "main/accuracy": 0.0, 
        "validation/main/accuracy": 0.0347222238779068
    }, 
    {
        "polynomialshift/lr": 0.09678154093971984, 
        "main/loss": 2.995732307434082, 
        "validation/main/loss": 3.1376733779907227, 
        "iteration": 19, 
        "elapsed_time": 6.928969860076904, 
        "epoch": 19, 
        "main/accuracy": 0.0, 
        "validation/main/accuracy": 0.0347222238779068
    }
]