[
    {
        "polynomialshift/lr": 0.09983319421247959, 
        "main/loss": 3.3655221462249756, 
        "validation/main/loss": 3.1207239627838135, 
        "iteration": 1, 
        "elapsed_time": 1.169327974319458, 
        "epoch": 1, 
        "main/accuracy": 0.0, 
        "validation/main/accuracy": 0.02380952425301075
    }, 
    {
        "polynomialshift/lr": 0.09966610925150703, 
        "main/loss": 3.076356887817383, 
        "validation/main/loss": 2.87148380279541, 
        "iteration": 2, 
        "elapsed_time": 1.544969081878662, 
        "epoch": 2, 
        "main/accuracy": 0.09090909361839294, 
        "validation/main/accuracy": 0.184523805975914
    }, 
    {
        "polynomialshift/lr": 0.099498743710662, 
        "main/loss": 2.3136518001556396, 
        "validation/main/loss": 2.7263965606689453, 
        "iteration": 3, 
        "elapsed_time": 1.791815996170044, 
        "epoch": 3, 
        "main/accuracy": 0.4444444477558136, 
        "validation/main/accuracy": 0.306547611951828
    }, 
    {
        "polynomialshift/lr": 0.09933109617167561, 
        "main/loss": 1.6865073442459106, 
        "validation/main/loss": 2.7734243869781494, 
        "iteration": 4, 
        "elapsed_time": 2.0541329383850098, 
        "epoch": 4, 
        "main/accuracy": 0.5555555820465088, 
        "validation/main/accuracy": 0.3115079402923584
    }, 
    {
        "polynomialshift/lr": 0.09916316520429011, 
        "main/loss": 1.5386873483657837, 
        "validation/main/loss": 2.8193817138671875, 
        "iteration": 5, 
        "elapsed_time": 2.2670209407806396, 
        "epoch": 5, 
        "main/accuracy": 0.5555555820465088, 
        "validation/main/accuracy": 0.3115079402923584
    }, 
    {
        "polynomialshift/lr": 0.09899494936611666, 
        "main/loss": 1.4774104356765747, 
        "validation/main/loss": 2.8533496856689453, 
        "iteration": 6, 
        "elapsed_time": 2.4911139011383057, 
        "epoch": 6, 
        "main/accuracy": 0.5555555820465088, 
        "validation/main/accuracy": 0.3115079402923584
    }, 
    {
        "polynomialshift/lr": 0.09882644720249062, 
        "main/loss": 1.440829873085022, 
        "validation/main/loss": 2.880345344543457, 
        "iteration": 7, 
        "elapsed_time": 2.764371871948242, 
        "epoch": 7, 
        "main/accuracy": 0.5555555820465088, 
        "validation/main/accuracy": 0.3115079402923584
    }, 
    {
        "polynomialshift/lr": 0.09865765724632496, 
        "main/loss": 1.4168741703033447, 
        "validation/main/loss": 2.902343273162842, 
        "iteration": 8, 
        "elapsed_time": 3.008908987045288, 
        "epoch": 8, 
        "main/accuracy": 0.5555555820465088, 
        "validation/main/accuracy": 0.3105158805847168
    }, 
    {
        "polynomialshift/lr": 0.09848857801796106, 
        "main/loss": 1.399938702583313, 
        "validation/main/loss": 2.921814441680908, 
        "iteration": 9, 
        "elapsed_time": 3.2343080043792725, 
        "epoch": 9, 
        "main/accuracy": 0.5555555820465088, 
        "validation/main/accuracy": 0.3095238208770752
    }, 
    {
        "polynomialshift/lr": 0.09831920802501751, 
        "main/loss": 1.3875337839126587, 
        "validation/main/loss": 2.939521074295044, 
        "iteration": 10, 
        "elapsed_time": 3.4416019916534424, 
        "epoch": 10, 
        "main/accuracy": 0.5555555820465088, 
        "validation/main/accuracy": 0.3085317313671112
    }, 
    {
        "polynomialshift/lr": 0.09814954576223639, 
        "main/loss": 1.3783459663391113, 
        "validation/main/loss": 2.955446481704712, 
        "iteration": 11, 
        "elapsed_time": 3.651448965072632, 
        "epoch": 11, 
        "main/accuracy": 0.5555555820465088, 
        "validation/main/accuracy": 0.3075396716594696
    }, 
    {
        "polynomialshift/lr": 0.09797958971132713, 
        "main/loss": 1.3717174530029297, 
        "validation/main/loss": 2.9729421138763428, 
        "iteration": 12, 
        "elapsed_time": 3.857171058654785, 
        "epoch": 12, 
        "main/accuracy": 0.5555555820465088, 
        "validation/main/accuracy": 0.306547611951828
    }, 
    {
        "polynomialshift/lr": 0.09780933834080807, 
        "main/loss": 1.3668452501296997, 
        "validation/main/loss": 2.98860764503479, 
        "iteration": 13, 
        "elapsed_time": 4.0546979904174805, 
        "epoch": 13, 
        "main/accuracy": 0.5555555820465088, 
        "validation/main/accuracy": 0.3055555522441864
    }, 
    {
        "polynomialshift/lr": 0.0976387901058454, 
        "main/loss": 1.3628568649291992, 
        "validation/main/loss": 3.0029120445251465, 
        "iteration": 14, 
        "elapsed_time": 4.251842021942139, 
        "epoch": 14, 
        "main/accuracy": 0.5555555820465088, 
        "validation/main/accuracy": 0.3055555522441864
    }, 
    {
        "polynomialshift/lr": 0.09746794344808964, 
        "main/loss": 1.3594377040863037, 
        "validation/main/loss": 3.016064167022705, 
        "iteration": 15, 
        "elapsed_time": 4.510293006896973, 
        "epoch": 15, 
        "main/accuracy": 0.5555555820465088, 
        "validation/main/accuracy": 0.3055555522441864
    }, 
    {
        "polynomialshift/lr": 0.09729679679550951, 
        "main/loss": 1.3564724922180176, 
        "validation/main/loss": 3.0281271934509277, 
        "iteration": 16, 
        "elapsed_time": 4.735095977783203, 
        "epoch": 16, 
        "main/accuracy": 0.5555555820465088, 
        "validation/main/accuracy": 0.3055555522441864
    }, 
    {
        "polynomialshift/lr": 0.0971253485622231, 
        "main/loss": 1.3540310859680176, 
        "validation/main/loss": 3.042398452758789, 
        "iteration": 17, 
        "elapsed_time": 4.939949989318848, 
        "epoch": 17, 
        "main/accuracy": 0.5555555820465088, 
        "validation/main/accuracy": 0.3045634925365448
    }, 
    {
        "polynomialshift/lr": 0.09695359714832658, 
        "main/loss": 1.3519725799560547, 
        "validation/main/loss": 3.0556154251098633, 
        "iteration": 18, 
        "elapsed_time": 5.161412954330444, 
        "epoch": 18, 
        "main/accuracy": 0.5555555820465088, 
        "validation/main/accuracy": 0.3045634925365448
    }, 
    {
        "polynomialshift/lr": 0.09678154093971984, 
        "main/loss": 1.3502614498138428, 
        "validation/main/loss": 3.0709919929504395, 
        "iteration": 19, 
        "elapsed_time": 5.360234975814819, 
        "epoch": 19, 
        "main/accuracy": 0.5555555820465088, 
        "validation/main/accuracy": 0.3055555522441864
    }, 
    {
        "polynomialshift/lr": 0.09660917830792959, 
        "main/loss": 1.348717212677002, 
        "validation/main/loss": 3.082272529602051, 
        "iteration": 20, 
        "elapsed_time": 5.587548017501831, 
        "epoch": 20, 
        "main/accuracy": 0.5555555820465088, 
        "validation/main/accuracy": 0.3045634925365448
    }, 
    {
        "polynomialshift/lr": 0.09643650760992956, 
        "main/loss": 1.347425103187561, 
        "validation/main/loss": 3.092632293701172, 
        "iteration": 21, 
        "elapsed_time": 5.86163592338562, 
        "epoch": 21, 
        "main/accuracy": 0.5555555820465088, 
        "validation/main/accuracy": 0.3045634925365448
    }, 
    {
        "polynomialshift/lr": 0.09626352718795768, 
        "main/loss": 1.3465051651000977, 
        "validation/main/loss": 3.108870029449463, 
        "iteration": 22, 
        "elapsed_time": 6.052263021469116, 
        "epoch": 22, 
        "main/accuracy": 0.5555555820465088, 
        "validation/main/accuracy": 0.3055555522441864
    }, 
    {
        "polynomialshift/lr": 0.0960902353693305, 
        "main/loss": 1.3454439640045166, 
        "validation/main/loss": 3.124321937561035, 
        "iteration": 23, 
        "elapsed_time": 6.274445056915283, 
        "epoch": 23, 
        "main/accuracy": 0.5555555820465088, 
        "validation/main/accuracy": 0.3055555522441864
    }, 
    {
        "polynomialshift/lr": 0.0959166304662544, 
        "main/loss": 1.3447740077972412, 
        "validation/main/loss": 3.128484010696411, 
        "iteration": 24, 
        "elapsed_time": 6.5037291049957275, 
        "epoch": 24, 
        "main/accuracy": 0.5555555820465088, 
        "validation/main/accuracy": 0.3055555522441864
    }, 
    {
        "polynomialshift/lr": 0.09574271077563382, 
        "main/loss": 1.344085693359375, 
        "validation/main/loss": 3.1426174640655518, 
        "iteration": 25, 
        "elapsed_time": 6.733706951141357, 
        "epoch": 25, 
        "main/accuracy": 0.5555555820465088, 
        "validation/main/accuracy": 0.3055555522441864
    }, 
    {
        "polynomialshift/lr": 0.09556847457887635, 
        "main/loss": 1.343331217765808, 
        "validation/main/loss": 3.1561291217803955, 
        "iteration": 26, 
        "elapsed_time": 6.974704027175903, 
        "epoch": 26, 
        "main/accuracy": 0.5555555820465088, 
        "validation/main/accuracy": 0.3055555522441864
    }, 
    {
        "polynomialshift/lr": 0.09539392014169457, 
        "main/loss": 1.342720866203308, 
        "validation/main/loss": 3.161982297897339, 
        "iteration": 27, 
        "elapsed_time": 7.184045076370239, 
        "epoch": 27, 
        "main/accuracy": 0.5555555820465088, 
        "validation/main/accuracy": 0.3055555522441864
    }, 
    {
        "polynomialshift/lr": 0.09521904571390466, 
        "main/loss": 1.342283010482788, 
        "validation/main/loss": 3.174480676651001, 
        "iteration": 28, 
        "elapsed_time": 7.386229991912842, 
        "epoch": 28, 
        "main/accuracy": 0.5555555820465088, 
        "validation/main/accuracy": 0.3055555522441864
    }, 
    {
        "polynomialshift/lr": 0.09504384952922168, 
        "main/loss": 1.3417284488677979, 
        "validation/main/loss": 3.1862969398498535, 
        "iteration": 29, 
        "elapsed_time": 7.605061054229736, 
        "epoch": 29, 
        "main/accuracy": 0.5555555820465088, 
        "validation/main/accuracy": 0.3055555522441864
    }, 
    {
        "polynomialshift/lr": 0.09486832980505139, 
        "main/loss": 1.341255784034729, 
        "validation/main/loss": 3.194086790084839, 
        "iteration": 30, 
        "elapsed_time": 7.822134971618652, 
        "epoch": 30, 
        "main/accuracy": 0.5555555820465088, 
        "validation/main/accuracy": 0.3055555522441864
    }, 
    {
        "polynomialshift/lr": 0.09469248474227861, 
        "main/loss": 1.340865969657898, 
        "validation/main/loss": 3.201392889022827, 
        "iteration": 31, 
        "elapsed_time": 8.04398798942566, 
        "epoch": 31, 
        "main/accuracy": 0.5555555820465088, 
        "validation/main/accuracy": 0.3055555522441864
    }, 
    {
        "polynomialshift/lr": 0.09451631252505217, 
        "main/loss": 1.3405817747116089, 
        "validation/main/loss": 3.208422899246216, 
        "iteration": 32, 
        "elapsed_time": 8.266733884811401, 
        "epoch": 32, 
        "main/accuracy": 0.5555555820465088, 
        "validation/main/accuracy": 0.3055555522441864
    }, 
    {
        "polynomialshift/lr": 0.09433981132056604, 
        "main/loss": 1.3402211666107178, 
        "validation/main/loss": 3.2189180850982666, 
        "iteration": 33, 
        "elapsed_time": 8.495975971221924, 
        "epoch": 33, 
        "main/accuracy": 0.5555555820465088, 
        "validation/main/accuracy": 0.3055555522441864
    }, 
    {
        "polynomialshift/lr": 0.0941629792788369, 
        "main/loss": 1.3398548364639282, 
        "validation/main/loss": 3.2290685176849365, 
        "iteration": 34, 
        "elapsed_time": 8.709632873535156, 
        "epoch": 34, 
        "main/accuracy": 0.5555555820465088, 
        "validation/main/accuracy": 0.3055555522441864
    }, 
    {
        "polynomialshift/lr": 0.0939858145324779, 
        "main/loss": 1.3395181894302368, 
        "validation/main/loss": 3.2388830184936523, 
        "iteration": 35, 
        "elapsed_time": 8.933742046356201, 
        "epoch": 35, 
        "main/accuracy": 0.5555555820465088, 
        "validation/main/accuracy": 0.3055555522441864
    }, 
    {
        "polynomialshift/lr": 0.0938083151964686, 
        "main/loss": 1.3393292427062988, 
        "validation/main/loss": 3.2369251251220703, 
        "iteration": 36, 
        "elapsed_time": 9.139164924621582, 
        "epoch": 36, 
        "main/accuracy": 0.5555555820465088, 
        "validation/main/accuracy": 0.3055555522441864
    }, 
    {
        "polynomialshift/lr": 0.09363047936792093, 
        "main/loss": 1.3391342163085938, 
        "validation/main/loss": 3.2462639808654785, 
        "iteration": 37, 
        "elapsed_time": 9.345269918441772, 
        "epoch": 37, 
        "main/accuracy": 0.5555555820465088, 
        "validation/main/accuracy": 0.3055555522441864
    }, 
    {
        "polynomialshift/lr": 0.09345230512584124, 
        "main/loss": 1.3388525247573853, 
        "validation/main/loss": 3.255319833755493, 
        "iteration": 38, 
        "elapsed_time": 9.539795875549316, 
        "epoch": 38, 
        "main/accuracy": 0.5555555820465088, 
        "validation/main/accuracy": 0.3055555522441864
    }, 
    {
        "polynomialshift/lr": 0.09327379053088815, 
        "main/loss": 1.338591456413269, 
        "validation/main/loss": 3.264127016067505, 
        "iteration": 39, 
        "elapsed_time": 9.778307914733887, 
        "epoch": 39, 
        "main/accuracy": 0.5555555820465088, 
        "validation/main/accuracy": 0.3055555522441864
    }, 
    {
        "polynomialshift/lr": 0.09309493362512627, 
        "main/loss": 1.338348388671875, 
        "validation/main/loss": 3.272667407989502, 
        "iteration": 40, 
        "elapsed_time": 10.01092791557312, 
        "epoch": 40, 
        "main/accuracy": 0.5555555820465088, 
        "validation/main/accuracy": 0.3055555522441864
    }, 
    {
        "polynomialshift/lr": 0.0929157324317757, 
        "main/loss": 1.3381218910217285, 
        "validation/main/loss": 3.280975580215454, 
        "iteration": 41, 
        "elapsed_time": 10.244509935379028, 
        "epoch": 41, 
        "main/accuracy": 0.5555555820465088, 
        "validation/main/accuracy": 0.3055555522441864
    }, 
    {
        "polynomialshift/lr": 0.09273618495495704, 
        "main/loss": 1.3379484415054321, 
        "validation/main/loss": 3.2812180519104004, 
        "iteration": 42, 
        "elapsed_time": 10.463227033615112, 
        "epoch": 42, 
        "main/accuracy": 0.5555555820465088, 
        "validation/main/accuracy": 0.3055555522441864
    }, 
    {
        "polynomialshift/lr": 0.09255628917943215, 
        "main/loss": 1.3378349542617798, 
        "validation/main/loss": 3.2891666889190674, 
        "iteration": 43, 
        "elapsed_time": 10.683022022247314, 
        "epoch": 43, 
        "main/accuracy": 0.5555555820465088, 
        "validation/main/accuracy": 0.3055555522441864
    }, 
    {
        "polynomialshift/lr": 0.09237604307034013, 
        "main/loss": 1.3376411199569702, 
        "validation/main/loss": 3.2969281673431396, 
        "iteration": 44, 
        "elapsed_time": 10.931940078735352, 
        "epoch": 44, 
        "main/accuracy": 0.5555555820465088, 
        "validation/main/accuracy": 0.3055555522441864
    }, 
    {
        "polynomialshift/lr": 0.09219544457292889, 
        "main/loss": 1.3374592065811157, 
        "validation/main/loss": 3.3044795989990234, 
        "iteration": 45, 
        "elapsed_time": 11.152410984039307, 
        "epoch": 45, 
        "main/accuracy": 0.5555555820465088, 
        "validation/main/accuracy": 0.306547611951828
    }, 
    {
        "polynomialshift/lr": 0.09201449161228176, 
        "main/loss": 1.3372875452041626, 
        "validation/main/loss": 3.31184458732605, 
        "iteration": 46, 
        "elapsed_time": 11.376508951187134, 
        "epoch": 46, 
        "main/accuracy": 0.5555555820465088, 
        "validation/main/accuracy": 0.306547611951828
    }, 
    {
        "polynomialshift/lr": 0.09183318209303941, 
        "main/loss": 1.3371673822402954, 
        "validation/main/loss": 3.3149616718292236, 
        "iteration": 47, 
        "elapsed_time": 11.66575288772583, 
        "epoch": 47, 
        "main/accuracy": 0.5555555820465088, 
        "validation/main/accuracy": 0.306547611951828
    }, 
    {
        "polynomialshift/lr": 0.0916515138991168, 
        "main/loss": 1.3370195627212524, 
        "validation/main/loss": 3.3220226764678955, 
        "iteration": 48, 
        "elapsed_time": 11.873151063919067, 
        "epoch": 48, 
        "main/accuracy": 0.5555555820465088, 
        "validation/main/accuracy": 0.306547611951828
    }, 
    {
        "polynomialshift/lr": 0.09146948489341496, 
        "main/loss": 1.3368723392486572, 
        "validation/main/loss": 3.3289196491241455, 
        "iteration": 49, 
        "elapsed_time": 12.10022497177124, 
        "epoch": 49, 
        "main/accuracy": 0.5555555820465088, 
        "validation/main/accuracy": 0.306547611951828
    }, 
    {
        "polynomialshift/lr": 0.09128709291752769, 
        "main/loss": 1.3368147611618042, 
        "validation/main/loss": 3.3276145458221436, 
        "iteration": 50, 
        "elapsed_time": 12.333359956741333, 
        "epoch": 50, 
        "main/accuracy": 0.5555555820465088, 
        "validation/main/accuracy": 0.306547611951828
    }, 
    {
        "polynomialshift/lr": 0.091104335791443, 
        "main/loss": 1.336701512336731, 
        "validation/main/loss": 3.334268569946289, 
        "iteration": 51, 
        "elapsed_time": 12.579555988311768, 
        "epoch": 51, 
        "main/accuracy": 0.5555555820465088, 
        "validation/main/accuracy": 0.306547611951828
    }, 
    {
        "polynomialshift/lr": 0.09092121131323905, 
        "main/loss": 1.336571216583252, 
        "validation/main/loss": 3.340775489807129, 
        "iteration": 52, 
        "elapsed_time": 12.767114877700806, 
        "epoch": 52, 
        "main/accuracy": 0.5555555820465088, 
        "validation/main/accuracy": 0.306547611951828
    }, 
    {
        "polynomialshift/lr": 0.09073771725877466, 
        "main/loss": 1.3364472389221191, 
        "validation/main/loss": 3.347144365310669, 
        "iteration": 53, 
        "elapsed_time": 12.982486009597778, 
        "epoch": 53, 
        "main/accuracy": 0.5555555820465088, 
        "validation/main/accuracy": 0.306547611951828
    }, 
    {
        "polynomialshift/lr": 0.09055385138137417, 
        "main/loss": 1.3363292217254639, 
        "validation/main/loss": 3.353379964828491, 
        "iteration": 54, 
        "elapsed_time": 13.178392887115479, 
        "epoch": 54, 
        "main/accuracy": 0.5555555820465088, 
        "validation/main/accuracy": 0.306547611951828
    }, 
    {
        "polynomialshift/lr": 0.0903696114115064, 
        "main/loss": 1.3362172842025757, 
        "validation/main/loss": 3.3595011234283447, 
        "iteration": 55, 
        "elapsed_time": 13.410713911056519, 
        "epoch": 55, 
        "main/accuracy": 0.5555555820465088, 
        "validation/main/accuracy": 0.306547611951828
    }, 
    {
        "polynomialshift/lr": 0.09018499505645788, 
        "main/loss": 1.33610999584198, 
        "validation/main/loss": 3.3654866218566895, 
        "iteration": 56, 
        "elapsed_time": 13.621746063232422, 
        "epoch": 56, 
        "main/accuracy": 0.5555555820465088, 
        "validation/main/accuracy": 0.306547611951828
    }, 
    {
        "polynomialshift/lr": 0.09000000000000001, 
        "main/loss": 1.336037278175354, 
        "validation/main/loss": 3.3633692264556885, 
        "iteration": 57, 
        "elapsed_time": 13.81983208656311, 
        "epoch": 57, 
        "main/accuracy": 0.5555555820465088, 
        "validation/main/accuracy": 0.306547611951828
    }, 
    {
        "polynomialshift/lr": 0.08981462390204986, 
        "main/loss": 1.3359830379486084, 
        "validation/main/loss": 3.369182825088501, 
        "iteration": 58, 
        "elapsed_time": 14.02197790145874, 
        "epoch": 58, 
        "main/accuracy": 0.5555555820465088, 
        "validation/main/accuracy": 0.306547611951828
    }, 
    {
        "polynomialshift/lr": 0.08962886439832501, 
        "main/loss": 1.3358979225158691, 
        "validation/main/loss": 3.3706700801849365, 
        "iteration": 59, 
        "elapsed_time": 14.232744932174683, 
        "epoch": 59, 
        "main/accuracy": 0.5555555820465088, 
        "validation/main/accuracy": 0.306547611951828
    }, 
    {
        "polynomialshift/lr": 0.08944271909999159, 
        "main/loss": 1.3358433246612549, 
        "validation/main/loss": 3.3761837482452393, 
        "iteration": 60, 
        "elapsed_time": 14.432784080505371, 
        "epoch": 60, 
        "main/accuracy": 0.5555555820465088, 
        "validation/main/accuracy": 0.306547611951828
    }, 
    {
        "polynomialshift/lr": 0.08925618559330589, 
        "main/loss": 1.3357505798339844, 
        "validation/main/loss": 3.3816990852355957, 
        "iteration": 61, 
        "elapsed_time": 14.627805948257446, 
        "epoch": 61, 
        "main/accuracy": 0.5555555820465088, 
        "validation/main/accuracy": 0.306547611951828
    }, 
    {
        "polynomialshift/lr": 0.08906926143924926, 
        "main/loss": 1.335663914680481, 
        "validation/main/loss": 3.3871169090270996, 
        "iteration": 62, 
        "elapsed_time": 14.822405099868774, 
        "epoch": 62, 
        "main/accuracy": 0.5555555820465088, 
        "validation/main/accuracy": 0.306547611951828
    }, 
    {
        "polynomialshift/lr": 0.0888819441731559, 
        "main/loss": 1.3355810642242432, 
        "validation/main/loss": 3.392430067062378, 
        "iteration": 63, 
        "elapsed_time": 15.034399032592773, 
        "epoch": 63, 
        "main/accuracy": 0.5555555820465088, 
        "validation/main/accuracy": 0.306547611951828
    }, 
    {
        "polynomialshift/lr": 0.0886942313043338, 
        "main/loss": 1.3355011940002441, 
        "validation/main/loss": 3.3976523876190186, 
        "iteration": 64, 
        "elapsed_time": 15.242608070373535, 
        "epoch": 64, 
        "main/accuracy": 0.5555555820465088, 
        "validation/main/accuracy": 0.306547611951828
    }, 
    {
        "polynomialshift/lr": 0.08850612031567837, 
        "main/loss": 1.3354246616363525, 
        "validation/main/loss": 3.4027798175811768, 
        "iteration": 65, 
        "elapsed_time": 15.509202003479004, 
        "epoch": 65, 
        "main/accuracy": 0.5555555820465088, 
        "validation/main/accuracy": 0.306547611951828
    }, 
    {
        "polynomialshift/lr": 0.08831760866327848, 
        "main/loss": 1.3353514671325684, 
        "validation/main/loss": 3.4077064990997314, 
        "iteration": 66, 
        "elapsed_time": 15.721991062164307, 
        "epoch": 66, 
        "main/accuracy": 0.5555555820465088, 
        "validation/main/accuracy": 0.306547611951828
    }, 
    {
        "polynomialshift/lr": 0.08812869377601523, 
        "main/loss": 1.335281491279602, 
        "validation/main/loss": 3.412663221359253, 
        "iteration": 67, 
        "elapsed_time": 15.911768913269043, 
        "epoch": 67, 
        "main/accuracy": 0.5555555820465088, 
        "validation/main/accuracy": 0.306547611951828
    }, 
    {
        "polynomialshift/lr": 0.0879393730551528, 
        "main/loss": 1.3352470397949219, 
        "validation/main/loss": 3.409355640411377, 
        "iteration": 68, 
        "elapsed_time": 16.112657070159912, 
        "epoch": 68, 
        "main/accuracy": 0.5555555820465088, 
        "validation/main/accuracy": 0.306547611951828
    }, 
    {
        "polynomialshift/lr": 0.08774964387392123, 
        "main/loss": 1.3352158069610596, 
        "validation/main/loss": 3.4141993522644043, 
        "iteration": 69, 
        "elapsed_time": 16.323230028152466, 
        "epoch": 69, 
        "main/accuracy": 0.5555555820465088, 
        "validation/main/accuracy": 0.306547611951828
    }, 
    {
        "polynomialshift/lr": 0.08755950357709132, 
        "main/loss": 1.3351502418518066, 
        "validation/main/loss": 3.418964147567749, 
        "iteration": 70, 
        "elapsed_time": 16.532269954681396, 
        "epoch": 70, 
        "main/accuracy": 0.5555555820465088, 
        "validation/main/accuracy": 0.306547611951828
    }, 
    {
        "polynomialshift/lr": 0.08736894948054105, 
        "main/loss": 1.3350865840911865, 
        "validation/main/loss": 3.4236509799957275, 
        "iteration": 71, 
        "elapsed_time": 16.764591932296753, 
        "epoch": 71, 
        "main/accuracy": 0.5555555820465088, 
        "validation/main/accuracy": 0.306547611951828
    }, 
    {
        "polynomialshift/lr": 0.08717797887081347, 
        "main/loss": 1.3350255489349365, 
        "validation/main/loss": 3.428269386291504, 
        "iteration": 72, 
        "elapsed_time": 16.99128794670105, 
        "epoch": 72, 
        "main/accuracy": 0.5555555820465088, 
        "validation/main/accuracy": 0.306547611951828
    }, 
    {
        "polynomialshift/lr": 0.08698658900466592, 
        "main/loss": 1.3349666595458984, 
        "validation/main/loss": 3.432809352874756, 
        "iteration": 73, 
        "elapsed_time": 17.193156957626343, 
        "epoch": 73, 
        "main/accuracy": 0.5555555820465088, 
        "validation/main/accuracy": 0.306547611951828
    }, 
    {
        "polynomialshift/lr": 0.08679477710861025, 
        "main/loss": 1.3349096775054932, 
        "validation/main/loss": 3.4372799396514893, 
        "iteration": 74, 
        "elapsed_time": 17.44143295288086, 
        "epoch": 74, 
        "main/accuracy": 0.5555555820465088, 
        "validation/main/accuracy": 0.306547611951828
    }, 
    {
        "polynomialshift/lr": 0.08660254037844387, 
        "main/loss": 1.3348544836044312, 
        "validation/main/loss": 3.44168758392334, 
        "iteration": 75, 
        "elapsed_time": 17.678893089294434, 
        "epoch": 75, 
        "main/accuracy": 0.5555555820465088, 
        "validation/main/accuracy": 0.306547611951828
    }, 
    {
        "polynomialshift/lr": 0.08640987597877148, 
        "main/loss": 1.3348126411437988, 
        "validation/main/loss": 3.4418654441833496, 
        "iteration": 76, 
        "elapsed_time": 17.947895050048828, 
        "epoch": 76, 
        "main/accuracy": 0.5555555820465088, 
        "validation/main/accuracy": 0.306547611951828
    }, 
    {
        "polynomialshift/lr": 0.0862167810425171, 
        "main/loss": 1.3347749710083008, 
        "validation/main/loss": 3.4461581707000732, 
        "iteration": 77, 
        "elapsed_time": 18.161727905273438, 
        "epoch": 77, 
        "main/accuracy": 0.5555555820465088, 
        "validation/main/accuracy": 0.306547611951828
    }, 
    {
        "polynomialshift/lr": 0.08602325267042626, 
        "main/loss": 1.3347243070602417, 
        "validation/main/loss": 3.45038104057312, 
        "iteration": 78, 
        "elapsed_time": 18.38239288330078, 
        "epoch": 78, 
        "main/accuracy": 0.5555555820465088, 
        "validation/main/accuracy": 0.306547611951828
    }, 
    {
        "polynomialshift/lr": 0.08582928793055822, 
        "main/loss": 1.3346750736236572, 
        "validation/main/loss": 3.454549789428711, 
        "iteration": 79, 
        "elapsed_time": 18.592918872833252, 
        "epoch": 79, 
        "main/accuracy": 0.5555555820465088, 
        "validation/main/accuracy": 0.306547611951828
    }, 
    {
        "polynomialshift/lr": 0.08563488385776753, 
        "main/loss": 1.3346277475357056, 
        "validation/main/loss": 3.458651304244995, 
        "iteration": 80, 
        "elapsed_time": 18.824740886688232, 
        "epoch": 80, 
        "main/accuracy": 0.5555555820465088, 
        "validation/main/accuracy": 0.306547611951828
    }, 
    {
        "polynomialshift/lr": 0.08544003745317531, 
        "main/loss": 1.3345890045166016, 
        "validation/main/loss": 3.458806037902832, 
        "iteration": 81, 
        "elapsed_time": 19.039014101028442, 
        "epoch": 81, 
        "main/accuracy": 0.5555555820465088, 
        "validation/main/accuracy": 0.306547611951828
    }, 
    {
        "polynomialshift/lr": 0.08524474568362948, 
        "main/loss": 1.3345657587051392, 
        "validation/main/loss": 3.458562135696411, 
        "iteration": 82, 
        "elapsed_time": 19.249037981033325, 
        "epoch": 82, 
        "main/accuracy": 0.5555555820465088, 
        "validation/main/accuracy": 0.306547611951828
    }, 
    {
        "polynomialshift/lr": 0.08504900548115384, 
        "main/loss": 1.3345476388931274, 
        "validation/main/loss": 3.462533950805664, 
        "iteration": 83, 
        "elapsed_time": 19.468682050704956, 
        "epoch": 83, 
        "main/accuracy": 0.5555555820465088, 
        "validation/main/accuracy": 0.306547611951828
    }, 
    {
        "polynomialshift/lr": 0.08485281374238571, 
        "main/loss": 1.3345037698745728, 
        "validation/main/loss": 3.4664504528045654, 
        "iteration": 84, 
        "elapsed_time": 19.71778106689453, 
        "epoch": 84, 
        "main/accuracy": 0.5555555820465088, 
        "validation/main/accuracy": 0.306547611951828
    }, 
    {
        "polynomialshift/lr": 0.08465616732800196, 
        "main/loss": 1.3344618082046509, 
        "validation/main/loss": 3.470313310623169, 
        "iteration": 85, 
        "elapsed_time": 19.9458270072937, 
        "epoch": 85, 
        "main/accuracy": 0.5555555820465088, 
        "validation/main/accuracy": 0.306547611951828
    }, 
    {
        "polynomialshift/lr": 0.08445906306213286, 
        "main/loss": 1.3344208002090454, 
        "validation/main/loss": 3.474127769470215, 
        "iteration": 86, 
        "elapsed_time": 20.149005889892578, 
        "epoch": 86, 
        "main/accuracy": 0.5555555820465088, 
        "validation/main/accuracy": 0.306547611951828
    }, 
    {
        "polynomialshift/lr": 0.08426149773176358, 
        "main/loss": 1.334380865097046, 
        "validation/main/loss": 3.4778876304626465, 
        "iteration": 87, 
        "elapsed_time": 20.367460012435913, 
        "epoch": 87, 
        "main/accuracy": 0.5555555820465088, 
        "validation/main/accuracy": 0.306547611951828
    }, 
    {
        "polynomialshift/lr": 0.08406346808612328, 
        "main/loss": 1.334342122077942, 
        "validation/main/loss": 3.481595516204834, 
        "iteration": 88, 
        "elapsed_time": 20.602916955947876, 
        "epoch": 88, 
        "main/accuracy": 0.5555555820465088, 
        "validation/main/accuracy": 0.306547611951828
    }, 
    {
        "polynomialshift/lr": 0.08386497083606083, 
        "main/loss": 1.3343044519424438, 
        "validation/main/loss": 3.4852614402770996, 
        "iteration": 89, 
        "elapsed_time": 20.90633797645569, 
        "epoch": 89, 
        "main/accuracy": 0.5555555820465088, 
        "validation/main/accuracy": 0.306547611951828
    }, 
    {
        "polynomialshift/lr": 0.08366600265340757, 
        "main/loss": 1.3342679738998413, 
        "validation/main/loss": 3.4888737201690674, 
        "iteration": 90, 
        "elapsed_time": 21.1264009475708, 
        "epoch": 90, 
        "main/accuracy": 0.5555555820465088, 
        "validation/main/accuracy": 0.3075396716594696
    }, 
    {
        "polynomialshift/lr": 0.08346656017032611, 
        "main/loss": 1.334232211112976, 
        "validation/main/loss": 3.4924404621124268, 
        "iteration": 91, 
        "elapsed_time": 21.339020013809204, 
        "epoch": 91, 
        "main/accuracy": 0.5555555820465088, 
        "validation/main/accuracy": 0.3075396716594696
    }, 
    {
        "polynomialshift/lr": 0.08326663997864531, 
        "main/loss": 1.3341976404190063, 
        "validation/main/loss": 3.495959758758545, 
        "iteration": 92, 
        "elapsed_time": 21.61098599433899, 
        "epoch": 92, 
        "main/accuracy": 0.5555555820465088, 
        "validation/main/accuracy": 0.3075396716594696
    }, 
    {
        "polynomialshift/lr": 0.08306623862918075, 
        "main/loss": 1.3341712951660156, 
        "validation/main/loss": 3.4955801963806152, 
        "iteration": 93, 
        "elapsed_time": 21.83490800857544, 
        "epoch": 93, 
        "main/accuracy": 0.5555555820465088, 
        "validation/main/accuracy": 0.3075396716594696
    }, 
    {
        "polynomialshift/lr": 0.08286535263104036, 
        "main/loss": 1.3341518640518188, 
        "validation/main/loss": 3.499030351638794, 
        "iteration": 94, 
        "elapsed_time": 22.037308931350708, 
        "epoch": 94, 
        "main/accuracy": 0.5555555820465088, 
        "validation/main/accuracy": 0.3075396716594696
    }, 
    {
        "polynomialshift/lr": 0.08266397845091497, 
        "main/loss": 1.334119200706482, 
        "validation/main/loss": 3.5024356842041016, 
        "iteration": 95, 
        "elapsed_time": 22.242449045181274, 
        "epoch": 95, 
        "main/accuracy": 0.5555555820465088, 
        "validation/main/accuracy": 0.3075396716594696
    }, 
    {
        "polynomialshift/lr": 0.0824621125123532, 
        "main/loss": 1.3340873718261719, 
        "validation/main/loss": 3.5058000087738037, 
        "iteration": 96, 
        "elapsed_time": 22.453672885894775, 
        "epoch": 96, 
        "main/accuracy": 0.5555555820465088, 
        "validation/main/accuracy": 0.3075396716594696
    }, 
    {
        "polynomialshift/lr": 0.08225975119502045, 
        "main/loss": 1.3340564966201782, 
        "validation/main/loss": 3.509122371673584, 
        "iteration": 97, 
        "elapsed_time": 22.660319089889526, 
        "epoch": 97, 
        "main/accuracy": 0.5555555820465088, 
        "validation/main/accuracy": 0.3075396716594696
    }, 
    {
        "polynomialshift/lr": 0.08205689083394115, 
        "main/loss": 1.3340390920639038, 
        "validation/main/loss": 3.508165121078491, 
        "iteration": 98, 
        "elapsed_time": 22.90585207939148, 
        "epoch": 98, 
        "main/accuracy": 0.5555555820465088, 
        "validation/main/accuracy": 0.306547611951828
    }, 
    {
        "polynomialshift/lr": 0.0818535277187245, 
        "main/loss": 1.3340208530426025, 
        "validation/main/loss": 3.511425495147705, 
        "iteration": 99, 
        "elapsed_time": 23.119155883789062, 
        "epoch": 99, 
        "main/accuracy": 0.5555555820465088, 
        "validation/main/accuracy": 0.3075396716594696
    }, 
    {
        "polynomialshift/lr": 0.08164965809277261, 
        "main/loss": 1.3339916467666626, 
        "validation/main/loss": 3.5146520137786865, 
        "iteration": 100, 
        "elapsed_time": 23.354779958724976, 
        "epoch": 100, 
        "main/accuracy": 0.5555555820465088, 
        "validation/main/accuracy": 0.3075396716594696
    }, 
    {
        "polynomialshift/lr": 0.08144527815247078, 
        "main/loss": 1.33396315574646, 
        "validation/main/loss": 3.5178353786468506, 
        "iteration": 101, 
        "elapsed_time": 23.557239055633545, 
        "epoch": 101, 
        "main/accuracy": 0.5555555820465088, 
        "validation/main/accuracy": 0.3075396716594696
    }, 
    {
        "polynomialshift/lr": 0.08124038404635961, 
        "main/loss": 1.3339475393295288, 
        "validation/main/loss": 3.516909599304199, 
        "iteration": 102, 
        "elapsed_time": 23.762285947799683, 
        "epoch": 102, 
        "main/accuracy": 0.5555555820465088, 
        "validation/main/accuracy": 0.306547611951828
    }, 
    {
        "polynomialshift/lr": 0.08103497187428813, 
        "main/loss": 1.3339296579360962, 
        "validation/main/loss": 3.519881248474121, 
        "iteration": 103, 
        "elapsed_time": 24.005841970443726, 
        "epoch": 103, 
        "main/accuracy": 0.5555555820465088, 
        "validation/main/accuracy": 0.3075396716594696
    }, 
    {
        "polynomialshift/lr": 0.08082903768654762, 
        "main/loss": 1.3338998556137085, 
        "validation/main/loss": 3.5229716300964355, 
        "iteration": 104, 
        "elapsed_time": 24.22021198272705, 
        "epoch": 104, 
        "main/accuracy": 0.5555555820465088, 
        "validation/main/accuracy": 0.3075396716594696
    }, 
    {
        "polynomialshift/lr": 0.08062257748298551, 
        "main/loss": 1.3338733911514282, 
        "validation/main/loss": 3.5260229110717773, 
        "iteration": 105, 
        "elapsed_time": 24.42057991027832, 
        "epoch": 105, 
        "main/accuracy": 0.5555555820465088, 
        "validation/main/accuracy": 0.3075396716594696
    }, 
    {
        "polynomialshift/lr": 0.0804155872120988, 
        "main/loss": 1.3338476419448853, 
        "validation/main/loss": 3.5290424823760986, 
        "iteration": 106, 
        "elapsed_time": 24.625323057174683, 
        "epoch": 106, 
        "main/accuracy": 0.5555555820465088, 
        "validation/main/accuracy": 0.3075396716594696
    }, 
    {
        "polynomialshift/lr": 0.08020806277010643, 
        "main/loss": 1.3338228464126587, 
        "validation/main/loss": 3.5320236682891846, 
        "iteration": 107, 
        "elapsed_time": 24.816619873046875, 
        "epoch": 107, 
        "main/accuracy": 0.5555555820465088, 
        "validation/main/accuracy": 0.3075396716594696
    }, 
    {
        "polynomialshift/lr": 0.08000000000000002, 
        "main/loss": 1.3337982892990112, 
        "validation/main/loss": 3.5349724292755127, 
        "iteration": 108, 
        "elapsed_time": 25.042635917663574, 
        "epoch": 108, 
        "main/accuracy": 0.5555555820465088, 
        "validation/main/accuracy": 0.3075396716594696
    }, 
    {
        "polynomialshift/lr": 0.07979139469057217, 
        "main/loss": 1.3337743282318115, 
        "validation/main/loss": 3.537890911102295, 
        "iteration": 109, 
        "elapsed_time": 25.27303194999695, 
        "epoch": 109, 
        "main/accuracy": 0.5555555820465088, 
        "validation/main/accuracy": 0.3085317313671112
    }, 
    {
        "polynomialshift/lr": 0.07958224257542215, 
        "main/loss": 1.3337510824203491, 
        "validation/main/loss": 3.5407752990722656, 
        "iteration": 110, 
        "elapsed_time": 25.503824949264526, 
        "epoch": 110, 
        "main/accuracy": 0.5555555820465088, 
        "validation/main/accuracy": 0.3085317313671112
    }, 
    {
        "polynomialshift/lr": 0.07937253933193772, 
        "main/loss": 1.3337281942367554, 
        "validation/main/loss": 3.543626546859741, 
        "iteration": 111, 
        "elapsed_time": 25.745712995529175, 
        "epoch": 111, 
        "main/accuracy": 0.5555555820465088, 
        "validation/main/accuracy": 0.3085317313671112
    }, 
    {
        "polynomialshift/lr": 0.07916228058025279, 
        "main/loss": 1.3337188959121704, 
        "validation/main/loss": 3.5426723957061768, 
        "iteration": 112, 
        "elapsed_time": 25.97940993309021, 
        "epoch": 112, 
        "main/accuracy": 0.5555555820465088, 
        "validation/main/accuracy": 0.3075396716594696
    }, 
    {
        "polynomialshift/lr": 0.07895146188218008, 
        "main/loss": 1.3337005376815796, 
        "validation/main/loss": 3.545475482940674, 
        "iteration": 113, 
        "elapsed_time": 26.204276084899902, 
        "epoch": 113, 
        "main/accuracy": 0.5555555820465088, 
        "validation/main/accuracy": 0.3075396716594696
    }, 
    {
        "polynomialshift/lr": 0.07874007874011812, 
        "main/loss": 1.3336788415908813, 
        "validation/main/loss": 3.5482475757598877, 
        "iteration": 114, 
        "elapsed_time": 26.43201208114624, 
        "epoch": 114, 
        "main/accuracy": 0.5555555820465088, 
        "validation/main/accuracy": 0.3075396716594696
    }, 
    {
        "polynomialshift/lr": 0.07852812659593165, 
        "main/loss": 1.3336573839187622, 
        "validation/main/loss": 3.5509910583496094, 
        "iteration": 115, 
        "elapsed_time": 26.700026988983154, 
        "epoch": 115, 
        "main/accuracy": 0.5555555820465088, 
        "validation/main/accuracy": 0.3085317313671112
    }, 
    {
        "polynomialshift/lr": 0.07831560082980488, 
        "main/loss": 1.3336366415023804, 
        "validation/main/loss": 3.5537049770355225, 
        "iteration": 116, 
        "elapsed_time": 26.92010498046875, 
        "epoch": 116, 
        "main/accuracy": 0.5555555820465088, 
        "validation/main/accuracy": 0.3085317313671112
    }, 
    {
        "polynomialshift/lr": 0.07810249675906655, 
        "main/loss": 1.3336163759231567, 
        "validation/main/loss": 3.556389808654785, 
        "iteration": 117, 
        "elapsed_time": 27.163930892944336, 
        "epoch": 117, 
        "main/accuracy": 0.5555555820465088, 
        "validation/main/accuracy": 0.3085317313671112
    }, 
    {
        "polynomialshift/lr": 0.07788880963698616, 
        "main/loss": 1.3335964679718018, 
        "validation/main/loss": 3.5590503215789795, 
        "iteration": 118, 
        "elapsed_time": 27.41347599029541, 
        "epoch": 118, 
        "main/accuracy": 0.5555555820465088, 
        "validation/main/accuracy": 0.3085317313671112
    }, 
    {
        "polynomialshift/lr": 0.07767453465154028, 
        "main/loss": 1.333579182624817, 
        "validation/main/loss": 3.5575618743896484, 
        "iteration": 119, 
        "elapsed_time": 27.652791023254395, 
        "epoch": 119, 
        "main/accuracy": 0.5555555820465088, 
        "validation/main/accuracy": 0.3075396716594696
    }, 
    {
        "polynomialshift/lr": 0.07745966692414835, 
        "main/loss": 1.3335758447647095, 
        "validation/main/loss": 3.5601773262023926, 
        "iteration": 120, 
        "elapsed_time": 27.85946488380432, 
        "epoch": 120, 
        "main/accuracy": 0.5555555820465088, 
        "validation/main/accuracy": 0.3075396716594696
    }, 
    {
        "polynomialshift/lr": 0.07724420150837646, 
        "main/loss": 1.333556890487671, 
        "validation/main/loss": 3.562770128250122, 
        "iteration": 121, 
        "elapsed_time": 28.1161949634552, 
        "epoch": 121, 
        "main/accuracy": 0.5555555820465088, 
        "validation/main/accuracy": 0.3075396716594696
    }, 
    {
        "polynomialshift/lr": 0.07702813338860895, 
        "main/loss": 1.333538293838501, 
        "validation/main/loss": 3.565333604812622, 
        "iteration": 122, 
        "elapsed_time": 28.380807876586914, 
        "epoch": 122, 
        "main/accuracy": 0.5555555820465088, 
        "validation/main/accuracy": 0.3085317313671112
    }, 
    {
        "polynomialshift/lr": 0.07681145747868609, 
        "main/loss": 1.3335198163986206, 
        "validation/main/loss": 3.56786847114563, 
        "iteration": 123, 
        "elapsed_time": 28.628808975219727, 
        "epoch": 123, 
        "main/accuracy": 0.5555555820465088, 
        "validation/main/accuracy": 0.3085317313671112
    }, 
    {
        "polynomialshift/lr": 0.07659416862050705, 
        "main/loss": 1.3335018157958984, 
        "validation/main/loss": 3.570382833480835, 
        "iteration": 124, 
        "elapsed_time": 28.875650882720947, 
        "epoch": 124, 
        "main/accuracy": 0.5555555820465088, 
        "validation/main/accuracy": 0.3085317313671112
    }, 
    {
        "polynomialshift/lr": 0.07637626158259733, 
        "main/loss": 1.3334842920303345, 
        "validation/main/loss": 3.5728676319122314, 
        "iteration": 125, 
        "elapsed_time": 29.0766339302063, 
        "epoch": 125, 
        "main/accuracy": 0.5555555820465088, 
        "validation/main/accuracy": 0.3085317313671112
    }, 
    {
        "polynomialshift/lr": 0.0761577310586391, 
        "main/loss": 1.3334671258926392, 
        "validation/main/loss": 3.5753281116485596, 
        "iteration": 126, 
        "elapsed_time": 29.307029008865356, 
        "epoch": 126, 
        "main/accuracy": 0.5555555820465088, 
        "validation/main/accuracy": 0.3085317313671112
    }, 
    {
        "polynomialshift/lr": 0.07593857166596346, 
        "main/loss": 1.3334546089172363, 
        "validation/main/loss": 3.5738420486450195, 
        "iteration": 127, 
        "elapsed_time": 29.57525897026062, 
        "epoch": 127, 
        "main/accuracy": 0.5555555820465088, 
        "validation/main/accuracy": 0.3085317313671112
    }, 
    {
        "polynomialshift/lr": 0.07571877794400365, 
        "main/loss": 1.3334466218948364, 
        "validation/main/loss": 3.576265811920166, 
        "iteration": 128, 
        "elapsed_time": 29.775567054748535, 
        "epoch": 128, 
        "main/accuracy": 0.5555555820465088, 
        "validation/main/accuracy": 0.3085317313671112
    }, 
    {
        "polynomialshift/lr": 0.07549834435270751, 
        "main/loss": 1.3334299325942993, 
        "validation/main/loss": 3.578665256500244, 
        "iteration": 129, 
        "elapsed_time": 30.016762018203735, 
        "epoch": 129, 
        "main/accuracy": 0.5555555820465088, 
        "validation/main/accuracy": 0.3085317313671112
    }, 
    {
        "polynomialshift/lr": 0.07527726527090811, 
        "main/loss": 1.33341383934021, 
        "validation/main/loss": 3.5810420513153076, 
        "iteration": 130, 
        "elapsed_time": 30.23425602912903, 
        "epoch": 130, 
        "main/accuracy": 0.5555555820465088, 
        "validation/main/accuracy": 0.3085317313671112
    }, 
    {
        "polynomialshift/lr": 0.07505553499465135, 
        "main/loss": 1.3333981037139893, 
        "validation/main/loss": 3.583390951156616, 
        "iteration": 131, 
        "elapsed_time": 30.45791792869568, 
        "epoch": 131, 
        "main/accuracy": 0.5555555820465088, 
        "validation/main/accuracy": 0.3085317313671112
    }, 
    {
        "polynomialshift/lr": 0.07483314773547883, 
        "main/loss": 1.3333830833435059, 
        "validation/main/loss": 3.5857133865356445, 
        "iteration": 132, 
        "elapsed_time": 30.678536891937256, 
        "epoch": 132, 
        "main/accuracy": 0.5555555820465088, 
        "validation/main/accuracy": 0.3085317313671112
    }, 
    {
        "polynomialshift/lr": 0.07461009761866465, 
        "main/loss": 1.333367943763733, 
        "validation/main/loss": 3.588021993637085, 
        "iteration": 133, 
        "elapsed_time": 30.912834882736206, 
        "epoch": 133, 
        "main/accuracy": 0.5555555820465088, 
        "validation/main/accuracy": 0.3085317313671112
    }, 
    {
        "polynomialshift/lr": 0.07438637868140467, 
        "main/loss": 1.3333576917648315, 
        "validation/main/loss": 3.5866870880126953, 
        "iteration": 134, 
        "elapsed_time": 31.11892604827881, 
        "epoch": 134, 
        "main/accuracy": 0.5555555820465088, 
        "validation/main/accuracy": 0.3085317313671112
    }, 
    {
        "polynomialshift/lr": 0.07416198487095664, 
        "main/loss": 1.3333511352539062, 
        "validation/main/loss": 3.588959217071533, 
        "iteration": 135, 
        "elapsed_time": 31.356426000595093, 
        "epoch": 135, 
        "main/accuracy": 0.5555555820465088, 
        "validation/main/accuracy": 0.3085317313671112
    }, 
    {
        "polynomialshift/lr": 0.07393691004272944, 
        "main/loss": 1.3333364725112915, 
        "validation/main/loss": 3.5912089347839355, 
        "iteration": 136, 
        "elapsed_time": 31.646344900131226, 
        "epoch": 136, 
        "main/accuracy": 0.5555555820465088, 
        "validation/main/accuracy": 0.3085317313671112
    }, 
    {
        "polynomialshift/lr": 0.07371114795831994, 
        "main/loss": 1.3333220481872559, 
        "validation/main/loss": 3.5934367179870605, 
        "iteration": 137, 
        "elapsed_time": 31.86755895614624, 
        "epoch": 137, 
        "main/accuracy": 0.5555555820465088, 
        "validation/main/accuracy": 0.3085317313671112
    }, 
    {
        "polynomialshift/lr": 0.07348469228349534, 
        "main/loss": 1.3333078622817993, 
        "validation/main/loss": 3.595643997192383, 
        "iteration": 138, 
        "elapsed_time": 32.0836079120636, 
        "epoch": 138, 
        "main/accuracy": 0.5555555820465088, 
        "validation/main/accuracy": 0.3085317313671112
    }, 
    {
        "polynomialshift/lr": 0.0732575365861197, 
        "main/loss": 1.333294153213501, 
        "validation/main/loss": 3.5978310108184814, 
        "iteration": 139, 
        "elapsed_time": 32.323225021362305, 
        "epoch": 139, 
        "main/accuracy": 0.5555555820465088, 
        "validation/main/accuracy": 0.3085317313671112
    }, 
    {
        "polynomialshift/lr": 0.07302967433402215, 
        "main/loss": 1.3332804441452026, 
        "validation/main/loss": 3.59999942779541, 
        "iteration": 140, 
        "elapsed_time": 32.56824207305908, 
        "epoch": 140, 
        "main/accuracy": 0.5555555820465088, 
        "validation/main/accuracy": 0.3085317313671112
    }, 
    {
        "polynomialshift/lr": 0.07280109889280519, 
        "main/loss": 1.3332669734954834, 
        "validation/main/loss": 3.602144956588745, 
        "iteration": 141, 
        "elapsed_time": 32.77753806114197, 
        "epoch": 141, 
        "main/accuracy": 0.5555555820465088, 
        "validation/main/accuracy": 0.3085317313671112
    }, 
    {
        "polynomialshift/lr": 0.07257180352359081, 
        "main/loss": 1.3332538604736328, 
        "validation/main/loss": 3.604271411895752, 
        "iteration": 142, 
        "elapsed_time": 32.99760603904724, 
        "epoch": 142, 
        "main/accuracy": 0.5555555820465088, 
        "validation/main/accuracy": 0.3085317313671112
    }, 
    {
        "polynomialshift/lr": 0.07234178138070235, 
        "main/loss": 1.3332409858703613, 
        "validation/main/loss": 3.6063787937164307, 
        "iteration": 143, 
        "elapsed_time": 33.21790599822998, 
        "epoch": 143, 
        "main/accuracy": 0.5555555820465088, 
        "validation/main/accuracy": 0.3085317313671112
    }, 
    {
        "polynomialshift/lr": 0.0721110255092798, 
        "main/loss": 1.3332281112670898, 
        "validation/main/loss": 3.6084651947021484, 
        "iteration": 144, 
        "elapsed_time": 33.42355799674988, 
        "epoch": 144, 
        "main/accuracy": 0.5555555820465088, 
        "validation/main/accuracy": 0.3085317313671112
    }, 
    {
        "polynomialshift/lr": 0.07187952884282608, 
        "main/loss": 1.3332157135009766, 
        "validation/main/loss": 3.61053466796875, 
        "iteration": 145, 
        "elapsed_time": 33.65859389305115, 
        "epoch": 145, 
        "main/accuracy": 0.5555555820465088, 
        "validation/main/accuracy": 0.3085317313671112
    }, 
    {
        "polynomialshift/lr": 0.07164728420068227, 
        "main/loss": 1.3332140445709229, 
        "validation/main/loss": 3.6086721420288086, 
        "iteration": 146, 
        "elapsed_time": 33.850796937942505, 
        "epoch": 146, 
        "main/accuracy": 0.5555555820465088, 
        "validation/main/accuracy": 0.3085317313671112
    }, 
    {
        "polynomialshift/lr": 0.0714142842854285, 
        "main/loss": 1.3332051038742065, 
        "validation/main/loss": 3.610712766647339, 
        "iteration": 147, 
        "elapsed_time": 34.102662086486816, 
        "epoch": 147, 
        "main/accuracy": 0.5555555820465088, 
        "validation/main/accuracy": 0.3085317313671112
    }, 
    {
        "polynomialshift/lr": 0.07118052168020875, 
        "main/loss": 1.333193063735962, 
        "validation/main/loss": 3.6127357482910156, 
        "iteration": 148, 
        "elapsed_time": 34.354970932006836, 
        "epoch": 148, 
        "main/accuracy": 0.5555555820465088, 
        "validation/main/accuracy": 0.3085317313671112
    }, 
    {
        "polynomialshift/lr": 0.07094598884597589, 
        "main/loss": 1.3331810235977173, 
        "validation/main/loss": 3.614739418029785, 
        "iteration": 149, 
        "elapsed_time": 34.59138298034668, 
        "epoch": 149, 
        "main/accuracy": 0.5555555820465088, 
        "validation/main/accuracy": 0.3085317313671112
    }, 
    {
        "polynomialshift/lr": 0.07071067811865477, 
        "main/loss": 1.3331694602966309, 
        "validation/main/loss": 3.616725444793701, 
        "iteration": 150, 
        "elapsed_time": 34.77588987350464, 
        "epoch": 150, 
        "main/accuracy": 0.5555555820465088, 
        "validation/main/accuracy": 0.3085317313671112
    }, 
    {
        "polynomialshift/lr": 0.07047458170621992, 
        "main/loss": 1.333158016204834, 
        "validation/main/loss": 3.618694305419922, 
        "iteration": 151, 
        "elapsed_time": 34.98233103752136, 
        "epoch": 151, 
        "main/accuracy": 0.5555555820465088, 
        "validation/main/accuracy": 0.3085317313671112
    }, 
    {
        "polynomialshift/lr": 0.07023769168568493, 
        "main/loss": 1.3331466913223267, 
        "validation/main/loss": 3.620645523071289, 
        "iteration": 152, 
        "elapsed_time": 35.214296102523804, 
        "epoch": 152, 
        "main/accuracy": 0.5555555820465088, 
        "validation/main/accuracy": 0.3085317313671112
    }, 
    {
        "polynomialshift/lr": 0.06999999999999999, 
        "main/loss": 1.3331352472305298, 
        "validation/main/loss": 3.6225779056549072, 
        "iteration": 153, 
        "elapsed_time": 35.41714096069336, 
        "epoch": 153, 
        "main/accuracy": 0.5555555820465088, 
        "validation/main/accuracy": 0.3085317313671112
    }, 
    {
        "polynomialshift/lr": 0.0697614984548545, 
        "main/loss": 1.3331255912780762, 
        "validation/main/loss": 3.621047019958496, 
        "iteration": 154, 
        "elapsed_time": 35.60045599937439, 
        "epoch": 154, 
        "main/accuracy": 0.5555555820465088, 
        "validation/main/accuracy": 0.3085317313671112
    }, 
    {
        "polynomialshift/lr": 0.0695221787153807, 
        "main/loss": 1.3331245183944702, 
        "validation/main/loss": 3.622952461242676, 
        "iteration": 155, 
        "elapsed_time": 35.82158303260803, 
        "epoch": 155, 
        "main/accuracy": 0.5555555820465088, 
        "validation/main/accuracy": 0.3085317313671112
    }, 
    {
        "polynomialshift/lr": 0.06928203230275509, 
        "main/loss": 1.3331137895584106, 
        "validation/main/loss": 3.6248414516448975, 
        "iteration": 156, 
        "elapsed_time": 36.01078200340271, 
        "epoch": 156, 
        "main/accuracy": 0.5555555820465088, 
        "validation/main/accuracy": 0.3085317313671112
    }, 
    {
        "polynomialshift/lr": 0.06904105059069326, 
        "main/loss": 1.333103060722351, 
        "validation/main/loss": 3.6267144680023193, 
        "iteration": 157, 
        "elapsed_time": 36.26374697685242, 
        "epoch": 157, 
        "main/accuracy": 0.5555555820465088, 
        "validation/main/accuracy": 0.3085317313671112
    }, 
    {
        "polynomialshift/lr": 0.06879922480183431, 
        "main/loss": 1.3330928087234497, 
        "validation/main/loss": 3.628571033477783, 
        "iteration": 158, 
        "elapsed_time": 36.54669904708862, 
        "epoch": 158, 
        "main/accuracy": 0.5555555820465088, 
        "validation/main/accuracy": 0.3085317313671112
    }, 
    {
        "polynomialshift/lr": 0.06855654600401044, 
        "main/loss": 1.3330824375152588, 
        "validation/main/loss": 3.630410671234131, 
        "iteration": 159, 
        "elapsed_time": 36.72237300872803, 
        "epoch": 159, 
        "main/accuracy": 0.5555555820465088, 
        "validation/main/accuracy": 0.3085317313671112
    }, 
    {
        "polynomialshift/lr": 0.06831300510639732, 
        "main/loss": 1.3330724239349365, 
        "validation/main/loss": 3.632234811782837, 
        "iteration": 160, 
        "elapsed_time": 36.90089988708496, 
        "epoch": 160, 
        "main/accuracy": 0.5555555820465088, 
        "validation/main/accuracy": 0.3085317313671112
    }, 
    {
        "polynomialshift/lr": 0.06806859285554046, 
        "main/loss": 1.3330624103546143, 
        "validation/main/loss": 3.634042501449585, 
        "iteration": 161, 
        "elapsed_time": 37.08263301849365, 
        "epoch": 161, 
        "main/accuracy": 0.5555555820465088, 
        "validation/main/accuracy": 0.3085317313671112
    }, 
    {
        "polynomialshift/lr": 0.06782329983125268, 
        "main/loss": 1.333052635192871, 
        "validation/main/loss": 3.6358346939086914, 
        "iteration": 162, 
        "elapsed_time": 37.27174496650696, 
        "epoch": 162, 
        "main/accuracy": 0.5555555820465088, 
        "validation/main/accuracy": 0.3085317313671112
    }, 
    {
        "polynomialshift/lr": 0.06757711644237764, 
        "main/loss": 1.333043098449707, 
        "validation/main/loss": 3.63761043548584, 
        "iteration": 163, 
        "elapsed_time": 37.45769190788269, 
        "epoch": 163, 
        "main/accuracy": 0.5555555820465088, 
        "validation/main/accuracy": 0.3085317313671112
    }, 
    {
        "polynomialshift/lr": 0.06733003292241385, 
        "main/loss": 1.333033561706543, 
        "validation/main/loss": 3.6393725872039795, 
        "iteration": 164, 
        "elapsed_time": 37.66422510147095, 
        "epoch": 164, 
        "main/accuracy": 0.5555555820465088, 
        "validation/main/accuracy": 0.3085317313671112
    }, 
    {
        "polynomialshift/lr": 0.0670820393249937, 
        "main/loss": 1.3330241441726685, 
        "validation/main/loss": 3.641117811203003, 
        "iteration": 165, 
        "elapsed_time": 37.882811069488525, 
        "epoch": 165, 
        "main/accuracy": 0.5555555820465088, 
        "validation/main/accuracy": 0.3085317313671112
    }, 
    {
        "polynomialshift/lr": 0.0668331255192114, 
        "main/loss": 1.333014965057373, 
        "validation/main/loss": 3.6428489685058594, 
        "iteration": 166, 
        "elapsed_time": 38.07180905342102, 
        "epoch": 166, 
        "main/accuracy": 0.5555555820465088, 
        "validation/main/accuracy": 0.3085317313671112
    }, 
    {
        "polynomialshift/lr": 0.06658328118479394, 
        "main/loss": 1.3330074548721313, 
        "validation/main/loss": 3.6410086154937744, 
        "iteration": 167, 
        "elapsed_time": 38.25452709197998, 
        "epoch": 167, 
        "main/accuracy": 0.5555555820465088, 
        "validation/main/accuracy": 0.3085317313671112
    }, 
    {
        "polynomialshift/lr": 0.066332495807108, 
        "main/loss": 1.3330059051513672, 
        "validation/main/loss": 3.642714500427246, 
        "iteration": 168, 
        "elapsed_time": 38.43816590309143, 
        "epoch": 168, 
        "main/accuracy": 0.5555555820465088, 
        "validation/main/accuracy": 0.3085317313671112
    }, 
    {
        "polynomialshift/lr": 0.0660807586719967, 
        "main/loss": 1.3329969644546509, 
        "validation/main/loss": 3.644404888153076, 
        "iteration": 169, 
        "elapsed_time": 38.62202310562134, 
        "epoch": 169, 
        "main/accuracy": 0.5555555820465088, 
        "validation/main/accuracy": 0.3085317313671112
    }
]