[
    {
        "polynomialshift/lr": 0.09983319421247959, 
        "main/loss": 2.9877753257751465, 
        "validation/main/loss": 2.407531976699829, 
        "iteration": 1, 
        "elapsed_time": 0.9488961696624756, 
        "epoch": 1, 
        "main/accuracy": 0.0, 
        "validation/main/accuracy": 0.2847222089767456
    }, 
    {
        "polynomialshift/lr": 0.09966610925150703, 
        "main/loss": 1.5422048568725586, 
        "validation/main/loss": 2.233619213104248, 
        "iteration": 2, 
        "elapsed_time": 1.156114101409912, 
        "epoch": 2, 
        "main/accuracy": 0.875, 
        "validation/main/accuracy": 0.3333333432674408
    }, 
    {
        "polynomialshift/lr": 0.099498743710662, 
        "main/loss": 0.6949673891067505, 
        "validation/main/loss": 2.2324647903442383, 
        "iteration": 3, 
        "elapsed_time": 1.3774590492248535, 
        "epoch": 3, 
        "main/accuracy": 1.0, 
        "validation/main/accuracy": 0.3343254029750824
    }, 
    {
        "polynomialshift/lr": 0.09933109617167561, 
        "main/loss": 0.39008402824401855, 
        "validation/main/loss": 2.2687599658966064, 
        "iteration": 4, 
        "elapsed_time": 1.574315071105957, 
        "epoch": 4, 
        "main/accuracy": 1.0, 
        "validation/main/accuracy": 0.3343254029750824
    }, 
    {
        "polynomialshift/lr": 0.09916316520429011, 
        "main/loss": 0.25565996766090393, 
        "validation/main/loss": 2.31191086769104, 
        "iteration": 5, 
        "elapsed_time": 1.7868502140045166, 
        "epoch": 5, 
        "main/accuracy": 1.0, 
        "validation/main/accuracy": 0.3333333432674408
    }, 
    {
        "polynomialshift/lr": 0.09899494936611666, 
        "main/loss": 0.185743510723114, 
        "validation/main/loss": 2.3519396781921387, 
        "iteration": 6, 
        "elapsed_time": 2.01163911819458, 
        "epoch": 6, 
        "main/accuracy": 1.0, 
        "validation/main/accuracy": 0.3343254029750824
    }, 
    {
        "polynomialshift/lr": 0.09882644720249062, 
        "main/loss": 0.14440947771072388, 
        "validation/main/loss": 2.387873888015747, 
        "iteration": 7, 
        "elapsed_time": 2.2420191764831543, 
        "epoch": 7, 
        "main/accuracy": 1.0, 
        "validation/main/accuracy": 0.329365074634552
    }, 
    {
        "polynomialshift/lr": 0.09865765724632496, 
        "main/loss": 0.11773300170898438, 
        "validation/main/loss": 2.4200961589813232, 
        "iteration": 8, 
        "elapsed_time": 2.436279058456421, 
        "epoch": 8, 
        "main/accuracy": 1.0, 
        "validation/main/accuracy": 0.329365074634552
    }, 
    {
        "polynomialshift/lr": 0.09848857801796106, 
        "main/loss": 0.09907400608062744, 
        "validation/main/loss": 2.449141263961792, 
        "iteration": 9, 
        "elapsed_time": 2.6292672157287598, 
        "epoch": 9, 
        "main/accuracy": 1.0, 
        "validation/main/accuracy": 0.3263888955116272
    }, 
    {
        "polynomialshift/lr": 0.09831920802501751, 
        "main/loss": 0.08533751964569092, 
        "validation/main/loss": 2.4755661487579346, 
        "iteration": 10, 
        "elapsed_time": 2.8352251052856445, 
        "epoch": 10, 
        "main/accuracy": 1.0, 
        "validation/main/accuracy": 0.3273809552192688
    }, 
    {
        "polynomialshift/lr": 0.09814954576223639, 
        "main/loss": 0.07483571767807007, 
        "validation/main/loss": 2.499738931655884, 
        "iteration": 11, 
        "elapsed_time": 3.105983018875122, 
        "epoch": 11, 
        "main/accuracy": 1.0, 
        "validation/main/accuracy": 0.3263888955116272
    }, 
    {
        "polynomialshift/lr": 0.09797958971132713, 
        "main/loss": 0.0665583610534668, 
        "validation/main/loss": 2.5219874382019043, 
        "iteration": 12, 
        "elapsed_time": 3.3403780460357666, 
        "epoch": 12, 
        "main/accuracy": 1.0, 
        "validation/main/accuracy": 0.324404776096344
    }, 
    {
        "polynomialshift/lr": 0.09780933834080807, 
        "main/loss": 0.059884727001190186, 
        "validation/main/loss": 2.542630672454834, 
        "iteration": 13, 
        "elapsed_time": 3.532349109649658, 
        "epoch": 13, 
        "main/accuracy": 1.0, 
        "validation/main/accuracy": 0.324404776096344
    }, 
    {
        "polynomialshift/lr": 0.0976387901058454, 
        "main/loss": 0.05439633131027222, 
        "validation/main/loss": 2.561828374862671, 
        "iteration": 14, 
        "elapsed_time": 3.7453560829162598, 
        "epoch": 14, 
        "main/accuracy": 1.0, 
        "validation/main/accuracy": 0.324404776096344
    }, 
    {
        "polynomialshift/lr": 0.09746794344808964, 
        "main/loss": 0.049802422523498535, 
        "validation/main/loss": 2.579791307449341, 
        "iteration": 15, 
        "elapsed_time": 3.947439193725586, 
        "epoch": 15, 
        "main/accuracy": 1.0, 
        "validation/main/accuracy": 0.32341268658638
    }, 
    {
        "polynomialshift/lr": 0.09729679679550951, 
        "main/loss": 0.045907557010650635, 
        "validation/main/loss": 2.5966782569885254, 
        "iteration": 16, 
        "elapsed_time": 4.177803993225098, 
        "epoch": 16, 
        "main/accuracy": 1.0, 
        "validation/main/accuracy": 0.3224206268787384
    }, 
    {
        "polynomialshift/lr": 0.0971253485622231, 
        "main/loss": 0.042565345764160156, 
        "validation/main/loss": 2.612623691558838, 
        "iteration": 17, 
        "elapsed_time": 4.386376142501831, 
        "epoch": 17, 
        "main/accuracy": 1.0, 
        "validation/main/accuracy": 0.3224206268787384
    }, 
    {
        "polynomialshift/lr": 0.09695359714832658, 
        "main/loss": 0.03966420888900757, 
        "validation/main/loss": 2.6276888847351074, 
        "iteration": 18, 
        "elapsed_time": 4.569054126739502, 
        "epoch": 18, 
        "main/accuracy": 1.0, 
        "validation/main/accuracy": 0.3224206268787384
    }, 
    {
        "polynomialshift/lr": 0.09678154093971984, 
        "main/loss": 0.03712373971939087, 
        "validation/main/loss": 2.6419873237609863, 
        "iteration": 19, 
        "elapsed_time": 4.805865049362183, 
        "epoch": 19, 
        "main/accuracy": 1.0, 
        "validation/main/accuracy": 0.3224206268787384
    }, 
    {
        "polynomialshift/lr": 0.09660917830792959, 
        "main/loss": 0.03488481044769287, 
        "validation/main/loss": 2.655569314956665, 
        "iteration": 20, 
        "elapsed_time": 5.009847164154053, 
        "epoch": 20, 
        "main/accuracy": 1.0, 
        "validation/main/accuracy": 0.3214285671710968
    }, 
    {
        "polynomialshift/lr": 0.09643650760992956, 
        "main/loss": 0.032901227474212646, 
        "validation/main/loss": 2.668519973754883, 
        "iteration": 21, 
        "elapsed_time": 5.22088098526001, 
        "epoch": 21, 
        "main/accuracy": 1.0, 
        "validation/main/accuracy": 0.3214285671710968
    }, 
    {
        "polynomialshift/lr": 0.09626352718795768, 
        "main/loss": 0.03112691640853882, 
        "validation/main/loss": 2.680894136428833, 
        "iteration": 22, 
        "elapsed_time": 5.419570207595825, 
        "epoch": 22, 
        "main/accuracy": 1.0, 
        "validation/main/accuracy": 0.3224206268787384
    }, 
    {
        "polynomialshift/lr": 0.0960902353693305, 
        "main/loss": 0.029531657695770264, 
        "validation/main/loss": 2.692758798599243, 
        "iteration": 23, 
        "elapsed_time": 5.616231203079224, 
        "epoch": 23, 
        "main/accuracy": 1.0, 
        "validation/main/accuracy": 0.32341268658638
    }, 
    {
        "polynomialshift/lr": 0.0959166304662544, 
        "main/loss": 0.02809053659439087, 
        "validation/main/loss": 2.7041256427764893, 
        "iteration": 24, 
        "elapsed_time": 5.8109130859375, 
        "epoch": 24, 
        "main/accuracy": 1.0, 
        "validation/main/accuracy": 0.3224206268787384
    }, 
    {
        "polynomialshift/lr": 0.09574271077563382, 
        "main/loss": 0.02678161859512329, 
        "validation/main/loss": 2.715039014816284, 
        "iteration": 25, 
        "elapsed_time": 6.05699610710144, 
        "epoch": 25, 
        "main/accuracy": 1.0, 
        "validation/main/accuracy": 0.3224206268787384
    }, 
    {
        "polynomialshift/lr": 0.09556847457887635, 
        "main/loss": 0.025586843490600586, 
        "validation/main/loss": 2.7255473136901855, 
        "iteration": 26, 
        "elapsed_time": 6.250996112823486, 
        "epoch": 26, 
        "main/accuracy": 1.0, 
        "validation/main/accuracy": 0.3224206268787384
    }, 
    {
        "polynomialshift/lr": 0.09539392014169457, 
        "main/loss": 0.024492979049682617, 
        "validation/main/loss": 2.7356784343719482, 
        "iteration": 27, 
        "elapsed_time": 6.451466083526611, 
        "epoch": 27, 
        "main/accuracy": 1.0, 
        "validation/main/accuracy": 0.32341268658638
    }, 
    {
        "polynomialshift/lr": 0.09521904571390466, 
        "main/loss": 0.023487508296966553, 
        "validation/main/loss": 2.7454683780670166, 
        "iteration": 28, 
        "elapsed_time": 6.638631105422974, 
        "epoch": 28, 
        "main/accuracy": 1.0, 
        "validation/main/accuracy": 0.32341268658638
    }, 
    {
        "polynomialshift/lr": 0.09504384952922168, 
        "main/loss": 0.0225602388381958, 
        "validation/main/loss": 2.7549304962158203, 
        "iteration": 29, 
        "elapsed_time": 6.846765995025635, 
        "epoch": 29, 
        "main/accuracy": 1.0, 
        "validation/main/accuracy": 0.32341268658638
    }, 
    {
        "polynomialshift/lr": 0.09486832980505139, 
        "main/loss": 0.02170240879058838, 
        "validation/main/loss": 2.764089822769165, 
        "iteration": 30, 
        "elapsed_time": 7.057363986968994, 
        "epoch": 30, 
        "main/accuracy": 1.0, 
        "validation/main/accuracy": 0.324404776096344
    }, 
    {
        "polynomialshift/lr": 0.09469248474227861, 
        "main/loss": 0.020907163619995117, 
        "validation/main/loss": 2.772954225540161, 
        "iteration": 31, 
        "elapsed_time": 7.268726110458374, 
        "epoch": 31, 
        "main/accuracy": 1.0, 
        "validation/main/accuracy": 0.324404776096344
    }, 
    {
        "polynomialshift/lr": 0.09451631252505217, 
        "main/loss": 0.020167648792266846, 
        "validation/main/loss": 2.7815425395965576, 
        "iteration": 32, 
        "elapsed_time": 7.478874206542969, 
        "epoch": 32, 
        "main/accuracy": 1.0, 
        "validation/main/accuracy": 0.32341268658638
    }, 
    {
        "polynomialshift/lr": 0.09433981132056604, 
        "main/loss": 0.019478678703308105, 
        "validation/main/loss": 2.7898857593536377, 
        "iteration": 33, 
        "elapsed_time": 7.692963123321533, 
        "epoch": 33, 
        "main/accuracy": 1.0, 
        "validation/main/accuracy": 0.32341268658638
    }, 
    {
        "polynomialshift/lr": 0.0941629792788369, 
        "main/loss": 0.018835246562957764, 
        "validation/main/loss": 2.7979681491851807, 
        "iteration": 34, 
        "elapsed_time": 7.886116981506348, 
        "epoch": 34, 
        "main/accuracy": 1.0, 
        "validation/main/accuracy": 0.32341268658638
    }, 
    {
        "polynomialshift/lr": 0.0939858145324779, 
        "main/loss": 0.018234312534332275, 
        "validation/main/loss": 2.8058254718780518, 
        "iteration": 35, 
        "elapsed_time": 8.1009521484375, 
        "epoch": 35, 
        "main/accuracy": 1.0, 
        "validation/main/accuracy": 0.32341268658638
    }, 
    {
        "polynomialshift/lr": 0.0938083151964686, 
        "main/loss": 0.017670810222625732, 
        "validation/main/loss": 2.813485622406006, 
        "iteration": 36, 
        "elapsed_time": 8.308474063873291, 
        "epoch": 36, 
        "main/accuracy": 1.0, 
        "validation/main/accuracy": 0.324404776096344
    }, 
    {
        "polynomialshift/lr": 0.09363047936792093, 
        "main/loss": 0.017140686511993408, 
        "validation/main/loss": 2.820918321609497, 
        "iteration": 37, 
        "elapsed_time": 8.525583028793335, 
        "epoch": 37, 
        "main/accuracy": 1.0, 
        "validation/main/accuracy": 0.324404776096344
    }, 
    {
        "polynomialshift/lr": 0.09345230512584124, 
        "main/loss": 0.01664137840270996, 
        "validation/main/loss": 2.828164577484131, 
        "iteration": 38, 
        "elapsed_time": 8.743772029876709, 
        "epoch": 38, 
        "main/accuracy": 1.0, 
        "validation/main/accuracy": 0.324404776096344
    }, 
    {
        "polynomialshift/lr": 0.09327379053088815, 
        "main/loss": 0.016170501708984375, 
        "validation/main/loss": 2.835230588912964, 
        "iteration": 39, 
        "elapsed_time": 8.94990611076355, 
        "epoch": 39, 
        "main/accuracy": 1.0, 
        "validation/main/accuracy": 0.324404776096344
    }, 
    {
        "polynomialshift/lr": 0.09309493362512627, 
        "main/loss": 0.01572519540786743, 
        "validation/main/loss": 2.8421075344085693, 
        "iteration": 40, 
        "elapsed_time": 9.154759168624878, 
        "epoch": 40, 
        "main/accuracy": 1.0, 
        "validation/main/accuracy": 0.324404776096344
    }, 
    {
        "polynomialshift/lr": 0.0929157324317757, 
        "main/loss": 0.015303850173950195, 
        "validation/main/loss": 2.848816156387329, 
        "iteration": 41, 
        "elapsed_time": 9.358798027038574, 
        "epoch": 41, 
        "main/accuracy": 1.0, 
        "validation/main/accuracy": 0.324404776096344
    }, 
    {
        "polynomialshift/lr": 0.09273618495495704, 
        "main/loss": 0.014905035495758057, 
        "validation/main/loss": 2.8553693294525146, 
        "iteration": 42, 
        "elapsed_time": 9.569386005401611, 
        "epoch": 42, 
        "main/accuracy": 1.0, 
        "validation/main/accuracy": 0.324404776096344
    }, 
    {
        "polynomialshift/lr": 0.09255628917943215, 
        "main/loss": 0.014527380466461182, 
        "validation/main/loss": 2.8617684841156006, 
        "iteration": 43, 
        "elapsed_time": 9.77002215385437, 
        "epoch": 43, 
        "main/accuracy": 1.0, 
        "validation/main/accuracy": 0.324404776096344
    }, 
    {
        "polynomialshift/lr": 0.09237604307034013, 
        "main/loss": 0.014168262481689453, 
        "validation/main/loss": 2.868021011352539, 
        "iteration": 44, 
        "elapsed_time": 9.976937055587769, 
        "epoch": 44, 
        "main/accuracy": 1.0, 
        "validation/main/accuracy": 0.324404776096344
    }, 
    {
        "polynomialshift/lr": 0.09219544457292889, 
        "main/loss": 0.013827085494995117, 
        "validation/main/loss": 2.8741297721862793, 
        "iteration": 45, 
        "elapsed_time": 10.183765172958374, 
        "epoch": 45, 
        "main/accuracy": 1.0, 
        "validation/main/accuracy": 0.324404776096344
    }, 
    {
        "polynomialshift/lr": 0.09201449161228176, 
        "main/loss": 0.013501882553100586, 
        "validation/main/loss": 2.88010835647583, 
        "iteration": 46, 
        "elapsed_time": 10.390632152557373, 
        "epoch": 46, 
        "main/accuracy": 1.0, 
        "validation/main/accuracy": 0.324404776096344
    }, 
    {
        "polynomialshift/lr": 0.09183318209303941, 
        "main/loss": 0.01319211721420288, 
        "validation/main/loss": 2.885972261428833, 
        "iteration": 47, 
        "elapsed_time": 10.593858003616333, 
        "epoch": 47, 
        "main/accuracy": 1.0, 
        "validation/main/accuracy": 0.324404776096344
    }, 
    {
        "polynomialshift/lr": 0.0916515138991168, 
        "main/loss": 0.012896060943603516, 
        "validation/main/loss": 2.891700267791748, 
        "iteration": 48, 
        "elapsed_time": 10.805272102355957, 
        "epoch": 48, 
        "main/accuracy": 1.0, 
        "validation/main/accuracy": 0.324404776096344
    }, 
    {
        "polynomialshift/lr": 0.09146948489341496, 
        "main/loss": 0.012613117694854736, 
        "validation/main/loss": 2.897315502166748, 
        "iteration": 49, 
        "elapsed_time": 11.048214197158813, 
        "epoch": 49, 
        "main/accuracy": 1.0, 
        "validation/main/accuracy": 0.32341268658638
    }, 
    {
        "polynomialshift/lr": 0.09128709291752769, 
        "main/loss": 0.012342989444732666, 
        "validation/main/loss": 2.902813673019409, 
        "iteration": 50, 
        "elapsed_time": 11.256699085235596, 
        "epoch": 50, 
        "main/accuracy": 1.0, 
        "validation/main/accuracy": 0.32341268658638
    }, 
    {
        "polynomialshift/lr": 0.091104335791443, 
        "main/loss": 0.01208406686782837, 
        "validation/main/loss": 2.9082045555114746, 
        "iteration": 51, 
        "elapsed_time": 11.497684001922607, 
        "epoch": 51, 
        "main/accuracy": 1.0, 
        "validation/main/accuracy": 0.32341268658638
    }, 
    {
        "polynomialshift/lr": 0.09092121131323905, 
        "main/loss": 0.011836111545562744, 
        "validation/main/loss": 2.9134938716888428, 
        "iteration": 52, 
        "elapsed_time": 11.721392154693604, 
        "epoch": 52, 
        "main/accuracy": 1.0, 
        "validation/main/accuracy": 0.32341268658638
    }, 
    {
        "polynomialshift/lr": 0.09073771725877466, 
        "main/loss": 0.011598587036132812, 
        "validation/main/loss": 2.9186768531799316, 
        "iteration": 53, 
        "elapsed_time": 11.911073207855225, 
        "epoch": 53, 
        "main/accuracy": 1.0, 
        "validation/main/accuracy": 0.32341268658638
    }, 
    {
        "polynomialshift/lr": 0.09055385138137417, 
        "main/loss": 0.011370599269866943, 
        "validation/main/loss": 2.923776626586914, 
        "iteration": 54, 
        "elapsed_time": 12.122278213500977, 
        "epoch": 54, 
        "main/accuracy": 1.0, 
        "validation/main/accuracy": 0.32341268658638
    }, 
    {
        "polynomialshift/lr": 0.0903696114115064, 
        "main/loss": 0.011151492595672607, 
        "validation/main/loss": 2.928769826889038, 
        "iteration": 55, 
        "elapsed_time": 12.320147037506104, 
        "epoch": 55, 
        "main/accuracy": 1.0, 
        "validation/main/accuracy": 0.32341268658638
    }, 
    {
        "polynomialshift/lr": 0.09018499505645788, 
        "main/loss": 0.01094067096710205, 
        "validation/main/loss": 2.93367075920105, 
        "iteration": 56, 
        "elapsed_time": 12.543564081192017, 
        "epoch": 56, 
        "main/accuracy": 1.0, 
        "validation/main/accuracy": 0.32341268658638
    }, 
    {
        "polynomialshift/lr": 0.09000000000000001, 
        "main/loss": 0.010737955570220947, 
        "validation/main/loss": 2.9384846687316895, 
        "iteration": 57, 
        "elapsed_time": 12.786586046218872, 
        "epoch": 57, 
        "main/accuracy": 1.0, 
        "validation/main/accuracy": 0.32341268658638
    }, 
    {
        "polynomialshift/lr": 0.08981462390204986, 
        "main/loss": 0.010543107986450195, 
        "validation/main/loss": 2.943208932876587, 
        "iteration": 58, 
        "elapsed_time": 13.006837129592896, 
        "epoch": 58, 
        "main/accuracy": 1.0, 
        "validation/main/accuracy": 0.32341268658638
    }, 
    {
        "polynomialshift/lr": 0.08962886439832501, 
        "main/loss": 0.010355055332183838, 
        "validation/main/loss": 2.947857618331909, 
        "iteration": 59, 
        "elapsed_time": 13.205273151397705, 
        "epoch": 59, 
        "main/accuracy": 1.0, 
        "validation/main/accuracy": 0.32341268658638
    }, 
    {
        "polynomialshift/lr": 0.08944271909999159, 
        "main/loss": 0.010173797607421875, 
        "validation/main/loss": 2.952425479888916, 
        "iteration": 60, 
        "elapsed_time": 13.424743175506592, 
        "epoch": 60, 
        "main/accuracy": 1.0, 
        "validation/main/accuracy": 0.32341268658638
    }, 
    {
        "polynomialshift/lr": 0.08925618559330589, 
        "main/loss": 0.009998977184295654, 
        "validation/main/loss": 2.9569146633148193, 
        "iteration": 61, 
        "elapsed_time": 13.65134310722351, 
        "epoch": 61, 
        "main/accuracy": 1.0, 
        "validation/main/accuracy": 0.32341268658638
    }, 
    {
        "polynomialshift/lr": 0.08906926143924926, 
        "main/loss": 0.009830236434936523, 
        "validation/main/loss": 2.9613308906555176, 
        "iteration": 62, 
        "elapsed_time": 13.874909162521362, 
        "epoch": 62, 
        "main/accuracy": 1.0, 
        "validation/main/accuracy": 0.32341268658638
    }, 
    {
        "polynomialshift/lr": 0.0888819441731559, 
        "main/loss": 0.00966733694076538, 
        "validation/main/loss": 2.965679168701172, 
        "iteration": 63, 
        "elapsed_time": 14.08654499053955, 
        "epoch": 63, 
        "main/accuracy": 1.0, 
        "validation/main/accuracy": 0.32341268658638
    }, 
    {
        "polynomialshift/lr": 0.0886942313043338, 
        "main/loss": 0.009509921073913574, 
        "validation/main/loss": 2.969957113265991, 
        "iteration": 64, 
        "elapsed_time": 14.309203147888184, 
        "epoch": 64, 
        "main/accuracy": 1.0, 
        "validation/main/accuracy": 0.32341268658638
    }, 
    {
        "polynomialshift/lr": 0.08850612031567837, 
        "main/loss": 0.009357571601867676, 
        "validation/main/loss": 2.974163770675659, 
        "iteration": 65, 
        "elapsed_time": 14.502777099609375, 
        "epoch": 65, 
        "main/accuracy": 1.0, 
        "validation/main/accuracy": 0.32341268658638
    }, 
    {
        "polynomialshift/lr": 0.08831760866327848, 
        "main/loss": 0.009210467338562012, 
        "validation/main/loss": 2.9783082008361816, 
        "iteration": 66, 
        "elapsed_time": 14.74587106704712, 
        "epoch": 66, 
        "main/accuracy": 1.0, 
        "validation/main/accuracy": 0.32341268658638
    }, 
    {
        "polynomialshift/lr": 0.08812869377601523, 
        "main/loss": 0.009067773818969727, 
        "validation/main/loss": 2.9823875427246094, 
        "iteration": 67, 
        "elapsed_time": 14.948650121688843, 
        "epoch": 67, 
        "main/accuracy": 1.0, 
        "validation/main/accuracy": 0.32341268658638
    }, 
    {
        "polynomialshift/lr": 0.0879393730551528, 
        "main/loss": 0.00892949104309082, 
        "validation/main/loss": 2.9864070415496826, 
        "iteration": 68, 
        "elapsed_time": 15.152019023895264, 
        "epoch": 68, 
        "main/accuracy": 1.0, 
        "validation/main/accuracy": 0.32341268658638
    }, 
    {
        "polynomialshift/lr": 0.08774964387392123, 
        "main/loss": 0.008796095848083496, 
        "validation/main/loss": 2.9903674125671387, 
        "iteration": 69, 
        "elapsed_time": 15.346445083618164, 
        "epoch": 69, 
        "main/accuracy": 1.0, 
        "validation/main/accuracy": 0.32341268658638
    }, 
    {
        "polynomialshift/lr": 0.08755950357709132, 
        "main/loss": 0.00866621732711792, 
        "validation/main/loss": 2.9942643642425537, 
        "iteration": 70, 
        "elapsed_time": 15.570893049240112, 
        "epoch": 70, 
        "main/accuracy": 1.0, 
        "validation/main/accuracy": 0.32341268658638
    }, 
    {
        "polynomialshift/lr": 0.08736894948054105, 
        "main/loss": 0.008540511131286621, 
        "validation/main/loss": 2.998105049133301, 
        "iteration": 71, 
        "elapsed_time": 15.848255157470703, 
        "epoch": 71, 
        "main/accuracy": 1.0, 
        "validation/main/accuracy": 0.32341268658638
    }, 
    {
        "polynomialshift/lr": 0.08717797887081347, 
        "main/loss": 0.008418500423431396, 
        "validation/main/loss": 3.001891613006592, 
        "iteration": 72, 
        "elapsed_time": 16.109702110290527, 
        "epoch": 72, 
        "main/accuracy": 1.0, 
        "validation/main/accuracy": 0.32341268658638
    }, 
    {
        "polynomialshift/lr": 0.08698658900466592, 
        "main/loss": 0.00830012559890747, 
        "validation/main/loss": 3.005627393722534, 
        "iteration": 73, 
        "elapsed_time": 16.317325115203857, 
        "epoch": 73, 
        "main/accuracy": 1.0, 
        "validation/main/accuracy": 0.3224206268787384
    }, 
    {
        "polynomialshift/lr": 0.08679477710861025, 
        "main/loss": 0.008185088634490967, 
        "validation/main/loss": 3.0093092918395996, 
        "iteration": 74, 
        "elapsed_time": 16.546579122543335, 
        "epoch": 74, 
        "main/accuracy": 1.0, 
        "validation/main/accuracy": 0.3224206268787384
    }, 
    {
        "polynomialshift/lr": 0.08660254037844387, 
        "main/loss": 0.008073389530181885, 
        "validation/main/loss": 3.012934923171997, 
        "iteration": 75, 
        "elapsed_time": 16.796387195587158, 
        "epoch": 75, 
        "main/accuracy": 1.0, 
        "validation/main/accuracy": 0.3224206268787384
    }, 
    {
        "polynomialshift/lr": 0.08640987597877148, 
        "main/loss": 0.007964730262756348, 
        "validation/main/loss": 3.0165131092071533, 
        "iteration": 76, 
        "elapsed_time": 17.04170298576355, 
        "epoch": 76, 
        "main/accuracy": 1.0, 
        "validation/main/accuracy": 0.3224206268787384
    }, 
    {
        "polynomialshift/lr": 0.0862167810425171, 
        "main/loss": 0.007859230041503906, 
        "validation/main/loss": 3.020040273666382, 
        "iteration": 77, 
        "elapsed_time": 17.262408018112183, 
        "epoch": 77, 
        "main/accuracy": 1.0, 
        "validation/main/accuracy": 0.3224206268787384
    }, 
    {
        "polynomialshift/lr": 0.08602325267042626, 
        "main/loss": 0.00775676965713501, 
        "validation/main/loss": 3.0235230922698975, 
        "iteration": 78, 
        "elapsed_time": 17.490214109420776, 
        "epoch": 78, 
        "main/accuracy": 1.0, 
        "validation/main/accuracy": 0.3224206268787384
    }, 
    {
        "polynomialshift/lr": 0.08582928793055822, 
        "main/loss": 0.0076569318771362305, 
        "validation/main/loss": 3.0269694328308105, 
        "iteration": 79, 
        "elapsed_time": 17.692986011505127, 
        "epoch": 79, 
        "main/accuracy": 1.0, 
        "validation/main/accuracy": 0.3224206268787384
    }, 
    {
        "polynomialshift/lr": 0.08563488385776753, 
        "main/loss": 0.007560133934020996, 
        "validation/main/loss": 3.0303566455841064, 
        "iteration": 80, 
        "elapsed_time": 17.921202182769775, 
        "epoch": 80, 
        "main/accuracy": 1.0, 
        "validation/main/accuracy": 0.3224206268787384
    }, 
    {
        "polynomialshift/lr": 0.08544003745317531, 
        "main/loss": 0.007465779781341553, 
        "validation/main/loss": 3.033698558807373, 
        "iteration": 81, 
        "elapsed_time": 18.141916036605835, 
        "epoch": 81, 
        "main/accuracy": 1.0, 
        "validation/main/accuracy": 0.3214285671710968
    }, 
    {
        "polynomialshift/lr": 0.08524474568362948, 
        "main/loss": 0.00737375020980835, 
        "validation/main/loss": 3.0369997024536133, 
        "iteration": 82, 
        "elapsed_time": 18.34999108314514, 
        "epoch": 82, 
        "main/accuracy": 1.0, 
        "validation/main/accuracy": 0.3214285671710968
    }, 
    {
        "polynomialshift/lr": 0.08504900548115384, 
        "main/loss": 0.0072841644287109375, 
        "validation/main/loss": 3.040257215499878, 
        "iteration": 83, 
        "elapsed_time": 18.563937187194824, 
        "epoch": 83, 
        "main/accuracy": 1.0, 
        "validation/main/accuracy": 0.3214285671710968
    }, 
    {
        "polynomialshift/lr": 0.08485281374238571, 
        "main/loss": 0.007196962833404541, 
        "validation/main/loss": 3.0434727668762207, 
        "iteration": 84, 
        "elapsed_time": 18.755406141281128, 
        "epoch": 84, 
        "main/accuracy": 1.0, 
        "validation/main/accuracy": 0.3224206268787384
    }, 
    {
        "polynomialshift/lr": 0.08465616732800196, 
        "main/loss": 0.007112026214599609, 
        "validation/main/loss": 3.0466527938842773, 
        "iteration": 85, 
        "elapsed_time": 19.024352073669434, 
        "epoch": 85, 
        "main/accuracy": 1.0, 
        "validation/main/accuracy": 0.3224206268787384
    }, 
    {
        "polynomialshift/lr": 0.08445906306213286, 
        "main/loss": 0.0070288777351379395, 
        "validation/main/loss": 3.0497894287109375, 
        "iteration": 86, 
        "elapsed_time": 19.315640211105347, 
        "epoch": 86, 
        "main/accuracy": 1.0, 
        "validation/main/accuracy": 0.3224206268787384
    }, 
    {
        "polynomialshift/lr": 0.08426149773176358, 
        "main/loss": 0.00694805383682251, 
        "validation/main/loss": 3.052889108657837, 
        "iteration": 87, 
        "elapsed_time": 19.53366208076477, 
        "epoch": 87, 
        "main/accuracy": 1.0, 
        "validation/main/accuracy": 0.3224206268787384
    }, 
    {
        "polynomialshift/lr": 0.08406346808612328, 
        "main/loss": 0.006869375705718994, 
        "validation/main/loss": 3.0559487342834473, 
        "iteration": 88, 
        "elapsed_time": 19.756421089172363, 
        "epoch": 88, 
        "main/accuracy": 1.0, 
        "validation/main/accuracy": 0.3224206268787384
    }, 
    {
        "polynomialshift/lr": 0.08386497083606083, 
        "main/loss": 0.006792187690734863, 
        "validation/main/loss": 3.0589711666107178, 
        "iteration": 89, 
        "elapsed_time": 19.956221103668213, 
        "epoch": 89, 
        "main/accuracy": 1.0, 
        "validation/main/accuracy": 0.3224206268787384
    }, 
    {
        "polynomialshift/lr": 0.08366600265340757, 
        "main/loss": 0.006717085838317871, 
        "validation/main/loss": 3.0619566440582275, 
        "iteration": 90, 
        "elapsed_time": 20.169400215148926, 
        "epoch": 90, 
        "main/accuracy": 1.0, 
        "validation/main/accuracy": 0.3224206268787384
    }, 
    {
        "polynomialshift/lr": 0.08346656017032611, 
        "main/loss": 0.006643831729888916, 
        "validation/main/loss": 3.064910888671875, 
        "iteration": 91, 
        "elapsed_time": 20.374404191970825, 
        "epoch": 91, 
        "main/accuracy": 1.0, 
        "validation/main/accuracy": 0.3224206268787384
    }, 
    {
        "polynomialshift/lr": 0.08326663997864531, 
        "main/loss": 0.006572127342224121, 
        "validation/main/loss": 3.067828893661499, 
        "iteration": 92, 
        "elapsed_time": 20.58600401878357, 
        "epoch": 92, 
        "main/accuracy": 1.0, 
        "validation/main/accuracy": 0.3224206268787384
    }, 
    {
        "polynomialshift/lr": 0.08306623862918075, 
        "main/loss": 0.006502211093902588, 
        "validation/main/loss": 3.0707151889801025, 
        "iteration": 93, 
        "elapsed_time": 20.811379194259644, 
        "epoch": 93, 
        "main/accuracy": 1.0, 
        "validation/main/accuracy": 0.3224206268787384
    }, 
    {
        "polynomialshift/lr": 0.08286535263104036, 
        "main/loss": 0.0064337849617004395, 
        "validation/main/loss": 3.073564052581787, 
        "iteration": 94, 
        "elapsed_time": 21.03297519683838, 
        "epoch": 94, 
        "main/accuracy": 1.0, 
        "validation/main/accuracy": 0.3224206268787384
    }, 
    {
        "polynomialshift/lr": 0.08266397845091497, 
        "main/loss": 0.0063669681549072266, 
        "validation/main/loss": 3.0763797760009766, 
        "iteration": 95, 
        "elapsed_time": 21.31954312324524, 
        "epoch": 95, 
        "main/accuracy": 1.0, 
        "validation/main/accuracy": 0.3224206268787384
    }, 
    {
        "polynomialshift/lr": 0.0824621125123532, 
        "main/loss": 0.006301403045654297, 
        "validation/main/loss": 3.0791635513305664, 
        "iteration": 96, 
        "elapsed_time": 21.52265501022339, 
        "epoch": 96, 
        "main/accuracy": 1.0, 
        "validation/main/accuracy": 0.3224206268787384
    }, 
    {
        "polynomialshift/lr": 0.08225975119502045, 
        "main/loss": 0.0062375664710998535, 
        "validation/main/loss": 3.081921339035034, 
        "iteration": 97, 
        "elapsed_time": 21.715330123901367, 
        "epoch": 97, 
        "main/accuracy": 1.0, 
        "validation/main/accuracy": 0.3224206268787384
    }, 
    {
        "polynomialshift/lr": 0.08205689083394115, 
        "main/loss": 0.006175041198730469, 
        "validation/main/loss": 3.0846433639526367, 
        "iteration": 98, 
        "elapsed_time": 21.922051191329956, 
        "epoch": 98, 
        "main/accuracy": 1.0, 
        "validation/main/accuracy": 0.3224206268787384
    }, 
    {
        "polynomialshift/lr": 0.0818535277187245, 
        "main/loss": 0.006114065647125244, 
        "validation/main/loss": 3.0873334407806396, 
        "iteration": 99, 
        "elapsed_time": 22.13167905807495, 
        "epoch": 99, 
        "main/accuracy": 1.0, 
        "validation/main/accuracy": 0.3224206268787384
    }, 
    {
        "polynomialshift/lr": 0.08164965809277261, 
        "main/loss": 0.006054222583770752, 
        "validation/main/loss": 3.0899927616119385, 
        "iteration": 100, 
        "elapsed_time": 22.3339581489563, 
        "epoch": 100, 
        "main/accuracy": 1.0, 
        "validation/main/accuracy": 0.3224206268787384
    }, 
    {
        "polynomialshift/lr": 0.08144527815247078, 
        "main/loss": 0.00599592924118042, 
        "validation/main/loss": 3.0926215648651123, 
        "iteration": 101, 
        "elapsed_time": 22.564577102661133, 
        "epoch": 101, 
        "main/accuracy": 1.0, 
        "validation/main/accuracy": 0.3224206268787384
    }, 
    {
        "polynomialshift/lr": 0.08124038404635961, 
        "main/loss": 0.005938529968261719, 
        "validation/main/loss": 3.0952308177948, 
        "iteration": 102, 
        "elapsed_time": 22.773936986923218, 
        "epoch": 102, 
        "main/accuracy": 1.0, 
        "validation/main/accuracy": 0.3224206268787384
    }, 
    {
        "polynomialshift/lr": 0.08103497187428813, 
        "main/loss": 0.0058825016021728516, 
        "validation/main/loss": 3.097805976867676, 
        "iteration": 103, 
        "elapsed_time": 22.98350214958191, 
        "epoch": 103, 
        "main/accuracy": 1.0, 
        "validation/main/accuracy": 0.3224206268787384
    }, 
    {
        "polynomialshift/lr": 0.08082903768654762, 
        "main/loss": 0.005827903747558594, 
        "validation/main/loss": 3.1003520488739014, 
        "iteration": 104, 
        "elapsed_time": 23.227756023406982, 
        "epoch": 104, 
        "main/accuracy": 1.0, 
        "validation/main/accuracy": 0.3224206268787384
    }, 
    {
        "polynomialshift/lr": 0.08062257748298551, 
        "main/loss": 0.005774140357971191, 
        "validation/main/loss": 3.1028730869293213, 
        "iteration": 105, 
        "elapsed_time": 23.438695192337036, 
        "epoch": 105, 
        "main/accuracy": 1.0, 
        "validation/main/accuracy": 0.3224206268787384
    }, 
    {
        "polynomialshift/lr": 0.0804155872120988, 
        "main/loss": 0.0057212114334106445, 
        "validation/main/loss": 3.1053662300109863, 
        "iteration": 106, 
        "elapsed_time": 23.633486032485962, 
        "epoch": 106, 
        "main/accuracy": 1.0, 
        "validation/main/accuracy": 0.3224206268787384
    }, 
    {
        "polynomialshift/lr": 0.08020806277010643, 
        "main/loss": 0.005669713020324707, 
        "validation/main/loss": 3.1078343391418457, 
        "iteration": 107, 
        "elapsed_time": 23.81769299507141, 
        "epoch": 107, 
        "main/accuracy": 1.0, 
        "validation/main/accuracy": 0.3224206268787384
    }, 
    {
        "polynomialshift/lr": 0.08000000000000002, 
        "main/loss": 0.005619049072265625, 
        "validation/main/loss": 3.1102755069732666, 
        "iteration": 108, 
        "elapsed_time": 24.026273012161255, 
        "epoch": 108, 
        "main/accuracy": 1.0, 
        "validation/main/accuracy": 0.3224206268787384
    }, 
    {
        "polynomialshift/lr": 0.07979139469057217, 
        "main/loss": 0.0055694580078125, 
        "validation/main/loss": 3.1126956939697266, 
        "iteration": 109, 
        "elapsed_time": 24.23737406730652, 
        "epoch": 109, 
        "main/accuracy": 1.0, 
        "validation/main/accuracy": 0.3224206268787384
    }, 
    {
        "polynomialshift/lr": 0.07958224257542215, 
        "main/loss": 0.005520939826965332, 
        "validation/main/loss": 3.1150870323181152, 
        "iteration": 110, 
        "elapsed_time": 24.468024015426636, 
        "epoch": 110, 
        "main/accuracy": 1.0, 
        "validation/main/accuracy": 0.3224206268787384
    }, 
    {
        "polynomialshift/lr": 0.07937253933193772, 
        "main/loss": 0.005473136901855469, 
        "validation/main/loss": 3.1174535751342773, 
        "iteration": 111, 
        "elapsed_time": 24.69382405281067, 
        "epoch": 111, 
        "main/accuracy": 1.0, 
        "validation/main/accuracy": 0.3214285671710968
    }, 
    {
        "polynomialshift/lr": 0.07916228058025279, 
        "main/loss": 0.005426526069641113, 
        "validation/main/loss": 3.119802951812744, 
        "iteration": 112, 
        "elapsed_time": 24.931512117385864, 
        "epoch": 112, 
        "main/accuracy": 1.0, 
        "validation/main/accuracy": 0.3214285671710968
    }, 
    {
        "polynomialshift/lr": 0.07895146188218008, 
        "main/loss": 0.0053806304931640625, 
        "validation/main/loss": 3.1221230030059814, 
        "iteration": 113, 
        "elapsed_time": 25.138532161712646, 
        "epoch": 113, 
        "main/accuracy": 1.0, 
        "validation/main/accuracy": 0.3214285671710968
    }, 
    {
        "polynomialshift/lr": 0.07874007874011812, 
        "main/loss": 0.005335450172424316, 
        "validation/main/loss": 3.124422311782837, 
        "iteration": 114, 
        "elapsed_time": 25.35787320137024, 
        "epoch": 114, 
        "main/accuracy": 1.0, 
        "validation/main/accuracy": 0.3214285671710968
    }, 
    {
        "polynomialshift/lr": 0.07852812659593165, 
        "main/loss": 0.005291461944580078, 
        "validation/main/loss": 3.1266987323760986, 
        "iteration": 115, 
        "elapsed_time": 25.569464206695557, 
        "epoch": 115, 
        "main/accuracy": 1.0, 
        "validation/main/accuracy": 0.3214285671710968
    }, 
    {
        "polynomialshift/lr": 0.07831560082980488, 
        "main/loss": 0.005247950553894043, 
        "validation/main/loss": 3.1289501190185547, 
        "iteration": 116, 
        "elapsed_time": 25.771830081939697, 
        "epoch": 116, 
        "main/accuracy": 1.0, 
        "validation/main/accuracy": 0.3214285671710968
    }, 
    {
        "polynomialshift/lr": 0.07810249675906655, 
        "main/loss": 0.005205273628234863, 
        "validation/main/loss": 3.13118314743042, 
        "iteration": 117, 
        "elapsed_time": 26.040669202804565, 
        "epoch": 117, 
        "main/accuracy": 1.0, 
        "validation/main/accuracy": 0.3214285671710968
    }, 
    {
        "polynomialshift/lr": 0.07788880963698616, 
        "main/loss": 0.005163669586181641, 
        "validation/main/loss": 3.1333911418914795, 
        "iteration": 118, 
        "elapsed_time": 26.25920605659485, 
        "epoch": 118, 
        "main/accuracy": 1.0, 
        "validation/main/accuracy": 0.3214285671710968
    }, 
    {
        "polynomialshift/lr": 0.07767453465154028, 
        "main/loss": 0.005122542381286621, 
        "validation/main/loss": 3.135578155517578, 
        "iteration": 119, 
        "elapsed_time": 26.507708072662354, 
        "epoch": 119, 
        "main/accuracy": 1.0, 
        "validation/main/accuracy": 0.3214285671710968
    }, 
    {
        "polynomialshift/lr": 0.07745966692414835, 
        "main/loss": 0.005082368850708008, 
        "validation/main/loss": 3.1377437114715576, 
        "iteration": 120, 
        "elapsed_time": 26.722777128219604, 
        "epoch": 120, 
        "main/accuracy": 1.0, 
        "validation/main/accuracy": 0.3214285671710968
    }, 
    {
        "polynomialshift/lr": 0.07724420150837646, 
        "main/loss": 0.0050427913665771484, 
        "validation/main/loss": 3.1398913860321045, 
        "iteration": 121, 
        "elapsed_time": 26.958527088165283, 
        "epoch": 121, 
        "main/accuracy": 1.0, 
        "validation/main/accuracy": 0.3214285671710968
    }, 
    {
        "polynomialshift/lr": 0.07702813338860895, 
        "main/loss": 0.005003809928894043, 
        "validation/main/loss": 3.142024278640747, 
        "iteration": 122, 
        "elapsed_time": 27.16636300086975, 
        "epoch": 122, 
        "main/accuracy": 1.0, 
        "validation/main/accuracy": 0.3214285671710968
    }, 
    {
        "polynomialshift/lr": 0.07681145747868609, 
        "main/loss": 0.004965782165527344, 
        "validation/main/loss": 3.1441352367401123, 
        "iteration": 123, 
        "elapsed_time": 27.38233709335327, 
        "epoch": 123, 
        "main/accuracy": 1.0, 
        "validation/main/accuracy": 0.3204365074634552
    }, 
    {
        "polynomialshift/lr": 0.07659416862050705, 
        "main/loss": 0.004928469657897949, 
        "validation/main/loss": 3.146221160888672, 
        "iteration": 124, 
        "elapsed_time": 27.607094049453735, 
        "epoch": 124, 
        "main/accuracy": 1.0, 
        "validation/main/accuracy": 0.3204365074634552
    }, 
    {
        "polynomialshift/lr": 0.07637626158259733, 
        "main/loss": 0.004891395568847656, 
        "validation/main/loss": 3.148286819458008, 
        "iteration": 125, 
        "elapsed_time": 27.81712818145752, 
        "epoch": 125, 
        "main/accuracy": 1.0, 
        "validation/main/accuracy": 0.3204365074634552
    }, 
    {
        "polynomialshift/lr": 0.0761577310586391, 
        "main/loss": 0.004855155944824219, 
        "validation/main/loss": 3.1503334045410156, 
        "iteration": 126, 
        "elapsed_time": 28.01572608947754, 
        "epoch": 126, 
        "main/accuracy": 1.0, 
        "validation/main/accuracy": 0.3204365074634552
    }, 
    {
        "polynomialshift/lr": 0.07593857166596346, 
        "main/loss": 0.004819631576538086, 
        "validation/main/loss": 3.15236234664917, 
        "iteration": 127, 
        "elapsed_time": 28.23618507385254, 
        "epoch": 127, 
        "main/accuracy": 1.0, 
        "validation/main/accuracy": 0.3204365074634552
    }, 
    {
        "polynomialshift/lr": 0.07571877794400365, 
        "main/loss": 0.004784584045410156, 
        "validation/main/loss": 3.1543736457824707, 
        "iteration": 128, 
        "elapsed_time": 28.458744049072266, 
        "epoch": 128, 
        "main/accuracy": 1.0, 
        "validation/main/accuracy": 0.3204365074634552
    }, 
    {
        "polynomialshift/lr": 0.07549834435270751, 
        "main/loss": 0.00475001335144043, 
        "validation/main/loss": 3.156364679336548, 
        "iteration": 129, 
        "elapsed_time": 28.70425510406494, 
        "epoch": 129, 
        "main/accuracy": 1.0, 
        "validation/main/accuracy": 0.3204365074634552
    }, 
    {
        "polynomialshift/lr": 0.07527726527090811, 
        "main/loss": 0.004716157913208008, 
        "validation/main/loss": 3.158336877822876, 
        "iteration": 130, 
        "elapsed_time": 28.950385093688965, 
        "epoch": 130, 
        "main/accuracy": 1.0, 
        "validation/main/accuracy": 0.3204365074634552
    }, 
    {
        "polynomialshift/lr": 0.07505553499465135, 
        "main/loss": 0.004683136940002441, 
        "validation/main/loss": 3.1602909564971924, 
        "iteration": 131, 
        "elapsed_time": 29.15739417076111, 
        "epoch": 131, 
        "main/accuracy": 1.0, 
        "validation/main/accuracy": 0.3204365074634552
    }, 
    {
        "polynomialshift/lr": 0.07483314773547883, 
        "main/loss": 0.004650115966796875, 
        "validation/main/loss": 3.1622321605682373, 
        "iteration": 132, 
        "elapsed_time": 29.350594997406006, 
        "epoch": 132, 
        "main/accuracy": 1.0, 
        "validation/main/accuracy": 0.3204365074634552
    }, 
    {
        "polynomialshift/lr": 0.07461009761866465, 
        "main/loss": 0.004618167877197266, 
        "validation/main/loss": 3.164151668548584, 
        "iteration": 133, 
        "elapsed_time": 29.582617044448853, 
        "epoch": 133, 
        "main/accuracy": 1.0, 
        "validation/main/accuracy": 0.3204365074634552
    }, 
    {
        "polynomialshift/lr": 0.07438637868140467, 
        "main/loss": 0.004586219787597656, 
        "validation/main/loss": 3.1660547256469727, 
        "iteration": 134, 
        "elapsed_time": 29.838183164596558, 
        "epoch": 134, 
        "main/accuracy": 1.0, 
        "validation/main/accuracy": 0.3204365074634552
    }, 
    {
        "polynomialshift/lr": 0.07416198487095664, 
        "main/loss": 0.004555225372314453, 
        "validation/main/loss": 3.1679399013519287, 
        "iteration": 135, 
        "elapsed_time": 30.047405004501343, 
        "epoch": 135, 
        "main/accuracy": 1.0, 
        "validation/main/accuracy": 0.3204365074634552
    }, 
    {
        "polynomialshift/lr": 0.07393691004272944, 
        "main/loss": 0.004524588584899902, 
        "validation/main/loss": 3.169808864593506, 
        "iteration": 136, 
        "elapsed_time": 30.236308097839355, 
        "epoch": 136, 
        "main/accuracy": 1.0, 
        "validation/main/accuracy": 0.3204365074634552
    }, 
    {
        "polynomialshift/lr": 0.07371114795831994, 
        "main/loss": 0.004494309425354004, 
        "validation/main/loss": 3.1716599464416504, 
        "iteration": 137, 
        "elapsed_time": 30.47125816345215, 
        "epoch": 137, 
        "main/accuracy": 1.0, 
        "validation/main/accuracy": 0.3204365074634552
    }, 
    {
        "polynomialshift/lr": 0.07348469228349534, 
        "main/loss": 0.004464387893676758, 
        "validation/main/loss": 3.173496961593628, 
        "iteration": 138, 
        "elapsed_time": 30.68925404548645, 
        "epoch": 138, 
        "main/accuracy": 1.0, 
        "validation/main/accuracy": 0.3204365074634552
    }, 
    {
        "polynomialshift/lr": 0.0732575365861197, 
        "main/loss": 0.004435181617736816, 
        "validation/main/loss": 3.1753146648406982, 
        "iteration": 139, 
        "elapsed_time": 30.913844108581543, 
        "epoch": 139, 
        "main/accuracy": 1.0, 
        "validation/main/accuracy": 0.3204365074634552
    }, 
    {
        "polynomialshift/lr": 0.07302967433402215, 
        "main/loss": 0.00440669059753418, 
        "validation/main/loss": 3.1771175861358643, 
        "iteration": 140, 
        "elapsed_time": 31.17559504508972, 
        "epoch": 140, 
        "main/accuracy": 1.0, 
        "validation/main/accuracy": 0.3204365074634552
    }, 
    {
        "polynomialshift/lr": 0.07280109889280519, 
        "main/loss": 0.004378080368041992, 
        "validation/main/loss": 3.1789071559906006, 
        "iteration": 141, 
        "elapsed_time": 31.360884189605713, 
        "epoch": 141, 
        "main/accuracy": 1.0, 
        "validation/main/accuracy": 0.3204365074634552
    }, 
    {
        "polynomialshift/lr": 0.07257180352359081, 
        "main/loss": 0.004350423812866211, 
        "validation/main/loss": 3.1806774139404297, 
        "iteration": 142, 
        "elapsed_time": 31.556756019592285, 
        "epoch": 142, 
        "main/accuracy": 1.0, 
        "validation/main/accuracy": 0.3204365074634552
    }, 
    {
        "polynomialshift/lr": 0.07234178138070235, 
        "main/loss": 0.0043228864669799805, 
        "validation/main/loss": 3.182439088821411, 
        "iteration": 143, 
        "elapsed_time": 31.792870044708252, 
        "epoch": 143, 
        "main/accuracy": 1.0, 
        "validation/main/accuracy": 0.3204365074634552
    }, 
    {
        "polynomialshift/lr": 0.0721110255092798, 
        "main/loss": 0.004295825958251953, 
        "validation/main/loss": 3.18418025970459, 
        "iteration": 144, 
        "elapsed_time": 32.01657199859619, 
        "epoch": 144, 
        "main/accuracy": 1.0, 
        "validation/main/accuracy": 0.3204365074634552
    }, 
    {
        "polynomialshift/lr": 0.07187952884282608, 
        "main/loss": 0.004269242286682129, 
        "validation/main/loss": 3.185906171798706, 
        "iteration": 145, 
        "elapsed_time": 32.241990089416504, 
        "epoch": 145, 
        "main/accuracy": 1.0, 
        "validation/main/accuracy": 0.3204365074634552
    }, 
    {
        "polynomialshift/lr": 0.07164728420068227, 
        "main/loss": 0.004243016242980957, 
        "validation/main/loss": 3.1876180171966553, 
        "iteration": 146, 
        "elapsed_time": 32.44204616546631, 
        "epoch": 146, 
        "main/accuracy": 1.0, 
        "validation/main/accuracy": 0.3204365074634552
    }, 
    {
        "polynomialshift/lr": 0.0714142842854285, 
        "main/loss": 0.0042171478271484375, 
        "validation/main/loss": 3.1893160343170166, 
        "iteration": 147, 
        "elapsed_time": 32.67441701889038, 
        "epoch": 147, 
        "main/accuracy": 1.0, 
        "validation/main/accuracy": 0.3204365074634552
    }, 
    {
        "polynomialshift/lr": 0.07118052168020875, 
        "main/loss": 0.0041915178298950195, 
        "validation/main/loss": 3.190999746322632, 
        "iteration": 148, 
        "elapsed_time": 32.937509059906006, 
        "epoch": 148, 
        "main/accuracy": 1.0, 
        "validation/main/accuracy": 0.3204365074634552
    }, 
    {
        "polynomialshift/lr": 0.07094598884597589, 
        "main/loss": 0.004166364669799805, 
        "validation/main/loss": 3.1926679611206055, 
        "iteration": 149, 
        "elapsed_time": 33.19877314567566, 
        "epoch": 149, 
        "main/accuracy": 1.0, 
        "validation/main/accuracy": 0.3204365074634552
    }, 
    {
        "polynomialshift/lr": 0.07071067811865477, 
        "main/loss": 0.004141807556152344, 
        "validation/main/loss": 3.1943209171295166, 
        "iteration": 150, 
        "elapsed_time": 33.40113711357117, 
        "epoch": 150, 
        "main/accuracy": 1.0, 
        "validation/main/accuracy": 0.3214285671710968
    }
]