[
    {
        "polynomialshift/lr": 0.09983319421247959, 
        "main/loss": 2.995732307434082, 
        "validation/main/loss": 2.9889471530914307, 
        "iteration": 1, 
        "elapsed_time": 1.8836040496826172, 
        "epoch": 1, 
        "main/accuracy": 0.0, 
        "validation/main/accuracy": 0.0466269850730896
    }, 
    {
        "polynomialshift/lr": 0.09966610925150703, 
        "main/loss": 2.995732307434082, 
        "validation/main/loss": 2.9889471530914307, 
        "iteration": 2, 
        "elapsed_time": 2.1435909271240234, 
        "epoch": 2, 
        "main/accuracy": 0.0, 
        "validation/main/accuracy": 0.0466269850730896
    }, 
    {
        "polynomialshift/lr": 0.099498743710662, 
        "main/loss": 2.995732307434082, 
        "validation/main/loss": 2.9889471530914307, 
        "iteration": 3, 
        "elapsed_time": 2.3719308376312256, 
        "epoch": 3, 
        "main/accuracy": 0.0, 
        "validation/main/accuracy": 0.0466269850730896
    }, 
    {
        "polynomialshift/lr": 0.09933109617167561, 
        "main/loss": 2.995732307434082, 
        "validation/main/loss": 2.9889471530914307, 
        "iteration": 4, 
        "elapsed_time": 2.5642809867858887, 
        "epoch": 4, 
        "main/accuracy": 0.0, 
        "validation/main/accuracy": 0.0466269850730896
    }, 
    {
        "polynomialshift/lr": 0.09916316520429011, 
        "main/loss": 2.995732307434082, 
        "validation/main/loss": 2.9889471530914307, 
        "iteration": 5, 
        "elapsed_time": 2.772416830062866, 
        "epoch": 5, 
        "main/accuracy": 0.0, 
        "validation/main/accuracy": 0.0466269850730896
    }, 
    {
        "polynomialshift/lr": 0.09899494936611666, 
        "main/loss": 2.995732307434082, 
        "validation/main/loss": 2.9889471530914307, 
        "iteration": 6, 
        "elapsed_time": 2.9634180068969727, 
        "epoch": 6, 
        "main/accuracy": 0.0, 
        "validation/main/accuracy": 0.0466269850730896
    }, 
    {
        "polynomialshift/lr": 0.09882644720249062, 
        "main/loss": 2.995732307434082, 
        "validation/main/loss": 2.9889471530914307, 
        "iteration": 7, 
        "elapsed_time": 3.1596879959106445, 
        "epoch": 7, 
        "main/accuracy": 0.0, 
        "validation/main/accuracy": 0.0466269850730896
    }, 
    {
        "polynomialshift/lr": 0.09865765724632496, 
        "main/loss": 2.995732307434082, 
        "validation/main/loss": 2.9889471530914307, 
        "iteration": 8, 
        "elapsed_time": 3.3651058673858643, 
        "epoch": 8, 
        "main/accuracy": 0.0, 
        "validation/main/accuracy": 0.0466269850730896
    }, 
    {
        "polynomialshift/lr": 0.09848857801796106, 
        "main/loss": 2.995732307434082, 
        "validation/main/loss": 2.9889471530914307, 
        "iteration": 9, 
        "elapsed_time": 3.609596014022827, 
        "epoch": 9, 
        "main/accuracy": 0.0, 
        "validation/main/accuracy": 0.0466269850730896
    }, 
    {
        "polynomialshift/lr": 0.09831920802501751, 
        "main/loss": 2.995732307434082, 
        "validation/main/loss": 2.9889471530914307, 
        "iteration": 10, 
        "elapsed_time": 3.8071529865264893, 
        "epoch": 10, 
        "main/accuracy": 0.0, 
        "validation/main/accuracy": 0.0466269850730896
    }, 
    {
        "polynomialshift/lr": 0.09814954576223639, 
        "main/loss": 2.995732307434082, 
        "validation/main/loss": 2.9889471530914307, 
        "iteration": 11, 
        "elapsed_time": 4.163317918777466, 
        "epoch": 11, 
        "main/accuracy": 0.0, 
        "validation/main/accuracy": 0.0466269850730896
    }, 
    {
        "polynomialshift/lr": 0.09797958971132713, 
        "main/loss": 2.995732307434082, 
        "validation/main/loss": 2.9889471530914307, 
        "iteration": 12, 
        "elapsed_time": 4.379103899002075, 
        "epoch": 12, 
        "main/accuracy": 0.0, 
        "validation/main/accuracy": 0.0466269850730896
    }, 
    {
        "polynomialshift/lr": 0.09780933834080807, 
        "main/loss": 2.995732307434082, 
        "validation/main/loss": 2.9889471530914307, 
        "iteration": 13, 
        "elapsed_time": 4.585994005203247, 
        "epoch": 13, 
        "main/accuracy": 0.0, 
        "validation/main/accuracy": 0.0466269850730896
    }, 
    {
        "polynomialshift/lr": 0.0976387901058454, 
        "main/loss": 2.995732307434082, 
        "validation/main/loss": 2.9889471530914307, 
        "iteration": 14, 
        "elapsed_time": 4.826256990432739, 
        "epoch": 14, 
        "main/accuracy": 0.0, 
        "validation/main/accuracy": 0.0466269850730896
    }, 
    {
        "polynomialshift/lr": 0.09746794344808964, 
        "main/loss": 2.995732307434082, 
        "validation/main/loss": 2.9889471530914307, 
        "iteration": 15, 
        "elapsed_time": 5.053519010543823, 
        "epoch": 15, 
        "main/accuracy": 0.0, 
        "validation/main/accuracy": 0.0466269850730896
    }, 
    {
        "polynomialshift/lr": 0.09729679679550951, 
        "main/loss": 2.995732307434082, 
        "validation/main/loss": 2.9889471530914307, 
        "iteration": 16, 
        "elapsed_time": 5.256335020065308, 
        "epoch": 16, 
        "main/accuracy": 0.0, 
        "validation/main/accuracy": 0.0466269850730896
    }, 
    {
        "polynomialshift/lr": 0.0971253485622231, 
        "main/loss": 2.995732307434082, 
        "validation/main/loss": 2.9889471530914307, 
        "iteration": 17, 
        "elapsed_time": 5.474390029907227, 
        "epoch": 17, 
        "main/accuracy": 0.0, 
        "validation/main/accuracy": 0.0466269850730896
    }, 
    {
        "polynomialshift/lr": 0.09695359714832658, 
        "main/loss": 2.995732307434082, 
        "validation/main/loss": 2.9889471530914307, 
        "iteration": 18, 
        "elapsed_time": 5.675053834915161, 
        "epoch": 18, 
        "main/accuracy": 0.0, 
        "validation/main/accuracy": 0.0466269850730896
    }, 
    {
        "polynomialshift/lr": 0.09678154093971984, 
        "main/loss": 2.995732307434082, 
        "validation/main/loss": 2.9889471530914307, 
        "iteration": 19, 
        "elapsed_time": 5.8863630294799805, 
        "epoch": 19, 
        "main/accuracy": 0.0, 
        "validation/main/accuracy": 0.0466269850730896
    }
]