[
    {
        "polynomialshift/lr": 0.09983319421247959, 
        "main/loss": 2.9722084999084473, 
        "validation/main/loss": 1.96438467502594, 
        "iteration": 1, 
        "elapsed_time": 1.0637969970703125, 
        "epoch": 1, 
        "main/accuracy": 0.1428571492433548, 
        "validation/main/accuracy": 0.449404776096344
    }, 
    {
        "polynomialshift/lr": 0.09966610925150703, 
        "main/loss": 1.6364330053329468, 
        "validation/main/loss": 1.8563693761825562, 
        "iteration": 2, 
        "elapsed_time": 1.3656229972839355, 
        "epoch": 2, 
        "main/accuracy": 0.4285714328289032, 
        "validation/main/accuracy": 0.2886904776096344
    }, 
    {
        "polynomialshift/lr": 0.099498743710662, 
        "main/loss": 1.3304483890533447, 
        "validation/main/loss": 1.8422539234161377, 
        "iteration": 3, 
        "elapsed_time": 1.6259849071502686, 
        "epoch": 3, 
        "main/accuracy": 0.7142857313156128, 
        "validation/main/accuracy": 0.460317462682724
    }, 
    {
        "polynomialshift/lr": 0.09933109617167561, 
        "main/loss": 1.1410377025604248, 
        "validation/main/loss": 1.615310788154602, 
        "iteration": 4, 
        "elapsed_time": 1.8910439014434814, 
        "epoch": 4, 
        "main/accuracy": 0.7142857313156128, 
        "validation/main/accuracy": 0.3422619104385376
    }, 
    {
        "polynomialshift/lr": 0.09916316520429011, 
        "main/loss": 0.8158703446388245, 
        "validation/main/loss": 1.9903895854949951, 
        "iteration": 5, 
        "elapsed_time": 2.2657599449157715, 
        "epoch": 5, 
        "main/accuracy": 0.8571428656578064, 
        "validation/main/accuracy": 0.466269850730896
    }, 
    {
        "polynomialshift/lr": 0.09899494936611666, 
        "main/loss": 0.807870626449585, 
        "validation/main/loss": 1.7026009559631348, 
        "iteration": 6, 
        "elapsed_time": 2.540290117263794, 
        "epoch": 6, 
        "main/accuracy": 0.7142857313156128, 
        "validation/main/accuracy": 0.3214285671710968
    }, 
    {
        "polynomialshift/lr": 0.09882644720249062, 
        "main/loss": 0.610867977142334, 
        "validation/main/loss": 2.1038246154785156, 
        "iteration": 7, 
        "elapsed_time": 2.976896047592163, 
        "epoch": 7, 
        "main/accuracy": 0.7142857313156128, 
        "validation/main/accuracy": 0.4751984179019928
    }, 
    {
        "polynomialshift/lr": 0.09865765724632496, 
        "main/loss": 0.6104161143302917, 
        "validation/main/loss": 1.7493534088134766, 
        "iteration": 8, 
        "elapsed_time": 3.257206916809082, 
        "epoch": 8, 
        "main/accuracy": 0.8571428656578064, 
        "validation/main/accuracy": 0.3601190447807312
    }, 
    {
        "polynomialshift/lr": 0.09848857801796106, 
        "main/loss": 0.428835928440094, 
        "validation/main/loss": 2.0297350883483887, 
        "iteration": 9, 
        "elapsed_time": 3.5151000022888184, 
        "epoch": 9, 
        "main/accuracy": 0.8571428656578064, 
        "validation/main/accuracy": 0.4791666567325592
    }, 
    {
        "polynomialshift/lr": 0.09831920802501751, 
        "main/loss": 0.3468870520591736, 
        "validation/main/loss": 1.7991012334823608, 
        "iteration": 10, 
        "elapsed_time": 3.7908689975738525, 
        "epoch": 10, 
        "main/accuracy": 0.8571428656578064, 
        "validation/main/accuracy": 0.403769850730896
    }, 
    {
        "polynomialshift/lr": 0.09814954576223639, 
        "main/loss": 0.27832934260368347, 
        "validation/main/loss": 1.9801052808761597, 
        "iteration": 11, 
        "elapsed_time": 4.103940963745117, 
        "epoch": 11, 
        "main/accuracy": 1.0, 
        "validation/main/accuracy": 0.4751984179019928
    }, 
    {
        "polynomialshift/lr": 0.09797958971132713, 
        "main/loss": 0.1877312809228897, 
        "validation/main/loss": 1.8527839183807373, 
        "iteration": 12, 
        "elapsed_time": 4.380265951156616, 
        "epoch": 12, 
        "main/accuracy": 1.0, 
        "validation/main/accuracy": 0.4305555522441864
    }, 
    {
        "polynomialshift/lr": 0.09780933834080807, 
        "main/loss": 0.15298162400722504, 
        "validation/main/loss": 1.9546607732772827, 
        "iteration": 13, 
        "elapsed_time": 4.634700059890747, 
        "epoch": 13, 
        "main/accuracy": 1.0, 
        "validation/main/accuracy": 0.4722222089767456
    }, 
    {
        "polynomialshift/lr": 0.0976387901058454, 
        "main/loss": 0.12500545382499695, 
        "validation/main/loss": 1.947014331817627, 
        "iteration": 14, 
        "elapsed_time": 4.902980089187622, 
        "epoch": 14, 
        "main/accuracy": 1.0, 
        "validation/main/accuracy": 0.4583333432674408
    }, 
    {
        "polynomialshift/lr": 0.09746794344808964, 
        "main/loss": 0.11143282800912857, 
        "validation/main/loss": 1.98796808719635, 
        "iteration": 15, 
        "elapsed_time": 5.188633918762207, 
        "epoch": 15, 
        "main/accuracy": 1.0, 
        "validation/main/accuracy": 0.4593254029750824
    }, 
    {
        "polynomialshift/lr": 0.09729679679550951, 
        "main/loss": 0.10114772617816925, 
        "validation/main/loss": 2.011394500732422, 
        "iteration": 16, 
        "elapsed_time": 5.427088975906372, 
        "epoch": 16, 
        "main/accuracy": 1.0, 
        "validation/main/accuracy": 0.4583333432674408
    }, 
    {
        "polynomialshift/lr": 0.0971253485622231, 
        "main/loss": 0.09271104633808136, 
        "validation/main/loss": 2.039466619491577, 
        "iteration": 17, 
        "elapsed_time": 5.697113037109375, 
        "epoch": 17, 
        "main/accuracy": 1.0, 
        "validation/main/accuracy": 0.4593254029750824
    }, 
    {
        "polynomialshift/lr": 0.09695359714832658, 
        "main/loss": 0.08551332354545593, 
        "validation/main/loss": 2.06538987159729, 
        "iteration": 18, 
        "elapsed_time": 5.969095945358276, 
        "epoch": 18, 
        "main/accuracy": 1.0, 
        "validation/main/accuracy": 0.460317462682724
    }, 
    {
        "polynomialshift/lr": 0.09678154093971984, 
        "main/loss": 0.07927949726581573, 
        "validation/main/loss": 2.090667963027954, 
        "iteration": 19, 
        "elapsed_time": 6.23526406288147, 
        "epoch": 19, 
        "main/accuracy": 1.0, 
        "validation/main/accuracy": 0.4613095223903656
    }, 
    {
        "polynomialshift/lr": 0.09660917830792959, 
        "main/loss": 0.07382522523403168, 
        "validation/main/loss": 2.1150104999542236, 
        "iteration": 20, 
        "elapsed_time": 6.479629039764404, 
        "epoch": 20, 
        "main/accuracy": 1.0, 
        "validation/main/accuracy": 0.4613095223903656
    }, 
    {
        "polynomialshift/lr": 0.09643650760992956, 
        "main/loss": 0.06901393830776215, 
        "validation/main/loss": 2.1384646892547607, 
        "iteration": 21, 
        "elapsed_time": 6.742196083068848, 
        "epoch": 21, 
        "main/accuracy": 1.0, 
        "validation/main/accuracy": 0.4623015820980072
    }, 
    {
        "polynomialshift/lr": 0.09626352718795768, 
        "main/loss": 0.06474011391401291, 
        "validation/main/loss": 2.1610562801361084, 
        "iteration": 22, 
        "elapsed_time": 6.9957029819488525, 
        "epoch": 22, 
        "main/accuracy": 1.0, 
        "validation/main/accuracy": 0.4613095223903656
    }, 
    {
        "polynomialshift/lr": 0.0960902353693305, 
        "main/loss": 0.06092085316777229, 
        "validation/main/loss": 2.1828393936157227, 
        "iteration": 23, 
        "elapsed_time": 7.268934965133667, 
        "epoch": 23, 
        "main/accuracy": 1.0, 
        "validation/main/accuracy": 0.460317462682724
    }, 
    {
        "polynomialshift/lr": 0.0959166304662544, 
        "main/loss": 0.05748926103115082, 
        "validation/main/loss": 2.2038521766662598, 
        "iteration": 24, 
        "elapsed_time": 7.521929025650024, 
        "epoch": 24, 
        "main/accuracy": 1.0, 
        "validation/main/accuracy": 0.460317462682724
    }, 
    {
        "polynomialshift/lr": 0.09574271077563382, 
        "main/loss": 0.05439111590385437, 
        "validation/main/loss": 2.2240915298461914, 
        "iteration": 25, 
        "elapsed_time": 7.802669048309326, 
        "epoch": 25, 
        "main/accuracy": 1.0, 
        "validation/main/accuracy": 0.460317462682724
    }, 
    {
        "polynomialshift/lr": 0.09556847457887635, 
        "main/loss": 0.0515817254781723, 
        "validation/main/loss": 2.243631362915039, 
        "iteration": 26, 
        "elapsed_time": 8.096658945083618, 
        "epoch": 26, 
        "main/accuracy": 1.0, 
        "validation/main/accuracy": 0.460317462682724
    }, 
    {
        "polynomialshift/lr": 0.09539392014169457, 
        "main/loss": 0.04902410879731178, 
        "validation/main/loss": 2.262479066848755, 
        "iteration": 27, 
        "elapsed_time": 8.384419918060303, 
        "epoch": 27, 
        "main/accuracy": 1.0, 
        "validation/main/accuracy": 0.460317462682724
    }, 
    {
        "polynomialshift/lr": 0.09521904571390466, 
        "main/loss": 0.04668692499399185, 
        "validation/main/loss": 2.2807118892669678, 
        "iteration": 28, 
        "elapsed_time": 8.628259897232056, 
        "epoch": 28, 
        "main/accuracy": 1.0, 
        "validation/main/accuracy": 0.460317462682724
    }, 
    {
        "polynomialshift/lr": 0.09504384952922168, 
        "main/loss": 0.04454408586025238, 
        "validation/main/loss": 2.2983644008636475, 
        "iteration": 29, 
        "elapsed_time": 8.949044942855835, 
        "epoch": 29, 
        "main/accuracy": 1.0, 
        "validation/main/accuracy": 0.4573412835597992
    }, 
    {
        "polynomialshift/lr": 0.09486832980505139, 
        "main/loss": 0.04257338494062424, 
        "validation/main/loss": 2.31546688079834, 
        "iteration": 30, 
        "elapsed_time": 9.220340013504028, 
        "epoch": 30, 
        "main/accuracy": 1.0, 
        "validation/main/accuracy": 0.4593254029750824
    }, 
    {
        "polynomialshift/lr": 0.09469248474227861, 
        "main/loss": 0.04075540974736214, 
        "validation/main/loss": 2.332040786743164, 
        "iteration": 31, 
        "elapsed_time": 9.474347114562988, 
        "epoch": 31, 
        "main/accuracy": 1.0, 
        "validation/main/accuracy": 0.4583333432674408
    }, 
    {
        "polynomialshift/lr": 0.09451631252505217, 
        "main/loss": 0.039074014872312546, 
        "validation/main/loss": 2.3481197357177734, 
        "iteration": 32, 
        "elapsed_time": 9.710736989974976, 
        "epoch": 32, 
        "main/accuracy": 1.0, 
        "validation/main/accuracy": 0.4563491940498352
    }, 
    {
        "polynomialshift/lr": 0.09433981132056604, 
        "main/loss": 0.03751509636640549, 
        "validation/main/loss": 2.36372709274292, 
        "iteration": 33, 
        "elapsed_time": 9.965718030929565, 
        "epoch": 33, 
        "main/accuracy": 1.0, 
        "validation/main/accuracy": 0.4563491940498352
    }, 
    {
        "polynomialshift/lr": 0.0941629792788369, 
        "main/loss": 0.03606592118740082, 
        "validation/main/loss": 2.378870964050293, 
        "iteration": 34, 
        "elapsed_time": 10.237068891525269, 
        "epoch": 34, 
        "main/accuracy": 1.0, 
        "validation/main/accuracy": 0.4563491940498352
    }, 
    {
        "polynomialshift/lr": 0.0939858145324779, 
        "main/loss": 0.03471606224775314, 
        "validation/main/loss": 2.3935863971710205, 
        "iteration": 35, 
        "elapsed_time": 10.493074893951416, 
        "epoch": 35, 
        "main/accuracy": 1.0, 
        "validation/main/accuracy": 0.4563491940498352
    }, 
    {
        "polynomialshift/lr": 0.0938083151964686, 
        "main/loss": 0.03345591947436333, 
        "validation/main/loss": 2.4079020023345947, 
        "iteration": 36, 
        "elapsed_time": 10.738183975219727, 
        "epoch": 36, 
        "main/accuracy": 1.0, 
        "validation/main/accuracy": 0.4563491940498352
    }, 
    {
        "polynomialshift/lr": 0.09363047936792093, 
        "main/loss": 0.03227731212973595, 
        "validation/main/loss": 2.421834945678711, 
        "iteration": 37, 
        "elapsed_time": 11.008013010025024, 
        "epoch": 37, 
        "main/accuracy": 1.0, 
        "validation/main/accuracy": 0.4563491940498352
    }, 
    {
        "polynomialshift/lr": 0.09345230512584124, 
        "main/loss": 0.031172549352049828, 
        "validation/main/loss": 2.4354031085968018, 
        "iteration": 38, 
        "elapsed_time": 11.26429295539856, 
        "epoch": 38, 
        "main/accuracy": 1.0, 
        "validation/main/accuracy": 0.4573412835597992
    }, 
    {
        "polynomialshift/lr": 0.09327379053088815, 
        "main/loss": 0.030135905370116234, 
        "validation/main/loss": 2.448622465133667, 
        "iteration": 39, 
        "elapsed_time": 11.552112102508545, 
        "epoch": 39, 
        "main/accuracy": 1.0, 
        "validation/main/accuracy": 0.4573412835597992
    }, 
    {
        "polynomialshift/lr": 0.09309493362512627, 
        "main/loss": 0.029160842299461365, 
        "validation/main/loss": 2.4615089893341064, 
        "iteration": 40, 
        "elapsed_time": 11.815154075622559, 
        "epoch": 40, 
        "main/accuracy": 1.0, 
        "validation/main/accuracy": 0.4573412835597992
    }, 
    {
        "polynomialshift/lr": 0.0929157324317757, 
        "main/loss": 0.028252670541405678, 
        "validation/main/loss": 2.4744887351989746, 
        "iteration": 41, 
        "elapsed_time": 12.091018915176392, 
        "epoch": 41, 
        "main/accuracy": 1.0, 
        "validation/main/accuracy": 0.4573412835597992
    }, 
    {
        "polynomialshift/lr": 0.09273618495495704, 
        "main/loss": 0.027389664202928543, 
        "validation/main/loss": 2.486774206161499, 
        "iteration": 42, 
        "elapsed_time": 12.357435941696167, 
        "epoch": 42, 
        "main/accuracy": 1.0, 
        "validation/main/accuracy": 0.4573412835597992
    }, 
    {
        "polynomialshift/lr": 0.09255628917943215, 
        "main/loss": 0.026570593938231468, 
        "validation/main/loss": 2.498762369155884, 
        "iteration": 43, 
        "elapsed_time": 12.610486030578613, 
        "epoch": 43, 
        "main/accuracy": 1.0, 
        "validation/main/accuracy": 0.4573412835597992
    }, 
    {
        "polynomialshift/lr": 0.09237604307034013, 
        "main/loss": 0.025796005502343178, 
        "validation/main/loss": 2.5104594230651855, 
        "iteration": 44, 
        "elapsed_time": 12.853765964508057, 
        "epoch": 44, 
        "main/accuracy": 1.0, 
        "validation/main/accuracy": 0.4573412835597992
    }, 
    {
        "polynomialshift/lr": 0.09219544457292889, 
        "main/loss": 0.02506222203373909, 
        "validation/main/loss": 2.521878242492676, 
        "iteration": 45, 
        "elapsed_time": 13.103348970413208, 
        "epoch": 45, 
        "main/accuracy": 1.0, 
        "validation/main/accuracy": 0.4583333432674408
    }, 
    {
        "polynomialshift/lr": 0.09201449161228176, 
        "main/loss": 0.02436617575585842, 
        "validation/main/loss": 2.5330395698547363, 
        "iteration": 46, 
        "elapsed_time": 13.36254596710205, 
        "epoch": 46, 
        "main/accuracy": 1.0, 
        "validation/main/accuracy": 0.4583333432674408
    }, 
    {
        "polynomialshift/lr": 0.09183318209303941, 
        "main/loss": 0.023705756291747093, 
        "validation/main/loss": 2.5439579486846924, 
        "iteration": 47, 
        "elapsed_time": 13.642033100128174, 
        "epoch": 47, 
        "main/accuracy": 1.0, 
        "validation/main/accuracy": 0.4583333432674408
    }, 
    {
        "polynomialshift/lr": 0.0916515138991168, 
        "main/loss": 0.023077556863427162, 
        "validation/main/loss": 2.5546374320983887, 
        "iteration": 48, 
        "elapsed_time": 13.933842897415161, 
        "epoch": 48, 
        "main/accuracy": 1.0, 
        "validation/main/accuracy": 0.4583333432674408
    }, 
    {
        "polynomialshift/lr": 0.09146948489341496, 
        "main/loss": 0.022480012848973274, 
        "validation/main/loss": 2.5650832653045654, 
        "iteration": 49, 
        "elapsed_time": 14.191131114959717, 
        "epoch": 49, 
        "main/accuracy": 1.0, 
        "validation/main/accuracy": 0.4593254029750824
    }, 
    {
        "polynomialshift/lr": 0.09128709291752769, 
        "main/loss": 0.021911077201366425, 
        "validation/main/loss": 2.575313091278076, 
        "iteration": 50, 
        "elapsed_time": 14.489387035369873, 
        "epoch": 50, 
        "main/accuracy": 1.0, 
        "validation/main/accuracy": 0.4593254029750824
    }, 
    {
        "polynomialshift/lr": 0.091104335791443, 
        "main/loss": 0.02136809565126896, 
        "validation/main/loss": 2.5853328704833984, 
        "iteration": 51, 
        "elapsed_time": 14.736630916595459, 
        "epoch": 51, 
        "main/accuracy": 1.0, 
        "validation/main/accuracy": 0.4583333432674408
    }, 
    {
        "polynomialshift/lr": 0.09092121131323905, 
        "main/loss": 0.020850250497460365, 
        "validation/main/loss": 2.59515118598938, 
        "iteration": 52, 
        "elapsed_time": 14.989540100097656, 
        "epoch": 52, 
        "main/accuracy": 1.0, 
        "validation/main/accuracy": 0.4583333432674408
    }, 
    {
        "polynomialshift/lr": 0.09073771725877466, 
        "main/loss": 0.020355362445116043, 
        "validation/main/loss": 2.604776382446289, 
        "iteration": 53, 
        "elapsed_time": 15.255320072174072, 
        "epoch": 53, 
        "main/accuracy": 1.0, 
        "validation/main/accuracy": 0.4573412835597992
    }, 
    {
        "polynomialshift/lr": 0.09055385138137417, 
        "main/loss": 0.019881930202245712, 
        "validation/main/loss": 2.614203453063965, 
        "iteration": 54, 
        "elapsed_time": 15.538077116012573, 
        "epoch": 54, 
        "main/accuracy": 1.0, 
        "validation/main/accuracy": 0.4563491940498352
    }, 
    {
        "polynomialshift/lr": 0.0903696114115064, 
        "main/loss": 0.019429411739110947, 
        "validation/main/loss": 2.623809814453125, 
        "iteration": 55, 
        "elapsed_time": 15.787951946258545, 
        "epoch": 55, 
        "main/accuracy": 1.0, 
        "validation/main/accuracy": 0.4563491940498352
    }, 
    {
        "polynomialshift/lr": 0.09018499505645788, 
        "main/loss": 0.019002575427293777, 
        "validation/main/loss": 2.632869005203247, 
        "iteration": 56, 
        "elapsed_time": 16.04283308982849, 
        "epoch": 56, 
        "main/accuracy": 1.0, 
        "validation/main/accuracy": 0.4563491940498352
    }, 
    {
        "polynomialshift/lr": 0.09000000000000001, 
        "main/loss": 0.018586568534374237, 
        "validation/main/loss": 2.641758441925049, 
        "iteration": 57, 
        "elapsed_time": 16.316256999969482, 
        "epoch": 57, 
        "main/accuracy": 1.0, 
        "validation/main/accuracy": 0.4563491940498352
    }, 
    {
        "polynomialshift/lr": 0.08981462390204986, 
        "main/loss": 0.0181873869150877, 
        "validation/main/loss": 2.650484561920166, 
        "iteration": 58, 
        "elapsed_time": 16.573342084884644, 
        "epoch": 58, 
        "main/accuracy": 1.0, 
        "validation/main/accuracy": 0.4563491940498352
    }, 
    {
        "polynomialshift/lr": 0.08962886439832501, 
        "main/loss": 0.017804009839892387, 
        "validation/main/loss": 2.6590521335601807, 
        "iteration": 59, 
        "elapsed_time": 16.82934594154358, 
        "epoch": 59, 
        "main/accuracy": 1.0, 
        "validation/main/accuracy": 0.4563491940498352
    }, 
    {
        "polynomialshift/lr": 0.08944271909999159, 
        "main/loss": 0.017435824498534203, 
        "validation/main/loss": 2.6674695014953613, 
        "iteration": 60, 
        "elapsed_time": 17.077697038650513, 
        "epoch": 60, 
        "main/accuracy": 1.0, 
        "validation/main/accuracy": 0.4563491940498352
    }, 
    {
        "polynomialshift/lr": 0.08925618559330589, 
        "main/loss": 0.017082419246435165, 
        "validation/main/loss": 2.67574143409729, 
        "iteration": 61, 
        "elapsed_time": 17.332770109176636, 
        "epoch": 61, 
        "main/accuracy": 1.0, 
        "validation/main/accuracy": 0.4553571343421936
    }, 
    {
        "polynomialshift/lr": 0.08906926143924926, 
        "main/loss": 0.01674175262451172, 
        "validation/main/loss": 2.683871030807495, 
        "iteration": 62, 
        "elapsed_time": 17.630754947662354, 
        "epoch": 62, 
        "main/accuracy": 1.0, 
        "validation/main/accuracy": 0.4563491940498352
    }, 
    {
        "polynomialshift/lr": 0.0888819441731559, 
        "main/loss": 0.016414234414696693, 
        "validation/main/loss": 2.6918630599975586, 
        "iteration": 63, 
        "elapsed_time": 17.893549919128418, 
        "epoch": 63, 
        "main/accuracy": 1.0, 
        "validation/main/accuracy": 0.4563491940498352
    }, 
    {
        "polynomialshift/lr": 0.0886942313043338, 
        "main/loss": 0.016098637133836746, 
        "validation/main/loss": 2.699721336364746, 
        "iteration": 64, 
        "elapsed_time": 18.13711905479431, 
        "epoch": 64, 
        "main/accuracy": 1.0, 
        "validation/main/accuracy": 0.4563491940498352
    }, 
    {
        "polynomialshift/lr": 0.08850612031567837, 
        "main/loss": 0.01579427719116211, 
        "validation/main/loss": 2.7074482440948486, 
        "iteration": 65, 
        "elapsed_time": 18.393517017364502, 
        "epoch": 65, 
        "main/accuracy": 1.0, 
        "validation/main/accuracy": 0.4563491940498352
    }, 
    {
        "polynomialshift/lr": 0.08831760866327848, 
        "main/loss": 0.015501023270189762, 
        "validation/main/loss": 2.7150495052337646, 
        "iteration": 66, 
        "elapsed_time": 18.687381982803345, 
        "epoch": 66, 
        "main/accuracy": 1.0, 
        "validation/main/accuracy": 0.4563491940498352
    }, 
    {
        "polynomialshift/lr": 0.08812869377601523, 
        "main/loss": 0.015217985957860947, 
        "validation/main/loss": 2.722527503967285, 
        "iteration": 67, 
        "elapsed_time": 18.97790002822876, 
        "epoch": 67, 
        "main/accuracy": 1.0, 
        "validation/main/accuracy": 0.4563491940498352
    }, 
    {
        "polynomialshift/lr": 0.0879393730551528, 
        "main/loss": 0.014944826252758503, 
        "validation/main/loss": 2.729887008666992, 
        "iteration": 68, 
        "elapsed_time": 19.23015308380127, 
        "epoch": 68, 
        "main/accuracy": 1.0, 
        "validation/main/accuracy": 0.4563491940498352
    }, 
    {
        "polynomialshift/lr": 0.08774964387392123, 
        "main/loss": 0.01468079537153244, 
        "validation/main/loss": 2.7371201515197754, 
        "iteration": 69, 
        "elapsed_time": 19.47757601737976, 
        "epoch": 69, 
        "main/accuracy": 1.0, 
        "validation/main/accuracy": 0.4563491940498352
    }, 
    {
        "polynomialshift/lr": 0.08755950357709132, 
        "main/loss": 0.014425823464989662, 
        "validation/main/loss": 2.744239568710327, 
        "iteration": 70, 
        "elapsed_time": 19.738893032073975, 
        "epoch": 70, 
        "main/accuracy": 1.0, 
        "validation/main/accuracy": 0.4553571343421936
    }, 
    {
        "polynomialshift/lr": 0.08736894948054105, 
        "main/loss": 0.014179502613842487, 
        "validation/main/loss": 2.751586675643921, 
        "iteration": 71, 
        "elapsed_time": 20.007282972335815, 
        "epoch": 71, 
        "main/accuracy": 1.0, 
        "validation/main/accuracy": 0.4563491940498352
    }, 
    {
        "polynomialshift/lr": 0.08717797887081347, 
        "main/loss": 0.013944626785814762, 
        "validation/main/loss": 2.7584691047668457, 
        "iteration": 72, 
        "elapsed_time": 20.296370029449463, 
        "epoch": 72, 
        "main/accuracy": 1.0, 
        "validation/main/accuracy": 0.4563491940498352
    }, 
    {
        "polynomialshift/lr": 0.08698658900466592, 
        "main/loss": 0.013713564723730087, 
        "validation/main/loss": 2.7652523517608643, 
        "iteration": 73, 
        "elapsed_time": 20.58749008178711, 
        "epoch": 73, 
        "main/accuracy": 1.0, 
        "validation/main/accuracy": 0.4563491940498352
    }, 
    {
        "polynomialshift/lr": 0.08679477710861025, 
        "main/loss": 0.013489587232470512, 
        "validation/main/loss": 2.771934747695923, 
        "iteration": 74, 
        "elapsed_time": 20.879406929016113, 
        "epoch": 74, 
        "main/accuracy": 1.0, 
        "validation/main/accuracy": 0.4563491940498352
    }, 
    {
        "polynomialshift/lr": 0.08660254037844387, 
        "main/loss": 0.013273103162646294, 
        "validation/main/loss": 2.7785208225250244, 
        "iteration": 75, 
        "elapsed_time": 21.137248992919922, 
        "epoch": 75, 
        "main/accuracy": 1.0, 
        "validation/main/accuracy": 0.4573412835597992
    }, 
    {
        "polynomialshift/lr": 0.08640987597877148, 
        "main/loss": 0.013063158839941025, 
        "validation/main/loss": 2.785011053085327, 
        "iteration": 76, 
        "elapsed_time": 21.396188020706177, 
        "epoch": 76, 
        "main/accuracy": 1.0, 
        "validation/main/accuracy": 0.4573412835597992
    }, 
    {
        "polynomialshift/lr": 0.0862167810425171, 
        "main/loss": 0.012859481386840343, 
        "validation/main/loss": 2.7914085388183594, 
        "iteration": 77, 
        "elapsed_time": 21.64085602760315, 
        "epoch": 77, 
        "main/accuracy": 1.0, 
        "validation/main/accuracy": 0.4583333432674408
    }, 
    {
        "polynomialshift/lr": 0.08602325267042626, 
        "main/loss": 0.01266207080334425, 
        "validation/main/loss": 2.797715187072754, 
        "iteration": 78, 
        "elapsed_time": 21.944469928741455, 
        "epoch": 78, 
        "main/accuracy": 1.0, 
        "validation/main/accuracy": 0.4583333432674408
    }, 
    {
        "polynomialshift/lr": 0.08582928793055822, 
        "main/loss": 0.012470518238842487, 
        "validation/main/loss": 2.8039424419403076, 
        "iteration": 79, 
        "elapsed_time": 22.306437969207764, 
        "epoch": 79, 
        "main/accuracy": 1.0, 
        "validation/main/accuracy": 0.4593254029750824
    }, 
    {
        "polynomialshift/lr": 0.08563488385776753, 
        "main/loss": 0.012284415774047375, 
        "validation/main/loss": 2.810089349746704, 
        "iteration": 80, 
        "elapsed_time": 22.568299055099487, 
        "epoch": 80, 
        "main/accuracy": 1.0, 
        "validation/main/accuracy": 0.4593254029750824
    }, 
    {
        "polynomialshift/lr": 0.08544003745317531, 
        "main/loss": 0.012103626504540443, 
        "validation/main/loss": 2.8161518573760986, 
        "iteration": 81, 
        "elapsed_time": 22.851035118103027, 
        "epoch": 81, 
        "main/accuracy": 1.0, 
        "validation/main/accuracy": 0.4583333432674408
    }, 
    {
        "polynomialshift/lr": 0.08524474568362948, 
        "main/loss": 0.011928286403417587, 
        "validation/main/loss": 2.8221349716186523, 
        "iteration": 82, 
        "elapsed_time": 23.147125005722046, 
        "epoch": 82, 
        "main/accuracy": 1.0, 
        "validation/main/accuracy": 0.4583333432674408
    }, 
    {
        "polynomialshift/lr": 0.08504900548115384, 
        "main/loss": 0.011757442727684975, 
        "validation/main/loss": 2.828043222427368, 
        "iteration": 83, 
        "elapsed_time": 23.4056179523468, 
        "epoch": 83, 
        "main/accuracy": 1.0, 
        "validation/main/accuracy": 0.4583333432674408
    }, 
    {
        "polynomialshift/lr": 0.08485281374238571, 
        "main/loss": 0.011591775342822075, 
        "validation/main/loss": 2.833876848220825, 
        "iteration": 84, 
        "elapsed_time": 23.707885026931763, 
        "epoch": 84, 
        "main/accuracy": 1.0, 
        "validation/main/accuracy": 0.4583333432674408
    }, 
    {
        "polynomialshift/lr": 0.08465616732800196, 
        "main/loss": 0.011432784609496593, 
        "validation/main/loss": 2.8393428325653076, 
        "iteration": 85, 
        "elapsed_time": 23.986793994903564, 
        "epoch": 85, 
        "main/accuracy": 1.0, 
        "validation/main/accuracy": 0.4583333432674408
    }, 
    {
        "polynomialshift/lr": 0.08445906306213286, 
        "main/loss": 0.011280468665063381, 
        "validation/main/loss": 2.845024585723877, 
        "iteration": 86, 
        "elapsed_time": 24.33963704109192, 
        "epoch": 86, 
        "main/accuracy": 1.0, 
        "validation/main/accuracy": 0.4583333432674408
    }, 
    {
        "polynomialshift/lr": 0.08426149773176358, 
        "main/loss": 0.011128971353173256, 
        "validation/main/loss": 2.8503496646881104, 
        "iteration": 87, 
        "elapsed_time": 24.637325048446655, 
        "epoch": 87, 
        "main/accuracy": 1.0, 
        "validation/main/accuracy": 0.4583333432674408
    }, 
    {
        "polynomialshift/lr": 0.08406346808612328, 
        "main/loss": 0.010984966531395912, 
        "validation/main/loss": 2.8558852672576904, 
        "iteration": 88, 
        "elapsed_time": 24.915827989578247, 
        "epoch": 88, 
        "main/accuracy": 1.0, 
        "validation/main/accuracy": 0.4583333432674408
    }, 
    {
        "polynomialshift/lr": 0.08386497083606083, 
        "main/loss": 0.010840552859008312, 
        "validation/main/loss": 2.8610737323760986, 
        "iteration": 89, 
        "elapsed_time": 25.167093992233276, 
        "epoch": 89, 
        "main/accuracy": 1.0, 
        "validation/main/accuracy": 0.4583333432674408
    }, 
    {
        "polynomialshift/lr": 0.08366600265340757, 
        "main/loss": 0.01070499513298273, 
        "validation/main/loss": 2.866472005844116, 
        "iteration": 90, 
        "elapsed_time": 25.454241037368774, 
        "epoch": 90, 
        "main/accuracy": 1.0, 
        "validation/main/accuracy": 0.4583333432674408
    }, 
    {
        "polynomialshift/lr": 0.08346656017032611, 
        "main/loss": 0.010567257180809975, 
        "validation/main/loss": 2.871805429458618, 
        "iteration": 91, 
        "elapsed_time": 25.71190094947815, 
        "epoch": 91, 
        "main/accuracy": 1.0, 
        "validation/main/accuracy": 0.4583333432674408
    }, 
    {
        "polynomialshift/lr": 0.08326663997864531, 
        "main/loss": 0.010438919998705387, 
        "validation/main/loss": 2.876779079437256, 
        "iteration": 92, 
        "elapsed_time": 25.986011028289795, 
        "epoch": 92, 
        "main/accuracy": 1.0, 
        "validation/main/accuracy": 0.4583333432674408
    }, 
    {
        "polynomialshift/lr": 0.08306623862918075, 
        "main/loss": 0.010308129712939262, 
        "validation/main/loss": 2.881985664367676, 
        "iteration": 93, 
        "elapsed_time": 26.275765895843506, 
        "epoch": 93, 
        "main/accuracy": 1.0, 
        "validation/main/accuracy": 0.4583333432674408
    }, 
    {
        "polynomialshift/lr": 0.08286535263104036, 
        "main/loss": 0.01018524169921875, 
        "validation/main/loss": 2.8868398666381836, 
        "iteration": 94, 
        "elapsed_time": 26.542649030685425, 
        "epoch": 94, 
        "main/accuracy": 1.0, 
        "validation/main/accuracy": 0.4583333432674408
    }, 
    {
        "polynomialshift/lr": 0.08266397845091497, 
        "main/loss": 0.010061264038085938, 
        "validation/main/loss": 2.8919217586517334, 
        "iteration": 95, 
        "elapsed_time": 26.81166100502014, 
        "epoch": 95, 
        "main/accuracy": 1.0, 
        "validation/main/accuracy": 0.4583333432674408
    }, 
    {
        "polynomialshift/lr": 0.0824621125123532, 
        "main/loss": 0.009943962097167969, 
        "validation/main/loss": 2.8966593742370605, 
        "iteration": 96, 
        "elapsed_time": 27.08379292488098, 
        "epoch": 96, 
        "main/accuracy": 1.0, 
        "validation/main/accuracy": 0.4583333432674408
    }, 
    {
        "polynomialshift/lr": 0.08225975119502045, 
        "main/loss": 0.009825979359447956, 
        "validation/main/loss": 2.901622772216797, 
        "iteration": 97, 
        "elapsed_time": 27.388904094696045, 
        "epoch": 97, 
        "main/accuracy": 1.0, 
        "validation/main/accuracy": 0.4583333432674408
    }, 
    {
        "polynomialshift/lr": 0.08205689083394115, 
        "main/loss": 0.009713854640722275, 
        "validation/main/loss": 2.9062514305114746, 
        "iteration": 98, 
        "elapsed_time": 27.670319080352783, 
        "epoch": 98, 
        "main/accuracy": 1.0, 
        "validation/main/accuracy": 0.4583333432674408
    }, 
    {
        "polynomialshift/lr": 0.0818535277187245, 
        "main/loss": 0.009601729921996593, 
        "validation/main/loss": 2.911099910736084, 
        "iteration": 99, 
        "elapsed_time": 27.927678108215332, 
        "epoch": 99, 
        "main/accuracy": 1.0, 
        "validation/main/accuracy": 0.4573412835597992
    }, 
    {
        "polynomialshift/lr": 0.08164965809277261, 
        "main/loss": 0.009494236670434475, 
        "validation/main/loss": 2.9156222343444824, 
        "iteration": 100, 
        "elapsed_time": 28.22358202934265, 
        "epoch": 100, 
        "main/accuracy": 1.0, 
        "validation/main/accuracy": 0.4573412835597992
    }, 
    {
        "polynomialshift/lr": 0.08144527815247078, 
        "main/loss": 0.009387698024511337, 
        "validation/main/loss": 2.9203619956970215, 
        "iteration": 101, 
        "elapsed_time": 28.484654903411865, 
        "epoch": 101, 
        "main/accuracy": 1.0, 
        "validation/main/accuracy": 0.4563491940498352
    }, 
    {
        "polynomialshift/lr": 0.08124038404635961, 
        "main/loss": 0.009284837171435356, 
        "validation/main/loss": 2.9247822761535645, 
        "iteration": 102, 
        "elapsed_time": 28.77604603767395, 
        "epoch": 102, 
        "main/accuracy": 1.0, 
        "validation/main/accuracy": 0.4553571343421936
    }, 
    {
        "polynomialshift/lr": 0.08103497187428813, 
        "main/loss": 0.009183475747704506, 
        "validation/main/loss": 2.9294168949127197, 
        "iteration": 103, 
        "elapsed_time": 29.145369052886963, 
        "epoch": 103, 
        "main/accuracy": 1.0, 
        "validation/main/accuracy": 0.4553571343421936
    }, 
    {
        "polynomialshift/lr": 0.08082903768654762, 
        "main/loss": 0.009084701538085938, 
        "validation/main/loss": 2.933742046356201, 
        "iteration": 104, 
        "elapsed_time": 29.46584391593933, 
        "epoch": 104, 
        "main/accuracy": 1.0, 
        "validation/main/accuracy": 0.4553571343421936
    }, 
    {
        "polynomialshift/lr": 0.08062257748298551, 
        "main/loss": 0.008987972512841225, 
        "validation/main/loss": 2.9382731914520264, 
        "iteration": 105, 
        "elapsed_time": 29.73870301246643, 
        "epoch": 105, 
        "main/accuracy": 1.0, 
        "validation/main/accuracy": 0.4553571343421936
    }, 
    {
        "polynomialshift/lr": 0.0804155872120988, 
        "main/loss": 0.00889314990490675, 
        "validation/main/loss": 2.942504405975342, 
        "iteration": 106, 
        "elapsed_time": 30.042407989501953, 
        "epoch": 106, 
        "main/accuracy": 1.0, 
        "validation/main/accuracy": 0.4553571343421936
    }, 
    {
        "polynomialshift/lr": 0.08020806277010643, 
        "main/loss": 0.008800643496215343, 
        "validation/main/loss": 2.94693922996521, 
        "iteration": 107, 
        "elapsed_time": 30.34342098236084, 
        "epoch": 107, 
        "main/accuracy": 1.0, 
        "validation/main/accuracy": 0.4553571343421936
    }, 
    {
        "polynomialshift/lr": 0.08000000000000002, 
        "main/loss": 0.008709907531738281, 
        "validation/main/loss": 2.9510767459869385, 
        "iteration": 108, 
        "elapsed_time": 30.644545078277588, 
        "epoch": 108, 
        "main/accuracy": 1.0, 
        "validation/main/accuracy": 0.4553571343421936
    }, 
    {
        "polynomialshift/lr": 0.07979139469057217, 
        "main/loss": 0.008621624670922756, 
        "validation/main/loss": 2.955418109893799, 
        "iteration": 109, 
        "elapsed_time": 30.91610097885132, 
        "epoch": 109, 
        "main/accuracy": 1.0, 
        "validation/main/accuracy": 0.4553571343421936
    }, 
    {
        "polynomialshift/lr": 0.07958224257542215, 
        "main/loss": 0.008534295484423637, 
        "validation/main/loss": 2.959465265274048, 
        "iteration": 110, 
        "elapsed_time": 31.232122898101807, 
        "epoch": 110, 
        "main/accuracy": 1.0, 
        "validation/main/accuracy": 0.4553571343421936
    }, 
    {
        "polynomialshift/lr": 0.07937253933193772, 
        "main/loss": 0.008449691347777843, 
        "validation/main/loss": 2.963716506958008, 
        "iteration": 111, 
        "elapsed_time": 31.558998107910156, 
        "epoch": 111, 
        "main/accuracy": 1.0, 
        "validation/main/accuracy": 0.4553571343421936
    }, 
    {
        "polynomialshift/lr": 0.07916228058025279, 
        "main/loss": 0.008365903981029987, 
        "validation/main/loss": 2.967676877975464, 
        "iteration": 112, 
        "elapsed_time": 31.865981101989746, 
        "epoch": 112, 
        "main/accuracy": 1.0, 
        "validation/main/accuracy": 0.4553571343421936
    }, 
    {
        "polynomialshift/lr": 0.07895146188218008, 
        "main/loss": 0.008285114541649818, 
        "validation/main/loss": 2.9718401432037354, 
        "iteration": 113, 
        "elapsed_time": 32.112284898757935, 
        "epoch": 113, 
        "main/accuracy": 1.0, 
        "validation/main/accuracy": 0.4553571343421936
    }, 
    {
        "polynomialshift/lr": 0.07874007874011812, 
        "main/loss": 0.008204460144042969, 
        "validation/main/loss": 2.975717067718506, 
        "iteration": 114, 
        "elapsed_time": 32.37206697463989, 
        "epoch": 114, 
        "main/accuracy": 1.0, 
        "validation/main/accuracy": 0.4553571343421936
    }, 
    {
        "polynomialshift/lr": 0.07852812659593165, 
        "main/loss": 0.008127076551318169, 
        "validation/main/loss": 2.9797959327697754, 
        "iteration": 115, 
        "elapsed_time": 32.689311027526855, 
        "epoch": 115, 
        "main/accuracy": 1.0, 
        "validation/main/accuracy": 0.454365074634552
    }, 
    {
        "polynomialshift/lr": 0.07831560082980488, 
        "main/loss": 0.008049420081079006, 
        "validation/main/loss": 2.9835927486419678, 
        "iteration": 116, 
        "elapsed_time": 32.966201066970825, 
        "epoch": 116, 
        "main/accuracy": 1.0, 
        "validation/main/accuracy": 0.454365074634552
    }, 
    {
        "polynomialshift/lr": 0.07810249675906655, 
        "main/loss": 0.007975170388817787, 
        "validation/main/loss": 2.9875893592834473, 
        "iteration": 117, 
        "elapsed_time": 33.22958207130432, 
        "epoch": 117, 
        "main/accuracy": 1.0, 
        "validation/main/accuracy": 0.454365074634552
    }, 
    {
        "polynomialshift/lr": 0.07788880963698616, 
        "main/loss": 0.007900374941527843, 
        "validation/main/loss": 2.9913082122802734, 
        "iteration": 118, 
        "elapsed_time": 33.54888391494751, 
        "epoch": 118, 
        "main/accuracy": 1.0, 
        "validation/main/accuracy": 0.454365074634552
    }, 
    {
        "polynomialshift/lr": 0.07767453465154028, 
        "main/loss": 0.007829121313989162, 
        "validation/main/loss": 2.9952259063720703, 
        "iteration": 119, 
        "elapsed_time": 33.833473920822144, 
        "epoch": 119, 
        "main/accuracy": 1.0, 
        "validation/main/accuracy": 0.454365074634552
    }, 
    {
        "polynomialshift/lr": 0.07745966692414835, 
        "main/loss": 0.007757187355309725, 
        "validation/main/loss": 2.9988694190979004, 
        "iteration": 120, 
        "elapsed_time": 34.13286304473877, 
        "epoch": 120, 
        "main/accuracy": 1.0, 
        "validation/main/accuracy": 0.4553571343421936
    }, 
    {
        "polynomialshift/lr": 0.07724420150837646, 
        "main/loss": 0.00768879521638155, 
        "validation/main/loss": 3.00270938873291, 
        "iteration": 121, 
        "elapsed_time": 34.4329469203949, 
        "epoch": 121, 
        "main/accuracy": 1.0, 
        "validation/main/accuracy": 0.454365074634552
    }, 
    {
        "polynomialshift/lr": 0.07702813338860895, 
        "main/loss": 0.007619449403136969, 
        "validation/main/loss": 3.0062813758850098, 
        "iteration": 122, 
        "elapsed_time": 34.73019790649414, 
        "epoch": 122, 
        "main/accuracy": 1.0, 
        "validation/main/accuracy": 0.4553571343421936
    }, 
    {
        "polynomialshift/lr": 0.07681145747868609, 
        "main/loss": 0.0075537823140621185, 
        "validation/main/loss": 3.0100464820861816, 
        "iteration": 123, 
        "elapsed_time": 35.005671977996826, 
        "epoch": 123, 
        "main/accuracy": 1.0, 
        "validation/main/accuracy": 0.4553571343421936
    }, 
    {
        "polynomialshift/lr": 0.07659416862050705, 
        "main/loss": 0.007486752234399319, 
        "validation/main/loss": 3.0135464668273926, 
        "iteration": 124, 
        "elapsed_time": 35.29277801513672, 
        "epoch": 124, 
        "main/accuracy": 1.0, 
        "validation/main/accuracy": 0.4553571343421936
    }, 
    {
        "polynomialshift/lr": 0.07637626158259733, 
        "main/loss": 0.007423673756420612, 
        "validation/main/loss": 3.0172390937805176, 
        "iteration": 125, 
        "elapsed_time": 35.59696292877197, 
        "epoch": 125, 
        "main/accuracy": 1.0, 
        "validation/main/accuracy": 0.4553571343421936
    }, 
    {
        "polynomialshift/lr": 0.0761577310586391, 
        "main/loss": 0.007358823902904987, 
        "validation/main/loss": 3.02066707611084, 
        "iteration": 126, 
        "elapsed_time": 35.91099691390991, 
        "epoch": 126, 
        "main/accuracy": 1.0, 
        "validation/main/accuracy": 0.4553571343421936
    }, 
    {
        "polynomialshift/lr": 0.07593857166596346, 
        "main/loss": 0.007298605982214212, 
        "validation/main/loss": 3.0242867469787598, 
        "iteration": 127, 
        "elapsed_time": 36.17604207992554, 
        "epoch": 127, 
        "main/accuracy": 1.0, 
        "validation/main/accuracy": 0.4553571343421936
    }, 
    {
        "polynomialshift/lr": 0.07571877794400365, 
        "main/loss": 0.007235935889184475, 
        "validation/main/loss": 3.027876138687134, 
        "iteration": 128, 
        "elapsed_time": 36.42556691169739, 
        "epoch": 128, 
        "main/accuracy": 1.0, 
        "validation/main/accuracy": 0.4553571343421936
    }, 
    {
        "polynomialshift/lr": 0.07549834435270751, 
        "main/loss": 0.007177489344030619, 
        "validation/main/loss": 3.031198740005493, 
        "iteration": 129, 
        "elapsed_time": 36.78644299507141, 
        "epoch": 129, 
        "main/accuracy": 1.0, 
        "validation/main/accuracy": 0.4553571343421936
    }, 
    {
        "polynomialshift/lr": 0.07527726527090811, 
        "main/loss": 0.007117407862097025, 
        "validation/main/loss": 3.0347204208374023, 
        "iteration": 130, 
        "elapsed_time": 37.08020210266113, 
        "epoch": 130, 
        "main/accuracy": 1.0, 
        "validation/main/accuracy": 0.4553571343421936
    }, 
    {
        "polynomialshift/lr": 0.07505553499465135, 
        "main/loss": 0.007061141077429056, 
        "validation/main/loss": 3.037980556488037, 
        "iteration": 131, 
        "elapsed_time": 37.509557008743286, 
        "epoch": 131, 
        "main/accuracy": 1.0, 
        "validation/main/accuracy": 0.454365074634552
    }, 
    {
        "polynomialshift/lr": 0.07483314773547883, 
        "main/loss": 0.0070026945322752, 
        "validation/main/loss": 3.0414371490478516, 
        "iteration": 132, 
        "elapsed_time": 37.80325698852539, 
        "epoch": 132, 
        "main/accuracy": 1.0, 
        "validation/main/accuracy": 0.454365074634552
    }
]