[
    {
        "polynomialshift/lr": 0.09983319421247959, 
        "main/loss": 2.850782871246338, 
        "validation/main/loss": 2.432567834854126, 
        "iteration": 1, 
        "elapsed_time": 0.9401800632476807, 
        "epoch": 1, 
        "main/accuracy": 0.25, 
        "validation/main/accuracy": 0.3551587164402008
    }, 
    {
        "polynomialshift/lr": 0.09966610925150703, 
        "main/loss": 1.279886245727539, 
        "validation/main/loss": 2.2953004837036133, 
        "iteration": 2, 
        "elapsed_time": 1.1240808963775635, 
        "epoch": 2, 
        "main/accuracy": 0.75, 
        "validation/main/accuracy": 0.3591269850730896
    }, 
    {
        "polynomialshift/lr": 0.099498743710662, 
        "main/loss": 0.8840054869651794, 
        "validation/main/loss": 2.179964303970337, 
        "iteration": 3, 
        "elapsed_time": 1.3456079959869385, 
        "epoch": 3, 
        "main/accuracy": 0.75, 
        "validation/main/accuracy": 0.3611111044883728
    }, 
    {
        "polynomialshift/lr": 0.09933109617167561, 
        "main/loss": 0.3557417392730713, 
        "validation/main/loss": 2.1745924949645996, 
        "iteration": 4, 
        "elapsed_time": 1.5421099662780762, 
        "epoch": 4, 
        "main/accuracy": 1.0, 
        "validation/main/accuracy": 0.3472222089767456
    }, 
    {
        "polynomialshift/lr": 0.09916316520429011, 
        "main/loss": 0.14591455459594727, 
        "validation/main/loss": 2.1903090476989746, 
        "iteration": 5, 
        "elapsed_time": 1.7348830699920654, 
        "epoch": 5, 
        "main/accuracy": 1.0, 
        "validation/main/accuracy": 0.3442460298538208
    }, 
    {
        "polynomialshift/lr": 0.09899494936611666, 
        "main/loss": 0.09002184867858887, 
        "validation/main/loss": 2.2039573192596436, 
        "iteration": 6, 
        "elapsed_time": 1.9513509273529053, 
        "epoch": 6, 
        "main/accuracy": 1.0, 
        "validation/main/accuracy": 0.3492063581943512
    }, 
    {
        "polynomialshift/lr": 0.09882644720249062, 
        "main/loss": 0.0667189359664917, 
        "validation/main/loss": 2.215512752532959, 
        "iteration": 7, 
        "elapsed_time": 2.174860954284668, 
        "epoch": 7, 
        "main/accuracy": 1.0, 
        "validation/main/accuracy": 0.3492063581943512
    }, 
    {
        "polynomialshift/lr": 0.09865765724632496, 
        "main/loss": 0.05363869667053223, 
        "validation/main/loss": 2.225703001022339, 
        "iteration": 8, 
        "elapsed_time": 2.3890879154205322, 
        "epoch": 8, 
        "main/accuracy": 1.0, 
        "validation/main/accuracy": 0.346230149269104
    }, 
    {
        "polynomialshift/lr": 0.09848857801796106, 
        "main/loss": 0.04511666297912598, 
        "validation/main/loss": 2.2348620891571045, 
        "iteration": 9, 
        "elapsed_time": 2.565079927444458, 
        "epoch": 9, 
        "main/accuracy": 1.0, 
        "validation/main/accuracy": 0.3472222089767456
    }, 
    {
        "polynomialshift/lr": 0.09831920802501751, 
        "main/loss": 0.03909492492675781, 
        "validation/main/loss": 2.243263006210327, 
        "iteration": 10, 
        "elapsed_time": 2.752708911895752, 
        "epoch": 10, 
        "main/accuracy": 1.0, 
        "validation/main/accuracy": 0.3452380895614624
    }, 
    {
        "polynomialshift/lr": 0.09814954576223639, 
        "main/loss": 0.03455960750579834, 
        "validation/main/loss": 2.251011610031128, 
        "iteration": 11, 
        "elapsed_time": 2.949147939682007, 
        "epoch": 11, 
        "main/accuracy": 1.0, 
        "validation/main/accuracy": 0.346230149269104
    }, 
    {
        "polynomialshift/lr": 0.09797958971132713, 
        "main/loss": 0.031011462211608887, 
        "validation/main/loss": 2.2582638263702393, 
        "iteration": 12, 
        "elapsed_time": 3.218848943710327, 
        "epoch": 12, 
        "main/accuracy": 1.0, 
        "validation/main/accuracy": 0.3452380895614624
    }, 
    {
        "polynomialshift/lr": 0.09780933834080807, 
        "main/loss": 0.0281522274017334, 
        "validation/main/loss": 2.265033721923828, 
        "iteration": 13, 
        "elapsed_time": 3.4379329681396484, 
        "epoch": 13, 
        "main/accuracy": 1.0, 
        "validation/main/accuracy": 0.3452380895614624
    }, 
    {
        "polynomialshift/lr": 0.0976387901058454, 
        "main/loss": 0.02579176425933838, 
        "validation/main/loss": 2.27142596244812, 
        "iteration": 14, 
        "elapsed_time": 3.716494083404541, 
        "epoch": 14, 
        "main/accuracy": 1.0, 
        "validation/main/accuracy": 0.3452380895614624
    }, 
    {
        "polynomialshift/lr": 0.09746794344808964, 
        "main/loss": 0.023808717727661133, 
        "validation/main/loss": 2.277531147003174, 
        "iteration": 15, 
        "elapsed_time": 3.9228079319000244, 
        "epoch": 15, 
        "main/accuracy": 1.0, 
        "validation/main/accuracy": 0.3442460298538208
    }, 
    {
        "polynomialshift/lr": 0.09729679679550951, 
        "main/loss": 0.022117137908935547, 
        "validation/main/loss": 2.2833542823791504, 
        "iteration": 16, 
        "elapsed_time": 4.1198530197143555, 
        "epoch": 16, 
        "main/accuracy": 1.0, 
        "validation/main/accuracy": 0.3432539701461792
    }, 
    {
        "polynomialshift/lr": 0.0971253485622231, 
        "main/loss": 0.02065718173980713, 
        "validation/main/loss": 2.2889060974121094, 
        "iteration": 17, 
        "elapsed_time": 4.333059072494507, 
        "epoch": 17, 
        "main/accuracy": 1.0, 
        "validation/main/accuracy": 0.3422619104385376
    }, 
    {
        "polynomialshift/lr": 0.09695359714832658, 
        "main/loss": 0.019382357597351074, 
        "validation/main/loss": 2.2942264080047607, 
        "iteration": 18, 
        "elapsed_time": 4.523822069168091, 
        "epoch": 18, 
        "main/accuracy": 1.0, 
        "validation/main/accuracy": 0.341269850730896
    }, 
    {
        "polynomialshift/lr": 0.09678154093971984, 
        "main/loss": 0.018259763717651367, 
        "validation/main/loss": 2.299333333969116, 
        "iteration": 19, 
        "elapsed_time": 4.738550901412964, 
        "epoch": 19, 
        "main/accuracy": 1.0, 
        "validation/main/accuracy": 0.3432539701461792
    }, 
    {
        "polynomialshift/lr": 0.09660917830792959, 
        "main/loss": 0.017262935638427734, 
        "validation/main/loss": 2.304248332977295, 
        "iteration": 20, 
        "elapsed_time": 4.975214958190918, 
        "epoch": 20, 
        "main/accuracy": 1.0, 
        "validation/main/accuracy": 0.3432539701461792
    }, 
    {
        "polynomialshift/lr": 0.09643650760992956, 
        "main/loss": 0.016371846199035645, 
        "validation/main/loss": 2.3089699745178223, 
        "iteration": 21, 
        "elapsed_time": 5.166399002075195, 
        "epoch": 21, 
        "main/accuracy": 1.0, 
        "validation/main/accuracy": 0.3432539701461792
    }, 
    {
        "polynomialshift/lr": 0.09626352718795768, 
        "main/loss": 0.015570402145385742, 
        "validation/main/loss": 2.3135364055633545, 
        "iteration": 22, 
        "elapsed_time": 5.368951082229614, 
        "epoch": 22, 
        "main/accuracy": 1.0, 
        "validation/main/accuracy": 0.3432539701461792
    }, 
    {
        "polynomialshift/lr": 0.0960902353693305, 
        "main/loss": 0.014845490455627441, 
        "validation/main/loss": 2.3179452419281006, 
        "iteration": 23, 
        "elapsed_time": 5.597538948059082, 
        "epoch": 23, 
        "main/accuracy": 1.0, 
        "validation/main/accuracy": 0.3432539701461792
    }, 
    {
        "polynomialshift/lr": 0.0959166304662544, 
        "main/loss": 0.014186859130859375, 
        "validation/main/loss": 2.3222146034240723, 
        "iteration": 24, 
        "elapsed_time": 5.828903913497925, 
        "epoch": 24, 
        "main/accuracy": 1.0, 
        "validation/main/accuracy": 0.3422619104385376
    }, 
    {
        "polynomialshift/lr": 0.09574271077563382, 
        "main/loss": 0.013585567474365234, 
        "validation/main/loss": 2.326352596282959, 
        "iteration": 25, 
        "elapsed_time": 6.028324127197266, 
        "epoch": 25, 
        "main/accuracy": 1.0, 
        "validation/main/accuracy": 0.3422619104385376
    }, 
    {
        "polynomialshift/lr": 0.09556847457887635, 
        "main/loss": 0.01303398609161377, 
        "validation/main/loss": 2.3303706645965576, 
        "iteration": 26, 
        "elapsed_time": 6.214984893798828, 
        "epoch": 26, 
        "main/accuracy": 1.0, 
        "validation/main/accuracy": 0.3422619104385376
    }, 
    {
        "polynomialshift/lr": 0.09539392014169457, 
        "main/loss": 0.012526988983154297, 
        "validation/main/loss": 2.33426833152771, 
        "iteration": 27, 
        "elapsed_time": 6.430582046508789, 
        "epoch": 27, 
        "main/accuracy": 1.0, 
        "validation/main/accuracy": 0.3422619104385376
    }, 
    {
        "polynomialshift/lr": 0.09521904571390466, 
        "main/loss": 0.012058615684509277, 
        "validation/main/loss": 2.33805775642395, 
        "iteration": 28, 
        "elapsed_time": 6.626473903656006, 
        "epoch": 28, 
        "main/accuracy": 1.0, 
        "validation/main/accuracy": 0.341269850730896
    }, 
    {
        "polynomialshift/lr": 0.09504384952922168, 
        "main/loss": 0.011624932289123535, 
        "validation/main/loss": 2.3417506217956543, 
        "iteration": 29, 
        "elapsed_time": 6.8638200759887695, 
        "epoch": 29, 
        "main/accuracy": 1.0, 
        "validation/main/accuracy": 0.341269850730896
    }, 
    {
        "polynomialshift/lr": 0.09486832980505139, 
        "main/loss": 0.011222124099731445, 
        "validation/main/loss": 2.3453428745269775, 
        "iteration": 30, 
        "elapsed_time": 7.080222129821777, 
        "epoch": 30, 
        "main/accuracy": 1.0, 
        "validation/main/accuracy": 0.341269850730896
    }, 
    {
        "polynomialshift/lr": 0.09469248474227861, 
        "main/loss": 0.010846972465515137, 
        "validation/main/loss": 2.348846435546875, 
        "iteration": 31, 
        "elapsed_time": 7.3033668994903564, 
        "epoch": 31, 
        "main/accuracy": 1.0, 
        "validation/main/accuracy": 0.3402777910232544
    }, 
    {
        "polynomialshift/lr": 0.09451631252505217, 
        "main/loss": 0.010496735572814941, 
        "validation/main/loss": 2.352263927459717, 
        "iteration": 32, 
        "elapsed_time": 7.521507978439331, 
        "epoch": 32, 
        "main/accuracy": 1.0, 
        "validation/main/accuracy": 0.3402777910232544
    }, 
    {
        "polynomialshift/lr": 0.09433981132056604, 
        "main/loss": 0.010169148445129395, 
        "validation/main/loss": 2.3556063175201416, 
        "iteration": 33, 
        "elapsed_time": 7.742500066757202, 
        "epoch": 33, 
        "main/accuracy": 1.0, 
        "validation/main/accuracy": 0.3402777910232544
    }, 
    {
        "polynomialshift/lr": 0.0941629792788369, 
        "main/loss": 0.009862422943115234, 
        "validation/main/loss": 2.358863353729248, 
        "iteration": 34, 
        "elapsed_time": 7.950236082077026, 
        "epoch": 34, 
        "main/accuracy": 1.0, 
        "validation/main/accuracy": 0.341269850730896
    }, 
    {
        "polynomialshift/lr": 0.0939858145324779, 
        "main/loss": 0.009573936462402344, 
        "validation/main/loss": 2.362053155899048, 
        "iteration": 35, 
        "elapsed_time": 8.162112951278687, 
        "epoch": 35, 
        "main/accuracy": 1.0, 
        "validation/main/accuracy": 0.341269850730896
    }, 
    {
        "polynomialshift/lr": 0.0938083151964686, 
        "main/loss": 0.009302377700805664, 
        "validation/main/loss": 2.3651649951934814, 
        "iteration": 36, 
        "elapsed_time": 8.348138093948364, 
        "epoch": 36, 
        "main/accuracy": 1.0, 
        "validation/main/accuracy": 0.3402777910232544
    }, 
    {
        "polynomialshift/lr": 0.09363047936792093, 
        "main/loss": 0.009046435356140137, 
        "validation/main/loss": 2.368211507797241, 
        "iteration": 37, 
        "elapsed_time": 8.545032978057861, 
        "epoch": 37, 
        "main/accuracy": 1.0, 
        "validation/main/accuracy": 0.3402777910232544
    }, 
    {
        "polynomialshift/lr": 0.09345230512584124, 
        "main/loss": 0.00880420207977295, 
        "validation/main/loss": 2.3711957931518555, 
        "iteration": 38, 
        "elapsed_time": 8.808523893356323, 
        "epoch": 38, 
        "main/accuracy": 1.0, 
        "validation/main/accuracy": 0.3402777910232544
    }, 
    {
        "polynomialshift/lr": 0.09327379053088815, 
        "main/loss": 0.008575677871704102, 
        "validation/main/loss": 2.3741164207458496, 
        "iteration": 39, 
        "elapsed_time": 9.011385917663574, 
        "epoch": 39, 
        "main/accuracy": 1.0, 
        "validation/main/accuracy": 0.3402777910232544
    }, 
    {
        "polynomialshift/lr": 0.09309493362512627, 
        "main/loss": 0.008359074592590332, 
        "validation/main/loss": 2.376979112625122, 
        "iteration": 40, 
        "elapsed_time": 9.210673093795776, 
        "epoch": 40, 
        "main/accuracy": 1.0, 
        "validation/main/accuracy": 0.3392857015132904
    }, 
    {
        "polynomialshift/lr": 0.0929157324317757, 
        "main/loss": 0.008153796195983887, 
        "validation/main/loss": 2.3797874450683594, 
        "iteration": 41, 
        "elapsed_time": 9.408989906311035, 
        "epoch": 41, 
        "main/accuracy": 1.0, 
        "validation/main/accuracy": 0.3392857015132904
    }, 
    {
        "polynomialshift/lr": 0.09273618495495704, 
        "main/loss": 0.00795888900756836, 
        "validation/main/loss": 2.382532835006714, 
        "iteration": 42, 
        "elapsed_time": 9.71851396560669, 
        "epoch": 42, 
        "main/accuracy": 1.0, 
        "validation/main/accuracy": 0.3392857015132904
    }, 
    {
        "polynomialshift/lr": 0.09255628917943215, 
        "main/loss": 0.007773280143737793, 
        "validation/main/loss": 2.3852269649505615, 
        "iteration": 43, 
        "elapsed_time": 9.950670957565308, 
        "epoch": 43, 
        "main/accuracy": 1.0, 
        "validation/main/accuracy": 0.3392857015132904
    }, 
    {
        "polynomialshift/lr": 0.09237604307034013, 
        "main/loss": 0.007596731185913086, 
        "validation/main/loss": 2.387871265411377, 
        "iteration": 44, 
        "elapsed_time": 10.171926021575928, 
        "epoch": 44, 
        "main/accuracy": 1.0, 
        "validation/main/accuracy": 0.3392857015132904
    }, 
    {
        "polynomialshift/lr": 0.09219544457292889, 
        "main/loss": 0.007428526878356934, 
        "validation/main/loss": 2.390465497970581, 
        "iteration": 45, 
        "elapsed_time": 10.534647941589355, 
        "epoch": 45, 
        "main/accuracy": 1.0, 
        "validation/main/accuracy": 0.3392857015132904
    }, 
    {
        "polynomialshift/lr": 0.09201449161228176, 
        "main/loss": 0.007267951965332031, 
        "validation/main/loss": 2.3930165767669678, 
        "iteration": 46, 
        "elapsed_time": 10.739167928695679, 
        "epoch": 46, 
        "main/accuracy": 1.0, 
        "validation/main/accuracy": 0.3392857015132904
    }, 
    {
        "polynomialshift/lr": 0.09183318209303941, 
        "main/loss": 0.007113933563232422, 
        "validation/main/loss": 2.3955225944519043, 
        "iteration": 47, 
        "elapsed_time": 10.960415124893188, 
        "epoch": 47, 
        "main/accuracy": 1.0, 
        "validation/main/accuracy": 0.3392857015132904
    }, 
    {
        "polynomialshift/lr": 0.0916515138991168, 
        "main/loss": 0.006967067718505859, 
        "validation/main/loss": 2.3979835510253906, 
        "iteration": 48, 
        "elapsed_time": 11.216208934783936, 
        "epoch": 48, 
        "main/accuracy": 1.0, 
        "validation/main/accuracy": 0.3392857015132904
    }, 
    {
        "polynomialshift/lr": 0.09146948489341496, 
        "main/loss": 0.006826281547546387, 
        "validation/main/loss": 2.400402784347534, 
        "iteration": 49, 
        "elapsed_time": 11.457273006439209, 
        "epoch": 49, 
        "main/accuracy": 1.0, 
        "validation/main/accuracy": 0.3392857015132904
    }, 
    {
        "polynomialshift/lr": 0.09128709291752769, 
        "main/loss": 0.006691694259643555, 
        "validation/main/loss": 2.4027833938598633, 
        "iteration": 50, 
        "elapsed_time": 11.659343957901001, 
        "epoch": 50, 
        "main/accuracy": 1.0, 
        "validation/main/accuracy": 0.3392857015132904
    }, 
    {
        "polynomialshift/lr": 0.091104335791443, 
        "main/loss": 0.006562232971191406, 
        "validation/main/loss": 2.405121326446533, 
        "iteration": 51, 
        "elapsed_time": 11.850281000137329, 
        "epoch": 51, 
        "main/accuracy": 1.0, 
        "validation/main/accuracy": 0.3392857015132904
    }, 
    {
        "polynomialshift/lr": 0.09092121131323905, 
        "main/loss": 0.006438136100769043, 
        "validation/main/loss": 2.4074227809906006, 
        "iteration": 52, 
        "elapsed_time": 12.090886116027832, 
        "epoch": 52, 
        "main/accuracy": 1.0, 
        "validation/main/accuracy": 0.3392857015132904
    }, 
    {
        "polynomialshift/lr": 0.09073771725877466, 
        "main/loss": 0.006318449974060059, 
        "validation/main/loss": 2.4096884727478027, 
        "iteration": 53, 
        "elapsed_time": 12.333642959594727, 
        "epoch": 53, 
        "main/accuracy": 1.0, 
        "validation/main/accuracy": 0.3392857015132904
    }, 
    {
        "polynomialshift/lr": 0.09055385138137417, 
        "main/loss": 0.0062035322189331055, 
        "validation/main/loss": 2.411917209625244, 
        "iteration": 54, 
        "elapsed_time": 12.52649712562561, 
        "epoch": 54, 
        "main/accuracy": 1.0, 
        "validation/main/accuracy": 0.3392857015132904
    }, 
    {
        "polynomialshift/lr": 0.0903696114115064, 
        "main/loss": 0.006093025207519531, 
        "validation/main/loss": 2.414109706878662, 
        "iteration": 55, 
        "elapsed_time": 12.708014965057373, 
        "epoch": 55, 
        "main/accuracy": 1.0, 
        "validation/main/accuracy": 0.3392857015132904
    }, 
    {
        "polynomialshift/lr": 0.09018499505645788, 
        "main/loss": 0.005986690521240234, 
        "validation/main/loss": 2.4162676334381104, 
        "iteration": 56, 
        "elapsed_time": 12.899145126342773, 
        "epoch": 56, 
        "main/accuracy": 1.0, 
        "validation/main/accuracy": 0.3382936418056488
    }, 
    {
        "polynomialshift/lr": 0.09000000000000001, 
        "main/loss": 0.0058841705322265625, 
        "validation/main/loss": 2.4183926582336426, 
        "iteration": 57, 
        "elapsed_time": 13.08199405670166, 
        "epoch": 57, 
        "main/accuracy": 1.0, 
        "validation/main/accuracy": 0.3382936418056488
    }, 
    {
        "polynomialshift/lr": 0.08981462390204986, 
        "main/loss": 0.005785465240478516, 
        "validation/main/loss": 2.4204866886138916, 
        "iteration": 58, 
        "elapsed_time": 13.27905797958374, 
        "epoch": 58, 
        "main/accuracy": 1.0, 
        "validation/main/accuracy": 0.3373015820980072
    }, 
    {
        "polynomialshift/lr": 0.08962886439832501, 
        "main/loss": 0.005690097808837891, 
        "validation/main/loss": 2.42254638671875, 
        "iteration": 59, 
        "elapsed_time": 13.484277963638306, 
        "epoch": 59, 
        "main/accuracy": 1.0, 
        "validation/main/accuracy": 0.3373015820980072
    }, 
    {
        "polynomialshift/lr": 0.08944271909999159, 
        "main/loss": 0.005598306655883789, 
        "validation/main/loss": 2.4245798587799072, 
        "iteration": 60, 
        "elapsed_time": 13.731187105178833, 
        "epoch": 60, 
        "main/accuracy": 1.0, 
        "validation/main/accuracy": 0.3373015820980072
    }, 
    {
        "polynomialshift/lr": 0.08925618559330589, 
        "main/loss": 0.005509614944458008, 
        "validation/main/loss": 2.426584482192993, 
        "iteration": 61, 
        "elapsed_time": 13.93484902381897, 
        "epoch": 61, 
        "main/accuracy": 1.0, 
        "validation/main/accuracy": 0.3373015820980072
    }, 
    {
        "polynomialshift/lr": 0.08906926143924926, 
        "main/loss": 0.005423307418823242, 
        "validation/main/loss": 2.4285576343536377, 
        "iteration": 62, 
        "elapsed_time": 14.141333103179932, 
        "epoch": 62, 
        "main/accuracy": 1.0, 
        "validation/main/accuracy": 0.3363095223903656
    }, 
    {
        "polynomialshift/lr": 0.0888819441731559, 
        "main/loss": 0.005340099334716797, 
        "validation/main/loss": 2.4305059909820557, 
        "iteration": 63, 
        "elapsed_time": 14.35905909538269, 
        "epoch": 63, 
        "main/accuracy": 1.0, 
        "validation/main/accuracy": 0.335317462682724
    }, 
    {
        "polynomialshift/lr": 0.0886942313043338, 
        "main/loss": 0.005259513854980469, 
        "validation/main/loss": 2.4324254989624023, 
        "iteration": 64, 
        "elapsed_time": 14.560873031616211, 
        "epoch": 64, 
        "main/accuracy": 1.0, 
        "validation/main/accuracy": 0.335317462682724
    }, 
    {
        "polynomialshift/lr": 0.08850612031567837, 
        "main/loss": 0.005181312561035156, 
        "validation/main/loss": 2.4343206882476807, 
        "iteration": 65, 
        "elapsed_time": 14.791007041931152, 
        "epoch": 65, 
        "main/accuracy": 1.0, 
        "validation/main/accuracy": 0.335317462682724
    }, 
    {
        "polynomialshift/lr": 0.08831760866327848, 
        "main/loss": 0.0051059722900390625, 
        "validation/main/loss": 2.4361891746520996, 
        "iteration": 66, 
        "elapsed_time": 15.027427911758423, 
        "epoch": 66, 
        "main/accuracy": 1.0, 
        "validation/main/accuracy": 0.335317462682724
    }, 
    {
        "polynomialshift/lr": 0.08812869377601523, 
        "main/loss": 0.005033016204833984, 
        "validation/main/loss": 2.4380335807800293, 
        "iteration": 67, 
        "elapsed_time": 15.21655797958374, 
        "epoch": 67, 
        "main/accuracy": 1.0, 
        "validation/main/accuracy": 0.335317462682724
    }, 
    {
        "polynomialshift/lr": 0.0879393730551528, 
        "main/loss": 0.004961729049682617, 
        "validation/main/loss": 2.439854383468628, 
        "iteration": 68, 
        "elapsed_time": 15.46033501625061, 
        "epoch": 68, 
        "main/accuracy": 1.0, 
        "validation/main/accuracy": 0.335317462682724
    }, 
    {
        "polynomialshift/lr": 0.08774964387392123, 
        "main/loss": 0.004892587661743164, 
        "validation/main/loss": 2.441648244857788, 
        "iteration": 69, 
        "elapsed_time": 15.648566961288452, 
        "epoch": 69, 
        "main/accuracy": 1.0, 
        "validation/main/accuracy": 0.335317462682724
    }, 
    {
        "polynomialshift/lr": 0.08755950357709132, 
        "main/loss": 0.0048258304595947266, 
        "validation/main/loss": 2.4434220790863037, 
        "iteration": 70, 
        "elapsed_time": 15.840816974639893, 
        "epoch": 70, 
        "main/accuracy": 1.0, 
        "validation/main/accuracy": 0.335317462682724
    }, 
    {
        "polynomialshift/lr": 0.08736894948054105, 
        "main/loss": 0.0047607421875, 
        "validation/main/loss": 2.4451725482940674, 
        "iteration": 71, 
        "elapsed_time": 16.027782917022705, 
        "epoch": 71, 
        "main/accuracy": 1.0, 
        "validation/main/accuracy": 0.335317462682724
    }, 
    {
        "polynomialshift/lr": 0.08717797887081347, 
        "main/loss": 0.0046977996826171875, 
        "validation/main/loss": 2.446901798248291, 
        "iteration": 72, 
        "elapsed_time": 16.220103979110718, 
        "epoch": 72, 
        "main/accuracy": 1.0, 
        "validation/main/accuracy": 0.335317462682724
    }, 
    {
        "polynomialshift/lr": 0.08698658900466592, 
        "main/loss": 0.004636287689208984, 
        "validation/main/loss": 2.448608160018921, 
        "iteration": 73, 
        "elapsed_time": 16.436389923095703, 
        "epoch": 73, 
        "main/accuracy": 1.0, 
        "validation/main/accuracy": 0.335317462682724
    }, 
    {
        "polynomialshift/lr": 0.08679477710861025, 
        "main/loss": 0.004576921463012695, 
        "validation/main/loss": 2.450294256210327, 
        "iteration": 74, 
        "elapsed_time": 16.66479992866516, 
        "epoch": 74, 
        "main/accuracy": 1.0, 
        "validation/main/accuracy": 0.335317462682724
    }, 
    {
        "polynomialshift/lr": 0.08660254037844387, 
        "main/loss": 0.004518747329711914, 
        "validation/main/loss": 2.4519596099853516, 
        "iteration": 75, 
        "elapsed_time": 16.883038997650146, 
        "epoch": 75, 
        "main/accuracy": 1.0, 
        "validation/main/accuracy": 0.335317462682724
    }
]