[
    {
        "polynomialshift/lr": 0.09983319421247959, 
        "main/loss": 3.1812021732330322, 
        "validation/main/loss": 2.8794851303100586, 
        "iteration": 1, 
        "elapsed_time": 1.0744540691375732, 
        "epoch": 1, 
        "main/accuracy": 0.0, 
        "validation/main/accuracy": 0.1517857164144516
    }, 
    {
        "polynomialshift/lr": 0.09966610925150703, 
        "main/loss": 2.568758964538574, 
        "validation/main/loss": 2.546236515045166, 
        "iteration": 2, 
        "elapsed_time": 1.2459640502929688, 
        "epoch": 2, 
        "main/accuracy": 0.2857142984867096, 
        "validation/main/accuracy": 0.324404776096344
    }, 
    {
        "polynomialshift/lr": 0.099498743710662, 
        "main/loss": 1.9070733785629272, 
        "validation/main/loss": 2.3539390563964844, 
        "iteration": 3, 
        "elapsed_time": 1.416356086730957, 
        "epoch": 3, 
        "main/accuracy": 0.6000000238418579, 
        "validation/main/accuracy": 0.391865074634552
    }, 
    {
        "polynomialshift/lr": 0.09933109617167561, 
        "main/loss": 1.450891137123108, 
        "validation/main/loss": 2.2990963459014893, 
        "iteration": 4, 
        "elapsed_time": 1.5867772102355957, 
        "epoch": 4, 
        "main/accuracy": 0.699999988079071, 
        "validation/main/accuracy": 0.425595223903656
    }, 
    {
        "polynomialshift/lr": 0.09916316520429011, 
        "main/loss": 1.0750280618667603, 
        "validation/main/loss": 2.333897829055786, 
        "iteration": 5, 
        "elapsed_time": 1.7572250366210938, 
        "epoch": 5, 
        "main/accuracy": 0.800000011920929, 
        "validation/main/accuracy": 0.4355158805847168
    }, 
    {
        "polynomialshift/lr": 0.09899494936611666, 
        "main/loss": 0.9114269614219666, 
        "validation/main/loss": 2.3696417808532715, 
        "iteration": 6, 
        "elapsed_time": 1.927767038345337, 
        "epoch": 6, 
        "main/accuracy": 0.800000011920929, 
        "validation/main/accuracy": 0.4335317313671112
    }, 
    {
        "polynomialshift/lr": 0.09882644720249062, 
        "main/loss": 0.8393628001213074, 
        "validation/main/loss": 2.3979737758636475, 
        "iteration": 7, 
        "elapsed_time": 2.097865104675293, 
        "epoch": 7, 
        "main/accuracy": 0.800000011920929, 
        "validation/main/accuracy": 0.4355158805847168
    }, 
    {
        "polynomialshift/lr": 0.09865765724632496, 
        "main/loss": 0.7972725033760071, 
        "validation/main/loss": 2.420990467071533, 
        "iteration": 8, 
        "elapsed_time": 2.2695791721343994, 
        "epoch": 8, 
        "main/accuracy": 0.800000011920929, 
        "validation/main/accuracy": 0.4295634925365448
    }, 
    {
        "polynomialshift/lr": 0.09848857801796106, 
        "main/loss": 0.7679861187934875, 
        "validation/main/loss": 2.440579891204834, 
        "iteration": 9, 
        "elapsed_time": 2.4396250247955322, 
        "epoch": 9, 
        "main/accuracy": 0.800000011920929, 
        "validation/main/accuracy": 0.431547611951828
    }, 
    {
        "polynomialshift/lr": 0.09831920802501751, 
        "main/loss": 0.7463428378105164, 
        "validation/main/loss": 2.4570298194885254, 
        "iteration": 10, 
        "elapsed_time": 2.610689163208008, 
        "epoch": 10, 
        "main/accuracy": 0.800000011920929, 
        "validation/main/accuracy": 0.4305555522441864
    }, 
    {
        "polynomialshift/lr": 0.09814954576223639, 
        "main/loss": 0.7294819951057434, 
        "validation/main/loss": 2.473489284515381, 
        "iteration": 11, 
        "elapsed_time": 2.7812390327453613, 
        "epoch": 11, 
        "main/accuracy": 0.800000011920929, 
        "validation/main/accuracy": 0.4285714328289032
    }, 
    {
        "polynomialshift/lr": 0.09797958971132713, 
        "main/loss": 0.7156726121902466, 
        "validation/main/loss": 2.4876208305358887, 
        "iteration": 12, 
        "elapsed_time": 2.9516310691833496, 
        "epoch": 12, 
        "main/accuracy": 0.800000011920929, 
        "validation/main/accuracy": 0.4275793731212616
    }, 
    {
        "polynomialshift/lr": 0.09780933834080807, 
        "main/loss": 0.7042162418365479, 
        "validation/main/loss": 2.501889705657959, 
        "iteration": 13, 
        "elapsed_time": 3.1220510005950928, 
        "epoch": 13, 
        "main/accuracy": 0.800000011920929, 
        "validation/main/accuracy": 0.425595223903656
    }, 
    {
        "polynomialshift/lr": 0.0976387901058454, 
        "main/loss": 0.694518506526947, 
        "validation/main/loss": 2.513770818710327, 
        "iteration": 14, 
        "elapsed_time": 3.2928900718688965, 
        "epoch": 14, 
        "main/accuracy": 0.800000011920929, 
        "validation/main/accuracy": 0.4246031641960144
    }, 
    {
        "polynomialshift/lr": 0.09746794344808964, 
        "main/loss": 0.6860944032669067, 
        "validation/main/loss": 2.5256564617156982, 
        "iteration": 15, 
        "elapsed_time": 3.5107741355895996, 
        "epoch": 15, 
        "main/accuracy": 0.800000011920929, 
        "validation/main/accuracy": 0.4236111044883728
    }, 
    {
        "polynomialshift/lr": 0.09729679679550951, 
        "main/loss": 0.6789229512214661, 
        "validation/main/loss": 2.5379810333251953, 
        "iteration": 16, 
        "elapsed_time": 3.67873215675354, 
        "epoch": 16, 
        "main/accuracy": 0.800000011920929, 
        "validation/main/accuracy": 0.4226190447807312
    }, 
    {
        "polynomialshift/lr": 0.0971253485622231, 
        "main/loss": 0.6726584434509277, 
        "validation/main/loss": 2.5487210750579834, 
        "iteration": 17, 
        "elapsed_time": 3.8458549976348877, 
        "epoch": 17, 
        "main/accuracy": 0.800000011920929, 
        "validation/main/accuracy": 0.420634925365448
    }, 
    {
        "polynomialshift/lr": 0.09695359714832658, 
        "main/loss": 0.6670839190483093, 
        "validation/main/loss": 2.5591928958892822, 
        "iteration": 18, 
        "elapsed_time": 4.0131940841674805, 
        "epoch": 18, 
        "main/accuracy": 0.800000011920929, 
        "validation/main/accuracy": 0.420634925365448
    }, 
    {
        "polynomialshift/lr": 0.09678154093971984, 
        "main/loss": 0.6621538996696472, 
        "validation/main/loss": 2.570298910140991, 
        "iteration": 19, 
        "elapsed_time": 4.1825480461120605, 
        "epoch": 19, 
        "main/accuracy": 0.800000011920929, 
        "validation/main/accuracy": 0.4196428656578064
    }, 
    {
        "polynomialshift/lr": 0.09660917830792959, 
        "main/loss": 0.6577802300453186, 
        "validation/main/loss": 2.5793302059173584, 
        "iteration": 20, 
        "elapsed_time": 4.3517351150512695, 
        "epoch": 20, 
        "main/accuracy": 0.800000011920929, 
        "validation/main/accuracy": 0.4166666567325592
    }, 
    {
        "polynomialshift/lr": 0.09643650760992956, 
        "main/loss": 0.6538148522377014, 
        "validation/main/loss": 2.5887460708618164, 
        "iteration": 21, 
        "elapsed_time": 4.519506216049194, 
        "epoch": 21, 
        "main/accuracy": 0.800000011920929, 
        "validation/main/accuracy": 0.4166666567325592
    }, 
    {
        "polynomialshift/lr": 0.09626352718795768, 
        "main/loss": 0.6502129435539246, 
        "validation/main/loss": 2.5978498458862305, 
        "iteration": 22, 
        "elapsed_time": 4.6917500495910645, 
        "epoch": 22, 
        "main/accuracy": 0.800000011920929, 
        "validation/main/accuracy": 0.4156745970249176
    }, 
    {
        "polynomialshift/lr": 0.0960902353693305, 
        "main/loss": 0.6470462679862976, 
        "validation/main/loss": 2.607492208480835, 
        "iteration": 23, 
        "elapsed_time": 4.862251043319702, 
        "epoch": 23, 
        "main/accuracy": 0.800000011920929, 
        "validation/main/accuracy": 0.414682537317276
    }, 
    {
        "polynomialshift/lr": 0.0959166304662544, 
        "main/loss": 0.6441354751586914, 
        "validation/main/loss": 2.615949869155884, 
        "iteration": 24, 
        "elapsed_time": 5.032714128494263, 
        "epoch": 24, 
        "main/accuracy": 0.800000011920929, 
        "validation/main/accuracy": 0.4136904776096344
    }, 
    {
        "polynomialshift/lr": 0.09574271077563382, 
        "main/loss": 0.6414418816566467, 
        "validation/main/loss": 2.6240854263305664, 
        "iteration": 25, 
        "elapsed_time": 5.203599214553833, 
        "epoch": 25, 
        "main/accuracy": 0.800000011920929, 
        "validation/main/accuracy": 0.4136904776096344
    }, 
    {
        "polynomialshift/lr": 0.09556847457887635, 
        "main/loss": 0.6389843821525574, 
        "validation/main/loss": 2.6319549083709717, 
        "iteration": 26, 
        "elapsed_time": 5.373812198638916, 
        "epoch": 26, 
        "main/accuracy": 0.800000011920929, 
        "validation/main/accuracy": 0.4126984179019928
    }, 
    {
        "polynomialshift/lr": 0.09539392014169457, 
        "main/loss": 0.6367339491844177, 
        "validation/main/loss": 2.639599084854126, 
        "iteration": 27, 
        "elapsed_time": 5.545173168182373, 
        "epoch": 27, 
        "main/accuracy": 0.800000011920929, 
        "validation/main/accuracy": 0.4117063581943512
    }, 
    {
        "polynomialshift/lr": 0.09521904571390466, 
        "main/loss": 0.6346599459648132, 
        "validation/main/loss": 2.6470329761505127, 
        "iteration": 28, 
        "elapsed_time": 5.717188119888306, 
        "epoch": 28, 
        "main/accuracy": 0.800000011920929, 
        "validation/main/accuracy": 0.4107142984867096
    }, 
    {
        "polynomialshift/lr": 0.09504384952922168, 
        "main/loss": 0.6327402591705322, 
        "validation/main/loss": 2.6542274951934814, 
        "iteration": 29, 
        "elapsed_time": 5.890519142150879, 
        "epoch": 29, 
        "main/accuracy": 0.800000011920929, 
        "validation/main/accuracy": 0.4107142984867096
    }, 
    {
        "polynomialshift/lr": 0.09486832980505139, 
        "main/loss": 0.630994975566864, 
        "validation/main/loss": 2.6618216037750244, 
        "iteration": 30, 
        "elapsed_time": 6.0598530769348145, 
        "epoch": 30, 
        "main/accuracy": 0.800000011920929, 
        "validation/main/accuracy": 0.4097222089767456
    }, 
    {
        "polynomialshift/lr": 0.09469248474227861, 
        "main/loss": 0.6293788552284241, 
        "validation/main/loss": 2.668480396270752, 
        "iteration": 31, 
        "elapsed_time": 6.229434013366699, 
        "epoch": 31, 
        "main/accuracy": 0.800000011920929, 
        "validation/main/accuracy": 0.408730149269104
    }, 
    {
        "polynomialshift/lr": 0.09451631252505217, 
        "main/loss": 0.627821147441864, 
        "validation/main/loss": 2.6743249893188477, 
        "iteration": 32, 
        "elapsed_time": 6.4049530029296875, 
        "epoch": 32, 
        "main/accuracy": 0.800000011920929, 
        "validation/main/accuracy": 0.4097222089767456
    }, 
    {
        "polynomialshift/lr": 0.09433981132056604, 
        "main/loss": 0.626377522945404, 
        "validation/main/loss": 2.6807026863098145, 
        "iteration": 33, 
        "elapsed_time": 6.57805609703064, 
        "epoch": 33, 
        "main/accuracy": 0.800000011920929, 
        "validation/main/accuracy": 0.4097222089767456
    }, 
    {
        "polynomialshift/lr": 0.0941629792788369, 
        "main/loss": 0.6250120997428894, 
        "validation/main/loss": 2.6869521141052246, 
        "iteration": 34, 
        "elapsed_time": 6.747335195541382, 
        "epoch": 34, 
        "main/accuracy": 0.800000011920929, 
        "validation/main/accuracy": 0.408730149269104
    }, 
    {
        "polynomialshift/lr": 0.0939858145324779, 
        "main/loss": 0.6237193942070007, 
        "validation/main/loss": 2.6930577754974365, 
        "iteration": 35, 
        "elapsed_time": 6.915355205535889, 
        "epoch": 35, 
        "main/accuracy": 0.800000011920929, 
        "validation/main/accuracy": 0.4077380895614624
    }, 
    {
        "polynomialshift/lr": 0.0938083151964686, 
        "main/loss": 0.6225017309188843, 
        "validation/main/loss": 2.698960781097412, 
        "iteration": 36, 
        "elapsed_time": 7.084057092666626, 
        "epoch": 36, 
        "main/accuracy": 0.800000011920929, 
        "validation/main/accuracy": 0.4067460298538208
    }, 
    {
        "polynomialshift/lr": 0.09363047936792093, 
        "main/loss": 0.6213817000389099, 
        "validation/main/loss": 2.7059223651885986, 
        "iteration": 37, 
        "elapsed_time": 7.254808187484741, 
        "epoch": 37, 
        "main/accuracy": 0.800000011920929, 
        "validation/main/accuracy": 0.4077380895614624
    }, 
    {
        "polynomialshift/lr": 0.09345230512584124, 
        "main/loss": 0.6204354763031006, 
        "validation/main/loss": 2.7114598751068115, 
        "iteration": 38, 
        "elapsed_time": 7.4254021644592285, 
        "epoch": 38, 
        "main/accuracy": 0.800000011920929, 
        "validation/main/accuracy": 0.4067460298538208
    }, 
    {
        "polynomialshift/lr": 0.09327379053088815, 
        "main/loss": 0.6194560527801514, 
        "validation/main/loss": 2.718838930130005, 
        "iteration": 39, 
        "elapsed_time": 7.596350193023682, 
        "epoch": 39, 
        "main/accuracy": 0.800000011920929, 
        "validation/main/accuracy": 0.4077380895614624
    }, 
    {
        "polynomialshift/lr": 0.09309493362512627, 
        "main/loss": 0.6186553239822388, 
        "validation/main/loss": 2.7259068489074707, 
        "iteration": 40, 
        "elapsed_time": 7.76697301864624, 
        "epoch": 40, 
        "main/accuracy": 0.800000011920929, 
        "validation/main/accuracy": 0.4067460298538208
    }, 
    {
        "polynomialshift/lr": 0.0929157324317757, 
        "main/loss": 0.6178955435752869, 
        "validation/main/loss": 2.731980562210083, 
        "iteration": 41, 
        "elapsed_time": 7.938130140304565, 
        "epoch": 41, 
        "main/accuracy": 0.800000011920929, 
        "validation/main/accuracy": 0.4067460298538208
    }, 
    {
        "polynomialshift/lr": 0.09273618495495704, 
        "main/loss": 0.6171607375144958, 
        "validation/main/loss": 2.738610029220581, 
        "iteration": 42, 
        "elapsed_time": 8.11024808883667, 
        "epoch": 42, 
        "main/accuracy": 0.800000011920929, 
        "validation/main/accuracy": 0.4057539701461792
    }, 
    {
        "polynomialshift/lr": 0.09255628917943215, 
        "main/loss": 0.6165046095848083, 
        "validation/main/loss": 2.7441892623901367, 
        "iteration": 43, 
        "elapsed_time": 8.283252000808716, 
        "epoch": 43, 
        "main/accuracy": 0.800000011920929, 
        "validation/main/accuracy": 0.4077380895614624
    }, 
    {
        "polynomialshift/lr": 0.09237604307034013, 
        "main/loss": 0.6158686876296997, 
        "validation/main/loss": 2.751699447631836, 
        "iteration": 44, 
        "elapsed_time": 8.501675128936768, 
        "epoch": 44, 
        "main/accuracy": 0.800000011920929, 
        "validation/main/accuracy": 0.4067460298538208
    }, 
    {
        "polynomialshift/lr": 0.09219544457292889, 
        "main/loss": 0.6153700947761536, 
        "validation/main/loss": 2.758087635040283, 
        "iteration": 45, 
        "elapsed_time": 8.673282146453857, 
        "epoch": 45, 
        "main/accuracy": 0.800000011920929, 
        "validation/main/accuracy": 0.4077380895614624
    }, 
    {
        "polynomialshift/lr": 0.09201449161228176, 
        "main/loss": 0.6148456931114197, 
        "validation/main/loss": 2.7629215717315674, 
        "iteration": 46, 
        "elapsed_time": 8.844927072525024, 
        "epoch": 46, 
        "main/accuracy": 0.800000011920929, 
        "validation/main/accuracy": 0.4077380895614624
    }, 
    {
        "polynomialshift/lr": 0.09183318209303941, 
        "main/loss": 0.6143978834152222, 
        "validation/main/loss": 2.7702999114990234, 
        "iteration": 47, 
        "elapsed_time": 9.018478155136108, 
        "epoch": 47, 
        "main/accuracy": 0.800000011920929, 
        "validation/main/accuracy": 0.4077380895614624
    }, 
    {
        "polynomialshift/lr": 0.0916515138991168, 
        "main/loss": 0.6139419674873352, 
        "validation/main/loss": 2.7755801677703857, 
        "iteration": 48, 
        "elapsed_time": 9.193870067596436, 
        "epoch": 48, 
        "main/accuracy": 0.800000011920929, 
        "validation/main/accuracy": 0.4077380895614624
    }, 
    {
        "polynomialshift/lr": 0.09146948489341496, 
        "main/loss": 0.6135930418968201, 
        "validation/main/loss": 2.7804155349731445, 
        "iteration": 49, 
        "elapsed_time": 9.364387035369873, 
        "epoch": 49, 
        "main/accuracy": 0.800000011920929, 
        "validation/main/accuracy": 0.4077380895614624
    }, 
    {
        "polynomialshift/lr": 0.09128709291752769, 
        "main/loss": 0.6131263971328735, 
        "validation/main/loss": 2.7872650623321533, 
        "iteration": 50, 
        "elapsed_time": 9.537103176116943, 
        "epoch": 50, 
        "main/accuracy": 0.800000011920929, 
        "validation/main/accuracy": 0.4077380895614624
    }, 
    {
        "polynomialshift/lr": 0.091104335791443, 
        "main/loss": 0.6128216981887817, 
        "validation/main/loss": 2.792717456817627, 
        "iteration": 51, 
        "elapsed_time": 9.708949089050293, 
        "epoch": 51, 
        "main/accuracy": 0.800000011920929, 
        "validation/main/accuracy": 0.4077380895614624
    }, 
    {
        "polynomialshift/lr": 0.09092121131323905, 
        "main/loss": 0.6124511361122131, 
        "validation/main/loss": 2.7992563247680664, 
        "iteration": 52, 
        "elapsed_time": 9.879878044128418, 
        "epoch": 52, 
        "main/accuracy": 0.800000011920929, 
        "validation/main/accuracy": 0.4077380895614624
    }, 
    {
        "polynomialshift/lr": 0.09073771725877466, 
        "main/loss": 0.6120936274528503, 
        "validation/main/loss": 2.803398370742798, 
        "iteration": 53, 
        "elapsed_time": 10.050557136535645, 
        "epoch": 53, 
        "main/accuracy": 0.800000011920929, 
        "validation/main/accuracy": 0.408730149269104
    }, 
    {
        "polynomialshift/lr": 0.09055385138137417, 
        "main/loss": 0.611867368221283, 
        "validation/main/loss": 2.807642936706543, 
        "iteration": 54, 
        "elapsed_time": 10.22150206565857, 
        "epoch": 54, 
        "main/accuracy": 0.800000011920929, 
        "validation/main/accuracy": 0.408730149269104
    }, 
    {
        "polynomialshift/lr": 0.0903696114115064, 
        "main/loss": 0.6115149855613708, 
        "validation/main/loss": 2.813781261444092, 
        "iteration": 55, 
        "elapsed_time": 10.392649173736572, 
        "epoch": 55, 
        "main/accuracy": 0.800000011920929, 
        "validation/main/accuracy": 0.408730149269104
    }, 
    {
        "polynomialshift/lr": 0.09018499505645788, 
        "main/loss": 0.6111628413200378, 
        "validation/main/loss": 2.8192663192749023, 
        "iteration": 56, 
        "elapsed_time": 10.565260171890259, 
        "epoch": 56, 
        "main/accuracy": 0.800000011920929, 
        "validation/main/accuracy": 0.408730149269104
    }, 
    {
        "polynomialshift/lr": 0.09000000000000001, 
        "main/loss": 0.6109851598739624, 
        "validation/main/loss": 2.820535182952881, 
        "iteration": 57, 
        "elapsed_time": 10.738770008087158, 
        "epoch": 57, 
        "main/accuracy": 0.800000011920929, 
        "validation/main/accuracy": 0.4077380895614624
    }, 
    {
        "polynomialshift/lr": 0.08981462390204986, 
        "main/loss": 0.6107255816459656, 
        "validation/main/loss": 2.8261616230010986, 
        "iteration": 58, 
        "elapsed_time": 10.91182804107666, 
        "epoch": 58, 
        "main/accuracy": 0.800000011920929, 
        "validation/main/accuracy": 0.4077380895614624
    }, 
    {
        "polynomialshift/lr": 0.08962886439832501, 
        "main/loss": 0.6104437112808228, 
        "validation/main/loss": 2.83125638961792, 
        "iteration": 59, 
        "elapsed_time": 11.084571123123169, 
        "epoch": 59, 
        "main/accuracy": 0.800000011920929, 
        "validation/main/accuracy": 0.408730149269104
    }, 
    {
        "polynomialshift/lr": 0.08944271909999159, 
        "main/loss": 0.6101994514465332, 
        "validation/main/loss": 2.836791515350342, 
        "iteration": 60, 
        "elapsed_time": 11.257602214813232, 
        "epoch": 60, 
        "main/accuracy": 0.800000011920929, 
        "validation/main/accuracy": 0.408730149269104
    }, 
    {
        "polynomialshift/lr": 0.08925618559330589, 
        "main/loss": 0.6099657416343689, 
        "validation/main/loss": 2.8384413719177246, 
        "iteration": 61, 
        "elapsed_time": 11.430346012115479, 
        "epoch": 61, 
        "main/accuracy": 0.800000011920929, 
        "validation/main/accuracy": 0.4077380895614624
    }, 
    {
        "polynomialshift/lr": 0.08906926143924926, 
        "main/loss": 0.6097835302352905, 
        "validation/main/loss": 2.843263864517212, 
        "iteration": 62, 
        "elapsed_time": 11.602874040603638, 
        "epoch": 62, 
        "main/accuracy": 0.800000011920929, 
        "validation/main/accuracy": 0.4077380895614624
    }, 
    {
        "polynomialshift/lr": 0.0888819441731559, 
        "main/loss": 0.6095795631408691, 
        "validation/main/loss": 2.8485190868377686, 
        "iteration": 63, 
        "elapsed_time": 11.776008129119873, 
        "epoch": 63, 
        "main/accuracy": 0.800000011920929, 
        "validation/main/accuracy": 0.4077380895614624
    }, 
    {
        "polynomialshift/lr": 0.0886942313043338, 
        "main/loss": 0.6093279719352722, 
        "validation/main/loss": 2.85365891456604, 
        "iteration": 64, 
        "elapsed_time": 11.949045181274414, 
        "epoch": 64, 
        "main/accuracy": 0.800000011920929, 
        "validation/main/accuracy": 0.4077380895614624
    }, 
    {
        "polynomialshift/lr": 0.08850612031567837, 
        "main/loss": 0.6091035008430481, 
        "validation/main/loss": 2.8571412563323975, 
        "iteration": 65, 
        "elapsed_time": 12.122538089752197, 
        "epoch": 65, 
        "main/accuracy": 0.800000011920929, 
        "validation/main/accuracy": 0.4077380895614624
    }, 
    {
        "polynomialshift/lr": 0.08831760866327848, 
        "main/loss": 0.6089727282524109, 
        "validation/main/loss": 2.859307050704956, 
        "iteration": 66, 
        "elapsed_time": 12.296107053756714, 
        "epoch": 66, 
        "main/accuracy": 0.800000011920929, 
        "validation/main/accuracy": 0.4077380895614624
    }, 
    {
        "polynomialshift/lr": 0.08812869377601523, 
        "main/loss": 0.6088157296180725, 
        "validation/main/loss": 2.8649322986602783, 
        "iteration": 67, 
        "elapsed_time": 12.470574140548706, 
        "epoch": 67, 
        "main/accuracy": 0.800000011920929, 
        "validation/main/accuracy": 0.4077380895614624
    }, 
    {
        "polynomialshift/lr": 0.0879393730551528, 
        "main/loss": 0.6086132526397705, 
        "validation/main/loss": 2.869730234146118, 
        "iteration": 68, 
        "elapsed_time": 12.644906997680664, 
        "epoch": 68, 
        "main/accuracy": 0.800000011920929, 
        "validation/main/accuracy": 0.4077380895614624
    }, 
    {
        "polynomialshift/lr": 0.08774964387392123, 
        "main/loss": 0.6084261536598206, 
        "validation/main/loss": 2.873857259750366, 
        "iteration": 69, 
        "elapsed_time": 12.819329023361206, 
        "epoch": 69, 
        "main/accuracy": 0.800000011920929, 
        "validation/main/accuracy": 0.4077380895614624
    }, 
    {
        "polynomialshift/lr": 0.08755950357709132, 
        "main/loss": 0.6083256602287292, 
        "validation/main/loss": 2.8768937587738037, 
        "iteration": 70, 
        "elapsed_time": 12.99440622329712, 
        "epoch": 70, 
        "main/accuracy": 0.800000011920929, 
        "validation/main/accuracy": 0.4077380895614624
    }, 
    {
        "polynomialshift/lr": 0.08736894948054105, 
        "main/loss": 0.6081469058990479, 
        "validation/main/loss": 2.8791697025299072, 
        "iteration": 71, 
        "elapsed_time": 13.167042016983032, 
        "epoch": 71, 
        "main/accuracy": 0.800000011920929, 
        "validation/main/accuracy": 0.4077380895614624
    }, 
    {
        "polynomialshift/lr": 0.08717797887081347, 
        "main/loss": 0.6079981327056885, 
        "validation/main/loss": 2.8836708068847656, 
        "iteration": 72, 
        "elapsed_time": 13.363851070404053, 
        "epoch": 72, 
        "main/accuracy": 0.800000011920929, 
        "validation/main/accuracy": 0.4077380895614624
    }, 
    {
        "polynomialshift/lr": 0.08698658900466592, 
        "main/loss": 0.6078497767448425, 
        "validation/main/loss": 2.8875362873077393, 
        "iteration": 73, 
        "elapsed_time": 13.563714027404785, 
        "epoch": 73, 
        "main/accuracy": 0.800000011920929, 
        "validation/main/accuracy": 0.4077380895614624
    }, 
    {
        "polynomialshift/lr": 0.08679477710861025, 
        "main/loss": 0.6077160835266113, 
        "validation/main/loss": 2.8918845653533936, 
        "iteration": 74, 
        "elapsed_time": 13.750433206558228, 
        "epoch": 74, 
        "main/accuracy": 0.800000011920929, 
        "validation/main/accuracy": 0.4077380895614624
    }, 
    {
        "polynomialshift/lr": 0.08660254037844387, 
        "main/loss": 0.6075863838195801, 
        "validation/main/loss": 2.894552230834961, 
        "iteration": 75, 
        "elapsed_time": 13.927947998046875, 
        "epoch": 75, 
        "main/accuracy": 0.800000011920929, 
        "validation/main/accuracy": 0.4077380895614624
    }, 
    {
        "polynomialshift/lr": 0.08640987597877148, 
        "main/loss": 0.6074376702308655, 
        "validation/main/loss": 2.8987746238708496, 
        "iteration": 76, 
        "elapsed_time": 14.101668119430542, 
        "epoch": 76, 
        "main/accuracy": 0.800000011920929, 
        "validation/main/accuracy": 0.4077380895614624
    }, 
    {
        "polynomialshift/lr": 0.0862167810425171, 
        "main/loss": 0.6072821617126465, 
        "validation/main/loss": 2.9029271602630615, 
        "iteration": 77, 
        "elapsed_time": 14.27660322189331, 
        "epoch": 77, 
        "main/accuracy": 0.800000011920929, 
        "validation/main/accuracy": 0.4077380895614624
    }, 
    {
        "polynomialshift/lr": 0.08602325267042626, 
        "main/loss": 0.6071991324424744, 
        "validation/main/loss": 2.904114007949829, 
        "iteration": 78, 
        "elapsed_time": 14.448553085327148, 
        "epoch": 78, 
        "main/accuracy": 0.800000011920929, 
        "validation/main/accuracy": 0.4077380895614624
    }, 
    {
        "polynomialshift/lr": 0.08582928793055822, 
        "main/loss": 0.6070847511291504, 
        "validation/main/loss": 2.908154010772705, 
        "iteration": 79, 
        "elapsed_time": 14.623532056808472, 
        "epoch": 79, 
        "main/accuracy": 0.800000011920929, 
        "validation/main/accuracy": 0.4077380895614624
    }, 
    {
        "polynomialshift/lr": 0.08563488385776753, 
        "main/loss": 0.6069572567939758, 
        "validation/main/loss": 2.910525321960449, 
        "iteration": 80, 
        "elapsed_time": 14.799274206161499, 
        "epoch": 80, 
        "main/accuracy": 0.800000011920929, 
        "validation/main/accuracy": 0.4077380895614624
    }, 
    {
        "polynomialshift/lr": 0.08544003745317531, 
        "main/loss": 0.6068493723869324, 
        "validation/main/loss": 2.914462089538574, 
        "iteration": 81, 
        "elapsed_time": 14.973263025283813, 
        "epoch": 81, 
        "main/accuracy": 0.800000011920929, 
        "validation/main/accuracy": 0.4077380895614624
    }, 
    {
        "polynomialshift/lr": 0.08524474568362948, 
        "main/loss": 0.6067396998405457, 
        "validation/main/loss": 2.917757034301758, 
        "iteration": 82, 
        "elapsed_time": 15.147431135177612, 
        "epoch": 82, 
        "main/accuracy": 0.800000011920929, 
        "validation/main/accuracy": 0.4077380895614624
    }, 
    {
        "polynomialshift/lr": 0.08504900548115384, 
        "main/loss": 0.6066431999206543, 
        "validation/main/loss": 2.9215729236602783, 
        "iteration": 83, 
        "elapsed_time": 15.322201013565063, 
        "epoch": 83, 
        "main/accuracy": 0.800000011920929, 
        "validation/main/accuracy": 0.4077380895614624
    }, 
    {
        "polynomialshift/lr": 0.08485281374238571, 
        "main/loss": 0.6065208315849304, 
        "validation/main/loss": 2.9230096340179443, 
        "iteration": 84, 
        "elapsed_time": 15.49704122543335, 
        "epoch": 84, 
        "main/accuracy": 0.800000011920929, 
        "validation/main/accuracy": 0.4077380895614624
    }, 
    {
        "polynomialshift/lr": 0.08465616732800196, 
        "main/loss": 0.6064294576644897, 
        "validation/main/loss": 2.926635980606079, 
        "iteration": 85, 
        "elapsed_time": 15.674955129623413, 
        "epoch": 85, 
        "main/accuracy": 0.800000011920929, 
        "validation/main/accuracy": 0.4077380895614624
    }, 
    {
        "polynomialshift/lr": 0.08445906306213286, 
        "main/loss": 0.6063348650932312, 
        "validation/main/loss": 2.9287209510803223, 
        "iteration": 86, 
        "elapsed_time": 15.851843118667603, 
        "epoch": 86, 
        "main/accuracy": 0.800000011920929, 
        "validation/main/accuracy": 0.4057539701461792
    }, 
    {
        "polynomialshift/lr": 0.08426149773176358, 
        "main/loss": 0.6062770485877991, 
        "validation/main/loss": 2.9324536323547363, 
        "iteration": 87, 
        "elapsed_time": 16.029017210006714, 
        "epoch": 87, 
        "main/accuracy": 0.800000011920929, 
        "validation/main/accuracy": 0.4077380895614624
    }, 
    {
        "polynomialshift/lr": 0.08406346808612328, 
        "main/loss": 0.6061869859695435, 
        "validation/main/loss": 2.936025619506836, 
        "iteration": 88, 
        "elapsed_time": 16.205872058868408, 
        "epoch": 88, 
        "main/accuracy": 0.800000011920929, 
        "validation/main/accuracy": 0.4077380895614624
    }, 
    {
        "polynomialshift/lr": 0.08386497083606083, 
        "main/loss": 0.6060769557952881, 
        "validation/main/loss": 2.939544677734375, 
        "iteration": 89, 
        "elapsed_time": 16.38092303276062, 
        "epoch": 89, 
        "main/accuracy": 0.800000011920929, 
        "validation/main/accuracy": 0.408730149269104
    }, 
    {
        "polynomialshift/lr": 0.08366600265340757, 
        "main/loss": 0.6059707999229431, 
        "validation/main/loss": 2.9430110454559326, 
        "iteration": 90, 
        "elapsed_time": 16.556227207183838, 
        "epoch": 90, 
        "main/accuracy": 0.800000011920929, 
        "validation/main/accuracy": 0.408730149269104
    }, 
    {
        "polynomialshift/lr": 0.08346656017032611, 
        "main/loss": 0.6058680415153503, 
        "validation/main/loss": 2.9464197158813477, 
        "iteration": 91, 
        "elapsed_time": 16.731869220733643, 
        "epoch": 91, 
        "main/accuracy": 0.800000011920929, 
        "validation/main/accuracy": 0.408730149269104
    }, 
    {
        "polynomialshift/lr": 0.08326663997864531, 
        "main/loss": 0.6057942509651184, 
        "validation/main/loss": 2.94527530670166, 
        "iteration": 92, 
        "elapsed_time": 16.907231092453003, 
        "epoch": 92, 
        "main/accuracy": 0.800000011920929, 
        "validation/main/accuracy": 0.4047619104385376
    }, 
    {
        "polynomialshift/lr": 0.08306623862918075, 
        "main/loss": 0.6057848930358887, 
        "validation/main/loss": 2.9486379623413086, 
        "iteration": 93, 
        "elapsed_time": 17.082805156707764, 
        "epoch": 93, 
        "main/accuracy": 0.800000011920929, 
        "validation/main/accuracy": 0.4047619104385376
    }, 
    {
        "polynomialshift/lr": 0.08286535263104036, 
        "main/loss": 0.6056877970695496, 
        "validation/main/loss": 2.9519546031951904, 
        "iteration": 94, 
        "elapsed_time": 17.255751132965088, 
        "epoch": 94, 
        "main/accuracy": 0.800000011920929, 
        "validation/main/accuracy": 0.4047619104385376
    }, 
    {
        "polynomialshift/lr": 0.08266397845091497, 
        "main/loss": 0.6055943369865417, 
        "validation/main/loss": 2.955223798751831, 
        "iteration": 95, 
        "elapsed_time": 17.427982091903687, 
        "epoch": 95, 
        "main/accuracy": 0.800000011920929, 
        "validation/main/accuracy": 0.4047619104385376
    }, 
    {
        "polynomialshift/lr": 0.0824621125123532, 
        "main/loss": 0.6055037379264832, 
        "validation/main/loss": 2.9584453105926514, 
        "iteration": 96, 
        "elapsed_time": 17.601447105407715, 
        "epoch": 96, 
        "main/accuracy": 0.800000011920929, 
        "validation/main/accuracy": 0.4047619104385376
    }, 
    {
        "polynomialshift/lr": 0.08225975119502045, 
        "main/loss": 0.6054159998893738, 
        "validation/main/loss": 2.961622476577759, 
        "iteration": 97, 
        "elapsed_time": 17.77656316757202, 
        "epoch": 97, 
        "main/accuracy": 0.800000011920929, 
        "validation/main/accuracy": 0.4057539701461792
    }, 
    {
        "polynomialshift/lr": 0.08205689083394115, 
        "main/loss": 0.6053614020347595, 
        "validation/main/loss": 2.9641637802124023, 
        "iteration": 98, 
        "elapsed_time": 17.94917106628418, 
        "epoch": 98, 
        "main/accuracy": 0.800000011920929, 
        "validation/main/accuracy": 0.4077380895614624
    }, 
    {
        "polynomialshift/lr": 0.0818535277187245, 
        "main/loss": 0.6053013205528259, 
        "validation/main/loss": 2.965634822845459, 
        "iteration": 99, 
        "elapsed_time": 18.123197078704834, 
        "epoch": 99, 
        "main/accuracy": 0.800000011920929, 
        "validation/main/accuracy": 0.4047619104385376
    }, 
    {
        "polynomialshift/lr": 0.08164965809277261, 
        "main/loss": 0.6052615642547607, 
        "validation/main/loss": 2.9664065837860107, 
        "iteration": 100, 
        "elapsed_time": 18.29781413078308, 
        "epoch": 100, 
        "main/accuracy": 0.800000011920929, 
        "validation/main/accuracy": 0.4047619104385376
    }, 
    {
        "polynomialshift/lr": 0.08144527815247078, 
        "main/loss": 0.605185866355896, 
        "validation/main/loss": 2.9694602489471436, 
        "iteration": 101, 
        "elapsed_time": 18.522415161132812, 
        "epoch": 101, 
        "main/accuracy": 0.800000011920929, 
        "validation/main/accuracy": 0.4047619104385376
    }, 
    {
        "polynomialshift/lr": 0.08124038404635961, 
        "main/loss": 0.6051072478294373, 
        "validation/main/loss": 2.97247052192688, 
        "iteration": 102, 
        "elapsed_time": 18.6996111869812, 
        "epoch": 102, 
        "main/accuracy": 0.800000011920929, 
        "validation/main/accuracy": 0.4047619104385376
    }, 
    {
        "polynomialshift/lr": 0.08103497187428813, 
        "main/loss": 0.60503089427948, 
        "validation/main/loss": 2.9754419326782227, 
        "iteration": 103, 
        "elapsed_time": 18.87510919570923, 
        "epoch": 103, 
        "main/accuracy": 0.800000011920929, 
        "validation/main/accuracy": 0.4047619104385376
    }, 
    {
        "polynomialshift/lr": 0.08082903768654762, 
        "main/loss": 0.6049956679344177, 
        "validation/main/loss": 2.977797269821167, 
        "iteration": 104, 
        "elapsed_time": 19.04829502105713, 
        "epoch": 104, 
        "main/accuracy": 0.800000011920929, 
        "validation/main/accuracy": 0.4047619104385376
    }, 
    {
        "polynomialshift/lr": 0.08062257748298551, 
        "main/loss": 0.60493403673172, 
        "validation/main/loss": 2.979837417602539, 
        "iteration": 105, 
        "elapsed_time": 19.22097110748291, 
        "epoch": 105, 
        "main/accuracy": 0.800000011920929, 
        "validation/main/accuracy": 0.4067460298538208
    }, 
    {
        "polynomialshift/lr": 0.0804155872120988, 
        "main/loss": 0.604855477809906, 
        "validation/main/loss": 2.9826948642730713, 
        "iteration": 106, 
        "elapsed_time": 19.395525217056274, 
        "epoch": 106, 
        "main/accuracy": 0.800000011920929, 
        "validation/main/accuracy": 0.4077380895614624
    }, 
    {
        "polynomialshift/lr": 0.08020806277010643, 
        "main/loss": 0.6048114895820618, 
        "validation/main/loss": 2.983896255493164, 
        "iteration": 107, 
        "elapsed_time": 19.57123112678528, 
        "epoch": 107, 
        "main/accuracy": 0.800000011920929, 
        "validation/main/accuracy": 0.4047619104385376
    }, 
    {
        "polynomialshift/lr": 0.08000000000000002, 
        "main/loss": 0.6047481894493103, 
        "validation/main/loss": 2.986706256866455, 
        "iteration": 108, 
        "elapsed_time": 19.747228145599365, 
        "epoch": 108, 
        "main/accuracy": 0.800000011920929, 
        "validation/main/accuracy": 0.4057539701461792
    }, 
    {
        "polynomialshift/lr": 0.07979139469057217, 
        "main/loss": 0.604681670665741, 
        "validation/main/loss": 2.9871926307678223, 
        "iteration": 109, 
        "elapsed_time": 19.922497034072876, 
        "epoch": 109, 
        "main/accuracy": 0.800000011920929, 
        "validation/main/accuracy": 0.4047619104385376
    }, 
    {
        "polynomialshift/lr": 0.07958224257542215, 
        "main/loss": 0.6046828627586365, 
        "validation/main/loss": 2.989377975463867, 
        "iteration": 110, 
        "elapsed_time": 20.097994089126587, 
        "epoch": 110, 
        "main/accuracy": 0.800000011920929, 
        "validation/main/accuracy": 0.4057539701461792
    }, 
    {
        "polynomialshift/lr": 0.07937253933193772, 
        "main/loss": 0.6046132445335388, 
        "validation/main/loss": 2.99210262298584, 
        "iteration": 111, 
        "elapsed_time": 20.273717164993286, 
        "epoch": 111, 
        "main/accuracy": 0.800000011920929, 
        "validation/main/accuracy": 0.4057539701461792
    }, 
    {
        "polynomialshift/lr": 0.07916228058025279, 
        "main/loss": 0.6045500040054321, 
        "validation/main/loss": 2.994795799255371, 
        "iteration": 112, 
        "elapsed_time": 20.448856115341187, 
        "epoch": 112, 
        "main/accuracy": 0.800000011920929, 
        "validation/main/accuracy": 0.4057539701461792
    }, 
    {
        "polynomialshift/lr": 0.07895146188218008, 
        "main/loss": 0.6044886112213135, 
        "validation/main/loss": 2.9974536895751953, 
        "iteration": 113, 
        "elapsed_time": 20.624788999557495, 
        "epoch": 113, 
        "main/accuracy": 0.800000011920929, 
        "validation/main/accuracy": 0.4047619104385376
    }, 
    {
        "polynomialshift/lr": 0.07874007874011812, 
        "main/loss": 0.6044285893440247, 
        "validation/main/loss": 3.000079393386841, 
        "iteration": 114, 
        "elapsed_time": 20.797600030899048, 
        "epoch": 114, 
        "main/accuracy": 0.800000011920929, 
        "validation/main/accuracy": 0.4047619104385376
    }, 
    {
        "polynomialshift/lr": 0.07852812659593165, 
        "main/loss": 0.6043832898139954, 
        "validation/main/loss": 3.001065969467163, 
        "iteration": 115, 
        "elapsed_time": 20.972190141677856, 
        "epoch": 115, 
        "main/accuracy": 0.800000011920929, 
        "validation/main/accuracy": 0.4057539701461792
    }, 
    {
        "polynomialshift/lr": 0.07831560082980488, 
        "main/loss": 0.604348361492157, 
        "validation/main/loss": 3.004274368286133, 
        "iteration": 116, 
        "elapsed_time": 21.147727012634277, 
        "epoch": 116, 
        "main/accuracy": 0.800000011920929, 
        "validation/main/accuracy": 0.4057539701461792
    }, 
    {
        "polynomialshift/lr": 0.07810249675906655, 
        "main/loss": 0.60430908203125, 
        "validation/main/loss": 3.0062434673309326, 
        "iteration": 117, 
        "elapsed_time": 21.323612213134766, 
        "epoch": 117, 
        "main/accuracy": 0.800000011920929, 
        "validation/main/accuracy": 0.4067460298538208
    }, 
    {
        "polynomialshift/lr": 0.07788880963698616, 
        "main/loss": 0.6042708158493042, 
        "validation/main/loss": 3.0087625980377197, 
        "iteration": 118, 
        "elapsed_time": 21.498874187469482, 
        "epoch": 118, 
        "main/accuracy": 0.800000011920929, 
        "validation/main/accuracy": 0.4067460298538208
    }, 
    {
        "polynomialshift/lr": 0.07767453465154028, 
        "main/loss": 0.604228675365448, 
        "validation/main/loss": 3.0089781284332275, 
        "iteration": 119, 
        "elapsed_time": 21.674524068832397, 
        "epoch": 119, 
        "main/accuracy": 0.800000011920929, 
        "validation/main/accuracy": 0.4047619104385376
    }, 
    {
        "polynomialshift/lr": 0.07745966692414835, 
        "main/loss": 0.6041824221611023, 
        "validation/main/loss": 3.01145601272583, 
        "iteration": 120, 
        "elapsed_time": 21.84865403175354, 
        "epoch": 120, 
        "main/accuracy": 0.800000011920929, 
        "validation/main/accuracy": 0.4047619104385376
    }, 
    {
        "polynomialshift/lr": 0.07724420150837646, 
        "main/loss": 0.6041300892829895, 
        "validation/main/loss": 3.013906717300415, 
        "iteration": 121, 
        "elapsed_time": 22.02226710319519, 
        "epoch": 121, 
        "main/accuracy": 0.800000011920929, 
        "validation/main/accuracy": 0.4047619104385376
    }, 
    {
        "polynomialshift/lr": 0.07702813338860895, 
        "main/loss": 0.6040789484977722, 
        "validation/main/loss": 3.016326665878296, 
        "iteration": 122, 
        "elapsed_time": 22.197066068649292, 
        "epoch": 122, 
        "main/accuracy": 0.800000011920929, 
        "validation/main/accuracy": 0.4057539701461792
    }, 
    {
        "polynomialshift/lr": 0.07681145747868609, 
        "main/loss": 0.6040316224098206, 
        "validation/main/loss": 3.0171029567718506, 
        "iteration": 123, 
        "elapsed_time": 22.371870040893555, 
        "epoch": 123, 
        "main/accuracy": 0.800000011920929, 
        "validation/main/accuracy": 0.4047619104385376
    }, 
    {
        "polynomialshift/lr": 0.07659416862050705, 
        "main/loss": 0.6040226221084595, 
        "validation/main/loss": 3.018920660018921, 
        "iteration": 124, 
        "elapsed_time": 22.54504418373108, 
        "epoch": 124, 
        "main/accuracy": 0.800000011920929, 
        "validation/main/accuracy": 0.4057539701461792
    }, 
    {
        "polynomialshift/lr": 0.07637626158259733, 
        "main/loss": 0.6039898991584778, 
        "validation/main/loss": 3.02128267288208, 
        "iteration": 125, 
        "elapsed_time": 22.721033096313477, 
        "epoch": 125, 
        "main/accuracy": 0.800000011920929, 
        "validation/main/accuracy": 0.4067460298538208
    }, 
    {
        "polynomialshift/lr": 0.0761577310586391, 
        "main/loss": 0.6039418578147888, 
        "validation/main/loss": 3.0236194133758545, 
        "iteration": 126, 
        "elapsed_time": 22.89413619041443, 
        "epoch": 126, 
        "main/accuracy": 0.800000011920929, 
        "validation/main/accuracy": 0.4067460298538208
    }, 
    {
        "polynomialshift/lr": 0.07593857166596346, 
        "main/loss": 0.6038951277732849, 
        "validation/main/loss": 3.025926351547241, 
        "iteration": 127, 
        "elapsed_time": 23.067000150680542, 
        "epoch": 127, 
        "main/accuracy": 0.800000011920929, 
        "validation/main/accuracy": 0.4067460298538208
    }, 
    {
        "polynomialshift/lr": 0.07571877794400365, 
        "main/loss": 0.6038494110107422, 
        "validation/main/loss": 3.0282070636749268, 
        "iteration": 128, 
        "elapsed_time": 23.24187207221985, 
        "epoch": 128, 
        "main/accuracy": 0.800000011920929, 
        "validation/main/accuracy": 0.4067460298538208
    }, 
    {
        "polynomialshift/lr": 0.07549834435270751, 
        "main/loss": 0.6038047671318054, 
        "validation/main/loss": 3.030463695526123, 
        "iteration": 129, 
        "elapsed_time": 23.467250108718872, 
        "epoch": 129, 
        "main/accuracy": 0.800000011920929, 
        "validation/main/accuracy": 0.4067460298538208
    }, 
    {
        "polynomialshift/lr": 0.07527726527090811, 
        "main/loss": 0.603761613368988, 
        "validation/main/loss": 3.0304789543151855, 
        "iteration": 130, 
        "elapsed_time": 23.642247200012207, 
        "epoch": 130, 
        "main/accuracy": 0.800000011920929, 
        "validation/main/accuracy": 0.4057539701461792
    }, 
    {
        "polynomialshift/lr": 0.07505553499465135, 
        "main/loss": 0.6037349104881287, 
        "validation/main/loss": 3.032698392868042, 
        "iteration": 131, 
        "elapsed_time": 23.819971084594727, 
        "epoch": 131, 
        "main/accuracy": 0.800000011920929, 
        "validation/main/accuracy": 0.4057539701461792
    }, 
    {
        "polynomialshift/lr": 0.07483314773547883, 
        "main/loss": 0.6037217974662781, 
        "validation/main/loss": 3.0343406200408936, 
        "iteration": 132, 
        "elapsed_time": 23.99413514137268, 
        "epoch": 132, 
        "main/accuracy": 0.800000011920929, 
        "validation/main/accuracy": 0.4067460298538208
    }, 
    {
        "polynomialshift/lr": 0.07461009761866465, 
        "main/loss": 0.6036943793296814, 
        "validation/main/loss": 3.034928321838379, 
        "iteration": 133, 
        "elapsed_time": 24.168585062026978, 
        "epoch": 133, 
        "main/accuracy": 0.800000011920929, 
        "validation/main/accuracy": 0.4057539701461792
    }, 
    {
        "polynomialshift/lr": 0.07438637868140467, 
        "main/loss": 0.6036621928215027, 
        "validation/main/loss": 3.037100076675415, 
        "iteration": 134, 
        "elapsed_time": 24.341557025909424, 
        "epoch": 134, 
        "main/accuracy": 0.800000011920929, 
        "validation/main/accuracy": 0.4057539701461792
    }, 
    {
        "polynomialshift/lr": 0.07416198487095664, 
        "main/loss": 0.6036214828491211, 
        "validation/main/loss": 3.039246082305908, 
        "iteration": 135, 
        "elapsed_time": 24.517388105392456, 
        "epoch": 135, 
        "main/accuracy": 0.800000011920929, 
        "validation/main/accuracy": 0.4057539701461792
    }, 
    {
        "polynomialshift/lr": 0.07393691004272944, 
        "main/loss": 0.6035817861557007, 
        "validation/main/loss": 3.041370153427124, 
        "iteration": 136, 
        "elapsed_time": 24.6950740814209, 
        "epoch": 136, 
        "main/accuracy": 0.800000011920929, 
        "validation/main/accuracy": 0.4067460298538208
    }, 
    {
        "polynomialshift/lr": 0.07371114795831994, 
        "main/loss": 0.6035429835319519, 
        "validation/main/loss": 3.043471574783325, 
        "iteration": 137, 
        "elapsed_time": 24.870988130569458, 
        "epoch": 137, 
        "main/accuracy": 0.800000011920929, 
        "validation/main/accuracy": 0.4067460298538208
    }, 
    {
        "polynomialshift/lr": 0.07348469228349534, 
        "main/loss": 0.6035048365592957, 
        "validation/main/loss": 3.0455472469329834, 
        "iteration": 138, 
        "elapsed_time": 25.049769163131714, 
        "epoch": 138, 
        "main/accuracy": 0.800000011920929, 
        "validation/main/accuracy": 0.4067460298538208
    }, 
    {
        "polynomialshift/lr": 0.0732575365861197, 
        "main/loss": 0.6034675240516663, 
        "validation/main/loss": 3.0475995540618896, 
        "iteration": 139, 
        "elapsed_time": 25.228446006774902, 
        "epoch": 139, 
        "main/accuracy": 0.800000011920929, 
        "validation/main/accuracy": 0.4067460298538208
    }, 
    {
        "polynomialshift/lr": 0.07302967433402215, 
        "main/loss": 0.6034311056137085, 
        "validation/main/loss": 3.0496320724487305, 
        "iteration": 140, 
        "elapsed_time": 25.402287006378174, 
        "epoch": 140, 
        "main/accuracy": 0.800000011920929, 
        "validation/main/accuracy": 0.4067460298538208
    }, 
    {
        "polynomialshift/lr": 0.07280109889280519, 
        "main/loss": 0.6034212112426758, 
        "validation/main/loss": 3.0510847568511963, 
        "iteration": 141, 
        "elapsed_time": 25.57951021194458, 
        "epoch": 141, 
        "main/accuracy": 0.800000011920929, 
        "validation/main/accuracy": 0.4067460298538208
    }, 
    {
        "polynomialshift/lr": 0.07257180352359081, 
        "main/loss": 0.6034011244773865, 
        "validation/main/loss": 3.050910711288452, 
        "iteration": 142, 
        "elapsed_time": 25.75834608078003, 
        "epoch": 142, 
        "main/accuracy": 0.800000011920929, 
        "validation/main/accuracy": 0.4057539701461792
    }, 
    {
        "polynomialshift/lr": 0.07234178138070235, 
        "main/loss": 0.6033742427825928, 
        "validation/main/loss": 3.0513241291046143, 
        "iteration": 143, 
        "elapsed_time": 25.93273615837097, 
        "epoch": 143, 
        "main/accuracy": 0.800000011920929, 
        "validation/main/accuracy": 0.4047619104385376
    }, 
    {
        "polynomialshift/lr": 0.0721110255092798, 
        "main/loss": 0.6033512353897095, 
        "validation/main/loss": 3.05330491065979, 
        "iteration": 144, 
        "elapsed_time": 26.1073100566864, 
        "epoch": 144, 
        "main/accuracy": 0.800000011920929, 
        "validation/main/accuracy": 0.4047619104385376
    }, 
    {
        "polynomialshift/lr": 0.07187952884282608, 
        "main/loss": 0.6033169627189636, 
        "validation/main/loss": 3.0552639961242676, 
        "iteration": 145, 
        "elapsed_time": 26.284170150756836, 
        "epoch": 145, 
        "main/accuracy": 0.800000011920929, 
        "validation/main/accuracy": 0.4047619104385376
    }, 
    {
        "polynomialshift/lr": 0.07164728420068227, 
        "main/loss": 0.6032834053039551, 
        "validation/main/loss": 3.057206392288208, 
        "iteration": 146, 
        "elapsed_time": 26.46213722229004, 
        "epoch": 146, 
        "main/accuracy": 0.800000011920929, 
        "validation/main/accuracy": 0.4047619104385376
    }, 
    {
        "polynomialshift/lr": 0.0714142842854285, 
        "main/loss": 0.6032506823539734, 
        "validation/main/loss": 3.0591235160827637, 
        "iteration": 147, 
        "elapsed_time": 26.640089988708496, 
        "epoch": 147, 
        "main/accuracy": 0.800000011920929, 
        "validation/main/accuracy": 0.4047619104385376
    }, 
    {
        "polynomialshift/lr": 0.07118052168020875, 
        "main/loss": 0.6032184958457947, 
        "validation/main/loss": 3.061021566390991, 
        "iteration": 148, 
        "elapsed_time": 26.818897008895874, 
        "epoch": 148, 
        "main/accuracy": 0.800000011920929, 
        "validation/main/accuracy": 0.4057539701461792
    }, 
    {
        "polynomialshift/lr": 0.07094598884597589, 
        "main/loss": 0.6032065153121948, 
        "validation/main/loss": 3.0623655319213867, 
        "iteration": 149, 
        "elapsed_time": 26.99704122543335, 
        "epoch": 149, 
        "main/accuracy": 0.800000011920929, 
        "validation/main/accuracy": 0.4067460298538208
    }, 
    {
        "polynomialshift/lr": 0.07071067811865477, 
        "main/loss": 0.6031819581985474, 
        "validation/main/loss": 3.064232587814331, 
        "iteration": 150, 
        "elapsed_time": 27.1737220287323, 
        "epoch": 150, 
        "main/accuracy": 0.800000011920929, 
        "validation/main/accuracy": 0.4067460298538208
    }, 
    {
        "polynomialshift/lr": 0.07047458170621992, 
        "main/loss": 0.6031507253646851, 
        "validation/main/loss": 3.0660793781280518, 
        "iteration": 151, 
        "elapsed_time": 27.35072422027588, 
        "epoch": 151, 
        "main/accuracy": 0.800000011920929, 
        "validation/main/accuracy": 0.4067460298538208
    }, 
    {
        "polynomialshift/lr": 0.07023769168568493, 
        "main/loss": 0.6031203269958496, 
        "validation/main/loss": 3.0679073333740234, 
        "iteration": 152, 
        "elapsed_time": 27.527326107025146, 
        "epoch": 152, 
        "main/accuracy": 0.800000011920929, 
        "validation/main/accuracy": 0.4067460298538208
    }, 
    {
        "polynomialshift/lr": 0.06999999999999999, 
        "main/loss": 0.6030907034873962, 
        "validation/main/loss": 3.069715738296509, 
        "iteration": 153, 
        "elapsed_time": 27.70528817176819, 
        "epoch": 153, 
        "main/accuracy": 0.800000011920929, 
        "validation/main/accuracy": 0.4067460298538208
    }, 
    {
        "polynomialshift/lr": 0.0697614984548545, 
        "main/loss": 0.6030670404434204, 
        "validation/main/loss": 3.0699949264526367, 
        "iteration": 154, 
        "elapsed_time": 27.882106065750122, 
        "epoch": 154, 
        "main/accuracy": 0.800000011920929, 
        "validation/main/accuracy": 0.4057539701461792
    }, 
    {
        "polynomialshift/lr": 0.0695221787153807, 
        "main/loss": 0.603061318397522, 
        "validation/main/loss": 3.070189952850342, 
        "iteration": 155, 
        "elapsed_time": 28.058993101119995, 
        "epoch": 155, 
        "main/accuracy": 0.800000011920929, 
        "validation/main/accuracy": 0.4047619104385376
    }, 
    {
        "polynomialshift/lr": 0.06928203230275509, 
        "main/loss": 0.603040874004364, 
        "validation/main/loss": 3.0719661712646484, 
        "iteration": 156, 
        "elapsed_time": 28.237011194229126, 
        "epoch": 156, 
        "main/accuracy": 0.800000011920929, 
        "validation/main/accuracy": 0.4047619104385376
    }, 
    {
        "polynomialshift/lr": 0.06904105059069326, 
        "main/loss": 0.6030123829841614, 
        "validation/main/loss": 3.073723554611206, 
        "iteration": 157, 
        "elapsed_time": 28.462000131607056, 
        "epoch": 157, 
        "main/accuracy": 0.800000011920929, 
        "validation/main/accuracy": 0.4057539701461792
    }, 
    {
        "polynomialshift/lr": 0.06879922480183431, 
        "main/loss": 0.602984607219696, 
        "validation/main/loss": 3.0754642486572266, 
        "iteration": 158, 
        "elapsed_time": 28.637835025787354, 
        "epoch": 158, 
        "main/accuracy": 0.800000011920929, 
        "validation/main/accuracy": 0.4057539701461792
    }, 
    {
        "polynomialshift/lr": 0.06855654600401044, 
        "main/loss": 0.6029738783836365, 
        "validation/main/loss": 3.076669692993164, 
        "iteration": 159, 
        "elapsed_time": 28.81223702430725, 
        "epoch": 159, 
        "main/accuracy": 0.800000011920929, 
        "validation/main/accuracy": 0.4057539701461792
    }, 
    {
        "polynomialshift/lr": 0.06831300510639732, 
        "main/loss": 0.602954089641571, 
        "validation/main/loss": 3.078382968902588, 
        "iteration": 160, 
        "elapsed_time": 28.990790128707886, 
        "epoch": 160, 
        "main/accuracy": 0.800000011920929, 
        "validation/main/accuracy": 0.4057539701461792
    }, 
    {
        "polynomialshift/lr": 0.06806859285554046, 
        "main/loss": 0.6029273867607117, 
        "validation/main/loss": 3.080078363418579, 
        "iteration": 161, 
        "elapsed_time": 29.16952610015869, 
        "epoch": 161, 
        "main/accuracy": 0.800000011920929, 
        "validation/main/accuracy": 0.4057539701461792
    }, 
    {
        "polynomialshift/lr": 0.06782329983125268, 
        "main/loss": 0.6029013991355896, 
        "validation/main/loss": 3.081756591796875, 
        "iteration": 162, 
        "elapsed_time": 29.347851991653442, 
        "epoch": 162, 
        "main/accuracy": 0.800000011920929, 
        "validation/main/accuracy": 0.4057539701461792
    }, 
    {
        "polynomialshift/lr": 0.06757711644237764, 
        "main/loss": 0.6028756499290466, 
        "validation/main/loss": 3.0834200382232666, 
        "iteration": 163, 
        "elapsed_time": 29.52185821533203, 
        "epoch": 163, 
        "main/accuracy": 0.800000011920929, 
        "validation/main/accuracy": 0.4057539701461792
    }, 
    {
        "polynomialshift/lr": 0.06733003292241385, 
        "main/loss": 0.6028504967689514, 
        "validation/main/loss": 3.0850672721862793, 
        "iteration": 164, 
        "elapsed_time": 29.696465015411377, 
        "epoch": 164, 
        "main/accuracy": 0.800000011920929, 
        "validation/main/accuracy": 0.4057539701461792
    }, 
    {
        "polynomialshift/lr": 0.0670820393249937, 
        "main/loss": 0.6028257012367249, 
        "validation/main/loss": 3.086697578430176, 
        "iteration": 165, 
        "elapsed_time": 29.870338201522827, 
        "epoch": 165, 
        "main/accuracy": 0.800000011920929, 
        "validation/main/accuracy": 0.4057539701461792
    }, 
    {
        "polynomialshift/lr": 0.0668331255192114, 
        "main/loss": 0.6028103232383728, 
        "validation/main/loss": 3.086841344833374, 
        "iteration": 166, 
        "elapsed_time": 30.044876098632812, 
        "epoch": 166, 
        "main/accuracy": 0.800000011920929, 
        "validation/main/accuracy": 0.4047619104385376
    }, 
    {
        "polynomialshift/lr": 0.06658328118479394, 
        "main/loss": 0.6027930378913879, 
        "validation/main/loss": 3.088452100753784, 
        "iteration": 167, 
        "elapsed_time": 30.222175121307373, 
        "epoch": 167, 
        "main/accuracy": 0.800000011920929, 
        "validation/main/accuracy": 0.4047619104385376
    }, 
    {
        "polynomialshift/lr": 0.066332495807108, 
        "main/loss": 0.6027689576148987, 
        "validation/main/loss": 3.0900447368621826, 
        "iteration": 168, 
        "elapsed_time": 30.398884057998657, 
        "epoch": 168, 
        "main/accuracy": 0.800000011920929, 
        "validation/main/accuracy": 0.4047619104385376
    }, 
    {
        "polynomialshift/lr": 0.0660807586719967, 
        "main/loss": 0.6027458906173706, 
        "validation/main/loss": 3.091623067855835, 
        "iteration": 169, 
        "elapsed_time": 30.573601007461548, 
        "epoch": 169, 
        "main/accuracy": 0.800000011920929, 
        "validation/main/accuracy": 0.4047619104385376
    }, 
    {
        "polynomialshift/lr": 0.06582805886043834, 
        "main/loss": 0.6027354598045349, 
        "validation/main/loss": 3.0927021503448486, 
        "iteration": 170, 
        "elapsed_time": 30.74766707420349, 
        "epoch": 170, 
        "main/accuracy": 0.800000011920929, 
        "validation/main/accuracy": 0.4047619104385376
    }, 
    {
        "polynomialshift/lr": 0.06557438524302, 
        "main/loss": 0.6027519106864929, 
        "validation/main/loss": 3.092240571975708, 
        "iteration": 171, 
        "elapsed_time": 30.92139506340027, 
        "epoch": 171, 
        "main/accuracy": 0.800000011920929, 
        "validation/main/accuracy": 0.4047619104385376
    }, 
    {
        "polynomialshift/lr": 0.06531972647421808, 
        "main/loss": 0.6027085185050964, 
        "validation/main/loss": 3.0937883853912354, 
        "iteration": 172, 
        "elapsed_time": 31.095758199691772, 
        "epoch": 172, 
        "main/accuracy": 0.800000011920929, 
        "validation/main/accuracy": 0.4047619104385376
    }, 
    {
        "polynomialshift/lr": 0.06506407098647712, 
        "main/loss": 0.6026861071586609, 
        "validation/main/loss": 3.095322847366333, 
        "iteration": 173, 
        "elapsed_time": 31.26986598968506, 
        "epoch": 173, 
        "main/accuracy": 0.800000011920929, 
        "validation/main/accuracy": 0.4047619104385376
    }, 
    {
        "polynomialshift/lr": 0.06480740698407861, 
        "main/loss": 0.6026639938354492, 
        "validation/main/loss": 3.0968406200408936, 
        "iteration": 174, 
        "elapsed_time": 31.443594217300415, 
        "epoch": 174, 
        "main/accuracy": 0.800000011920929, 
        "validation/main/accuracy": 0.4047619104385376
    }, 
    {
        "polynomialshift/lr": 0.06454972243679029, 
        "main/loss": 0.6026424765586853, 
        "validation/main/loss": 3.0983405113220215, 
        "iteration": 175, 
        "elapsed_time": 31.61837100982666, 
        "epoch": 175, 
        "main/accuracy": 0.800000011920929, 
        "validation/main/accuracy": 0.4047619104385376
    }, 
    {
        "polynomialshift/lr": 0.06429100507328638, 
        "main/loss": 0.6026212573051453, 
        "validation/main/loss": 3.0998291969299316, 
        "iteration": 176, 
        "elapsed_time": 31.79288411140442, 
        "epoch": 176, 
        "main/accuracy": 0.800000011920929, 
        "validation/main/accuracy": 0.4047619104385376
    }, 
    {
        "polynomialshift/lr": 0.06403124237432849, 
        "main/loss": 0.6026002764701843, 
        "validation/main/loss": 3.101304292678833, 
        "iteration": 177, 
        "elapsed_time": 31.96707320213318, 
        "epoch": 177, 
        "main/accuracy": 0.800000011920929, 
        "validation/main/accuracy": 0.4047619104385376
    }, 
    {
        "polynomialshift/lr": 0.06377042156569664, 
        "main/loss": 0.6025797128677368, 
        "validation/main/loss": 3.102766513824463, 
        "iteration": 178, 
        "elapsed_time": 32.14395999908447, 
        "epoch": 178, 
        "main/accuracy": 0.800000011920929, 
        "validation/main/accuracy": 0.4047619104385376
    }, 
    {
        "polynomialshift/lr": 0.06350852961085883, 
        "main/loss": 0.6025646924972534, 
        "validation/main/loss": 3.102287530899048, 
        "iteration": 179, 
        "elapsed_time": 32.320348024368286, 
        "epoch": 179, 
        "main/accuracy": 0.800000011920929, 
        "validation/main/accuracy": 0.4047619104385376
    }, 
    {
        "polynomialshift/lr": 0.0632455532033676, 
        "main/loss": 0.602573573589325, 
        "validation/main/loss": 3.1037373542785645, 
        "iteration": 180, 
        "elapsed_time": 32.49708008766174, 
        "epoch": 180, 
        "main/accuracy": 0.800000011920929, 
        "validation/main/accuracy": 0.4047619104385376
    }, 
    {
        "polynomialshift/lr": 0.06298147875897062, 
        "main/loss": 0.6025533676147461, 
        "validation/main/loss": 3.1051723957061768, 
        "iteration": 181, 
        "elapsed_time": 32.674907207489014, 
        "epoch": 181, 
        "main/accuracy": 0.800000011920929, 
        "validation/main/accuracy": 0.4047619104385376
    }, 
    {
        "polynomialshift/lr": 0.06271629240742259, 
        "main/loss": 0.6025333404541016, 
        "validation/main/loss": 3.106592893600464, 
        "iteration": 182, 
        "elapsed_time": 32.85229301452637, 
        "epoch": 182, 
        "main/accuracy": 0.800000011920929, 
        "validation/main/accuracy": 0.4047619104385376
    }, 
    {
        "polynomialshift/lr": 0.06244997998398399, 
        "main/loss": 0.60251384973526, 
        "validation/main/loss": 3.107999801635742, 
        "iteration": 183, 
        "elapsed_time": 33.03023719787598, 
        "epoch": 183, 
        "main/accuracy": 0.800000011920929, 
        "validation/main/accuracy": 0.4047619104385376
    }, 
    {
        "polynomialshift/lr": 0.062182527020592106, 
        "main/loss": 0.6024946570396423, 
        "validation/main/loss": 3.109395980834961, 
        "iteration": 184, 
        "elapsed_time": 33.20777416229248, 
        "epoch": 184, 
        "main/accuracy": 0.800000011920929, 
        "validation/main/accuracy": 0.4047619104385376
    }, 
    {
        "polynomialshift/lr": 0.061913918736689035, 
        "main/loss": 0.6024783253669739, 
        "validation/main/loss": 3.1088671684265137, 
        "iteration": 185, 
        "elapsed_time": 33.4485650062561, 
        "epoch": 185, 
        "main/accuracy": 0.800000011920929, 
        "validation/main/accuracy": 0.403769850730896
    }, 
    {
        "polynomialshift/lr": 0.061644140029689765, 
        "main/loss": 0.6024672389030457, 
        "validation/main/loss": 3.1102421283721924, 
        "iteration": 186, 
        "elapsed_time": 33.63049602508545, 
        "epoch": 186, 
        "main/accuracy": 0.800000011920929, 
        "validation/main/accuracy": 0.4047619104385376
    }, 
    {
        "polynomialshift/lr": 0.06137317546507324, 
        "main/loss": 0.6024488806724548, 
        "validation/main/loss": 3.111605167388916, 
        "iteration": 187, 
        "elapsed_time": 33.80895209312439, 
        "epoch": 187, 
        "main/accuracy": 0.800000011920929, 
        "validation/main/accuracy": 0.4047619104385376
    }, 
    {
        "polynomialshift/lr": 0.061101009266077866, 
        "main/loss": 0.6024308204650879, 
        "validation/main/loss": 3.1129567623138428, 
        "iteration": 188, 
        "elapsed_time": 33.98566699028015, 
        "epoch": 188, 
        "main/accuracy": 0.800000011920929, 
        "validation/main/accuracy": 0.4047619104385376
    }
]