[
    {
        "polynomialshift/lr": 0.09983319421247959, 
        "main/loss": 2.9087400436401367, 
        "validation/main/loss": 2.374171733856201, 
        "iteration": 1, 
        "elapsed_time": 1.1286959648132324, 
        "epoch": 1, 
        "main/accuracy": 0.0, 
        "validation/main/accuracy": 0.3501984179019928
    }, 
    {
        "polynomialshift/lr": 0.09966610925150703, 
        "main/loss": 1.680282473564148, 
        "validation/main/loss": 1.9435161352157593, 
        "iteration": 2, 
        "elapsed_time": 1.4056429862976074, 
        "epoch": 2, 
        "main/accuracy": 0.75, 
        "validation/main/accuracy": 0.3799603283405304
    }, 
    {
        "polynomialshift/lr": 0.099498743710662, 
        "main/loss": 0.7816715240478516, 
        "validation/main/loss": 1.8464113473892212, 
        "iteration": 3, 
        "elapsed_time": 1.6620759963989258, 
        "epoch": 3, 
        "main/accuracy": 0.75, 
        "validation/main/accuracy": 0.3888888955116272
    }, 
    {
        "polynomialshift/lr": 0.09933109617167561, 
        "main/loss": 0.4884780943393707, 
        "validation/main/loss": 1.8822227716445923, 
        "iteration": 4, 
        "elapsed_time": 1.9148988723754883, 
        "epoch": 4, 
        "main/accuracy": 0.75, 
        "validation/main/accuracy": 0.3968254029750824
    }, 
    {
        "polynomialshift/lr": 0.09916316520429011, 
        "main/loss": 0.3224247992038727, 
        "validation/main/loss": 1.8962829113006592, 
        "iteration": 5, 
        "elapsed_time": 2.1884047985076904, 
        "epoch": 5, 
        "main/accuracy": 1.0, 
        "validation/main/accuracy": 0.3968254029750824
    }, 
    {
        "polynomialshift/lr": 0.09899494936611666, 
        "main/loss": 0.23002886772155762, 
        "validation/main/loss": 1.9414410591125488, 
        "iteration": 6, 
        "elapsed_time": 2.463793992996216, 
        "epoch": 6, 
        "main/accuracy": 1.0, 
        "validation/main/accuracy": 0.3968254029750824
    }, 
    {
        "polynomialshift/lr": 0.09882644720249062, 
        "main/loss": 0.17378604412078857, 
        "validation/main/loss": 1.9676241874694824, 
        "iteration": 7, 
        "elapsed_time": 2.7359049320220947, 
        "epoch": 7, 
        "main/accuracy": 1.0, 
        "validation/main/accuracy": 0.3908730149269104
    }, 
    {
        "polynomialshift/lr": 0.09865765724632496, 
        "main/loss": 0.13737958669662476, 
        "validation/main/loss": 2.001338481903076, 
        "iteration": 8, 
        "elapsed_time": 3.0298469066619873, 
        "epoch": 8, 
        "main/accuracy": 1.0, 
        "validation/main/accuracy": 0.3888888955116272
    }, 
    {
        "polynomialshift/lr": 0.09848857801796106, 
        "main/loss": 0.11241209506988525, 
        "validation/main/loss": 2.0319793224334717, 
        "iteration": 9, 
        "elapsed_time": 3.3369879722595215, 
        "epoch": 9, 
        "main/accuracy": 1.0, 
        "validation/main/accuracy": 0.3878968358039856
    }, 
    {
        "polynomialshift/lr": 0.09831920802501751, 
        "main/loss": 0.09450298547744751, 
        "validation/main/loss": 2.0608956813812256, 
        "iteration": 10, 
        "elapsed_time": 3.6291608810424805, 
        "epoch": 10, 
        "main/accuracy": 1.0, 
        "validation/main/accuracy": 0.38591268658638
    }, 
    {
        "polynomialshift/lr": 0.09814954576223639, 
        "main/loss": 0.08120495080947876, 
        "validation/main/loss": 2.088205337524414, 
        "iteration": 11, 
        "elapsed_time": 3.9246628284454346, 
        "epoch": 11, 
        "main/accuracy": 1.0, 
        "validation/main/accuracy": 0.3908730149269104
    }, 
    {
        "polynomialshift/lr": 0.09797958971132713, 
        "main/loss": 0.07097679376602173, 
        "validation/main/loss": 2.113997220993042, 
        "iteration": 12, 
        "elapsed_time": 4.208250999450684, 
        "epoch": 12, 
        "main/accuracy": 1.0, 
        "validation/main/accuracy": 0.3878968358039856
    }, 
    {
        "polynomialshift/lr": 0.09780933834080807, 
        "main/loss": 0.06288641691207886, 
        "validation/main/loss": 2.138618230819702, 
        "iteration": 13, 
        "elapsed_time": 4.4793219566345215, 
        "epoch": 13, 
        "main/accuracy": 1.0, 
        "validation/main/accuracy": 0.3898809552192688
    }, 
    {
        "polynomialshift/lr": 0.0976387901058454, 
        "main/loss": 0.056263864040374756, 
        "validation/main/loss": 2.1609692573547363, 
        "iteration": 14, 
        "elapsed_time": 4.760762929916382, 
        "epoch": 14, 
        "main/accuracy": 1.0, 
        "validation/main/accuracy": 0.3908730149269104
    }, 
    {
        "polynomialshift/lr": 0.09746794344808964, 
        "main/loss": 0.05085456371307373, 
        "validation/main/loss": 2.1817147731781006, 
        "iteration": 15, 
        "elapsed_time": 5.071549892425537, 
        "epoch": 15, 
        "main/accuracy": 1.0, 
        "validation/main/accuracy": 0.3898809552192688
    }, 
    {
        "polynomialshift/lr": 0.09729679679550951, 
        "main/loss": 0.046358704566955566, 
        "validation/main/loss": 2.201369524002075, 
        "iteration": 16, 
        "elapsed_time": 5.370752811431885, 
        "epoch": 16, 
        "main/accuracy": 1.0, 
        "validation/main/accuracy": 0.3888888955116272
    }, 
    {
        "polynomialshift/lr": 0.0971253485622231, 
        "main/loss": 0.042566120624542236, 
        "validation/main/loss": 2.2200419902801514, 
        "iteration": 17, 
        "elapsed_time": 5.649792909622192, 
        "epoch": 17, 
        "main/accuracy": 1.0, 
        "validation/main/accuracy": 0.3898809552192688
    }, 
    {
        "polynomialshift/lr": 0.09695359714832658, 
        "main/loss": 0.039328813552856445, 
        "validation/main/loss": 2.2378368377685547, 
        "iteration": 18, 
        "elapsed_time": 5.921433925628662, 
        "epoch": 18, 
        "main/accuracy": 1.0, 
        "validation/main/accuracy": 0.3898809552192688
    }, 
    {
        "polynomialshift/lr": 0.09678154093971984, 
        "main/loss": 0.0365331768989563, 
        "validation/main/loss": 2.2548305988311768, 
        "iteration": 19, 
        "elapsed_time": 6.167259931564331, 
        "epoch": 19, 
        "main/accuracy": 1.0, 
        "validation/main/accuracy": 0.3888888955116272
    }, 
    {
        "polynomialshift/lr": 0.09660917830792959, 
        "main/loss": 0.0340958833694458, 
        "validation/main/loss": 2.271069288253784, 
        "iteration": 20, 
        "elapsed_time": 6.428947925567627, 
        "epoch": 20, 
        "main/accuracy": 1.0, 
        "validation/main/accuracy": 0.3878968358039856
    }, 
    {
        "polynomialshift/lr": 0.09643650760992956, 
        "main/loss": 0.03195291757583618, 
        "validation/main/loss": 2.2866051197052, 
        "iteration": 21, 
        "elapsed_time": 6.6900129318237305, 
        "epoch": 21, 
        "main/accuracy": 1.0, 
        "validation/main/accuracy": 0.386904776096344
    }, 
    {
        "polynomialshift/lr": 0.09626352718795768, 
        "main/loss": 0.03005439043045044, 
        "validation/main/loss": 2.3014869689941406, 
        "iteration": 22, 
        "elapsed_time": 6.958624839782715, 
        "epoch": 22, 
        "main/accuracy": 1.0, 
        "validation/main/accuracy": 0.3888888955116272
    }, 
    {
        "polynomialshift/lr": 0.0960902353693305, 
        "main/loss": 0.02836143970489502, 
        "validation/main/loss": 2.3157870769500732, 
        "iteration": 23, 
        "elapsed_time": 7.232679843902588, 
        "epoch": 23, 
        "main/accuracy": 1.0, 
        "validation/main/accuracy": 0.3888888955116272
    }, 
    {
        "polynomialshift/lr": 0.0959166304662544, 
        "main/loss": 0.026842832565307617, 
        "validation/main/loss": 2.3295440673828125, 
        "iteration": 24, 
        "elapsed_time": 7.544028997421265, 
        "epoch": 24, 
        "main/accuracy": 1.0, 
        "validation/main/accuracy": 0.386904776096344
    }, 
    {
        "polynomialshift/lr": 0.09574271077563382, 
        "main/loss": 0.025472939014434814, 
        "validation/main/loss": 2.3427977561950684, 
        "iteration": 25, 
        "elapsed_time": 7.8088178634643555, 
        "epoch": 25, 
        "main/accuracy": 1.0, 
        "validation/main/accuracy": 0.38591268658638
    }, 
    {
        "polynomialshift/lr": 0.09556847457887635, 
        "main/loss": 0.024231791496276855, 
        "validation/main/loss": 2.3555808067321777, 
        "iteration": 26, 
        "elapsed_time": 8.051712989807129, 
        "epoch": 26, 
        "main/accuracy": 1.0, 
        "validation/main/accuracy": 0.38591268658638
    }, 
    {
        "polynomialshift/lr": 0.09539392014169457, 
        "main/loss": 0.023101866245269775, 
        "validation/main/loss": 2.367907762527466, 
        "iteration": 27, 
        "elapsed_time": 8.319047927856445, 
        "epoch": 27, 
        "main/accuracy": 1.0, 
        "validation/main/accuracy": 0.386904776096344
    }, 
    {
        "polynomialshift/lr": 0.09521904571390466, 
        "main/loss": 0.022069215774536133, 
        "validation/main/loss": 2.3798184394836426, 
        "iteration": 28, 
        "elapsed_time": 8.59649395942688, 
        "epoch": 28, 
        "main/accuracy": 1.0, 
        "validation/main/accuracy": 0.3878968358039856
    }, 
    {
        "polynomialshift/lr": 0.09504384952922168, 
        "main/loss": 0.021121859550476074, 
        "validation/main/loss": 2.3913443088531494, 
        "iteration": 29, 
        "elapsed_time": 8.889165878295898, 
        "epoch": 29, 
        "main/accuracy": 1.0, 
        "validation/main/accuracy": 0.3888888955116272
    }, 
    {
        "polynomialshift/lr": 0.09486832980505139, 
        "main/loss": 0.02024996280670166, 
        "validation/main/loss": 2.402510166168213, 
        "iteration": 30, 
        "elapsed_time": 9.14316987991333, 
        "epoch": 30, 
        "main/accuracy": 1.0, 
        "validation/main/accuracy": 0.3898809552192688
    }, 
    {
        "polynomialshift/lr": 0.09469248474227861, 
        "main/loss": 0.019444763660430908, 
        "validation/main/loss": 2.4133355617523193, 
        "iteration": 31, 
        "elapsed_time": 9.418444871902466, 
        "epoch": 31, 
        "main/accuracy": 1.0, 
        "validation/main/accuracy": 0.3888888955116272
    }, 
    {
        "polynomialshift/lr": 0.09451631252505217, 
        "main/loss": 0.018699347972869873, 
        "validation/main/loss": 2.4238414764404297, 
        "iteration": 32, 
        "elapsed_time": 9.712085008621216, 
        "epoch": 32, 
        "main/accuracy": 1.0, 
        "validation/main/accuracy": 0.3888888955116272
    }, 
    {
        "polynomialshift/lr": 0.09433981132056604, 
        "main/loss": 0.018006742000579834, 
        "validation/main/loss": 2.434044361114502, 
        "iteration": 33, 
        "elapsed_time": 10.061270952224731, 
        "epoch": 33, 
        "main/accuracy": 1.0, 
        "validation/main/accuracy": 0.3888888955116272
    }, 
    {
        "polynomialshift/lr": 0.0941629792788369, 
        "main/loss": 0.017362117767333984, 
        "validation/main/loss": 2.4439609050750732, 
        "iteration": 34, 
        "elapsed_time": 10.338239908218384, 
        "epoch": 34, 
        "main/accuracy": 1.0, 
        "validation/main/accuracy": 0.3888888955116272
    }, 
    {
        "polynomialshift/lr": 0.0939858145324779, 
        "main/loss": 0.016760706901550293, 
        "validation/main/loss": 2.4536068439483643, 
        "iteration": 35, 
        "elapsed_time": 10.59331488609314, 
        "epoch": 35, 
        "main/accuracy": 1.0, 
        "validation/main/accuracy": 0.386904776096344
    }, 
    {
        "polynomialshift/lr": 0.0938083151964686, 
        "main/loss": 0.01619821786880493, 
        "validation/main/loss": 2.462993860244751, 
        "iteration": 36, 
        "elapsed_time": 10.905751943588257, 
        "epoch": 36, 
        "main/accuracy": 1.0, 
        "validation/main/accuracy": 0.38591268658638
    }, 
    {
        "polynomialshift/lr": 0.09363047936792093, 
        "main/loss": 0.015671074390411377, 
        "validation/main/loss": 2.472137451171875, 
        "iteration": 37, 
        "elapsed_time": 11.163784980773926, 
        "epoch": 37, 
        "main/accuracy": 1.0, 
        "validation/main/accuracy": 0.3849206268787384
    }, 
    {
        "polynomialshift/lr": 0.09345230512584124, 
        "main/loss": 0.015176355838775635, 
        "validation/main/loss": 2.4810471534729004, 
        "iteration": 38, 
        "elapsed_time": 11.445101022720337, 
        "epoch": 38, 
        "main/accuracy": 1.0, 
        "validation/main/accuracy": 0.3849206268787384
    }, 
    {
        "polynomialshift/lr": 0.09327379053088815, 
        "main/loss": 0.014710724353790283, 
        "validation/main/loss": 2.4897360801696777, 
        "iteration": 39, 
        "elapsed_time": 11.734685897827148, 
        "epoch": 39, 
        "main/accuracy": 1.0, 
        "validation/main/accuracy": 0.3849206268787384
    }, 
    {
        "polynomialshift/lr": 0.09309493362512627, 
        "main/loss": 0.014272093772888184, 
        "validation/main/loss": 2.4982151985168457, 
        "iteration": 40, 
        "elapsed_time": 12.040215015411377, 
        "epoch": 40, 
        "main/accuracy": 1.0, 
        "validation/main/accuracy": 0.3849206268787384
    }, 
    {
        "polynomialshift/lr": 0.0929157324317757, 
        "main/loss": 0.013858437538146973, 
        "validation/main/loss": 2.506493330001831, 
        "iteration": 41, 
        "elapsed_time": 12.293630838394165, 
        "epoch": 41, 
        "main/accuracy": 1.0, 
        "validation/main/accuracy": 0.38591268658638
    }, 
    {
        "polynomialshift/lr": 0.09273618495495704, 
        "main/loss": 0.013467133045196533, 
        "validation/main/loss": 2.5145769119262695, 
        "iteration": 42, 
        "elapsed_time": 12.565277814865112, 
        "epoch": 42, 
        "main/accuracy": 1.0, 
        "validation/main/accuracy": 0.38591268658638
    }, 
    {
        "polynomialshift/lr": 0.09255628917943215, 
        "main/loss": 0.013096928596496582, 
        "validation/main/loss": 2.5224769115448, 
        "iteration": 43, 
        "elapsed_time": 12.83857798576355, 
        "epoch": 43, 
        "main/accuracy": 1.0, 
        "validation/main/accuracy": 0.38591268658638
    }, 
    {
        "polynomialshift/lr": 0.09237604307034013, 
        "main/loss": 0.012745976448059082, 
        "validation/main/loss": 2.5301990509033203, 
        "iteration": 44, 
        "elapsed_time": 13.12112283706665, 
        "epoch": 44, 
        "main/accuracy": 1.0, 
        "validation/main/accuracy": 0.3849206268787384
    }, 
    {
        "polynomialshift/lr": 0.09219544457292889, 
        "main/loss": 0.0124129056930542, 
        "validation/main/loss": 2.537753105163574, 
        "iteration": 45, 
        "elapsed_time": 13.363327026367188, 
        "epoch": 45, 
        "main/accuracy": 1.0, 
        "validation/main/accuracy": 0.3839285671710968
    }, 
    {
        "polynomialshift/lr": 0.09201449161228176, 
        "main/loss": 0.012096405029296875, 
        "validation/main/loss": 2.545145034790039, 
        "iteration": 46, 
        "elapsed_time": 13.637125015258789, 
        "epoch": 46, 
        "main/accuracy": 1.0, 
        "validation/main/accuracy": 0.3839285671710968
    }, 
    {
        "polynomialshift/lr": 0.09183318209303941, 
        "main/loss": 0.01179516315460205, 
        "validation/main/loss": 2.552379608154297, 
        "iteration": 47, 
        "elapsed_time": 13.928412914276123, 
        "epoch": 47, 
        "main/accuracy": 1.0, 
        "validation/main/accuracy": 0.3839285671710968
    }, 
    {
        "polynomialshift/lr": 0.0916515138991168, 
        "main/loss": 0.01150822639465332, 
        "validation/main/loss": 2.5594661235809326, 
        "iteration": 48, 
        "elapsed_time": 14.201526880264282, 
        "epoch": 48, 
        "main/accuracy": 1.0, 
        "validation/main/accuracy": 0.3849206268787384
    }, 
    {
        "polynomialshift/lr": 0.09146948489341496, 
        "main/loss": 0.011234760284423828, 
        "validation/main/loss": 2.566406726837158, 
        "iteration": 49, 
        "elapsed_time": 14.478351831436157, 
        "epoch": 49, 
        "main/accuracy": 1.0, 
        "validation/main/accuracy": 0.3849206268787384
    }, 
    {
        "polynomialshift/lr": 0.09128709291752769, 
        "main/loss": 0.010973572731018066, 
        "validation/main/loss": 2.5731987953186035, 
        "iteration": 50, 
        "elapsed_time": 14.757932901382446, 
        "epoch": 50, 
        "main/accuracy": 1.0, 
        "validation/main/accuracy": 0.3849206268787384
    }, 
    {
        "polynomialshift/lr": 0.091104335791443, 
        "main/loss": 0.010724067687988281, 
        "validation/main/loss": 2.579829216003418, 
        "iteration": 51, 
        "elapsed_time": 15.073088884353638, 
        "epoch": 51, 
        "main/accuracy": 1.0, 
        "validation/main/accuracy": 0.3849206268787384
    }, 
    {
        "polynomialshift/lr": 0.09092121131323905, 
        "main/loss": 0.01048731803894043, 
        "validation/main/loss": 2.5862810611724854, 
        "iteration": 52, 
        "elapsed_time": 15.36595892906189, 
        "epoch": 52, 
        "main/accuracy": 1.0, 
        "validation/main/accuracy": 0.3849206268787384
    }, 
    {
        "polynomialshift/lr": 0.09073771725877466, 
        "main/loss": 0.010262131690979004, 
        "validation/main/loss": 2.5926053524017334, 
        "iteration": 53, 
        "elapsed_time": 15.660094022750854, 
        "epoch": 53, 
        "main/accuracy": 1.0, 
        "validation/main/accuracy": 0.3849206268787384
    }, 
    {
        "polynomialshift/lr": 0.09055385138137417, 
        "main/loss": 0.01004648208618164, 
        "validation/main/loss": 2.5988106727600098, 
        "iteration": 54, 
        "elapsed_time": 15.93159794807434, 
        "epoch": 54, 
        "main/accuracy": 1.0, 
        "validation/main/accuracy": 0.3849206268787384
    }, 
    {
        "polynomialshift/lr": 0.0903696114115064, 
        "main/loss": 0.009839415550231934, 
        "validation/main/loss": 2.6048970222473145, 
        "iteration": 55, 
        "elapsed_time": 16.22708296775818, 
        "epoch": 55, 
        "main/accuracy": 1.0, 
        "validation/main/accuracy": 0.3829365074634552
    }, 
    {
        "polynomialshift/lr": 0.09018499505645788, 
        "main/loss": 0.00964057445526123, 
        "validation/main/loss": 2.6108715534210205, 
        "iteration": 56, 
        "elapsed_time": 16.541769981384277, 
        "epoch": 56, 
        "main/accuracy": 1.0, 
        "validation/main/accuracy": 0.3829365074634552
    }, 
    {
        "polynomialshift/lr": 0.09000000000000001, 
        "main/loss": 0.009449362754821777, 
        "validation/main/loss": 2.616737127304077, 
        "iteration": 57, 
        "elapsed_time": 16.8048357963562, 
        "epoch": 57, 
        "main/accuracy": 1.0, 
        "validation/main/accuracy": 0.3829365074634552
    }, 
    {
        "polynomialshift/lr": 0.08981462390204986, 
        "main/loss": 0.009265661239624023, 
        "validation/main/loss": 2.622499942779541, 
        "iteration": 58, 
        "elapsed_time": 17.111389875411987, 
        "epoch": 58, 
        "main/accuracy": 1.0, 
        "validation/main/accuracy": 0.3829365074634552
    }, 
    {
        "polynomialshift/lr": 0.08962886439832501, 
        "main/loss": 0.009088873863220215, 
        "validation/main/loss": 2.6281626224517822, 
        "iteration": 59, 
        "elapsed_time": 17.38865089416504, 
        "epoch": 59, 
        "main/accuracy": 1.0, 
        "validation/main/accuracy": 0.3829365074634552
    }, 
    {
        "polynomialshift/lr": 0.08944271909999159, 
        "main/loss": 0.008918404579162598, 
        "validation/main/loss": 2.6337223052978516, 
        "iteration": 60, 
        "elapsed_time": 17.64423179626465, 
        "epoch": 60, 
        "main/accuracy": 1.0, 
        "validation/main/accuracy": 0.380952388048172
    }, 
    {
        "polynomialshift/lr": 0.08925618559330589, 
        "main/loss": 0.008754491806030273, 
        "validation/main/loss": 2.6391894817352295, 
        "iteration": 61, 
        "elapsed_time": 17.908071994781494, 
        "epoch": 61, 
        "main/accuracy": 1.0, 
        "validation/main/accuracy": 0.380952388048172
    }, 
    {
        "polynomialshift/lr": 0.08906926143924926, 
        "main/loss": 0.008596420288085938, 
        "validation/main/loss": 2.6445658206939697, 
        "iteration": 62, 
        "elapsed_time": 18.20158290863037, 
        "epoch": 62, 
        "main/accuracy": 1.0, 
        "validation/main/accuracy": 0.380952388048172
    }, 
    {
        "polynomialshift/lr": 0.0888819441731559, 
        "main/loss": 0.008443713188171387, 
        "validation/main/loss": 2.649846076965332, 
        "iteration": 63, 
        "elapsed_time": 18.48381781578064, 
        "epoch": 63, 
        "main/accuracy": 1.0, 
        "validation/main/accuracy": 0.380952388048172
    }, 
    {
        "polynomialshift/lr": 0.0886942313043338, 
        "main/loss": 0.008296728134155273, 
        "validation/main/loss": 2.655043363571167, 
        "iteration": 64, 
        "elapsed_time": 18.762703895568848, 
        "epoch": 64, 
        "main/accuracy": 1.0, 
        "validation/main/accuracy": 0.380952388048172
    }, 
    {
        "polynomialshift/lr": 0.08850612031567837, 
        "main/loss": 0.008154034614562988, 
        "validation/main/loss": 2.66015887260437, 
        "iteration": 65, 
        "elapsed_time": 19.003280878067017, 
        "epoch": 65, 
        "main/accuracy": 1.0, 
        "validation/main/accuracy": 0.380952388048172
    }, 
    {
        "polynomialshift/lr": 0.08831760866327848, 
        "main/loss": 0.008016824722290039, 
        "validation/main/loss": 2.665192127227783, 
        "iteration": 66, 
        "elapsed_time": 19.250079870224, 
        "epoch": 66, 
        "main/accuracy": 1.0, 
        "validation/main/accuracy": 0.380952388048172
    }, 
    {
        "polynomialshift/lr": 0.08812869377601523, 
        "main/loss": 0.007883906364440918, 
        "validation/main/loss": 2.6701438426971436, 
        "iteration": 67, 
        "elapsed_time": 19.512256860733032, 
        "epoch": 67, 
        "main/accuracy": 1.0, 
        "validation/main/accuracy": 0.380952388048172
    }, 
    {
        "polynomialshift/lr": 0.0879393730551528, 
        "main/loss": 0.007755398750305176, 
        "validation/main/loss": 2.6750197410583496, 
        "iteration": 68, 
        "elapsed_time": 19.806378841400146, 
        "epoch": 68, 
        "main/accuracy": 1.0, 
        "validation/main/accuracy": 0.3819444477558136
    }, 
    {
        "polynomialshift/lr": 0.08774964387392123, 
        "main/loss": 0.007630705833435059, 
        "validation/main/loss": 2.6798229217529297, 
        "iteration": 69, 
        "elapsed_time": 20.15546679496765, 
        "epoch": 69, 
        "main/accuracy": 1.0, 
        "validation/main/accuracy": 0.3829365074634552
    }, 
    {
        "polynomialshift/lr": 0.08755950357709132, 
        "main/loss": 0.007510542869567871, 
        "validation/main/loss": 2.684555768966675, 
        "iteration": 70, 
        "elapsed_time": 20.45420479774475, 
        "epoch": 70, 
        "main/accuracy": 1.0, 
        "validation/main/accuracy": 0.3829365074634552
    }, 
    {
        "polynomialshift/lr": 0.08736894948054105, 
        "main/loss": 0.007393479347229004, 
        "validation/main/loss": 2.689215898513794, 
        "iteration": 71, 
        "elapsed_time": 20.739832878112793, 
        "epoch": 71, 
        "main/accuracy": 1.0, 
        "validation/main/accuracy": 0.3829365074634552
    }, 
    {
        "polynomialshift/lr": 0.08717797887081347, 
        "main/loss": 0.0072803497314453125, 
        "validation/main/loss": 2.6938023567199707, 
        "iteration": 72, 
        "elapsed_time": 20.99136185646057, 
        "epoch": 72, 
        "main/accuracy": 1.0, 
        "validation/main/accuracy": 0.3829365074634552
    }, 
    {
        "polynomialshift/lr": 0.08698658900466592, 
        "main/loss": 0.007170557975769043, 
        "validation/main/loss": 2.698322296142578, 
        "iteration": 73, 
        "elapsed_time": 21.25524091720581, 
        "epoch": 73, 
        "main/accuracy": 1.0, 
        "validation/main/accuracy": 0.3829365074634552
    }, 
    {
        "polynomialshift/lr": 0.08679477710861025, 
        "main/loss": 0.007064223289489746, 
        "validation/main/loss": 2.7027788162231445, 
        "iteration": 74, 
        "elapsed_time": 21.55760097503662, 
        "epoch": 74, 
        "main/accuracy": 1.0, 
        "validation/main/accuracy": 0.3829365074634552
    }, 
    {
        "polynomialshift/lr": 0.08660254037844387, 
        "main/loss": 0.006960868835449219, 
        "validation/main/loss": 2.7071735858917236, 
        "iteration": 75, 
        "elapsed_time": 21.8262939453125, 
        "epoch": 75, 
        "main/accuracy": 1.0, 
        "validation/main/accuracy": 0.3829365074634552
    }, 
    {
        "polynomialshift/lr": 0.08640987597877148, 
        "main/loss": 0.0068607330322265625, 
        "validation/main/loss": 2.7115063667297363, 
        "iteration": 76, 
        "elapsed_time": 22.09248185157776, 
        "epoch": 76, 
        "main/accuracy": 1.0, 
        "validation/main/accuracy": 0.3829365074634552
    }, 
    {
        "polynomialshift/lr": 0.0862167810425171, 
        "main/loss": 0.006762981414794922, 
        "validation/main/loss": 2.715773105621338, 
        "iteration": 77, 
        "elapsed_time": 22.35064387321472, 
        "epoch": 77, 
        "main/accuracy": 1.0, 
        "validation/main/accuracy": 0.3829365074634552
    }, 
    {
        "polynomialshift/lr": 0.08602325267042626, 
        "main/loss": 0.006668686866760254, 
        "validation/main/loss": 2.719982624053955, 
        "iteration": 78, 
        "elapsed_time": 22.656030893325806, 
        "epoch": 78, 
        "main/accuracy": 1.0, 
        "validation/main/accuracy": 0.3819444477558136
    }, 
    {
        "polynomialshift/lr": 0.08582928793055822, 
        "main/loss": 0.006578564643859863, 
        "validation/main/loss": 2.724095582962036, 
        "iteration": 79, 
        "elapsed_time": 22.925134897232056, 
        "epoch": 79, 
        "main/accuracy": 1.0, 
        "validation/main/accuracy": 0.3819444477558136
    }, 
    {
        "polynomialshift/lr": 0.08563488385776753, 
        "main/loss": 0.006492257118225098, 
        "validation/main/loss": 2.7281503677368164, 
        "iteration": 80, 
        "elapsed_time": 23.179001808166504, 
        "epoch": 80, 
        "main/accuracy": 1.0, 
        "validation/main/accuracy": 0.3819444477558136
    }, 
    {
        "polynomialshift/lr": 0.08544003745317531, 
        "main/loss": 0.006408214569091797, 
        "validation/main/loss": 2.732149600982666, 
        "iteration": 81, 
        "elapsed_time": 23.428147792816162, 
        "epoch": 81, 
        "main/accuracy": 1.0, 
        "validation/main/accuracy": 0.3819444477558136
    }, 
    {
        "polynomialshift/lr": 0.08524474568362948, 
        "main/loss": 0.006326436996459961, 
        "validation/main/loss": 2.7360918521881104, 
        "iteration": 82, 
        "elapsed_time": 23.703674793243408, 
        "epoch": 82, 
        "main/accuracy": 1.0, 
        "validation/main/accuracy": 0.3819444477558136
    }, 
    {
        "polynomialshift/lr": 0.08504900548115384, 
        "main/loss": 0.0062465667724609375, 
        "validation/main/loss": 2.7399792671203613, 
        "iteration": 83, 
        "elapsed_time": 23.962718963623047, 
        "epoch": 83, 
        "main/accuracy": 1.0, 
        "validation/main/accuracy": 0.3819444477558136
    }, 
    {
        "polynomialshift/lr": 0.08485281374238571, 
        "main/loss": 0.006168723106384277, 
        "validation/main/loss": 2.7438151836395264, 
        "iteration": 84, 
        "elapsed_time": 24.240440845489502, 
        "epoch": 84, 
        "main/accuracy": 1.0, 
        "validation/main/accuracy": 0.3819444477558136
    }, 
    {
        "polynomialshift/lr": 0.08465616732800196, 
        "main/loss": 0.006093144416809082, 
        "validation/main/loss": 2.7476024627685547, 
        "iteration": 85, 
        "elapsed_time": 24.49227499961853, 
        "epoch": 85, 
        "main/accuracy": 1.0, 
        "validation/main/accuracy": 0.3819444477558136
    }, 
    {
        "polynomialshift/lr": 0.08445906306213286, 
        "main/loss": 0.006019115447998047, 
        "validation/main/loss": 2.751340389251709, 
        "iteration": 86, 
        "elapsed_time": 24.780696868896484, 
        "epoch": 86, 
        "main/accuracy": 1.0, 
        "validation/main/accuracy": 0.3819444477558136
    }, 
    {
        "polynomialshift/lr": 0.08426149773176358, 
        "main/loss": 0.005947589874267578, 
        "validation/main/loss": 2.7550315856933594, 
        "iteration": 87, 
        "elapsed_time": 25.101114988327026, 
        "epoch": 87, 
        "main/accuracy": 1.0, 
        "validation/main/accuracy": 0.3819444477558136
    }, 
    {
        "polynomialshift/lr": 0.08406346808612328, 
        "main/loss": 0.005877256393432617, 
        "validation/main/loss": 2.7586772441864014, 
        "iteration": 88, 
        "elapsed_time": 25.426833868026733, 
        "epoch": 88, 
        "main/accuracy": 1.0, 
        "validation/main/accuracy": 0.3819444477558136
    }, 
    {
        "polynomialshift/lr": 0.08386497083606083, 
        "main/loss": 0.005808591842651367, 
        "validation/main/loss": 2.7622780799865723, 
        "iteration": 89, 
        "elapsed_time": 25.701051950454712, 
        "epoch": 89, 
        "main/accuracy": 1.0, 
        "validation/main/accuracy": 0.3819444477558136
    }, 
    {
        "polynomialshift/lr": 0.08366600265340757, 
        "main/loss": 0.00574183464050293, 
        "validation/main/loss": 2.7658326625823975, 
        "iteration": 90, 
        "elapsed_time": 25.973145961761475, 
        "epoch": 90, 
        "main/accuracy": 1.0, 
        "validation/main/accuracy": 0.3819444477558136
    }, 
    {
        "polynomialshift/lr": 0.08346656017032611, 
        "main/loss": 0.005676746368408203, 
        "validation/main/loss": 2.7693448066711426, 
        "iteration": 91, 
        "elapsed_time": 26.23311185836792, 
        "epoch": 91, 
        "main/accuracy": 1.0, 
        "validation/main/accuracy": 0.3819444477558136
    }, 
    {
        "polynomialshift/lr": 0.08326663997864531, 
        "main/loss": 0.005613088607788086, 
        "validation/main/loss": 2.772815227508545, 
        "iteration": 92, 
        "elapsed_time": 26.49725580215454, 
        "epoch": 92, 
        "main/accuracy": 1.0, 
        "validation/main/accuracy": 0.3819444477558136
    }, 
    {
        "polynomialshift/lr": 0.08306623862918075, 
        "main/loss": 0.005550980567932129, 
        "validation/main/loss": 2.776244878768921, 
        "iteration": 93, 
        "elapsed_time": 26.76835298538208, 
        "epoch": 93, 
        "main/accuracy": 1.0, 
        "validation/main/accuracy": 0.3819444477558136
    }, 
    {
        "polynomialshift/lr": 0.08286535263104036, 
        "main/loss": 0.00549006462097168, 
        "validation/main/loss": 2.7796339988708496, 
        "iteration": 94, 
        "elapsed_time": 27.05540180206299, 
        "epoch": 94, 
        "main/accuracy": 1.0, 
        "validation/main/accuracy": 0.3819444477558136
    }, 
    {
        "polynomialshift/lr": 0.08266397845091497, 
        "main/loss": 0.005430817604064941, 
        "validation/main/loss": 2.782985210418701, 
        "iteration": 95, 
        "elapsed_time": 27.339141845703125, 
        "epoch": 95, 
        "main/accuracy": 1.0, 
        "validation/main/accuracy": 0.3819444477558136
    }, 
    {
        "polynomialshift/lr": 0.0824621125123532, 
        "main/loss": 0.00537264347076416, 
        "validation/main/loss": 2.7862966060638428, 
        "iteration": 96, 
        "elapsed_time": 27.598829984664917, 
        "epoch": 96, 
        "main/accuracy": 1.0, 
        "validation/main/accuracy": 0.3819444477558136
    }, 
    {
        "polynomialshift/lr": 0.08225975119502045, 
        "main/loss": 0.005316019058227539, 
        "validation/main/loss": 2.7895705699920654, 
        "iteration": 97, 
        "elapsed_time": 27.858022928237915, 
        "epoch": 97, 
        "main/accuracy": 1.0, 
        "validation/main/accuracy": 0.3819444477558136
    }, 
    {
        "polynomialshift/lr": 0.08205689083394115, 
        "main/loss": 0.005260467529296875, 
        "validation/main/loss": 2.7928056716918945, 
        "iteration": 98, 
        "elapsed_time": 28.12619185447693, 
        "epoch": 98, 
        "main/accuracy": 1.0, 
        "validation/main/accuracy": 0.3819444477558136
    }, 
    {
        "polynomialshift/lr": 0.0818535277187245, 
        "main/loss": 0.005206108093261719, 
        "validation/main/loss": 2.7960028648376465, 
        "iteration": 99, 
        "elapsed_time": 28.388700008392334, 
        "epoch": 99, 
        "main/accuracy": 1.0, 
        "validation/main/accuracy": 0.3819444477558136
    }, 
    {
        "polynomialshift/lr": 0.08164965809277261, 
        "main/loss": 0.005153179168701172, 
        "validation/main/loss": 2.7991631031036377, 
        "iteration": 100, 
        "elapsed_time": 28.666258811950684, 
        "epoch": 100, 
        "main/accuracy": 1.0, 
        "validation/main/accuracy": 0.3819444477558136
    }, 
    {
        "polynomialshift/lr": 0.08144527815247078, 
        "main/loss": 0.0051010847091674805, 
        "validation/main/loss": 2.802288055419922, 
        "iteration": 101, 
        "elapsed_time": 28.92358899116516, 
        "epoch": 101, 
        "main/accuracy": 1.0, 
        "validation/main/accuracy": 0.3829365074634552
    }, 
    {
        "polynomialshift/lr": 0.08124038404635961, 
        "main/loss": 0.005050301551818848, 
        "validation/main/loss": 2.80538010597229, 
        "iteration": 102, 
        "elapsed_time": 29.19289493560791, 
        "epoch": 102, 
        "main/accuracy": 1.0, 
        "validation/main/accuracy": 0.3829365074634552
    }, 
    {
        "polynomialshift/lr": 0.08103497187428813, 
        "main/loss": 0.005000472068786621, 
        "validation/main/loss": 2.8084378242492676, 
        "iteration": 103, 
        "elapsed_time": 29.47249698638916, 
        "epoch": 103, 
        "main/accuracy": 1.0, 
        "validation/main/accuracy": 0.3829365074634552
    }, 
    {
        "polynomialshift/lr": 0.08082903768654762, 
        "main/loss": 0.0049517154693603516, 
        "validation/main/loss": 2.8114633560180664, 
        "iteration": 104, 
        "elapsed_time": 29.748260021209717, 
        "epoch": 104, 
        "main/accuracy": 1.0, 
        "validation/main/accuracy": 0.3829365074634552
    }, 
    {
        "polynomialshift/lr": 0.08062257748298551, 
        "main/loss": 0.00490415096282959, 
        "validation/main/loss": 2.8144564628601074, 
        "iteration": 105, 
        "elapsed_time": 30.093505859375, 
        "epoch": 105, 
        "main/accuracy": 1.0, 
        "validation/main/accuracy": 0.3829365074634552
    }, 
    {
        "polynomialshift/lr": 0.0804155872120988, 
        "main/loss": 0.004857182502746582, 
        "validation/main/loss": 2.8174185752868652, 
        "iteration": 106, 
        "elapsed_time": 30.359469890594482, 
        "epoch": 106, 
        "main/accuracy": 1.0, 
        "validation/main/accuracy": 0.3829365074634552
    }, 
    {
        "polynomialshift/lr": 0.08020806277010643, 
        "main/loss": 0.004811406135559082, 
        "validation/main/loss": 2.820349931716919, 
        "iteration": 107, 
        "elapsed_time": 30.60678195953369, 
        "epoch": 107, 
        "main/accuracy": 1.0, 
        "validation/main/accuracy": 0.3829365074634552
    }, 
    {
        "polynomialshift/lr": 0.08000000000000002, 
        "main/loss": 0.004766702651977539, 
        "validation/main/loss": 2.8232507705688477, 
        "iteration": 108, 
        "elapsed_time": 30.942668914794922, 
        "epoch": 108, 
        "main/accuracy": 1.0, 
        "validation/main/accuracy": 0.3829365074634552
    }, 
    {
        "polynomialshift/lr": 0.07979139469057217, 
        "main/loss": 0.004722714424133301, 
        "validation/main/loss": 2.8261208534240723, 
        "iteration": 109, 
        "elapsed_time": 31.1949679851532, 
        "epoch": 109, 
        "main/accuracy": 1.0, 
        "validation/main/accuracy": 0.3839285671710968
    }, 
    {
        "polynomialshift/lr": 0.07958224257542215, 
        "main/loss": 0.004679441452026367, 
        "validation/main/loss": 2.828963279724121, 
        "iteration": 110, 
        "elapsed_time": 31.452188968658447, 
        "epoch": 110, 
        "main/accuracy": 1.0, 
        "validation/main/accuracy": 0.3839285671710968
    }, 
    {
        "polynomialshift/lr": 0.07937253933193772, 
        "main/loss": 0.004637002944946289, 
        "validation/main/loss": 2.831774950027466, 
        "iteration": 111, 
        "elapsed_time": 31.7050359249115, 
        "epoch": 111, 
        "main/accuracy": 1.0, 
        "validation/main/accuracy": 0.3839285671710968
    }, 
    {
        "polynomialshift/lr": 0.07916228058025279, 
        "main/loss": 0.0045958757400512695, 
        "validation/main/loss": 2.834554433822632, 
        "iteration": 112, 
        "elapsed_time": 31.9724338054657, 
        "epoch": 112, 
        "main/accuracy": 1.0, 
        "validation/main/accuracy": 0.3839285671710968
    }, 
    {
        "polynomialshift/lr": 0.07895146188218008, 
        "main/loss": 0.004555106163024902, 
        "validation/main/loss": 2.8373055458068848, 
        "iteration": 113, 
        "elapsed_time": 32.28224492073059, 
        "epoch": 113, 
        "main/accuracy": 1.0, 
        "validation/main/accuracy": 0.3839285671710968
    }, 
    {
        "polynomialshift/lr": 0.07874007874011812, 
        "main/loss": 0.004515409469604492, 
        "validation/main/loss": 2.8400299549102783, 
        "iteration": 114, 
        "elapsed_time": 32.5143678188324, 
        "epoch": 114, 
        "main/accuracy": 1.0, 
        "validation/main/accuracy": 0.3839285671710968
    }, 
    {
        "polynomialshift/lr": 0.07852812659593165, 
        "main/loss": 0.004476189613342285, 
        "validation/main/loss": 2.842726707458496, 
        "iteration": 115, 
        "elapsed_time": 32.75055289268494, 
        "epoch": 115, 
        "main/accuracy": 1.0, 
        "validation/main/accuracy": 0.3839285671710968
    }, 
    {
        "polynomialshift/lr": 0.07831560082980488, 
        "main/loss": 0.004438042640686035, 
        "validation/main/loss": 2.845395088195801, 
        "iteration": 116, 
        "elapsed_time": 32.98841381072998, 
        "epoch": 116, 
        "main/accuracy": 1.0, 
        "validation/main/accuracy": 0.3839285671710968
    }, 
    {
        "polynomialshift/lr": 0.07810249675906655, 
        "main/loss": 0.004400372505187988, 
        "validation/main/loss": 2.8480374813079834, 
        "iteration": 117, 
        "elapsed_time": 33.230122804641724, 
        "epoch": 117, 
        "main/accuracy": 1.0, 
        "validation/main/accuracy": 0.3839285671710968
    }, 
    {
        "polynomialshift/lr": 0.07788880963698616, 
        "main/loss": 0.004363417625427246, 
        "validation/main/loss": 2.8506524562835693, 
        "iteration": 118, 
        "elapsed_time": 33.46870398521423, 
        "epoch": 118, 
        "main/accuracy": 1.0, 
        "validation/main/accuracy": 0.3839285671710968
    }, 
    {
        "polynomialshift/lr": 0.07767453465154028, 
        "main/loss": 0.004327178001403809, 
        "validation/main/loss": 2.8532426357269287, 
        "iteration": 119, 
        "elapsed_time": 33.71034097671509, 
        "epoch": 119, 
        "main/accuracy": 1.0, 
        "validation/main/accuracy": 0.3839285671710968
    }, 
    {
        "polynomialshift/lr": 0.07745966692414835, 
        "main/loss": 0.004291534423828125, 
        "validation/main/loss": 2.855808973312378, 
        "iteration": 120, 
        "elapsed_time": 33.943039894104004, 
        "epoch": 120, 
        "main/accuracy": 1.0, 
        "validation/main/accuracy": 0.3829365074634552
    }, 
    {
        "polynomialshift/lr": 0.07724420150837646, 
        "main/loss": 0.004256844520568848, 
        "validation/main/loss": 2.8584847450256348, 
        "iteration": 121, 
        "elapsed_time": 34.17821288108826, 
        "epoch": 121, 
        "main/accuracy": 1.0, 
        "validation/main/accuracy": 0.3829365074634552
    }, 
    {
        "polynomialshift/lr": 0.07702813338860895, 
        "main/loss": 0.004222989082336426, 
        "validation/main/loss": 2.861011505126953, 
        "iteration": 122, 
        "elapsed_time": 34.414071798324585, 
        "epoch": 122, 
        "main/accuracy": 1.0, 
        "validation/main/accuracy": 0.3829365074634552
    }, 
    {
        "polynomialshift/lr": 0.07681145747868609, 
        "main/loss": 0.0041893720626831055, 
        "validation/main/loss": 2.8635149002075195, 
        "iteration": 123, 
        "elapsed_time": 34.65541386604309, 
        "epoch": 123, 
        "main/accuracy": 1.0, 
        "validation/main/accuracy": 0.3829365074634552
    }, 
    {
        "polynomialshift/lr": 0.07659416862050705, 
        "main/loss": 0.004156231880187988, 
        "validation/main/loss": 2.8659937381744385, 
        "iteration": 124, 
        "elapsed_time": 35.003925800323486, 
        "epoch": 124, 
        "main/accuracy": 1.0, 
        "validation/main/accuracy": 0.3829365074634552
    }, 
    {
        "polynomialshift/lr": 0.07637626158259733, 
        "main/loss": 0.004123568534851074, 
        "validation/main/loss": 2.8684489727020264, 
        "iteration": 125, 
        "elapsed_time": 35.23254990577698, 
        "epoch": 125, 
        "main/accuracy": 1.0, 
        "validation/main/accuracy": 0.3829365074634552
    }, 
    {
        "polynomialshift/lr": 0.0761577310586391, 
        "main/loss": 0.004091620445251465, 
        "validation/main/loss": 2.870879888534546, 
        "iteration": 126, 
        "elapsed_time": 35.459651947021484, 
        "epoch": 126, 
        "main/accuracy": 1.0, 
        "validation/main/accuracy": 0.3819444477558136
    }, 
    {
        "polynomialshift/lr": 0.07593857166596346, 
        "main/loss": 0.004060268402099609, 
        "validation/main/loss": 2.87328839302063, 
        "iteration": 127, 
        "elapsed_time": 35.68572402000427, 
        "epoch": 127, 
        "main/accuracy": 1.0, 
        "validation/main/accuracy": 0.3819444477558136
    }, 
    {
        "polynomialshift/lr": 0.07571877794400365, 
        "main/loss": 0.00402987003326416, 
        "validation/main/loss": 2.8758020401000977, 
        "iteration": 128, 
        "elapsed_time": 35.92189884185791, 
        "epoch": 128, 
        "main/accuracy": 1.0, 
        "validation/main/accuracy": 0.3819444477558136
    }, 
    {
        "polynomialshift/lr": 0.07549834435270751, 
        "main/loss": 0.0039997100830078125, 
        "validation/main/loss": 2.8781747817993164, 
        "iteration": 129, 
        "elapsed_time": 36.24878692626953, 
        "epoch": 129, 
        "main/accuracy": 1.0, 
        "validation/main/accuracy": 0.3819444477558136
    }, 
    {
        "polynomialshift/lr": 0.07527726527090811, 
        "main/loss": 0.003969788551330566, 
        "validation/main/loss": 2.8805246353149414, 
        "iteration": 130, 
        "elapsed_time": 36.51691794395447, 
        "epoch": 130, 
        "main/accuracy": 1.0, 
        "validation/main/accuracy": 0.3819444477558136
    }, 
    {
        "polynomialshift/lr": 0.07505553499465135, 
        "main/loss": 0.0039403438568115234, 
        "validation/main/loss": 2.8828513622283936, 
        "iteration": 131, 
        "elapsed_time": 36.75340485572815, 
        "epoch": 131, 
        "main/accuracy": 1.0, 
        "validation/main/accuracy": 0.3819444477558136
    }, 
    {
        "polynomialshift/lr": 0.07483314773547883, 
        "main/loss": 0.003911614418029785, 
        "validation/main/loss": 2.885157346725464, 
        "iteration": 132, 
        "elapsed_time": 36.98002600669861, 
        "epoch": 132, 
        "main/accuracy": 1.0, 
        "validation/main/accuracy": 0.3819444477558136
    }, 
    {
        "polynomialshift/lr": 0.07461009761866465, 
        "main/loss": 0.0038834810256958008, 
        "validation/main/loss": 2.8874423503875732, 
        "iteration": 133, 
        "elapsed_time": 37.21256995201111, 
        "epoch": 133, 
        "main/accuracy": 1.0, 
        "validation/main/accuracy": 0.3819444477558136
    }, 
    {
        "polynomialshift/lr": 0.07438637868140467, 
        "main/loss": 0.003855586051940918, 
        "validation/main/loss": 2.889826536178589, 
        "iteration": 134, 
        "elapsed_time": 37.55049395561218, 
        "epoch": 134, 
        "main/accuracy": 1.0, 
        "validation/main/accuracy": 0.3819444477558136
    }, 
    {
        "polynomialshift/lr": 0.07416198487095664, 
        "main/loss": 0.0038286447525024414, 
        "validation/main/loss": 2.8920772075653076, 
        "iteration": 135, 
        "elapsed_time": 37.77434182167053, 
        "epoch": 135, 
        "main/accuracy": 1.0, 
        "validation/main/accuracy": 0.3819444477558136
    }, 
    {
        "polynomialshift/lr": 0.07393691004272944, 
        "main/loss": 0.003801584243774414, 
        "validation/main/loss": 2.894305944442749, 
        "iteration": 136, 
        "elapsed_time": 38.05083394050598, 
        "epoch": 136, 
        "main/accuracy": 1.0, 
        "validation/main/accuracy": 0.3819444477558136
    }, 
    {
        "polynomialshift/lr": 0.07371114795831994, 
        "main/loss": 0.00377500057220459, 
        "validation/main/loss": 2.8965158462524414, 
        "iteration": 137, 
        "elapsed_time": 38.45481586456299, 
        "epoch": 137, 
        "main/accuracy": 1.0, 
        "validation/main/accuracy": 0.3819444477558136
    }, 
    {
        "polynomialshift/lr": 0.07348469228349534, 
        "main/loss": 0.003748655319213867, 
        "validation/main/loss": 2.8987035751342773, 
        "iteration": 138, 
        "elapsed_time": 38.70095181465149, 
        "epoch": 138, 
        "main/accuracy": 1.0, 
        "validation/main/accuracy": 0.3819444477558136
    }, 
    {
        "polynomialshift/lr": 0.0732575365861197, 
        "main/loss": 0.0037232637405395508, 
        "validation/main/loss": 2.900872230529785, 
        "iteration": 139, 
        "elapsed_time": 38.93560481071472, 
        "epoch": 139, 
        "main/accuracy": 1.0, 
        "validation/main/accuracy": 0.3819444477558136
    }, 
    {
        "polynomialshift/lr": 0.07302967433402215, 
        "main/loss": 0.0036977529525756836, 
        "validation/main/loss": 2.9031357765197754, 
        "iteration": 140, 
        "elapsed_time": 39.17740797996521, 
        "epoch": 140, 
        "main/accuracy": 1.0, 
        "validation/main/accuracy": 0.3819444477558136
    }, 
    {
        "polynomialshift/lr": 0.07280109889280519, 
        "main/loss": 0.0036734342575073242, 
        "validation/main/loss": 2.9052722454071045, 
        "iteration": 141, 
        "elapsed_time": 39.40972900390625, 
        "epoch": 141, 
        "main/accuracy": 1.0, 
        "validation/main/accuracy": 0.3819444477558136
    }, 
    {
        "polynomialshift/lr": 0.07257180352359081, 
        "main/loss": 0.0036488771438598633, 
        "validation/main/loss": 2.907388925552368, 
        "iteration": 142, 
        "elapsed_time": 39.66108298301697, 
        "epoch": 142, 
        "main/accuracy": 1.0, 
        "validation/main/accuracy": 0.3819444477558136
    }, 
    {
        "polynomialshift/lr": 0.07234178138070235, 
        "main/loss": 0.0036247968673706055, 
        "validation/main/loss": 2.909485340118408, 
        "iteration": 143, 
        "elapsed_time": 39.92200684547424, 
        "epoch": 143, 
        "main/accuracy": 1.0, 
        "validation/main/accuracy": 0.3819444477558136
    }, 
    {
        "polynomialshift/lr": 0.0721110255092798, 
        "main/loss": 0.00360107421875, 
        "validation/main/loss": 2.91156268119812, 
        "iteration": 144, 
        "elapsed_time": 40.178107023239136, 
        "epoch": 144, 
        "main/accuracy": 1.0, 
        "validation/main/accuracy": 0.3819444477558136
    }, 
    {
        "polynomialshift/lr": 0.07187952884282608, 
        "main/loss": 0.003577709197998047, 
        "validation/main/loss": 2.9136228561401367, 
        "iteration": 145, 
        "elapsed_time": 40.416990995407104, 
        "epoch": 145, 
        "main/accuracy": 1.0, 
        "validation/main/accuracy": 0.3819444477558136
    }, 
    {
        "polynomialshift/lr": 0.07164728420068227, 
        "main/loss": 0.0035549402236938477, 
        "validation/main/loss": 2.915773391723633, 
        "iteration": 146, 
        "elapsed_time": 40.64779090881348, 
        "epoch": 146, 
        "main/accuracy": 1.0, 
        "validation/main/accuracy": 0.3819444477558136
    }, 
    {
        "polynomialshift/lr": 0.0714142842854285, 
        "main/loss": 0.0035325288772583008, 
        "validation/main/loss": 2.9178028106689453, 
        "iteration": 147, 
        "elapsed_time": 40.8862419128418, 
        "epoch": 147, 
        "main/accuracy": 1.0, 
        "validation/main/accuracy": 0.3819444477558136
    }, 
    {
        "polynomialshift/lr": 0.07118052168020875, 
        "main/loss": 0.003510117530822754, 
        "validation/main/loss": 2.919813632965088, 
        "iteration": 148, 
        "elapsed_time": 41.138733863830566, 
        "epoch": 148, 
        "main/accuracy": 1.0, 
        "validation/main/accuracy": 0.3819444477558136
    }, 
    {
        "polynomialshift/lr": 0.07094598884597589, 
        "main/loss": 0.0034879446029663086, 
        "validation/main/loss": 2.9218058586120605, 
        "iteration": 149, 
        "elapsed_time": 41.40036082267761, 
        "epoch": 149, 
        "main/accuracy": 1.0, 
        "validation/main/accuracy": 0.3819444477558136
    }, 
    {
        "polynomialshift/lr": 0.07071067811865477, 
        "main/loss": 0.003466486930847168, 
        "validation/main/loss": 2.923781156539917, 
        "iteration": 150, 
        "elapsed_time": 41.737849950790405, 
        "epoch": 150, 
        "main/accuracy": 1.0, 
        "validation/main/accuracy": 0.3819444477558136
    }
]