[
    {
        "polynomialshift/lr": 0.09983319421247959, 
        "main/loss": 3.35111665725708, 
        "validation/main/loss": 2.8019561767578125, 
        "iteration": 1, 
        "elapsed_time": 1.211663007736206, 
        "epoch": 1, 
        "main/accuracy": 0.0, 
        "validation/main/accuracy": 0.2212301641702652
    }, 
    {
        "polynomialshift/lr": 0.09966610925150703, 
        "main/loss": 2.2331905364990234, 
        "validation/main/loss": 2.4562675952911377, 
        "iteration": 2, 
        "elapsed_time": 1.4558250904083252, 
        "epoch": 2, 
        "main/accuracy": 0.5, 
        "validation/main/accuracy": 0.443452388048172
    }, 
    {
        "polynomialshift/lr": 0.099498743710662, 
        "main/loss": 0.9318910837173462, 
        "validation/main/loss": 3.100067615509033, 
        "iteration": 3, 
        "elapsed_time": 1.6995270252227783, 
        "epoch": 3, 
        "main/accuracy": 1.0, 
        "validation/main/accuracy": 0.4583333432674408
    }, 
    {
        "polynomialshift/lr": 0.09933109617167561, 
        "main/loss": 0.09457910060882568, 
        "validation/main/loss": 3.4114410877227783, 
        "iteration": 4, 
        "elapsed_time": 1.9927968978881836, 
        "epoch": 4, 
        "main/accuracy": 1.0, 
        "validation/main/accuracy": 0.4583333432674408
    }, 
    {
        "polynomialshift/lr": 0.09916316520429011, 
        "main/loss": 0.0454787015914917, 
        "validation/main/loss": 3.6029114723205566, 
        "iteration": 5, 
        "elapsed_time": 2.233046054840088, 
        "epoch": 5, 
        "main/accuracy": 1.0, 
        "validation/main/accuracy": 0.4583333432674408
    }, 
    {
        "polynomialshift/lr": 0.09899494936611666, 
        "main/loss": 0.029268860816955566, 
        "validation/main/loss": 3.7317421436309814, 
        "iteration": 6, 
        "elapsed_time": 2.507481098175049, 
        "epoch": 6, 
        "main/accuracy": 1.0, 
        "validation/main/accuracy": 0.4583333432674408
    }, 
    {
        "polynomialshift/lr": 0.09882644720249062, 
        "main/loss": 0.02193164825439453, 
        "validation/main/loss": 3.830192804336548, 
        "iteration": 7, 
        "elapsed_time": 2.7966809272766113, 
        "epoch": 7, 
        "main/accuracy": 1.0, 
        "validation/main/accuracy": 0.4583333432674408
    }, 
    {
        "polynomialshift/lr": 0.09865765724632496, 
        "main/loss": 0.01761913299560547, 
        "validation/main/loss": 3.9102258682250977, 
        "iteration": 8, 
        "elapsed_time": 3.066220998764038, 
        "epoch": 8, 
        "main/accuracy": 1.0, 
        "validation/main/accuracy": 0.4583333432674408
    }, 
    {
        "polynomialshift/lr": 0.09848857801796106, 
        "main/loss": 0.014760732650756836, 
        "validation/main/loss": 3.9780755043029785, 
        "iteration": 9, 
        "elapsed_time": 3.370469093322754, 
        "epoch": 9, 
        "main/accuracy": 1.0, 
        "validation/main/accuracy": 0.4583333432674408
    }, 
    {
        "polynomialshift/lr": 0.09831920802501751, 
        "main/loss": 0.012715935707092285, 
        "validation/main/loss": 4.037029266357422, 
        "iteration": 10, 
        "elapsed_time": 3.617616891860962, 
        "epoch": 10, 
        "main/accuracy": 1.0, 
        "validation/main/accuracy": 0.4583333432674408
    }, 
    {
        "polynomialshift/lr": 0.09814954576223639, 
        "main/loss": 0.011174798011779785, 
        "validation/main/loss": 4.089198112487793, 
        "iteration": 11, 
        "elapsed_time": 3.881369113922119, 
        "epoch": 11, 
        "main/accuracy": 1.0, 
        "validation/main/accuracy": 0.4583333432674408
    }, 
    {
        "polynomialshift/lr": 0.09797958971132713, 
        "main/loss": 0.009970784187316895, 
        "validation/main/loss": 4.136012554168701, 
        "iteration": 12, 
        "elapsed_time": 4.15304708480835, 
        "epoch": 12, 
        "main/accuracy": 1.0, 
        "validation/main/accuracy": 0.4583333432674408
    }, 
    {
        "polynomialshift/lr": 0.09780933834080807, 
        "main/loss": 0.00900280475616455, 
        "validation/main/loss": 4.178489685058594, 
        "iteration": 13, 
        "elapsed_time": 4.44066309928894, 
        "epoch": 13, 
        "main/accuracy": 1.0, 
        "validation/main/accuracy": 0.4583333432674408
    }, 
    {
        "polynomialshift/lr": 0.0976387901058454, 
        "main/loss": 0.00820779800415039, 
        "validation/main/loss": 4.217373371124268, 
        "iteration": 14, 
        "elapsed_time": 4.689966917037964, 
        "epoch": 14, 
        "main/accuracy": 1.0, 
        "validation/main/accuracy": 0.4583333432674408
    }, 
    {
        "polynomialshift/lr": 0.09746794344808964, 
        "main/loss": 0.007542610168457031, 
        "validation/main/loss": 4.25323486328125, 
        "iteration": 15, 
        "elapsed_time": 4.965950965881348, 
        "epoch": 15, 
        "main/accuracy": 1.0, 
        "validation/main/accuracy": 0.4583333432674408
    }, 
    {
        "polynomialshift/lr": 0.09729679679550951, 
        "main/loss": 0.006978034973144531, 
        "validation/main/loss": 4.2865118980407715, 
        "iteration": 16, 
        "elapsed_time": 5.221513032913208, 
        "epoch": 16, 
        "main/accuracy": 1.0, 
        "validation/main/accuracy": 0.4583333432674408
    }, 
    {
        "polynomialshift/lr": 0.0971253485622231, 
        "main/loss": 0.0064928531646728516, 
        "validation/main/loss": 4.317558765411377, 
        "iteration": 17, 
        "elapsed_time": 5.465558052062988, 
        "epoch": 17, 
        "main/accuracy": 1.0, 
        "validation/main/accuracy": 0.4583333432674408
    }, 
    {
        "polynomialshift/lr": 0.09695359714832658, 
        "main/loss": 0.006070971488952637, 
        "validation/main/loss": 4.346653938293457, 
        "iteration": 18, 
        "elapsed_time": 5.7119550704956055, 
        "epoch": 18, 
        "main/accuracy": 1.0, 
        "validation/main/accuracy": 0.4583333432674408
    }, 
    {
        "polynomialshift/lr": 0.09678154093971984, 
        "main/loss": 0.005701303482055664, 
        "validation/main/loss": 4.374026298522949, 
        "iteration": 19, 
        "elapsed_time": 5.9595160484313965, 
        "epoch": 19, 
        "main/accuracy": 1.0, 
        "validation/main/accuracy": 0.4583333432674408
    }, 
    {
        "polynomialshift/lr": 0.09660917830792959, 
        "main/loss": 0.005374312400817871, 
        "validation/main/loss": 4.399875164031982, 
        "iteration": 20, 
        "elapsed_time": 6.2850329875946045, 
        "epoch": 20, 
        "main/accuracy": 1.0, 
        "validation/main/accuracy": 0.4583333432674408
    }, 
    {
        "polynomialshift/lr": 0.09643650760992956, 
        "main/loss": 0.005083203315734863, 
        "validation/main/loss": 4.424360752105713, 
        "iteration": 21, 
        "elapsed_time": 6.658325910568237, 
        "epoch": 21, 
        "main/accuracy": 1.0, 
        "validation/main/accuracy": 0.4583333432674408
    }, 
    {
        "polynomialshift/lr": 0.09626352718795768, 
        "main/loss": 0.004822373390197754, 
        "validation/main/loss": 4.4476237297058105, 
        "iteration": 22, 
        "elapsed_time": 6.975172996520996, 
        "epoch": 22, 
        "main/accuracy": 1.0, 
        "validation/main/accuracy": 0.4583333432674408
    }, 
    {
        "polynomialshift/lr": 0.0960902353693305, 
        "main/loss": 0.004587054252624512, 
        "validation/main/loss": 4.469776630401611, 
        "iteration": 23, 
        "elapsed_time": 7.3250041007995605, 
        "epoch": 23, 
        "main/accuracy": 1.0, 
        "validation/main/accuracy": 0.4583333432674408
    }, 
    {
        "polynomialshift/lr": 0.0959166304662544, 
        "main/loss": 0.004373788833618164, 
        "validation/main/loss": 4.490920066833496, 
        "iteration": 24, 
        "elapsed_time": 7.682096004486084, 
        "epoch": 24, 
        "main/accuracy": 1.0, 
        "validation/main/accuracy": 0.4583333432674408
    }, 
    {
        "polynomialshift/lr": 0.09574271077563382, 
        "main/loss": 0.004179596900939941, 
        "validation/main/loss": 4.511142253875732, 
        "iteration": 25, 
        "elapsed_time": 7.964343070983887, 
        "epoch": 25, 
        "main/accuracy": 1.0, 
        "validation/main/accuracy": 0.4583333432674408
    }, 
    {
        "polynomialshift/lr": 0.09556847457887635, 
        "main/loss": 0.004002213478088379, 
        "validation/main/loss": 4.530519962310791, 
        "iteration": 26, 
        "elapsed_time": 8.318530082702637, 
        "epoch": 26, 
        "main/accuracy": 1.0, 
        "validation/main/accuracy": 0.4583333432674408
    }, 
    {
        "polynomialshift/lr": 0.09539392014169457, 
        "main/loss": 0.0038396120071411133, 
        "validation/main/loss": 4.5491204261779785, 
        "iteration": 27, 
        "elapsed_time": 8.568095922470093, 
        "epoch": 27, 
        "main/accuracy": 1.0, 
        "validation/main/accuracy": 0.4583333432674408
    }, 
    {
        "polynomialshift/lr": 0.09521904571390466, 
        "main/loss": 0.0036896467208862305, 
        "validation/main/loss": 4.567002296447754, 
        "iteration": 28, 
        "elapsed_time": 8.81845211982727, 
        "epoch": 28, 
        "main/accuracy": 1.0, 
        "validation/main/accuracy": 0.4583333432674408
    }, 
    {
        "polynomialshift/lr": 0.09504384952922168, 
        "main/loss": 0.003551006317138672, 
        "validation/main/loss": 4.5842180252075195, 
        "iteration": 29, 
        "elapsed_time": 9.076473951339722, 
        "epoch": 29, 
        "main/accuracy": 1.0, 
        "validation/main/accuracy": 0.4583333432674408
    }, 
    {
        "polynomialshift/lr": 0.09486832980505139, 
        "main/loss": 0.003422856330871582, 
        "validation/main/loss": 4.6008172035217285, 
        "iteration": 30, 
        "elapsed_time": 9.33045506477356, 
        "epoch": 30, 
        "main/accuracy": 1.0, 
        "validation/main/accuracy": 0.4583333432674408
    }, 
    {
        "polynomialshift/lr": 0.09469248474227861, 
        "main/loss": 0.00330352783203125, 
        "validation/main/loss": 4.616842746734619, 
        "iteration": 31, 
        "elapsed_time": 9.582796096801758, 
        "epoch": 31, 
        "main/accuracy": 1.0, 
        "validation/main/accuracy": 0.4583333432674408
    }, 
    {
        "polynomialshift/lr": 0.09451631252505217, 
        "main/loss": 0.003192424774169922, 
        "validation/main/loss": 4.632328033447266, 
        "iteration": 32, 
        "elapsed_time": 9.844120025634766, 
        "epoch": 32, 
        "main/accuracy": 1.0, 
        "validation/main/accuracy": 0.4583333432674408
    }, 
    {
        "polynomialshift/lr": 0.09433981132056604, 
        "main/loss": 0.0030890703201293945, 
        "validation/main/loss": 4.647315979003906, 
        "iteration": 33, 
        "elapsed_time": 10.08193302154541, 
        "epoch": 33, 
        "main/accuracy": 1.0, 
        "validation/main/accuracy": 0.4583333432674408
    }, 
    {
        "polynomialshift/lr": 0.0941629792788369, 
        "main/loss": 0.0029916763305664062, 
        "validation/main/loss": 4.661828994750977, 
        "iteration": 34, 
        "elapsed_time": 10.353245973587036, 
        "epoch": 34, 
        "main/accuracy": 1.0, 
        "validation/main/accuracy": 0.4583333432674408
    }, 
    {
        "polynomialshift/lr": 0.0939858145324779, 
        "main/loss": 0.0029006004333496094, 
        "validation/main/loss": 4.6758952140808105, 
        "iteration": 35, 
        "elapsed_time": 10.607266902923584, 
        "epoch": 35, 
        "main/accuracy": 1.0, 
        "validation/main/accuracy": 0.4583333432674408
    }, 
    {
        "polynomialshift/lr": 0.0938083151964686, 
        "main/loss": 0.0028150081634521484, 
        "validation/main/loss": 4.68954610824585, 
        "iteration": 36, 
        "elapsed_time": 10.844950914382935, 
        "epoch": 36, 
        "main/accuracy": 1.0, 
        "validation/main/accuracy": 0.4583333432674408
    }, 
    {
        "polynomialshift/lr": 0.09363047936792093, 
        "main/loss": 0.0027344226837158203, 
        "validation/main/loss": 4.702802658081055, 
        "iteration": 37, 
        "elapsed_time": 11.139275074005127, 
        "epoch": 37, 
        "main/accuracy": 1.0, 
        "validation/main/accuracy": 0.4583333432674408
    }, 
    {
        "polynomialshift/lr": 0.09345230512584124, 
        "main/loss": 0.002658367156982422, 
        "validation/main/loss": 4.7156853675842285, 
        "iteration": 38, 
        "elapsed_time": 11.44417691230774, 
        "epoch": 38, 
        "main/accuracy": 1.0, 
        "validation/main/accuracy": 0.4583333432674408
    }, 
    {
        "polynomialshift/lr": 0.09327379053088815, 
        "main/loss": 0.0025866031646728516, 
        "validation/main/loss": 4.728217124938965, 
        "iteration": 39, 
        "elapsed_time": 11.697911977767944, 
        "epoch": 39, 
        "main/accuracy": 1.0, 
        "validation/main/accuracy": 0.4583333432674408
    }, 
    {
        "polynomialshift/lr": 0.09309493362512627, 
        "main/loss": 0.0025186538696289062, 
        "validation/main/loss": 4.740415096282959, 
        "iteration": 40, 
        "elapsed_time": 11.958585977554321, 
        "epoch": 40, 
        "main/accuracy": 1.0, 
        "validation/main/accuracy": 0.4583333432674408
    }, 
    {
        "polynomialshift/lr": 0.0929157324317757, 
        "main/loss": 0.002454042434692383, 
        "validation/main/loss": 4.752293586730957, 
        "iteration": 41, 
        "elapsed_time": 12.217895030975342, 
        "epoch": 41, 
        "main/accuracy": 1.0, 
        "validation/main/accuracy": 0.4583333432674408
    }, 
    {
        "polynomialshift/lr": 0.09273618495495704, 
        "main/loss": 0.0023932456970214844, 
        "validation/main/loss": 4.76387357711792, 
        "iteration": 42, 
        "elapsed_time": 12.479024887084961, 
        "epoch": 42, 
        "main/accuracy": 1.0, 
        "validation/main/accuracy": 0.4583333432674408
    }, 
    {
        "polynomialshift/lr": 0.09255628917943215, 
        "main/loss": 0.0023348331451416016, 
        "validation/main/loss": 4.775164604187012, 
        "iteration": 43, 
        "elapsed_time": 12.754547119140625, 
        "epoch": 43, 
        "main/accuracy": 1.0, 
        "validation/main/accuracy": 0.4583333432674408
    }, 
    {
        "polynomialshift/lr": 0.09237604307034013, 
        "main/loss": 0.002279996871948242, 
        "validation/main/loss": 4.786182403564453, 
        "iteration": 44, 
        "elapsed_time": 13.017271995544434, 
        "epoch": 44, 
        "main/accuracy": 1.0, 
        "validation/main/accuracy": 0.4583333432674408
    }, 
    {
        "polynomialshift/lr": 0.09219544457292889, 
        "main/loss": 0.002227306365966797, 
        "validation/main/loss": 4.79694128036499, 
        "iteration": 45, 
        "elapsed_time": 13.331777095794678, 
        "epoch": 45, 
        "main/accuracy": 1.0, 
        "validation/main/accuracy": 0.4583333432674408
    }, 
    {
        "polynomialshift/lr": 0.09201449161228176, 
        "main/loss": 0.0021767616271972656, 
        "validation/main/loss": 4.807450294494629, 
        "iteration": 46, 
        "elapsed_time": 13.603271961212158, 
        "epoch": 46, 
        "main/accuracy": 1.0, 
        "validation/main/accuracy": 0.4583333432674408
    }, 
    {
        "polynomialshift/lr": 0.09183318209303941, 
        "main/loss": 0.002129077911376953, 
        "validation/main/loss": 4.817718505859375, 
        "iteration": 47, 
        "elapsed_time": 13.852518081665039, 
        "epoch": 47, 
        "main/accuracy": 1.0, 
        "validation/main/accuracy": 0.4583333432674408
    }, 
    {
        "polynomialshift/lr": 0.0916515138991168, 
        "main/loss": 0.002083301544189453, 
        "validation/main/loss": 4.827759742736816, 
        "iteration": 48, 
        "elapsed_time": 14.099409103393555, 
        "epoch": 48, 
        "main/accuracy": 1.0, 
        "validation/main/accuracy": 0.4583333432674408
    }, 
    {
        "polynomialshift/lr": 0.09146948489341496, 
        "main/loss": 0.0020394325256347656, 
        "validation/main/loss": 4.837583065032959, 
        "iteration": 49, 
        "elapsed_time": 14.343348026275635, 
        "epoch": 49, 
        "main/accuracy": 1.0, 
        "validation/main/accuracy": 0.4583333432674408
    }, 
    {
        "polynomialshift/lr": 0.09128709291752769, 
        "main/loss": 0.001997709274291992, 
        "validation/main/loss": 4.847194671630859, 
        "iteration": 50, 
        "elapsed_time": 14.629540920257568, 
        "epoch": 50, 
        "main/accuracy": 1.0, 
        "validation/main/accuracy": 0.4583333432674408
    }, 
    {
        "polynomialshift/lr": 0.091104335791443, 
        "main/loss": 0.001957416534423828, 
        "validation/main/loss": 4.8566060066223145, 
        "iteration": 51, 
        "elapsed_time": 14.89645004272461, 
        "epoch": 51, 
        "main/accuracy": 1.0, 
        "validation/main/accuracy": 0.4583333432674408
    }, 
    {
        "polynomialshift/lr": 0.09092121131323905, 
        "main/loss": 0.001918792724609375, 
        "validation/main/loss": 4.865823268890381, 
        "iteration": 52, 
        "elapsed_time": 15.16247296333313, 
        "epoch": 52, 
        "main/accuracy": 1.0, 
        "validation/main/accuracy": 0.4583333432674408
    }, 
    {
        "polynomialshift/lr": 0.09073771725877466, 
        "main/loss": 0.0018818378448486328, 
        "validation/main/loss": 4.874853610992432, 
        "iteration": 53, 
        "elapsed_time": 15.417999982833862, 
        "epoch": 53, 
        "main/accuracy": 1.0, 
        "validation/main/accuracy": 0.4583333432674408
    }, 
    {
        "polynomialshift/lr": 0.09055385138137417, 
        "main/loss": 0.0018460750579833984, 
        "validation/main/loss": 4.883702754974365, 
        "iteration": 54, 
        "elapsed_time": 15.65632700920105, 
        "epoch": 54, 
        "main/accuracy": 1.0, 
        "validation/main/accuracy": 0.4583333432674408
    }, 
    {
        "polynomialshift/lr": 0.0903696114115064, 
        "main/loss": 0.0018122196197509766, 
        "validation/main/loss": 4.892381191253662, 
        "iteration": 55, 
        "elapsed_time": 15.899847030639648, 
        "epoch": 55, 
        "main/accuracy": 1.0, 
        "validation/main/accuracy": 0.4583333432674408
    }, 
    {
        "polynomialshift/lr": 0.09018499505645788, 
        "main/loss": 0.0017790794372558594, 
        "validation/main/loss": 4.900891304016113, 
        "iteration": 56, 
        "elapsed_time": 16.16435194015503, 
        "epoch": 56, 
        "main/accuracy": 1.0, 
        "validation/main/accuracy": 0.4583333432674408
    }, 
    {
        "polynomialshift/lr": 0.09000000000000001, 
        "main/loss": 0.0017476081848144531, 
        "validation/main/loss": 4.909245491027832, 
        "iteration": 57, 
        "elapsed_time": 16.401978969573975, 
        "epoch": 57, 
        "main/accuracy": 1.0, 
        "validation/main/accuracy": 0.4583333432674408
    }, 
    {
        "polynomialshift/lr": 0.08981462390204986, 
        "main/loss": 0.0017170906066894531, 
        "validation/main/loss": 4.917443752288818, 
        "iteration": 58, 
        "elapsed_time": 16.665699005126953, 
        "epoch": 58, 
        "main/accuracy": 1.0, 
        "validation/main/accuracy": 0.4583333432674408
    }, 
    {
        "polynomialshift/lr": 0.08962886439832501, 
        "main/loss": 0.0016875267028808594, 
        "validation/main/loss": 4.925492286682129, 
        "iteration": 59, 
        "elapsed_time": 16.90664291381836, 
        "epoch": 59, 
        "main/accuracy": 1.0, 
        "validation/main/accuracy": 0.4583333432674408
    }, 
    {
        "polynomialshift/lr": 0.08944271909999159, 
        "main/loss": 0.001659393310546875, 
        "validation/main/loss": 4.93339729309082, 
        "iteration": 60, 
        "elapsed_time": 17.151073932647705, 
        "epoch": 60, 
        "main/accuracy": 1.0, 
        "validation/main/accuracy": 0.4583333432674408
    }, 
    {
        "polynomialshift/lr": 0.08925618559330589, 
        "main/loss": 0.0016319751739501953, 
        "validation/main/loss": 4.941163539886475, 
        "iteration": 61, 
        "elapsed_time": 17.390816926956177, 
        "epoch": 61, 
        "main/accuracy": 1.0, 
        "validation/main/accuracy": 0.4583333432674408
    }, 
    {
        "polynomialshift/lr": 0.08906926143924926, 
        "main/loss": 0.0016055107116699219, 
        "validation/main/loss": 4.948793888092041, 
        "iteration": 62, 
        "elapsed_time": 17.660418033599854, 
        "epoch": 62, 
        "main/accuracy": 1.0, 
        "validation/main/accuracy": 0.4583333432674408
    }, 
    {
        "polynomialshift/lr": 0.0888819441731559, 
        "main/loss": 0.0015797615051269531, 
        "validation/main/loss": 4.95629358291626, 
        "iteration": 63, 
        "elapsed_time": 17.944817066192627, 
        "epoch": 63, 
        "main/accuracy": 1.0, 
        "validation/main/accuracy": 0.4583333432674408
    }, 
    {
        "polynomialshift/lr": 0.0886942313043338, 
        "main/loss": 0.0015549659729003906, 
        "validation/main/loss": 4.963667392730713, 
        "iteration": 64, 
        "elapsed_time": 18.275336980819702, 
        "epoch": 64, 
        "main/accuracy": 1.0, 
        "validation/main/accuracy": 0.4583333432674408
    }, 
    {
        "polynomialshift/lr": 0.08850612031567837, 
        "main/loss": 0.0015308856964111328, 
        "validation/main/loss": 4.970917224884033, 
        "iteration": 65, 
        "elapsed_time": 18.516458988189697, 
        "epoch": 65, 
        "main/accuracy": 1.0, 
        "validation/main/accuracy": 0.4583333432674408
    }, 
    {
        "polynomialshift/lr": 0.08831760866327848, 
        "main/loss": 0.0015075206756591797, 
        "validation/main/loss": 4.978046417236328, 
        "iteration": 66, 
        "elapsed_time": 18.768836975097656, 
        "epoch": 66, 
        "main/accuracy": 1.0, 
        "validation/main/accuracy": 0.4583333432674408
    }, 
    {
        "polynomialshift/lr": 0.08812869377601523, 
        "main/loss": 0.0014853477478027344, 
        "validation/main/loss": 4.985062122344971, 
        "iteration": 67, 
        "elapsed_time": 19.031389951705933, 
        "epoch": 67, 
        "main/accuracy": 1.0, 
        "validation/main/accuracy": 0.4583333432674408
    }, 
    {
        "polynomialshift/lr": 0.0879393730551528, 
        "main/loss": 0.0014636516571044922, 
        "validation/main/loss": 4.991965293884277, 
        "iteration": 68, 
        "elapsed_time": 19.294821977615356, 
        "epoch": 68, 
        "main/accuracy": 1.0, 
        "validation/main/accuracy": 0.4583333432674408
    }, 
    {
        "polynomialshift/lr": 0.08774964387392123, 
        "main/loss": 0.0014426708221435547, 
        "validation/main/loss": 4.9987616539001465, 
        "iteration": 69, 
        "elapsed_time": 19.55243492126465, 
        "epoch": 69, 
        "main/accuracy": 1.0, 
        "validation/main/accuracy": 0.4583333432674408
    }, 
    {
        "polynomialshift/lr": 0.08755950357709132, 
        "main/loss": 0.0014224052429199219, 
        "validation/main/loss": 5.005455017089844, 
        "iteration": 70, 
        "elapsed_time": 19.80037808418274, 
        "epoch": 70, 
        "main/accuracy": 1.0, 
        "validation/main/accuracy": 0.4583333432674408
    }, 
    {
        "polynomialshift/lr": 0.08736894948054105, 
        "main/loss": 0.0014023780822753906, 
        "validation/main/loss": 5.012043476104736, 
        "iteration": 71, 
        "elapsed_time": 20.053229093551636, 
        "epoch": 71, 
        "main/accuracy": 1.0, 
        "validation/main/accuracy": 0.4583333432674408
    }, 
    {
        "polynomialshift/lr": 0.08717797887081347, 
        "main/loss": 0.0013833045959472656, 
        "validation/main/loss": 5.018533229827881, 
        "iteration": 72, 
        "elapsed_time": 20.297327995300293, 
        "epoch": 72, 
        "main/accuracy": 1.0, 
        "validation/main/accuracy": 0.4583333432674408
    }, 
    {
        "polynomialshift/lr": 0.08698658900466592, 
        "main/loss": 0.0013644695281982422, 
        "validation/main/loss": 5.024926662445068, 
        "iteration": 73, 
        "elapsed_time": 20.562334060668945, 
        "epoch": 73, 
        "main/accuracy": 1.0, 
        "validation/main/accuracy": 0.4583333432674408
    }, 
    {
        "polynomialshift/lr": 0.08679477710861025, 
        "main/loss": 0.0013461112976074219, 
        "validation/main/loss": 5.031223773956299, 
        "iteration": 74, 
        "elapsed_time": 20.84529209136963, 
        "epoch": 74, 
        "main/accuracy": 1.0, 
        "validation/main/accuracy": 0.4583333432674408
    }, 
    {
        "polynomialshift/lr": 0.08660254037844387, 
        "main/loss": 0.0013284683227539062, 
        "validation/main/loss": 5.037428855895996, 
        "iteration": 75, 
        "elapsed_time": 21.09551692008972, 
        "epoch": 75, 
        "main/accuracy": 1.0, 
        "validation/main/accuracy": 0.4583333432674408
    }
]