[
    {
        "polynomialshift/lr": 0.09983319421247959, 
        "main/loss": 2.9668660163879395, 
        "validation/main/loss": 3.0870323181152344, 
        "iteration": 1, 
        "elapsed_time": 1.2501699924468994, 
        "epoch": 1, 
        "main/accuracy": 0.0, 
        "validation/main/accuracy": 0.1517857164144516
    }, 
    {
        "polynomialshift/lr": 0.09966610925150703, 
        "main/loss": 1.5783393383026123, 
        "validation/main/loss": 3.123091697692871, 
        "iteration": 2, 
        "elapsed_time": 1.4811899662017822, 
        "epoch": 2, 
        "main/accuracy": 0.5, 
        "validation/main/accuracy": 0.1537698358297348
    }, 
    {
        "polynomialshift/lr": 0.099498743710662, 
        "main/loss": 1.5313501358032227, 
        "validation/main/loss": 3.1548213958740234, 
        "iteration": 3, 
        "elapsed_time": 1.7158129215240479, 
        "epoch": 3, 
        "main/accuracy": 0.5, 
        "validation/main/accuracy": 0.1567460298538208
    }, 
    {
        "polynomialshift/lr": 0.09933109617167561, 
        "main/loss": 1.5216774940490723, 
        "validation/main/loss": 3.180333137512207, 
        "iteration": 4, 
        "elapsed_time": 1.905832052230835, 
        "epoch": 4, 
        "main/accuracy": 0.5, 
        "validation/main/accuracy": 0.1577380895614624
    }, 
    {
        "polynomialshift/lr": 0.09916316520429011, 
        "main/loss": 1.516690969467163, 
        "validation/main/loss": 3.2022626399993896, 
        "iteration": 5, 
        "elapsed_time": 2.154094934463501, 
        "epoch": 5, 
        "main/accuracy": 0.5, 
        "validation/main/accuracy": 0.1587301641702652
    }, 
    {
        "polynomialshift/lr": 0.09899494936611666, 
        "main/loss": 1.5134761333465576, 
        "validation/main/loss": 3.221607208251953, 
        "iteration": 6, 
        "elapsed_time": 2.380028009414673, 
        "epoch": 6, 
        "main/accuracy": 0.5, 
        "validation/main/accuracy": 0.1587301641702652
    }, 
    {
        "polynomialshift/lr": 0.09882644720249062, 
        "main/loss": 1.511221170425415, 
        "validation/main/loss": 3.2389791011810303, 
        "iteration": 7, 
        "elapsed_time": 2.602591037750244, 
        "epoch": 7, 
        "main/accuracy": 0.5, 
        "validation/main/accuracy": 0.1587301641702652
    }, 
    {
        "polynomialshift/lr": 0.09865765724632496, 
        "main/loss": 1.509547472000122, 
        "validation/main/loss": 3.2547824382781982, 
        "iteration": 8, 
        "elapsed_time": 2.8211989402770996, 
        "epoch": 8, 
        "main/accuracy": 0.5, 
        "validation/main/accuracy": 0.1587301641702652
    }, 
    {
        "polynomialshift/lr": 0.09848857801796106, 
        "main/loss": 1.5082542896270752, 
        "validation/main/loss": 3.2693052291870117, 
        "iteration": 9, 
        "elapsed_time": 3.045142889022827, 
        "epoch": 9, 
        "main/accuracy": 0.5, 
        "validation/main/accuracy": 0.1587301641702652
    }, 
    {
        "polynomialshift/lr": 0.09831920802501751, 
        "main/loss": 1.5072238445281982, 
        "validation/main/loss": 3.2827579975128174, 
        "iteration": 10, 
        "elapsed_time": 3.244889974594116, 
        "epoch": 10, 
        "main/accuracy": 0.5, 
        "validation/main/accuracy": 0.1597222238779068
    }, 
    {
        "polynomialshift/lr": 0.09814954576223639, 
        "main/loss": 1.5063831806182861, 
        "validation/main/loss": 3.295301675796509, 
        "iteration": 11, 
        "elapsed_time": 3.4343130588531494, 
        "epoch": 11, 
        "main/accuracy": 0.5, 
        "validation/main/accuracy": 0.1597222238779068
    }, 
    {
        "polynomialshift/lr": 0.09797958971132713, 
        "main/loss": 1.505683422088623, 
        "validation/main/loss": 3.307060718536377, 
        "iteration": 12, 
        "elapsed_time": 3.651080846786499, 
        "epoch": 12, 
        "main/accuracy": 0.5, 
        "validation/main/accuracy": 0.1597222238779068
    }, 
    {
        "polynomialshift/lr": 0.09780933834080807, 
        "main/loss": 1.5050921440124512, 
        "validation/main/loss": 3.3181354999542236, 
        "iteration": 13, 
        "elapsed_time": 3.9186110496520996, 
        "epoch": 13, 
        "main/accuracy": 0.5, 
        "validation/main/accuracy": 0.1597222238779068
    }, 
    {
        "polynomialshift/lr": 0.0976387901058454, 
        "main/loss": 1.5045855045318604, 
        "validation/main/loss": 3.3286073207855225, 
        "iteration": 14, 
        "elapsed_time": 4.2566258907318115, 
        "epoch": 14, 
        "main/accuracy": 0.5, 
        "validation/main/accuracy": 0.1597222238779068
    }, 
    {
        "polynomialshift/lr": 0.09746794344808964, 
        "main/loss": 1.5041463375091553, 
        "validation/main/loss": 3.3385426998138428, 
        "iteration": 15, 
        "elapsed_time": 4.479049921035767, 
        "epoch": 15, 
        "main/accuracy": 0.5, 
        "validation/main/accuracy": 0.1597222238779068
    }, 
    {
        "polynomialshift/lr": 0.09729679679550951, 
        "main/loss": 1.5037624835968018, 
        "validation/main/loss": 3.3480029106140137, 
        "iteration": 16, 
        "elapsed_time": 4.725558042526245, 
        "epoch": 16, 
        "main/accuracy": 0.5, 
        "validation/main/accuracy": 0.1597222238779068
    }, 
    {
        "polynomialshift/lr": 0.0971253485622231, 
        "main/loss": 1.5034244060516357, 
        "validation/main/loss": 3.3570303916931152, 
        "iteration": 17, 
        "elapsed_time": 5.113877058029175, 
        "epoch": 17, 
        "main/accuracy": 0.5, 
        "validation/main/accuracy": 0.1597222238779068
    }, 
    {
        "polynomialshift/lr": 0.09695359714832658, 
        "main/loss": 1.5031237602233887, 
        "validation/main/loss": 3.365666151046753, 
        "iteration": 18, 
        "elapsed_time": 5.371163845062256, 
        "epoch": 18, 
        "main/accuracy": 0.5, 
        "validation/main/accuracy": 0.1597222238779068
    }, 
    {
        "polynomialshift/lr": 0.09678154093971984, 
        "main/loss": 1.502854585647583, 
        "validation/main/loss": 3.373945713043213, 
        "iteration": 19, 
        "elapsed_time": 5.6080238819122314, 
        "epoch": 19, 
        "main/accuracy": 0.5, 
        "validation/main/accuracy": 0.1597222238779068
    }, 
    {
        "polynomialshift/lr": 0.09660917830792959, 
        "main/loss": 1.5026121139526367, 
        "validation/main/loss": 3.3818960189819336, 
        "iteration": 20, 
        "elapsed_time": 5.863787889480591, 
        "epoch": 20, 
        "main/accuracy": 0.5, 
        "validation/main/accuracy": 0.1597222238779068
    }, 
    {
        "polynomialshift/lr": 0.09643650760992956, 
        "main/loss": 1.5023925304412842, 
        "validation/main/loss": 3.3895461559295654, 
        "iteration": 21, 
        "elapsed_time": 6.111455917358398, 
        "epoch": 21, 
        "main/accuracy": 0.5, 
        "validation/main/accuracy": 0.1597222238779068
    }, 
    {
        "polynomialshift/lr": 0.09626352718795768, 
        "main/loss": 1.5021929740905762, 
        "validation/main/loss": 3.3969180583953857, 
        "iteration": 22, 
        "elapsed_time": 6.352499961853027, 
        "epoch": 22, 
        "main/accuracy": 0.5, 
        "validation/main/accuracy": 0.1597222238779068
    }, 
    {
        "polynomialshift/lr": 0.0960902353693305, 
        "main/loss": 1.5020105838775635, 
        "validation/main/loss": 3.4040334224700928, 
        "iteration": 23, 
        "elapsed_time": 6.55637788772583, 
        "epoch": 23, 
        "main/accuracy": 0.5, 
        "validation/main/accuracy": 0.1597222238779068
    }, 
    {
        "polynomialshift/lr": 0.0959166304662544, 
        "main/loss": 1.5018432140350342, 
        "validation/main/loss": 3.4109082221984863, 
        "iteration": 24, 
        "elapsed_time": 6.764477968215942, 
        "epoch": 24, 
        "main/accuracy": 0.5, 
        "validation/main/accuracy": 0.1597222238779068
    }, 
    {
        "polynomialshift/lr": 0.09574271077563382, 
        "main/loss": 1.5016891956329346, 
        "validation/main/loss": 3.41756010055542, 
        "iteration": 25, 
        "elapsed_time": 6.985121011734009, 
        "epoch": 25, 
        "main/accuracy": 0.5, 
        "validation/main/accuracy": 0.1597222238779068
    }, 
    {
        "polynomialshift/lr": 0.09556847457887635, 
        "main/loss": 1.50154709815979, 
        "validation/main/loss": 3.424004077911377, 
        "iteration": 26, 
        "elapsed_time": 7.188839912414551, 
        "epoch": 26, 
        "main/accuracy": 0.5, 
        "validation/main/accuracy": 0.1597222238779068
    }, 
    {
        "polynomialshift/lr": 0.09539392014169457, 
        "main/loss": 1.5014152526855469, 
        "validation/main/loss": 3.43025279045105, 
        "iteration": 27, 
        "elapsed_time": 7.422013998031616, 
        "epoch": 27, 
        "main/accuracy": 0.5, 
        "validation/main/accuracy": 0.1597222238779068
    }, 
    {
        "polynomialshift/lr": 0.09521904571390466, 
        "main/loss": 1.5012929439544678, 
        "validation/main/loss": 3.43631649017334, 
        "iteration": 28, 
        "elapsed_time": 7.682019948959351, 
        "epoch": 28, 
        "main/accuracy": 0.5, 
        "validation/main/accuracy": 0.1597222238779068
    }, 
    {
        "polynomialshift/lr": 0.09504384952922168, 
        "main/loss": 1.5011787414550781, 
        "validation/main/loss": 3.4422085285186768, 
        "iteration": 29, 
        "elapsed_time": 7.916704893112183, 
        "epoch": 29, 
        "main/accuracy": 0.5, 
        "validation/main/accuracy": 0.1597222238779068
    }, 
    {
        "polynomialshift/lr": 0.09486832980505139, 
        "main/loss": 1.5010724067687988, 
        "validation/main/loss": 3.4479377269744873, 
        "iteration": 30, 
        "elapsed_time": 8.116700887680054, 
        "epoch": 30, 
        "main/accuracy": 0.5, 
        "validation/main/accuracy": 0.1597222238779068
    }, 
    {
        "polynomialshift/lr": 0.09469248474227861, 
        "main/loss": 1.5009727478027344, 
        "validation/main/loss": 3.4535093307495117, 
        "iteration": 31, 
        "elapsed_time": 8.312201976776123, 
        "epoch": 31, 
        "main/accuracy": 0.5, 
        "validation/main/accuracy": 0.1597222238779068
    }, 
    {
        "polynomialshift/lr": 0.09451631252505217, 
        "main/loss": 1.5008792877197266, 
        "validation/main/loss": 3.4589362144470215, 
        "iteration": 32, 
        "elapsed_time": 8.506150960922241, 
        "epoch": 32, 
        "main/accuracy": 0.5, 
        "validation/main/accuracy": 0.1607142835855484
    }, 
    {
        "polynomialshift/lr": 0.09433981132056604, 
        "main/loss": 1.5007915496826172, 
        "validation/main/loss": 3.4642252922058105, 
        "iteration": 33, 
        "elapsed_time": 8.70665693283081, 
        "epoch": 33, 
        "main/accuracy": 0.5, 
        "validation/main/accuracy": 0.1607142835855484
    }, 
    {
        "polynomialshift/lr": 0.0941629792788369, 
        "main/loss": 1.500709056854248, 
        "validation/main/loss": 3.469383716583252, 
        "iteration": 34, 
        "elapsed_time": 8.953037023544312, 
        "epoch": 34, 
        "main/accuracy": 0.5, 
        "validation/main/accuracy": 0.1607142835855484
    }, 
    {
        "polynomialshift/lr": 0.0939858145324779, 
        "main/loss": 1.5006308555603027, 
        "validation/main/loss": 3.474418878555298, 
        "iteration": 35, 
        "elapsed_time": 9.184077024459839, 
        "epoch": 35, 
        "main/accuracy": 0.5, 
        "validation/main/accuracy": 0.1607142835855484
    }, 
    {
        "polynomialshift/lr": 0.0938083151964686, 
        "main/loss": 1.5005574226379395, 
        "validation/main/loss": 3.4793336391448975, 
        "iteration": 36, 
        "elapsed_time": 9.39893388748169, 
        "epoch": 36, 
        "main/accuracy": 0.5, 
        "validation/main/accuracy": 0.1607142835855484
    }, 
    {
        "polynomialshift/lr": 0.09363047936792093, 
        "main/loss": 1.5004878044128418, 
        "validation/main/loss": 3.4841363430023193, 
        "iteration": 37, 
        "elapsed_time": 9.59605598449707, 
        "epoch": 37, 
        "main/accuracy": 0.5, 
        "validation/main/accuracy": 0.1607142835855484
    }, 
    {
        "polynomialshift/lr": 0.09345230512584124, 
        "main/loss": 1.5004215240478516, 
        "validation/main/loss": 3.4888315200805664, 
        "iteration": 38, 
        "elapsed_time": 9.780665874481201, 
        "epoch": 38, 
        "main/accuracy": 0.5, 
        "validation/main/accuracy": 0.1607142835855484
    }
]