[
    {
        "polynomialshift/lr": 0.09983319421247959, 
        "main/loss": 3.5509114265441895, 
        "validation/main/loss": 3.042879104614258, 
        "iteration": 1, 
        "elapsed_time": 1.473818063735962, 
        "epoch": 1, 
        "main/accuracy": 0.0, 
        "validation/main/accuracy": 0.0466269850730896
    }, 
    {
        "polynomialshift/lr": 0.09966610925150703, 
        "main/loss": 3.1016645431518555, 
        "validation/main/loss": 2.977551221847534, 
        "iteration": 2, 
        "elapsed_time": 1.7243411540985107, 
        "epoch": 2, 
        "main/accuracy": 0.0, 
        "validation/main/accuracy": 0.0803571417927742
    }, 
    {
        "polynomialshift/lr": 0.099498743710662, 
        "main/loss": 3.0054244995117188, 
        "validation/main/loss": 2.9691834449768066, 
        "iteration": 3, 
        "elapsed_time": 1.9717891216278076, 
        "epoch": 3, 
        "main/accuracy": 0.0, 
        "validation/main/accuracy": 0.0882936492562294
    }, 
    {
        "polynomialshift/lr": 0.09933109617167561, 
        "main/loss": 2.995732307434082, 
        "validation/main/loss": 2.9691834449768066, 
        "iteration": 4, 
        "elapsed_time": 2.2317731380462646, 
        "epoch": 4, 
        "main/accuracy": 0.0, 
        "validation/main/accuracy": 0.0882936492562294
    }, 
    {
        "polynomialshift/lr": 0.09916316520429011, 
        "main/loss": 2.995732307434082, 
        "validation/main/loss": 2.9691834449768066, 
        "iteration": 5, 
        "elapsed_time": 2.509916067123413, 
        "epoch": 5, 
        "main/accuracy": 0.0, 
        "validation/main/accuracy": 0.0882936492562294
    }, 
    {
        "polynomialshift/lr": 0.09899494936611666, 
        "main/loss": 2.995732307434082, 
        "validation/main/loss": 2.9691834449768066, 
        "iteration": 6, 
        "elapsed_time": 2.7831060886383057, 
        "epoch": 6, 
        "main/accuracy": 0.0, 
        "validation/main/accuracy": 0.0882936492562294
    }, 
    {
        "polynomialshift/lr": 0.09882644720249062, 
        "main/loss": 2.995732307434082, 
        "validation/main/loss": 2.9691834449768066, 
        "iteration": 7, 
        "elapsed_time": 3.0434300899505615, 
        "epoch": 7, 
        "main/accuracy": 0.0, 
        "validation/main/accuracy": 0.0882936492562294
    }, 
    {
        "polynomialshift/lr": 0.09865765724632496, 
        "main/loss": 2.995732307434082, 
        "validation/main/loss": 2.9691834449768066, 
        "iteration": 8, 
        "elapsed_time": 3.3034770488739014, 
        "epoch": 8, 
        "main/accuracy": 0.0, 
        "validation/main/accuracy": 0.0882936492562294
    }, 
    {
        "polynomialshift/lr": 0.09848857801796106, 
        "main/loss": 2.995732307434082, 
        "validation/main/loss": 2.9691834449768066, 
        "iteration": 9, 
        "elapsed_time": 3.5520150661468506, 
        "epoch": 9, 
        "main/accuracy": 0.0, 
        "validation/main/accuracy": 0.0882936492562294
    }, 
    {
        "polynomialshift/lr": 0.09831920802501751, 
        "main/loss": 2.995732307434082, 
        "validation/main/loss": 2.9691834449768066, 
        "iteration": 10, 
        "elapsed_time": 3.866925001144409, 
        "epoch": 10, 
        "main/accuracy": 0.0, 
        "validation/main/accuracy": 0.0882936492562294
    }, 
    {
        "polynomialshift/lr": 0.09814954576223639, 
        "main/loss": 2.995732307434082, 
        "validation/main/loss": 2.9691834449768066, 
        "iteration": 11, 
        "elapsed_time": 4.1302330493927, 
        "epoch": 11, 
        "main/accuracy": 0.0, 
        "validation/main/accuracy": 0.0882936492562294
    }, 
    {
        "polynomialshift/lr": 0.09797958971132713, 
        "main/loss": 2.995732307434082, 
        "validation/main/loss": 2.9691834449768066, 
        "iteration": 12, 
        "elapsed_time": 4.400895118713379, 
        "epoch": 12, 
        "main/accuracy": 0.0, 
        "validation/main/accuracy": 0.0882936492562294
    }, 
    {
        "polynomialshift/lr": 0.09780933834080807, 
        "main/loss": 2.995732307434082, 
        "validation/main/loss": 2.9691834449768066, 
        "iteration": 13, 
        "elapsed_time": 4.638986110687256, 
        "epoch": 13, 
        "main/accuracy": 0.0, 
        "validation/main/accuracy": 0.0882936492562294
    }, 
    {
        "polynomialshift/lr": 0.0976387901058454, 
        "main/loss": 2.995732307434082, 
        "validation/main/loss": 2.9691834449768066, 
        "iteration": 14, 
        "elapsed_time": 5.002019166946411, 
        "epoch": 14, 
        "main/accuracy": 0.0, 
        "validation/main/accuracy": 0.0882936492562294
    }, 
    {
        "polynomialshift/lr": 0.09746794344808964, 
        "main/loss": 2.995732307434082, 
        "validation/main/loss": 2.9691834449768066, 
        "iteration": 15, 
        "elapsed_time": 5.295114040374756, 
        "epoch": 15, 
        "main/accuracy": 0.0, 
        "validation/main/accuracy": 0.0882936492562294
    }, 
    {
        "polynomialshift/lr": 0.09729679679550951, 
        "main/loss": 2.995732307434082, 
        "validation/main/loss": 2.9691834449768066, 
        "iteration": 16, 
        "elapsed_time": 5.669730186462402, 
        "epoch": 16, 
        "main/accuracy": 0.0, 
        "validation/main/accuracy": 0.0882936492562294
    }, 
    {
        "polynomialshift/lr": 0.0971253485622231, 
        "main/loss": 2.995732307434082, 
        "validation/main/loss": 2.9691834449768066, 
        "iteration": 17, 
        "elapsed_time": 6.032451152801514, 
        "epoch": 17, 
        "main/accuracy": 0.0, 
        "validation/main/accuracy": 0.0882936492562294
    }, 
    {
        "polynomialshift/lr": 0.09695359714832658, 
        "main/loss": 2.995732307434082, 
        "validation/main/loss": 2.9691834449768066, 
        "iteration": 18, 
        "elapsed_time": 6.3223700523376465, 
        "epoch": 18, 
        "main/accuracy": 0.0, 
        "validation/main/accuracy": 0.0882936492562294
    }, 
    {
        "polynomialshift/lr": 0.09678154093971984, 
        "main/loss": 2.995732307434082, 
        "validation/main/loss": 2.9691834449768066, 
        "iteration": 19, 
        "elapsed_time": 6.6172051429748535, 
        "epoch": 19, 
        "main/accuracy": 0.0, 
        "validation/main/accuracy": 0.0882936492562294
    }, 
    {
        "polynomialshift/lr": 0.09660917830792959, 
        "main/loss": 2.995732307434082, 
        "validation/main/loss": 2.9691834449768066, 
        "iteration": 20, 
        "elapsed_time": 6.900930166244507, 
        "epoch": 20, 
        "main/accuracy": 0.0, 
        "validation/main/accuracy": 0.0882936492562294
    }, 
    {
        "polynomialshift/lr": 0.09643650760992956, 
        "main/loss": 2.995732307434082, 
        "validation/main/loss": 2.9691834449768066, 
        "iteration": 21, 
        "elapsed_time": 7.1521570682525635, 
        "epoch": 21, 
        "main/accuracy": 0.0, 
        "validation/main/accuracy": 0.0882936492562294
    }, 
    {
        "polynomialshift/lr": 0.09626352718795768, 
        "main/loss": 2.995732307434082, 
        "validation/main/loss": 2.9691834449768066, 
        "iteration": 22, 
        "elapsed_time": 7.411945104598999, 
        "epoch": 22, 
        "main/accuracy": 0.0, 
        "validation/main/accuracy": 0.0882936492562294
    }, 
    {
        "polynomialshift/lr": 0.0960902353693305, 
        "main/loss": 2.995732307434082, 
        "validation/main/loss": 2.9691834449768066, 
        "iteration": 23, 
        "elapsed_time": 7.668033123016357, 
        "epoch": 23, 
        "main/accuracy": 0.0, 
        "validation/main/accuracy": 0.0882936492562294
    }, 
    {
        "polynomialshift/lr": 0.0959166304662544, 
        "main/loss": 2.995732307434082, 
        "validation/main/loss": 2.9691834449768066, 
        "iteration": 24, 
        "elapsed_time": 7.920550107955933, 
        "epoch": 24, 
        "main/accuracy": 0.0, 
        "validation/main/accuracy": 0.0882936492562294
    }, 
    {
        "polynomialshift/lr": 0.09574271077563382, 
        "main/loss": 2.995732307434082, 
        "validation/main/loss": 2.9691834449768066, 
        "iteration": 25, 
        "elapsed_time": 8.181827068328857, 
        "epoch": 25, 
        "main/accuracy": 0.0, 
        "validation/main/accuracy": 0.0882936492562294
    }, 
    {
        "polynomialshift/lr": 0.09556847457887635, 
        "main/loss": 2.995732307434082, 
        "validation/main/loss": 2.9691834449768066, 
        "iteration": 26, 
        "elapsed_time": 8.4255211353302, 
        "epoch": 26, 
        "main/accuracy": 0.0, 
        "validation/main/accuracy": 0.0882936492562294
    }, 
    {
        "polynomialshift/lr": 0.09539392014169457, 
        "main/loss": 2.995732307434082, 
        "validation/main/loss": 2.9691834449768066, 
        "iteration": 27, 
        "elapsed_time": 8.761460065841675, 
        "epoch": 27, 
        "main/accuracy": 0.0, 
        "validation/main/accuracy": 0.0882936492562294
    }, 
    {
        "polynomialshift/lr": 0.09521904571390466, 
        "main/loss": 2.995732307434082, 
        "validation/main/loss": 2.9691834449768066, 
        "iteration": 28, 
        "elapsed_time": 9.03192400932312, 
        "epoch": 28, 
        "main/accuracy": 0.0, 
        "validation/main/accuracy": 0.0882936492562294
    }, 
    {
        "polynomialshift/lr": 0.09504384952922168, 
        "main/loss": 2.995732307434082, 
        "validation/main/loss": 2.9691834449768066, 
        "iteration": 29, 
        "elapsed_time": 9.287697076797485, 
        "epoch": 29, 
        "main/accuracy": 0.0, 
        "validation/main/accuracy": 0.0882936492562294
    }, 
    {
        "polynomialshift/lr": 0.09486832980505139, 
        "main/loss": 2.995732307434082, 
        "validation/main/loss": 2.9691834449768066, 
        "iteration": 30, 
        "elapsed_time": 9.54949402809143, 
        "epoch": 30, 
        "main/accuracy": 0.0, 
        "validation/main/accuracy": 0.0882936492562294
    }, 
    {
        "polynomialshift/lr": 0.09469248474227861, 
        "main/loss": 2.995732307434082, 
        "validation/main/loss": 2.9691834449768066, 
        "iteration": 31, 
        "elapsed_time": 9.868283987045288, 
        "epoch": 31, 
        "main/accuracy": 0.0, 
        "validation/main/accuracy": 0.0882936492562294
    }, 
    {
        "polynomialshift/lr": 0.09451631252505217, 
        "main/loss": 2.995732307434082, 
        "validation/main/loss": 2.9691834449768066, 
        "iteration": 32, 
        "elapsed_time": 10.117333173751831, 
        "epoch": 32, 
        "main/accuracy": 0.0, 
        "validation/main/accuracy": 0.0882936492562294
    }, 
    {
        "polynomialshift/lr": 0.09433981132056604, 
        "main/loss": 2.995732307434082, 
        "validation/main/loss": 2.9691834449768066, 
        "iteration": 33, 
        "elapsed_time": 10.413410186767578, 
        "epoch": 33, 
        "main/accuracy": 0.0, 
        "validation/main/accuracy": 0.0882936492562294
    }, 
    {
        "polynomialshift/lr": 0.0941629792788369, 
        "main/loss": 2.995732307434082, 
        "validation/main/loss": 2.9691834449768066, 
        "iteration": 34, 
        "elapsed_time": 10.687615156173706, 
        "epoch": 34, 
        "main/accuracy": 0.0, 
        "validation/main/accuracy": 0.0882936492562294
    }, 
    {
        "polynomialshift/lr": 0.0939858145324779, 
        "main/loss": 2.995732307434082, 
        "validation/main/loss": 2.9691834449768066, 
        "iteration": 35, 
        "elapsed_time": 10.910920143127441, 
        "epoch": 35, 
        "main/accuracy": 0.0, 
        "validation/main/accuracy": 0.0882936492562294
    }, 
    {
        "polynomialshift/lr": 0.0938083151964686, 
        "main/loss": 2.995732307434082, 
        "validation/main/loss": 2.9691834449768066, 
        "iteration": 36, 
        "elapsed_time": 11.162147998809814, 
        "epoch": 36, 
        "main/accuracy": 0.0, 
        "validation/main/accuracy": 0.0882936492562294
    }, 
    {
        "polynomialshift/lr": 0.09363047936792093, 
        "main/loss": 2.995732307434082, 
        "validation/main/loss": 2.9691834449768066, 
        "iteration": 37, 
        "elapsed_time": 11.403335094451904, 
        "epoch": 37, 
        "main/accuracy": 0.0, 
        "validation/main/accuracy": 0.0882936492562294
    }, 
    {
        "polynomialshift/lr": 0.09345230512584124, 
        "main/loss": 2.995732307434082, 
        "validation/main/loss": 2.9691834449768066, 
        "iteration": 38, 
        "elapsed_time": 11.71512508392334, 
        "epoch": 38, 
        "main/accuracy": 0.0, 
        "validation/main/accuracy": 0.0882936492562294
    }
]